[0.014s] Invoking command in '/home/quin/cabbage_project/ros2_ws/build/robot_interfaces': CMAKE_PREFIX_PATH=${CMAKE_PREFIX_PATH}:/opt/ros/jazzy /usr/bin/cmake /home/quin/cabbage_project/ros2_ws/src/robot_interfaces -DCMAKE_INSTALL_PREFIX=/home/quin/cabbage_project/ros2_ws/install/robot_interfaces
[0.115s] -- The C compiler identification is GNU 13.3.0
[0.217s] -- The CXX compiler identification is GNU 13.3.0
[0.243s] -- Detecting C compiler ABI info
[0.408s] -- Detecting C compiler ABI info - done
[0.422s] -- Check for working C compiler: /usr/bin/cc - skipped
[0.422s] -- Detecting C compile features
[0.423s] -- Detecting C compile features - done
[0.437s] -- Detecting CXX compiler ABI info
[0.614s] -- Detecting CXX compiler ABI info - done
[0.630s] -- Check for working CXX compiler: /usr/bin/c++ - skipped
[0.630s] -- Detecting CXX compile features
[0.630s] -- Detecting CXX compile features - done
[0.634s] -- Found ament_cmake: 2.5.4 (/opt/ros/jazzy/share/ament_cmake/cmake)
[0.858s] -- Found Python3: /usr/bin/python3 (found version "3.12.3") found components: Interpreter 
[1.014s] -- Found ament_lint_auto: 0.17.3 (/opt/ros/jazzy/share/ament_lint_auto/cmake)
[1.189s] -- Added test 'lint_cmake' to check CMake code style
[1.190s] -- Added test 'xmllint' to check XML markup files
[1.192s] -- Configuring done (1.2s)
[1.197s] -- Generating done (0.0s)
[1.200s] -- Build files have been written to: /home/quin/cabbage_project/ros2_ws/build/robot_interfaces
[1.208s] Invoked command in '/home/quin/cabbage_project/ros2_ws/build/robot_interfaces' returned '0': CMAKE_PREFIX_PATH=${CMAKE_PREFIX_PATH}:/opt/ros/jazzy /usr/bin/cmake /home/quin/cabbage_project/ros2_ws/src/robot_interfaces -DCMAKE_INSTALL_PREFIX=/home/quin/cabbage_project/ros2_ws/install/robot_interfaces
[1.211s] Invoking command in '/home/quin/cabbage_project/ros2_ws/build/robot_interfaces': CMAKE_PREFIX_PATH=${CMAKE_PREFIX_PATH}:/opt/ros/jazzy /usr/bin/cmake --build /home/quin/cabbage_project/ros2_ws/build/robot_interfaces -- -j4 -l4
[1.281s] Invoked command in '/home/quin/cabbage_project/ros2_ws/build/robot_interfaces' returned '0': CMAKE_PREFIX_PATH=${CMAKE_PREFIX_PATH}:/opt/ros/jazzy /usr/bin/cmake --build /home/quin/cabbage_project/ros2_ws/build/robot_interfaces -- -j4 -l4
[1.299s] Invoking command in '/home/quin/cabbage_project/ros2_ws/build/robot_interfaces': CMAKE_PREFIX_PATH=${CMAKE_PREFIX_PATH}:/opt/ros/jazzy /usr/bin/cmake --install /home/quin/cabbage_project/ros2_ws/build/robot_interfaces
[1.313s] -- Install configuration: ""
[1.313s] -- Installing: /home/quin/cabbage_project/ros2_ws/install/robot_interfaces/share/ament_index/resource_index/package_run_dependencies/robot_interfaces
[1.314s] -- Installing: /home/quin/cabbage_project/ros2_ws/install/robot_interfaces/share/ament_index/resource_index/parent_prefix_path/robot_interfaces
[1.314s] -- Installing: /home/quin/cabbage_project/ros2_ws/install/robot_interfaces/share/robot_interfaces/environment/ament_prefix_path.sh
[1.314s] -- Installing: /home/quin/cabbage_project/ros2_ws/install/robot_interfaces/share/robot_interfaces/environment/ament_prefix_path.dsv
[1.315s] -- Installing: /home/quin/cabbage_project/ros2_ws/install/robot_interfaces/share/robot_interfaces/environment/path.sh
[1.315s] -- Installing: /home/quin/cabbage_project/ros2_ws/install/robot_interfaces/share/robot_interfaces/environment/path.dsv
[1.315s] -- Installing: /home/quin/cabbage_project/ros2_ws/install/robot_interfaces/share/robot_interfaces/local_setup.bash
[1.315s] -- Installing: /home/quin/cabbage_project/ros2_ws/install/robot_interfaces/share/robot_interfaces/local_setup.sh
[1.315s] -- Installing: /home/quin/cabbage_project/ros2_ws/install/robot_interfaces/share/robot_interfaces/local_setup.zsh
[1.315s] -- Installing: /home/quin/cabbage_project/ros2_ws/install/robot_interfaces/share/robot_interfaces/local_setup.dsv
[1.316s] -- Installing: /home/quin/cabbage_project/ros2_ws/install/robot_interfaces/share/robot_interfaces/package.dsv
[1.316s] -- Installing: /home/quin/cabbage_project/ros2_ws/install/robot_interfaces/share/ament_index/resource_index/packages/robot_interfaces
[1.316s] -- Installing: /home/quin/cabbage_project/ros2_ws/install/robot_interfaces/share/robot_interfaces/cmake/robot_interfacesConfig.cmake
[1.317s] -- Installing: /home/quin/cabbage_project/ros2_ws/install/robot_interfaces/share/robot_interfaces/cmake/robot_interfacesConfig-version.cmake
[1.317s] -- Installing: /home/quin/cabbage_project/ros2_ws/install/robot_interfaces/share/robot_interfaces/package.xml
[1.320s] Invoked command in '/home/quin/cabbage_project/ros2_ws/build/robot_interfaces' returned '0': CMAKE_PREFIX_PATH=${CMAKE_PREFIX_PATH}:/opt/ros/jazzy /usr/bin/cmake --install /home/quin/cabbage_project/ros2_ws/build/robot_interfaces
