[4.607s] Invoking command in '/home/quin/cabbage_project/ros2_ws/src/robot_vision': PYTHONPATH=/home/quin/cabbage_project/ros2_ws/build/robot_vision/prefix_override:/usr/lib/python3/dist-packages/colcon_core/task/python/colcon_distutils_commands:/home/quin/cabbage_project/ros2_ws/install/robot_vision/lib/python3.12/site-packages:${PYTHONPATH} /usr/bin/python3 -W ignore:setup.py install is deprecated -W ignore:easy_install command is deprecated setup.py egg_info --egg-base ../../build/robot_vision build --build-base /home/quin/cabbage_project/ros2_ws/build/robot_vision/build install --record /home/quin/cabbage_project/ros2_ws/build/robot_vision/install.log --single-version-externally-managed install_data
[5.347s] running egg_info
[5.374s] writing ../../build/robot_vision/robot_vision.egg-info/PKG-INFO
[5.381s] writing dependency_links to ../../build/robot_vision/robot_vision.egg-info/dependency_links.txt
[5.384s] writing entry points to ../../build/robot_vision/robot_vision.egg-info/entry_points.txt
[5.384s] writing requirements to ../../build/robot_vision/robot_vision.egg-info/requires.txt
[5.384s] writing top-level names to ../../build/robot_vision/robot_vision.egg-info/top_level.txt
[5.479s] reading manifest file '../../build/robot_vision/robot_vision.egg-info/SOURCES.txt'
[5.482s] writing manifest file '../../build/robot_vision/robot_vision.egg-info/SOURCES.txt'
[5.484s] running build
[5.484s] running build_py
[5.485s] running install
[5.497s] running install_lib
[5.545s] running install_data
[5.545s] running install_egg_info
[5.581s] removing '/home/quin/cabbage_project/ros2_ws/install/robot_vision/lib/python3.12/site-packages/robot_vision-0.0.0-py3.12.egg-info' (and everything under it)
[5.587s] Copying ../../build/robot_vision/robot_vision.egg-info to /home/quin/cabbage_project/ros2_ws/install/robot_vision/lib/python3.12/site-packages/robot_vision-0.0.0-py3.12.egg-info
[5.593s] running install_scripts
[5.857s] Installing apriltag_node script to /home/quin/cabbage_project/ros2_ws/install/robot_vision/lib/robot_vision
[5.857s] Installing camera_node script to /home/quin/cabbage_project/ros2_ws/install/robot_vision/lib/robot_vision
[5.857s] writing list of installed files to '/home/quin/cabbage_project/ros2_ws/build/robot_vision/install.log'
[5.987s] Invoked command in '/home/quin/cabbage_project/ros2_ws/src/robot_vision' returned '0': PYTHONPATH=/home/quin/cabbage_project/ros2_ws/build/robot_vision/prefix_override:/usr/lib/python3/dist-packages/colcon_core/task/python/colcon_distutils_commands:/home/quin/cabbage_project/ros2_ws/install/robot_vision/lib/python3.12/site-packages:${PYTHONPATH} /usr/bin/python3 -W ignore:setup.py install is deprecated -W ignore:easy_install command is deprecated setup.py egg_info --egg-base ../../build/robot_vision build --build-base /home/quin/cabbage_project/ros2_ws/build/robot_vision/build install --record /home/quin/cabbage_project/ros2_ws/build/robot_vision/install.log --single-version-externally-managed install_data
