/home/jorjeen/plant/cabbage_project/ros2_ws/src/install/robot_core/lib/python3.12/site-packages/robot_core/detection_node.py
/home/jorjeen/plant/cabbage_project/ros2_ws/src/install/robot_core/lib/python3.12/site-packages/robot_core/mission_node.py
/home/jorjeen/plant/cabbage_project/ros2_ws/src/install/robot_core/lib/python3.12/site-packages/robot_core/movement_test_node.py
/home/jorjeen/plant/cabbage_project/ros2_ws/src/install/robot_core/lib/python3.12/site-packages/robot_core/entry_controller.py
/home/jorjeen/plant/cabbage_project/ros2_ws/src/install/robot_core/lib/python3.12/site-packages/robot_core/movement_node.py
/home/jorjeen/plant/cabbage_project/ros2_ws/src/install/robot_core/lib/python3.12/site-packages/robot_core/__init__.py
/home/jorjeen/plant/cabbage_project/ros2_ws/src/install/robot_core/lib/python3.12/site-packages/robot_core/planting_node.py
/home/jorjeen/plant/cabbage_project/ros2_ws/src/install/robot_core/lib/python3.12/site-packages/robot_core/__pycache__/detection_node.cpython-312.pyc
/home/jorjeen/plant/cabbage_project/ros2_ws/src/install/robot_core/lib/python3.12/site-packages/robot_core/__pycache__/mission_node.cpython-312.pyc
/home/jorjeen/plant/cabbage_project/ros2_ws/src/install/robot_core/lib/python3.12/site-packages/robot_core/__pycache__/movement_test_node.cpython-312.pyc
/home/jorjeen/plant/cabbage_project/ros2_ws/src/install/robot_core/lib/python3.12/site-packages/robot_core/__pycache__/entry_controller.cpython-312.pyc
/home/jorjeen/plant/cabbage_project/ros2_ws/src/install/robot_core/lib/python3.12/site-packages/robot_core/__pycache__/movement_node.cpython-312.pyc
/home/jorjeen/plant/cabbage_project/ros2_ws/src/install/robot_core/lib/python3.12/site-packages/robot_core/__pycache__/__init__.cpython-312.pyc
/home/jorjeen/plant/cabbage_project/ros2_ws/src/install/robot_core/lib/python3.12/site-packages/robot_core/__pycache__/planting_node.cpython-312.pyc
/home/jorjeen/plant/cabbage_project/ros2_ws/src/install/robot_core/share/ament_index/resource_index/packages/robot_core
/home/jorjeen/plant/cabbage_project/ros2_ws/src/install/robot_core/share/robot_core/package.xml
/home/jorjeen/plant/cabbage_project/ros2_ws/src/install/robot_core/lib/python3.12/site-packages/robot_core-0.0.0-py3.12.egg-info/requires.txt
/home/jorjeen/plant/cabbage_project/ros2_ws/src/install/robot_core/lib/python3.12/site-packages/robot_core-0.0.0-py3.12.egg-info/PKG-INFO
/home/jorjeen/plant/cabbage_project/ros2_ws/src/install/robot_core/lib/python3.12/site-packages/robot_core-0.0.0-py3.12.egg-info/zip-safe
/home/jorjeen/plant/cabbage_project/ros2_ws/src/install/robot_core/lib/python3.12/site-packages/robot_core-0.0.0-py3.12.egg-info/top_level.txt
/home/jorjeen/plant/cabbage_project/ros2_ws/src/install/robot_core/lib/python3.12/site-packages/robot_core-0.0.0-py3.12.egg-info/dependency_links.txt
/home/jorjeen/plant/cabbage_project/ros2_ws/src/install/robot_core/lib/python3.12/site-packages/robot_core-0.0.0-py3.12.egg-info/entry_points.txt
/home/jorjeen/plant/cabbage_project/ros2_ws/src/install/robot_core/lib/python3.12/site-packages/robot_core-0.0.0-py3.12.egg-info/SOURCES.txt
/home/jorjeen/plant/cabbage_project/ros2_ws/src/install/robot_core/lib/robot_core/detection_node
/home/jorjeen/plant/cabbage_project/ros2_ws/src/install/robot_core/lib/robot_core/entry_controller
/home/jorjeen/plant/cabbage_project/ros2_ws/src/install/robot_core/lib/robot_core/mission_node
/home/jorjeen/plant/cabbage_project/ros2_ws/src/install/robot_core/lib/robot_core/movement_node
/home/jorjeen/plant/cabbage_project/ros2_ws/src/install/robot_core/lib/robot_core/movement_test_node
/home/jorjeen/plant/cabbage_project/ros2_ws/src/install/robot_core/lib/robot_core/planting_node
