running egg_info
creating ../../build/robot_vision/robot_vision.egg-info
writing ../../build/robot_vision/robot_vision.egg-info/PKG-INFO
writing dependency_links to ../../build/robot_vision/robot_vision.egg-info/dependency_links.txt
writing requirements to ../../build/robot_vision/robot_vision.egg-info/requires.txt
writing top-level names to ../../build/robot_vision/robot_vision.egg-info/top_level.txt
writing manifest file '../../build/robot_vision/robot_vision.egg-info/SOURCES.txt'
reading manifest file '../../build/robot_vision/robot_vision.egg-info/SOURCES.txt'
writing manifest file '../../build/robot_vision/robot_vision.egg-info/SOURCES.txt'
running build
running build_py
creating /home/quin/cabbage_project/ros2_ws/build/robot_vision/build
creating /home/quin/cabbage_project/ros2_ws/build/robot_vision/build/lib
creating /home/quin/cabbage_project/ros2_ws/build/robot_vision/build/lib/robot_vision
copying robot_vision/__init__.py -> /home/quin/cabbage_project/ros2_ws/build/robot_vision/build/lib/robot_vision
copying robot_vision/vision_end_detector.py -> /home/quin/cabbage_project/ros2_ws/build/robot_vision/build/lib/robot_vision
running install
running install_lib
creating /home/quin/cabbage_project/ros2_ws/install/robot_vision/lib/python3.12/site-packages/robot_vision
copying /home/quin/cabbage_project/ros2_ws/build/robot_vision/build/lib/robot_vision/__init__.py -> /home/quin/cabbage_project/ros2_ws/install/robot_vision/lib/python3.12/site-packages/robot_vision
copying /home/quin/cabbage_project/ros2_ws/build/robot_vision/build/lib/robot_vision/vision_end_detector.py -> /home/quin/cabbage_project/ros2_ws/install/robot_vision/lib/python3.12/site-packages/robot_vision
byte-compiling /home/quin/cabbage_project/ros2_ws/install/robot_vision/lib/python3.12/site-packages/robot_vision/__init__.py to __init__.cpython-312.pyc
byte-compiling /home/quin/cabbage_project/ros2_ws/install/robot_vision/lib/python3.12/site-packages/robot_vision/vision_end_detector.py to vision_end_detector.cpython-312.pyc
running install_data
creating /home/quin/cabbage_project/ros2_ws/install/robot_vision/share/ament_index
creating /home/quin/cabbage_project/ros2_ws/install/robot_vision/share/ament_index/resource_index
creating /home/quin/cabbage_project/ros2_ws/install/robot_vision/share/ament_index/resource_index/packages
copying resource/robot_vision -> /home/quin/cabbage_project/ros2_ws/install/robot_vision/share/ament_index/resource_index/packages
copying package.xml -> /home/quin/cabbage_project/ros2_ws/install/robot_vision/share/robot_vision
running install_egg_info
Copying ../../build/robot_vision/robot_vision.egg-info to /home/quin/cabbage_project/ros2_ws/install/robot_vision/lib/python3.12/site-packages/robot_vision-0.0.0-py3.12.egg-info
running install_scripts
writing list of installed files to '/home/quin/cabbage_project/ros2_ws/build/robot_vision/install.log'
