[1.577s] Invoking command in '/home/earn/cabbage_project/ros2_ws/src/robot_vision': DEBUGINFOD_URLS=https://debuginfod.ubuntu.com PYTHONPATH=/home/earn/cabbage_project/ros2_ws/build/robot_vision/prefix_override:/usr/lib/python3/dist-packages/colcon_core/task/python/colcon_distutils_commands:/home/earn/cabbage_project/ros2_ws/install/robot_vision/lib/python3.12/site-packages:${PYTHONPATH} /usr/bin/python3 -W ignore:setup.py install is deprecated -W ignore:easy_install command is deprecated setup.py egg_info --egg-base ../../build/robot_vision build --build-base /home/earn/cabbage_project/ros2_ws/build/robot_vision/build install --record /home/earn/cabbage_project/ros2_ws/build/robot_vision/install.log --single-version-externally-managed install_data
[1.816s] running egg_info
[1.833s] writing ../../build/robot_vision/robot_vision.egg-info/PKG-INFO
[1.834s] writing dependency_links to ../../build/robot_vision/robot_vision.egg-info/dependency_links.txt
[1.834s] writing entry points to ../../build/robot_vision/robot_vision.egg-info/entry_points.txt
[1.834s] writing requirements to ../../build/robot_vision/robot_vision.egg-info/requires.txt
[1.834s] writing top-level names to ../../build/robot_vision/robot_vision.egg-info/top_level.txt
[1.869s] reading manifest file '../../build/robot_vision/robot_vision.egg-info/SOURCES.txt'
[1.870s] writing manifest file '../../build/robot_vision/robot_vision.egg-info/SOURCES.txt'
[1.870s] running build
[1.870s] running build_py
[1.870s] copying robot_vision/cabbage_detector_node.py -> /home/earn/cabbage_project/ros2_ws/build/robot_vision/build/lib/robot_vision
[1.871s] running install
[1.875s] running install_lib
[1.894s] copying /home/earn/cabbage_project/ros2_ws/build/robot_vision/build/lib/robot_vision/cabbage_detector_node.py -> /home/earn/cabbage_project/ros2_ws/install/robot_vision/lib/python3.12/site-packages/robot_vision
[1.895s] byte-compiling /home/earn/cabbage_project/ros2_ws/install/robot_vision/lib/python3.12/site-packages/robot_vision/cabbage_detector_node.py to cabbage_detector_node.cpython-312.pyc
[1.896s] running install_data
[1.896s] running install_egg_info
[1.918s] removing '/home/earn/cabbage_project/ros2_ws/install/robot_vision/lib/python3.12/site-packages/robot_vision-0.0.0-py3.12.egg-info' (and everything under it)
[1.918s] Copying ../../build/robot_vision/robot_vision.egg-info to /home/earn/cabbage_project/ros2_ws/install/robot_vision/lib/python3.12/site-packages/robot_vision-0.0.0-py3.12.egg-info
[1.919s] running install_scripts
[2.043s] Installing apriltag_node script to /home/earn/cabbage_project/ros2_ws/install/robot_vision/lib/robot_vision
[2.043s] Installing cabbage_detector_node script to /home/earn/cabbage_project/ros2_ws/install/robot_vision/lib/robot_vision
[2.043s] Installing camera_node script to /home/earn/cabbage_project/ros2_ws/install/robot_vision/lib/robot_vision
[2.044s] writing list of installed files to '/home/earn/cabbage_project/ros2_ws/build/robot_vision/install.log'
[2.110s] Invoked command in '/home/earn/cabbage_project/ros2_ws/src/robot_vision' returned '0': DEBUGINFOD_URLS=https://debuginfod.ubuntu.com PYTHONPATH=/home/earn/cabbage_project/ros2_ws/build/robot_vision/prefix_override:/usr/lib/python3/dist-packages/colcon_core/task/python/colcon_distutils_commands:/home/earn/cabbage_project/ros2_ws/install/robot_vision/lib/python3.12/site-packages:${PYTHONPATH} /usr/bin/python3 -W ignore:setup.py install is deprecated -W ignore:easy_install command is deprecated setup.py egg_info --egg-base ../../build/robot_vision build --build-base /home/earn/cabbage_project/ros2_ws/build/robot_vision/build install --record /home/earn/cabbage_project/ros2_ws/build/robot_vision/install.log --single-version-externally-managed install_data
