running egg_info
writing ../../../build/robot_vision/robot_vision.egg-info/PKG-INFO
writing dependency_links to ../../../build/robot_vision/robot_vision.egg-info/dependency_links.txt
writing entry points to ../../../build/robot_vision/robot_vision.egg-info/entry_points.txt
writing requirements to ../../../build/robot_vision/robot_vision.egg-info/requires.txt
writing top-level names to ../../../build/robot_vision/robot_vision.egg-info/top_level.txt
reading manifest file '../../../build/robot_vision/robot_vision.egg-info/SOURCES.txt'
writing manifest file '../../../build/robot_vision/robot_vision.egg-info/SOURCES.txt'
running build
running build_py
running install
running install_lib
running install_data
running install_egg_info
removing '/home/jorjeen/plant/cabbage_project/install/robot_vision/lib/python3.12/site-packages/robot_vision-0.0.0-py3.12.egg-info' (and everything under it)
Copying ../../../build/robot_vision/robot_vision.egg-info to /home/jorjeen/plant/cabbage_project/install/robot_vision/lib/python3.12/site-packages/robot_vision-0.0.0-py3.12.egg-info
running install_scripts
Installing apriltag_node script to /home/jorjeen/plant/cabbage_project/install/robot_vision/lib/robot_vision
Installing cabbage_detector_node script to /home/jorjeen/plant/cabbage_project/install/robot_vision/lib/robot_vision
Installing camera_node script to /home/jorjeen/plant/cabbage_project/install/robot_vision/lib/robot_vision
Installing entering script to /home/jorjeen/plant/cabbage_project/install/robot_vision/lib/robot_vision
Installing entry_node script to /home/jorjeen/plant/cabbage_project/install/robot_vision/lib/robot_vision
writing list of installed files to '/home/jorjeen/plant/cabbage_project/build/robot_vision/install.log'
