[0.141s] DEBUG:colcon:Command line arguments: ['/usr/bin/colcon', 'build']
[0.141s] DEBUG:colcon:Parsed command line arguments: Namespace(log_base=None, log_level=None, verb_name='build', build_base='build', install_base='install', merge_install=False, symlink_install=False, test_result_base=None, continue_on_error=False, executor='parallel', parallel_workers=4, event_handlers=None, ignore_user_meta=False, metas=['./colcon.meta'], base_paths=['.'], packages_ignore=None, packages_ignore_regex=None, paths=None, packages_up_to=None, packages_up_to_regex=None, packages_above=None, packages_above_and_dependencies=None, packages_above_depth=None, packages_select_by_dep=None, packages_skip_by_dep=None, packages_skip_up_to=None, packages_select_build_failed=False, packages_skip_build_finished=False, packages_select_test_failures=False, packages_skip_test_passed=False, packages_select=None, packages_skip=None, packages_select_regex=None, packages_skip_regex=None, packages_start=None, packages_end=None, allow_overriding=[], cmake_args=None, cmake_target=None, cmake_target_skip_unavailable=False, cmake_clean_cache=False, cmake_clean_first=False, cmake_force_configure=False, ament_cmake_args=None, catkin_cmake_args=None, catkin_skip_building_tests=False, verb_parser=<colcon_defaults.argument_parser.defaults.DefaultArgumentsDecorator object at 0xffffa2a59130>, verb_extension=<colcon_core.verb.build.BuildVerb object at 0xffffa2c0a6c0>, main=<bound method BuildVerb.main of <colcon_core.verb.build.BuildVerb object at 0xffffa2c0a6c0>>)
[0.199s] Level 1:colcon.colcon_core.package_discovery:discover_packages(colcon_meta) check parameters
[0.199s] Level 1:colcon.colcon_core.package_discovery:discover_packages(recursive) check parameters
[0.199s] Level 1:colcon.colcon_core.package_discovery:discover_packages(ignore) check parameters
[0.200s] Level 1:colcon.colcon_core.package_discovery:discover_packages(path) check parameters
[0.200s] Level 1:colcon.colcon_core.package_discovery:discover_packages(colcon_meta) discover
[0.200s] Level 1:colcon.colcon_core.package_discovery:discover_packages(recursive) discover
[0.200s] INFO:colcon.colcon_core.package_discovery:Crawling recursively for packages in '/home/quin/cabbage_project/ros2_ws'
[0.200s] Level 1:colcon.colcon_core.package_identification:_identify(.) by extensions ['ignore', 'ignore_ament_install']
[0.200s] Level 1:colcon.colcon_core.package_identification:_identify(.) by extension 'ignore'
[0.200s] Level 1:colcon.colcon_core.package_identification:_identify(.) by extension 'ignore_ament_install'
[0.200s] Level 1:colcon.colcon_core.package_identification:_identify(.) by extensions ['colcon_pkg']
[0.200s] Level 1:colcon.colcon_core.package_identification:_identify(.) by extension 'colcon_pkg'
[0.200s] Level 1:colcon.colcon_core.package_identification:_identify(.) by extensions ['colcon_meta']
[0.200s] Level 1:colcon.colcon_core.package_identification:_identify(.) by extension 'colcon_meta'
[0.200s] Level 1:colcon.colcon_core.package_identification:_identify(.) by extensions ['ros']
[0.200s] Level 1:colcon.colcon_core.package_identification:_identify(.) by extension 'ros'
[0.239s] Level 1:colcon.colcon_core.package_identification:_identify(.) by extensions ['cmake', 'python']
[0.239s] Level 1:colcon.colcon_core.package_identification:_identify(.) by extension 'cmake'
[0.239s] Level 1:colcon.colcon_core.package_identification:_identify(.) by extension 'python'
[0.239s] Level 1:colcon.colcon_core.package_identification:_identify(.) by extensions ['python_setup_py']
[0.239s] Level 1:colcon.colcon_core.package_identification:_identify(.) by extension 'python_setup_py'
[0.239s] Level 1:colcon.colcon_core.package_identification:_identify(build) by extensions ['ignore', 'ignore_ament_install']
[0.239s] Level 1:colcon.colcon_core.package_identification:_identify(build) by extension 'ignore'
[0.240s] Level 1:colcon.colcon_core.package_identification:_identify(build) ignored
[0.240s] Level 1:colcon.colcon_core.package_identification:_identify(install) by extensions ['ignore', 'ignore_ament_install']
[0.240s] Level 1:colcon.colcon_core.package_identification:_identify(install) by extension 'ignore'
[0.240s] Level 1:colcon.colcon_core.package_identification:_identify(install) ignored
[0.240s] Level 1:colcon.colcon_core.package_identification:_identify(log) by extensions ['ignore', 'ignore_ament_install']
[0.240s] Level 1:colcon.colcon_core.package_identification:_identify(log) by extension 'ignore'
[0.240s] Level 1:colcon.colcon_core.package_identification:_identify(log) ignored
[0.241s] Level 1:colcon.colcon_core.package_identification:_identify(src) by extensions ['ignore', 'ignore_ament_install']
[0.241s] Level 1:colcon.colcon_core.package_identification:_identify(src) by extension 'ignore'
[0.241s] Level 1:colcon.colcon_core.package_identification:_identify(src) by extension 'ignore_ament_install'
[0.241s] Level 1:colcon.colcon_core.package_identification:_identify(src) by extensions ['colcon_pkg']
[0.241s] Level 1:colcon.colcon_core.package_identification:_identify(src) by extension 'colcon_pkg'
[0.241s] Level 1:colcon.colcon_core.package_identification:_identify(src) by extensions ['colcon_meta']
[0.241s] Level 1:colcon.colcon_core.package_identification:_identify(src) by extension 'colcon_meta'
[0.241s] Level 1:colcon.colcon_core.package_identification:_identify(src) by extensions ['ros']
[0.241s] Level 1:colcon.colcon_core.package_identification:_identify(src) by extension 'ros'
[0.241s] Level 1:colcon.colcon_core.package_identification:_identify(src) by extensions ['cmake', 'python']
[0.241s] Level 1:colcon.colcon_core.package_identification:_identify(src) by extension 'cmake'
[0.241s] Level 1:colcon.colcon_core.package_identification:_identify(src) by extension 'python'
[0.241s] Level 1:colcon.colcon_core.package_identification:_identify(src) by extensions ['python_setup_py']
[0.241s] Level 1:colcon.colcon_core.package_identification:_identify(src) by extension 'python_setup_py'
[0.241s] Level 1:colcon.colcon_core.package_identification:_identify(src/robot_actuator) by extensions ['ignore', 'ignore_ament_install']
[0.241s] Level 1:colcon.colcon_core.package_identification:_identify(src/robot_actuator) by extension 'ignore'
[0.242s] Level 1:colcon.colcon_core.package_identification:_identify(src/robot_actuator) by extension 'ignore_ament_install'
[0.242s] Level 1:colcon.colcon_core.package_identification:_identify(src/robot_actuator) by extensions ['colcon_pkg']
[0.242s] Level 1:colcon.colcon_core.package_identification:_identify(src/robot_actuator) by extension 'colcon_pkg'
[0.242s] Level 1:colcon.colcon_core.package_identification:_identify(src/robot_actuator) by extensions ['colcon_meta']
[0.242s] Level 1:colcon.colcon_core.package_identification:_identify(src/robot_actuator) by extension 'colcon_meta'
[0.242s] Level 1:colcon.colcon_core.package_identification:_identify(src/robot_actuator) by extensions ['ros']
[0.242s] Level 1:colcon.colcon_core.package_identification:_identify(src/robot_actuator) by extension 'ros'
[0.247s] DEBUG:colcon.colcon_core.package_identification:Package 'src/robot_actuator' with type 'ros.ament_cmake' and name 'robot_actuator'
[0.247s] Level 1:colcon.colcon_core.package_identification:_identify(src/robot_bringup) by extensions ['ignore', 'ignore_ament_install']
[0.247s] Level 1:colcon.colcon_core.package_identification:_identify(src/robot_bringup) by extension 'ignore'
[0.248s] Level 1:colcon.colcon_core.package_identification:_identify(src/robot_bringup) by extension 'ignore_ament_install'
[0.248s] Level 1:colcon.colcon_core.package_identification:_identify(src/robot_bringup) by extensions ['colcon_pkg']
[0.248s] Level 1:colcon.colcon_core.package_identification:_identify(src/robot_bringup) by extension 'colcon_pkg'
[0.248s] Level 1:colcon.colcon_core.package_identification:_identify(src/robot_bringup) by extensions ['colcon_meta']
[0.248s] Level 1:colcon.colcon_core.package_identification:_identify(src/robot_bringup) by extension 'colcon_meta'
[0.248s] Level 1:colcon.colcon_core.package_identification:_identify(src/robot_bringup) by extensions ['ros']
[0.248s] Level 1:colcon.colcon_core.package_identification:_identify(src/robot_bringup) by extension 'ros'
[0.248s] DEBUG:colcon.colcon_core.package_identification:Package 'src/robot_bringup' with type 'ros.ament_python' and name 'robot_bringup'
[0.249s] Level 1:colcon.colcon_core.package_identification:_identify(src/robot_core) by extensions ['ignore', 'ignore_ament_install']
[0.249s] Level 1:colcon.colcon_core.package_identification:_identify(src/robot_core) by extension 'ignore'
[0.249s] Level 1:colcon.colcon_core.package_identification:_identify(src/robot_core) by extension 'ignore_ament_install'
[0.249s] Level 1:colcon.colcon_core.package_identification:_identify(src/robot_core) by extensions ['colcon_pkg']
[0.249s] Level 1:colcon.colcon_core.package_identification:_identify(src/robot_core) by extension 'colcon_pkg'
[0.249s] Level 1:colcon.colcon_core.package_identification:_identify(src/robot_core) by extensions ['colcon_meta']
[0.249s] Level 1:colcon.colcon_core.package_identification:_identify(src/robot_core) by extension 'colcon_meta'
[0.249s] Level 1:colcon.colcon_core.package_identification:_identify(src/robot_core) by extensions ['ros']
[0.249s] Level 1:colcon.colcon_core.package_identification:_identify(src/robot_core) by extension 'ros'
[0.250s] DEBUG:colcon.colcon_core.package_identification:Package 'src/robot_core' with type 'ros.ament_python' and name 'robot_core'
[0.250s] Level 1:colcon.colcon_core.package_identification:_identify(src/robot_dashboard) by extensions ['ignore', 'ignore_ament_install']
[0.250s] Level 1:colcon.colcon_core.package_identification:_identify(src/robot_dashboard) by extension 'ignore'
[0.250s] Level 1:colcon.colcon_core.package_identification:_identify(src/robot_dashboard) by extension 'ignore_ament_install'
[0.250s] Level 1:colcon.colcon_core.package_identification:_identify(src/robot_dashboard) by extensions ['colcon_pkg']
[0.250s] Level 1:colcon.colcon_core.package_identification:_identify(src/robot_dashboard) by extension 'colcon_pkg'
[0.250s] Level 1:colcon.colcon_core.package_identification:_identify(src/robot_dashboard) by extensions ['colcon_meta']
[0.250s] Level 1:colcon.colcon_core.package_identification:_identify(src/robot_dashboard) by extension 'colcon_meta'
[0.250s] Level 1:colcon.colcon_core.package_identification:_identify(src/robot_dashboard) by extensions ['ros']
[0.250s] Level 1:colcon.colcon_core.package_identification:_identify(src/robot_dashboard) by extension 'ros'
[0.251s] DEBUG:colcon.colcon_core.package_identification:Package 'src/robot_dashboard' with type 'ros.ament_python' and name 'robot_dashboard'
[0.251s] Level 1:colcon.colcon_core.package_identification:_identify(src/robot_interfaces) by extensions ['ignore', 'ignore_ament_install']
[0.251s] Level 1:colcon.colcon_core.package_identification:_identify(src/robot_interfaces) by extension 'ignore'
[0.251s] Level 1:colcon.colcon_core.package_identification:_identify(src/robot_interfaces) by extension 'ignore_ament_install'
[0.251s] Level 1:colcon.colcon_core.package_identification:_identify(src/robot_interfaces) by extensions ['colcon_pkg']
[0.251s] Level 1:colcon.colcon_core.package_identification:_identify(src/robot_interfaces) by extension 'colcon_pkg'
[0.251s] Level 1:colcon.colcon_core.package_identification:_identify(src/robot_interfaces) by extensions ['colcon_meta']
[0.251s] Level 1:colcon.colcon_core.package_identification:_identify(src/robot_interfaces) by extension 'colcon_meta'
[0.251s] Level 1:colcon.colcon_core.package_identification:_identify(src/robot_interfaces) by extensions ['ros']
[0.251s] Level 1:colcon.colcon_core.package_identification:_identify(src/robot_interfaces) by extension 'ros'
[0.252s] DEBUG:colcon.colcon_core.package_identification:Package 'src/robot_interfaces' with type 'ros.ament_cmake' and name 'robot_interfaces'
[0.252s] Level 1:colcon.colcon_core.package_identification:_identify(src/robot_vision) by extensions ['ignore', 'ignore_ament_install']
[0.252s] Level 1:colcon.colcon_core.package_identification:_identify(src/robot_vision) by extension 'ignore'
[0.252s] Level 1:colcon.colcon_core.package_identification:_identify(src/robot_vision) by extension 'ignore_ament_install'
[0.252s] Level 1:colcon.colcon_core.package_identification:_identify(src/robot_vision) by extensions ['colcon_pkg']
[0.253s] Level 1:colcon.colcon_core.package_identification:_identify(src/robot_vision) by extension 'colcon_pkg'
[0.253s] Level 1:colcon.colcon_core.package_identification:_identify(src/robot_vision) by extensions ['colcon_meta']
[0.253s] Level 1:colcon.colcon_core.package_identification:_identify(src/robot_vision) by extension 'colcon_meta'
[0.253s] Level 1:colcon.colcon_core.package_identification:_identify(src/robot_vision) by extensions ['ros']
[0.253s] Level 1:colcon.colcon_core.package_identification:_identify(src/robot_vision) by extension 'ros'
[0.253s] DEBUG:colcon.colcon_core.package_identification:Package 'src/robot_vision' with type 'ros.ament_python' and name 'robot_vision'
[0.253s] Level 1:colcon.colcon_core.package_discovery:discover_packages(recursive) using defaults
[0.253s] Level 1:colcon.colcon_core.package_discovery:discover_packages(ignore) discover
[0.253s] Level 1:colcon.colcon_core.package_discovery:discover_packages(ignore) using defaults
[0.253s] Level 1:colcon.colcon_core.package_discovery:discover_packages(path) discover
[0.253s] Level 1:colcon.colcon_core.package_discovery:discover_packages(path) using defaults
[0.278s] Level 1:colcon.colcon_core.package_discovery:discover_packages(prefix_path) check parameters
[0.278s] Level 1:colcon.colcon_core.package_discovery:discover_packages(prefix_path) discover
[0.281s] DEBUG:colcon.colcon_installed_package_information.package_discovery:Found 1 installed packages in /home/quin/project_ws/quin_ws/install
[0.281s] DEBUG:colcon.colcon_installed_package_information.package_discovery:Found 3 installed packages in /home/quin/uros_ws/install
[0.283s] DEBUG:colcon.colcon_installed_package_information.package_discovery:Found 230 installed packages in /opt/ros/jazzy
[0.284s] Level 1:colcon.colcon_core.package_discovery:discover_packages(prefix_path) using defaults
[0.331s] Level 5:colcon.colcon_core.verb:set package 'robot_actuator' build argument 'cmake_args' from command line to 'None'
[0.331s] Level 5:colcon.colcon_core.verb:set package 'robot_actuator' build argument 'cmake_target' from command line to 'None'
[0.331s] Level 5:colcon.colcon_core.verb:set package 'robot_actuator' build argument 'cmake_target_skip_unavailable' from command line to 'False'
[0.331s] Level 5:colcon.colcon_core.verb:set package 'robot_actuator' build argument 'cmake_clean_cache' from command line to 'False'
[0.331s] Level 5:colcon.colcon_core.verb:set package 'robot_actuator' build argument 'cmake_clean_first' from command line to 'False'
[0.331s] Level 5:colcon.colcon_core.verb:set package 'robot_actuator' build argument 'cmake_force_configure' from command line to 'False'
[0.331s] Level 5:colcon.colcon_core.verb:set package 'robot_actuator' build argument 'ament_cmake_args' from command line to 'None'
[0.331s] Level 5:colcon.colcon_core.verb:set package 'robot_actuator' build argument 'catkin_cmake_args' from command line to 'None'
[0.331s] Level 5:colcon.colcon_core.verb:set package 'robot_actuator' build argument 'catkin_skip_building_tests' from command line to 'False'
[0.331s] DEBUG:colcon.colcon_core.verb:Building package 'robot_actuator' with the following arguments: {'ament_cmake_args': None, 'build_base': '/home/quin/cabbage_project/ros2_ws/build/robot_actuator', 'catkin_cmake_args': None, 'catkin_skip_building_tests': False, 'cmake_args': None, 'cmake_clean_cache': False, 'cmake_clean_first': False, 'cmake_force_configure': False, 'cmake_target': None, 'cmake_target_skip_unavailable': False, 'install_base': '/home/quin/cabbage_project/ros2_ws/install/robot_actuator', 'merge_install': False, 'path': '/home/quin/cabbage_project/ros2_ws/src/robot_actuator', 'symlink_install': False, 'test_result_base': None}
[0.331s] Level 5:colcon.colcon_core.verb:set package 'robot_bringup' build argument 'cmake_args' from command line to 'None'
[0.332s] Level 5:colcon.colcon_core.verb:set package 'robot_bringup' build argument 'cmake_target' from command line to 'None'
[0.332s] Level 5:colcon.colcon_core.verb:set package 'robot_bringup' build argument 'cmake_target_skip_unavailable' from command line to 'False'
[0.332s] Level 5:colcon.colcon_core.verb:set package 'robot_bringup' build argument 'cmake_clean_cache' from command line to 'False'
[0.332s] Level 5:colcon.colcon_core.verb:set package 'robot_bringup' build argument 'cmake_clean_first' from command line to 'False'
[0.332s] Level 5:colcon.colcon_core.verb:set package 'robot_bringup' build argument 'cmake_force_configure' from command line to 'False'
[0.332s] Level 5:colcon.colcon_core.verb:set package 'robot_bringup' build argument 'ament_cmake_args' from command line to 'None'
[0.332s] Level 5:colcon.colcon_core.verb:set package 'robot_bringup' build argument 'catkin_cmake_args' from command line to 'None'
[0.332s] Level 5:colcon.colcon_core.verb:set package 'robot_bringup' build argument 'catkin_skip_building_tests' from command line to 'False'
[0.332s] DEBUG:colcon.colcon_core.verb:Building package 'robot_bringup' with the following arguments: {'ament_cmake_args': None, 'build_base': '/home/quin/cabbage_project/ros2_ws/build/robot_bringup', 'catkin_cmake_args': None, 'catkin_skip_building_tests': False, 'cmake_args': None, 'cmake_clean_cache': False, 'cmake_clean_first': False, 'cmake_force_configure': False, 'cmake_target': None, 'cmake_target_skip_unavailable': False, 'install_base': '/home/quin/cabbage_project/ros2_ws/install/robot_bringup', 'merge_install': False, 'path': '/home/quin/cabbage_project/ros2_ws/src/robot_bringup', 'symlink_install': False, 'test_result_base': None}
[0.332s] Level 5:colcon.colcon_core.verb:set package 'robot_core' build argument 'cmake_args' from command line to 'None'
[0.332s] Level 5:colcon.colcon_core.verb:set package 'robot_core' build argument 'cmake_target' from command line to 'None'
[0.332s] Level 5:colcon.colcon_core.verb:set package 'robot_core' build argument 'cmake_target_skip_unavailable' from command line to 'False'
[0.332s] Level 5:colcon.colcon_core.verb:set package 'robot_core' build argument 'cmake_clean_cache' from command line to 'False'
[0.332s] Level 5:colcon.colcon_core.verb:set package 'robot_core' build argument 'cmake_clean_first' from command line to 'False'
[0.332s] Level 5:colcon.colcon_core.verb:set package 'robot_core' build argument 'cmake_force_configure' from command line to 'False'
[0.332s] Level 5:colcon.colcon_core.verb:set package 'robot_core' build argument 'ament_cmake_args' from command line to 'None'
[0.332s] Level 5:colcon.colcon_core.verb:set package 'robot_core' build argument 'catkin_cmake_args' from command line to 'None'
[0.332s] Level 5:colcon.colcon_core.verb:set package 'robot_core' build argument 'catkin_skip_building_tests' from command line to 'False'
[0.332s] DEBUG:colcon.colcon_core.verb:Building package 'robot_core' with the following arguments: {'ament_cmake_args': None, 'build_base': '/home/quin/cabbage_project/ros2_ws/build/robot_core', 'catkin_cmake_args': None, 'catkin_skip_building_tests': False, 'cmake_args': None, 'cmake_clean_cache': False, 'cmake_clean_first': False, 'cmake_force_configure': False, 'cmake_target': None, 'cmake_target_skip_unavailable': False, 'install_base': '/home/quin/cabbage_project/ros2_ws/install/robot_core', 'merge_install': False, 'path': '/home/quin/cabbage_project/ros2_ws/src/robot_core', 'symlink_install': False, 'test_result_base': None}
[0.333s] Level 5:colcon.colcon_core.verb:set package 'robot_dashboard' build argument 'cmake_args' from command line to 'None'
[0.333s] Level 5:colcon.colcon_core.verb:set package 'robot_dashboard' build argument 'cmake_target' from command line to 'None'
[0.333s] Level 5:colcon.colcon_core.verb:set package 'robot_dashboard' build argument 'cmake_target_skip_unavailable' from command line to 'False'
[0.333s] Level 5:colcon.colcon_core.verb:set package 'robot_dashboard' build argument 'cmake_clean_cache' from command line to 'False'
[0.333s] Level 5:colcon.colcon_core.verb:set package 'robot_dashboard' build argument 'cmake_clean_first' from command line to 'False'
[0.333s] Level 5:colcon.colcon_core.verb:set package 'robot_dashboard' build argument 'cmake_force_configure' from command line to 'False'
[0.333s] Level 5:colcon.colcon_core.verb:set package 'robot_dashboard' build argument 'ament_cmake_args' from command line to 'None'
[0.333s] Level 5:colcon.colcon_core.verb:set package 'robot_dashboard' build argument 'catkin_cmake_args' from command line to 'None'
[0.333s] Level 5:colcon.colcon_core.verb:set package 'robot_dashboard' build argument 'catkin_skip_building_tests' from command line to 'False'
[0.333s] DEBUG:colcon.colcon_core.verb:Building package 'robot_dashboard' with the following arguments: {'ament_cmake_args': None, 'build_base': '/home/quin/cabbage_project/ros2_ws/build/robot_dashboard', 'catkin_cmake_args': None, 'catkin_skip_building_tests': False, 'cmake_args': None, 'cmake_clean_cache': False, 'cmake_clean_first': False, 'cmake_force_configure': False, 'cmake_target': None, 'cmake_target_skip_unavailable': False, 'install_base': '/home/quin/cabbage_project/ros2_ws/install/robot_dashboard', 'merge_install': False, 'path': '/home/quin/cabbage_project/ros2_ws/src/robot_dashboard', 'symlink_install': False, 'test_result_base': None}
[0.333s] Level 5:colcon.colcon_core.verb:set package 'robot_interfaces' build argument 'cmake_args' from command line to 'None'
[0.333s] Level 5:colcon.colcon_core.verb:set package 'robot_interfaces' build argument 'cmake_target' from command line to 'None'
[0.333s] Level 5:colcon.colcon_core.verb:set package 'robot_interfaces' build argument 'cmake_target_skip_unavailable' from command line to 'False'
[0.333s] Level 5:colcon.colcon_core.verb:set package 'robot_interfaces' build argument 'cmake_clean_cache' from command line to 'False'
[0.333s] Level 5:colcon.colcon_core.verb:set package 'robot_interfaces' build argument 'cmake_clean_first' from command line to 'False'
[0.333s] Level 5:colcon.colcon_core.verb:set package 'robot_interfaces' build argument 'cmake_force_configure' from command line to 'False'
[0.333s] Level 5:colcon.colcon_core.verb:set package 'robot_interfaces' build argument 'ament_cmake_args' from command line to 'None'
[0.334s] Level 5:colcon.colcon_core.verb:set package 'robot_interfaces' build argument 'catkin_cmake_args' from command line to 'None'
[0.334s] Level 5:colcon.colcon_core.verb:set package 'robot_interfaces' build argument 'catkin_skip_building_tests' from command line to 'False'
[0.334s] DEBUG:colcon.colcon_core.verb:Building package 'robot_interfaces' with the following arguments: {'ament_cmake_args': None, 'build_base': '/home/quin/cabbage_project/ros2_ws/build/robot_interfaces', 'catkin_cmake_args': None, 'catkin_skip_building_tests': False, 'cmake_args': None, 'cmake_clean_cache': False, 'cmake_clean_first': False, 'cmake_force_configure': False, 'cmake_target': None, 'cmake_target_skip_unavailable': False, 'install_base': '/home/quin/cabbage_project/ros2_ws/install/robot_interfaces', 'merge_install': False, 'path': '/home/quin/cabbage_project/ros2_ws/src/robot_interfaces', 'symlink_install': False, 'test_result_base': None}
[0.334s] Level 5:colcon.colcon_core.verb:set package 'robot_vision' build argument 'cmake_args' from command line to 'None'
[0.334s] Level 5:colcon.colcon_core.verb:set package 'robot_vision' build argument 'cmake_target' from command line to 'None'
[0.334s] Level 5:colcon.colcon_core.verb:set package 'robot_vision' build argument 'cmake_target_skip_unavailable' from command line to 'False'
[0.334s] Level 5:colcon.colcon_core.verb:set package 'robot_vision' build argument 'cmake_clean_cache' from command line to 'False'
[0.334s] Level 5:colcon.colcon_core.verb:set package 'robot_vision' build argument 'cmake_clean_first' from command line to 'False'
[0.334s] Level 5:colcon.colcon_core.verb:set package 'robot_vision' build argument 'cmake_force_configure' from command line to 'False'
[0.334s] Level 5:colcon.colcon_core.verb:set package 'robot_vision' build argument 'ament_cmake_args' from command line to 'None'
[0.334s] Level 5:colcon.colcon_core.verb:set package 'robot_vision' build argument 'catkin_cmake_args' from command line to 'None'
[0.334s] Level 5:colcon.colcon_core.verb:set package 'robot_vision' build argument 'catkin_skip_building_tests' from command line to 'False'
[0.334s] DEBUG:colcon.colcon_core.verb:Building package 'robot_vision' with the following arguments: {'ament_cmake_args': None, 'build_base': '/home/quin/cabbage_project/ros2_ws/build/robot_vision', 'catkin_cmake_args': None, 'catkin_skip_building_tests': False, 'cmake_args': None, 'cmake_clean_cache': False, 'cmake_clean_first': False, 'cmake_force_configure': False, 'cmake_target': None, 'cmake_target_skip_unavailable': False, 'install_base': '/home/quin/cabbage_project/ros2_ws/install/robot_vision', 'merge_install': False, 'path': '/home/quin/cabbage_project/ros2_ws/src/robot_vision', 'symlink_install': False, 'test_result_base': None}
[0.334s] INFO:colcon.colcon_core.executor:Executing jobs using 'parallel' executor
[0.335s] DEBUG:colcon.colcon_parallel_executor.executor.parallel:run_until_complete
[0.336s] INFO:colcon.colcon_ros.task.ament_cmake.build:Building ROS package in '/home/quin/cabbage_project/ros2_ws/src/robot_actuator' with build type 'ament_cmake'
[0.336s] INFO:colcon.colcon_cmake.task.cmake.build:Building CMake package in '/home/quin/cabbage_project/ros2_ws/src/robot_actuator'
[0.338s] INFO:colcon.colcon_core.plugin_system:Skipping extension 'colcon_core.shell.bat': Not used on non-Windows systems
[0.339s] INFO:colcon.colcon_core.shell:Skip shell extension 'powershell' for command environment: Not usable outside of PowerShell
[0.339s] DEBUG:colcon.colcon_core.shell:Skip shell extension 'dsv' for command environment
[0.343s] INFO:colcon.colcon_ros.task.ament_python.build:Building ROS package in '/home/quin/cabbage_project/ros2_ws/src/robot_bringup' with build type 'ament_python'
[0.344s] Level 1:colcon.colcon_core.shell:create_environment_hook('robot_bringup', 'ament_prefix_path')
[0.344s] INFO:colcon.colcon_core.shell:Creating environment hook '/home/quin/cabbage_project/ros2_ws/install/robot_bringup/share/robot_bringup/hook/ament_prefix_path.ps1'
[0.346s] INFO:colcon.colcon_core.shell:Creating environment descriptor '/home/quin/cabbage_project/ros2_ws/install/robot_bringup/share/robot_bringup/hook/ament_prefix_path.dsv'
[0.347s] INFO:colcon.colcon_core.shell:Creating environment hook '/home/quin/cabbage_project/ros2_ws/install/robot_bringup/share/robot_bringup/hook/ament_prefix_path.sh'
[0.348s] INFO:colcon.colcon_core.shell:Skip shell extension 'powershell' for command environment: Not usable outside of PowerShell
[0.348s] DEBUG:colcon.colcon_core.shell:Skip shell extension 'dsv' for command environment
[0.352s] INFO:colcon.colcon_ros.task.ament_python.build:Building ROS package in '/home/quin/cabbage_project/ros2_ws/src/robot_core' with build type 'ament_python'
[0.352s] Level 1:colcon.colcon_core.shell:create_environment_hook('robot_core', 'ament_prefix_path')
[0.352s] INFO:colcon.colcon_core.shell:Creating environment hook '/home/quin/cabbage_project/ros2_ws/install/robot_core/share/robot_core/hook/ament_prefix_path.ps1'
[0.353s] INFO:colcon.colcon_core.shell:Creating environment descriptor '/home/quin/cabbage_project/ros2_ws/install/robot_core/share/robot_core/hook/ament_prefix_path.dsv'
[0.354s] INFO:colcon.colcon_core.shell:Creating environment hook '/home/quin/cabbage_project/ros2_ws/install/robot_core/share/robot_core/hook/ament_prefix_path.sh'
[0.355s] INFO:colcon.colcon_core.shell:Skip shell extension 'powershell' for command environment: Not usable outside of PowerShell
[0.355s] DEBUG:colcon.colcon_core.shell:Skip shell extension 'dsv' for command environment
[0.360s] INFO:colcon.colcon_ros.task.ament_python.build:Building ROS package in '/home/quin/cabbage_project/ros2_ws/src/robot_dashboard' with build type 'ament_python'
[0.360s] Level 1:colcon.colcon_core.shell:create_environment_hook('robot_dashboard', 'ament_prefix_path')
[0.360s] INFO:colcon.colcon_core.shell:Creating environment hook '/home/quin/cabbage_project/ros2_ws/install/robot_dashboard/share/robot_dashboard/hook/ament_prefix_path.ps1'
[0.362s] INFO:colcon.colcon_core.shell:Creating environment descriptor '/home/quin/cabbage_project/ros2_ws/install/robot_dashboard/share/robot_dashboard/hook/ament_prefix_path.dsv'
[0.363s] INFO:colcon.colcon_core.shell:Creating environment hook '/home/quin/cabbage_project/ros2_ws/install/robot_dashboard/share/robot_dashboard/hook/ament_prefix_path.sh'
[0.364s] INFO:colcon.colcon_core.shell:Skip shell extension 'powershell' for command environment: Not usable outside of PowerShell
[0.364s] DEBUG:colcon.colcon_core.shell:Skip shell extension 'dsv' for command environment
[0.375s] DEBUG:colcon.colcon_core.event_handler.log_command:Invoking command in '/home/quin/cabbage_project/ros2_ws/build/robot_actuator': CMAKE_PREFIX_PATH=${CMAKE_PREFIX_PATH}:/opt/ros/jazzy /usr/bin/cmake --build /home/quin/cabbage_project/ros2_ws/build/robot_actuator -- -j4 -l4
[0.697s] INFO:colcon.colcon_core.task.python.build:Building Python package in '/home/quin/cabbage_project/ros2_ws/src/robot_bringup'
[0.698s] INFO:colcon.colcon_core.shell:Skip shell extension 'powershell' for command environment: Not usable outside of PowerShell
[0.698s] DEBUG:colcon.colcon_core.shell:Skip shell extension 'dsv' for command environment
[1.020s] INFO:colcon.colcon_core.task.python.build:Building Python package in '/home/quin/cabbage_project/ros2_ws/src/robot_core'
[1.021s] INFO:colcon.colcon_core.shell:Skip shell extension 'powershell' for command environment: Not usable outside of PowerShell
[1.021s] DEBUG:colcon.colcon_core.shell:Skip shell extension 'dsv' for command environment
[1.029s] DEBUG:colcon.colcon_core.event_handler.log_command:Invoked command in '/home/quin/cabbage_project/ros2_ws/build/robot_actuator' returned '0': CMAKE_PREFIX_PATH=${CMAKE_PREFIX_PATH}:/opt/ros/jazzy /usr/bin/cmake --build /home/quin/cabbage_project/ros2_ws/build/robot_actuator -- -j4 -l4
[1.047s] DEBUG:colcon.colcon_core.event_handler.log_command:Invoking command in '/home/quin/cabbage_project/ros2_ws/build/robot_actuator': CMAKE_PREFIX_PATH=${CMAKE_PREFIX_PATH}:/opt/ros/jazzy /usr/bin/cmake --install /home/quin/cabbage_project/ros2_ws/build/robot_actuator
[1.361s] INFO:colcon.colcon_core.task.python.build:Building Python package in '/home/quin/cabbage_project/ros2_ws/src/robot_dashboard'
[1.361s] INFO:colcon.colcon_core.shell:Skip shell extension 'powershell' for command environment: Not usable outside of PowerShell
[1.361s] DEBUG:colcon.colcon_core.shell:Skip shell extension 'dsv' for command environment
[1.378s] Level 1:colcon.colcon_core.environment:create_environment_scripts_only(robot_actuator)
[1.381s] DEBUG:colcon.colcon_core.event_handler.log_command:Invoked command in '/home/quin/cabbage_project/ros2_ws/build/robot_actuator' returned '0': CMAKE_PREFIX_PATH=${CMAKE_PREFIX_PATH}:/opt/ros/jazzy /usr/bin/cmake --install /home/quin/cabbage_project/ros2_ws/build/robot_actuator
[1.385s] Level 1:colcon.colcon_core.environment:checking '/home/quin/cabbage_project/ros2_ws/install/robot_actuator' for CMake module files
[1.386s] Level 1:colcon.colcon_core.environment:checking '/home/quin/cabbage_project/ros2_ws/install/robot_actuator' for CMake config files
[1.387s] Level 1:colcon.colcon_core.shell:create_environment_hook('robot_actuator', 'cmake_prefix_path')
[1.387s] INFO:colcon.colcon_core.shell:Creating environment hook '/home/quin/cabbage_project/ros2_ws/install/robot_actuator/share/robot_actuator/hook/cmake_prefix_path.ps1'
[1.388s] INFO:colcon.colcon_core.shell:Creating environment descriptor '/home/quin/cabbage_project/ros2_ws/install/robot_actuator/share/robot_actuator/hook/cmake_prefix_path.dsv'
[1.391s] INFO:colcon.colcon_core.shell:Creating environment hook '/home/quin/cabbage_project/ros2_ws/install/robot_actuator/share/robot_actuator/hook/cmake_prefix_path.sh'
[1.393s] Level 1:colcon.colcon_core.environment:checking '/home/quin/cabbage_project/ros2_ws/install/robot_actuator/bin'
[1.394s] Level 1:colcon.colcon_core.environment:checking '/home/quin/cabbage_project/ros2_ws/install/robot_actuator/lib/pkgconfig/robot_actuator.pc'
[1.394s] Level 1:colcon.colcon_core.environment:checking '/home/quin/cabbage_project/ros2_ws/install/robot_actuator/lib/python3.12/site-packages'
[1.395s] Level 1:colcon.colcon_core.environment:checking '/home/quin/cabbage_project/ros2_ws/install/robot_actuator/bin'
[1.395s] INFO:colcon.colcon_core.shell:Creating package script '/home/quin/cabbage_project/ros2_ws/install/robot_actuator/share/robot_actuator/package.ps1'
[1.397s] INFO:colcon.colcon_core.shell:Creating package descriptor '/home/quin/cabbage_project/ros2_ws/install/robot_actuator/share/robot_actuator/package.dsv'
[1.398s] INFO:colcon.colcon_core.shell:Creating package script '/home/quin/cabbage_project/ros2_ws/install/robot_actuator/share/robot_actuator/package.sh'
[1.400s] INFO:colcon.colcon_core.shell:Creating package script '/home/quin/cabbage_project/ros2_ws/install/robot_actuator/share/robot_actuator/package.bash'
[1.403s] INFO:colcon.colcon_core.shell:Creating package script '/home/quin/cabbage_project/ros2_ws/install/robot_actuator/share/robot_actuator/package.zsh'
[1.404s] Level 1:colcon.colcon_core.environment:create_file_with_runtime_dependencies(/home/quin/cabbage_project/ros2_ws/install/robot_actuator/share/colcon-core/packages/robot_actuator)
[1.405s] Level 1:colcon.colcon_core.environment:create_environment_scripts_only(robot_actuator)
[1.406s] Level 1:colcon.colcon_core.environment:checking '/home/quin/cabbage_project/ros2_ws/install/robot_actuator' for CMake module files
[1.407s] Level 1:colcon.colcon_core.environment:checking '/home/quin/cabbage_project/ros2_ws/install/robot_actuator' for CMake config files
[1.408s] Level 1:colcon.colcon_core.shell:create_environment_hook('robot_actuator', 'cmake_prefix_path')
[1.408s] INFO:colcon.colcon_core.shell:Creating environment hook '/home/quin/cabbage_project/ros2_ws/install/robot_actuator/share/robot_actuator/hook/cmake_prefix_path.ps1'
[1.409s] INFO:colcon.colcon_core.shell:Creating environment descriptor '/home/quin/cabbage_project/ros2_ws/install/robot_actuator/share/robot_actuator/hook/cmake_prefix_path.dsv'
[1.411s] INFO:colcon.colcon_core.shell:Creating environment hook '/home/quin/cabbage_project/ros2_ws/install/robot_actuator/share/robot_actuator/hook/cmake_prefix_path.sh'
[1.412s] Level 1:colcon.colcon_core.environment:checking '/home/quin/cabbage_project/ros2_ws/install/robot_actuator/bin'
[1.413s] Level 1:colcon.colcon_core.environment:checking '/home/quin/cabbage_project/ros2_ws/install/robot_actuator/lib/pkgconfig/robot_actuator.pc'
[1.413s] Level 1:colcon.colcon_core.environment:checking '/home/quin/cabbage_project/ros2_ws/install/robot_actuator/lib/python3.12/site-packages'
[1.414s] Level 1:colcon.colcon_core.environment:checking '/home/quin/cabbage_project/ros2_ws/install/robot_actuator/bin'
[1.414s] INFO:colcon.colcon_core.shell:Creating package script '/home/quin/cabbage_project/ros2_ws/install/robot_actuator/share/robot_actuator/package.ps1'
[1.416s] INFO:colcon.colcon_core.shell:Creating package descriptor '/home/quin/cabbage_project/ros2_ws/install/robot_actuator/share/robot_actuator/package.dsv'
[1.417s] INFO:colcon.colcon_core.shell:Creating package script '/home/quin/cabbage_project/ros2_ws/install/robot_actuator/share/robot_actuator/package.sh'
[1.419s] INFO:colcon.colcon_core.shell:Creating package script '/home/quin/cabbage_project/ros2_ws/install/robot_actuator/share/robot_actuator/package.bash'
[1.420s] INFO:colcon.colcon_core.shell:Creating package script '/home/quin/cabbage_project/ros2_ws/install/robot_actuator/share/robot_actuator/package.zsh'
[1.422s] Level 1:colcon.colcon_core.environment:create_file_with_runtime_dependencies(/home/quin/cabbage_project/ros2_ws/install/robot_actuator/share/colcon-core/packages/robot_actuator)
[1.424s] INFO:colcon.colcon_ros.task.ament_cmake.build:Building ROS package in '/home/quin/cabbage_project/ros2_ws/src/robot_interfaces' with build type 'ament_cmake'
[1.425s] INFO:colcon.colcon_cmake.task.cmake.build:Building CMake package in '/home/quin/cabbage_project/ros2_ws/src/robot_interfaces'
[1.426s] INFO:colcon.colcon_core.shell:Skip shell extension 'powershell' for command environment: Not usable outside of PowerShell
[1.426s] DEBUG:colcon.colcon_core.shell:Skip shell extension 'dsv' for command environment
[1.450s] DEBUG:colcon.colcon_core.event_handler.log_command:Invoking command in '/home/quin/cabbage_project/ros2_ws/build/robot_interfaces': CMAKE_PREFIX_PATH=${CMAKE_PREFIX_PATH}:/opt/ros/jazzy /usr/bin/cmake --build /home/quin/cabbage_project/ros2_ws/build/robot_interfaces -- -j4 -l4
[1.533s] DEBUG:colcon.colcon_core.event_handler.log_command:Invoked command in '/home/quin/cabbage_project/ros2_ws/build/robot_interfaces' returned '0': CMAKE_PREFIX_PATH=${CMAKE_PREFIX_PATH}:/opt/ros/jazzy /usr/bin/cmake --build /home/quin/cabbage_project/ros2_ws/build/robot_interfaces -- -j4 -l4
[1.535s] DEBUG:colcon.colcon_core.event_handler.log_command:Invoking command in '/home/quin/cabbage_project/ros2_ws/build/robot_interfaces': CMAKE_PREFIX_PATH=${CMAKE_PREFIX_PATH}:/opt/ros/jazzy /usr/bin/cmake --install /home/quin/cabbage_project/ros2_ws/build/robot_interfaces
[1.575s] Level 1:colcon.colcon_core.environment:create_environment_scripts_only(robot_interfaces)
[1.576s] DEBUG:colcon.colcon_core.event_handler.log_command:Invoked command in '/home/quin/cabbage_project/ros2_ws/build/robot_interfaces' returned '0': CMAKE_PREFIX_PATH=${CMAKE_PREFIX_PATH}:/opt/ros/jazzy /usr/bin/cmake --install /home/quin/cabbage_project/ros2_ws/build/robot_interfaces
[1.576s] Level 1:colcon.colcon_core.environment:checking '/home/quin/cabbage_project/ros2_ws/install/robot_interfaces' for CMake module files
[1.578s] Level 1:colcon.colcon_core.environment:checking '/home/quin/cabbage_project/ros2_ws/install/robot_interfaces' for CMake config files
[1.578s] Level 1:colcon.colcon_core.shell:create_environment_hook('robot_interfaces', 'cmake_prefix_path')
[1.579s] INFO:colcon.colcon_core.shell:Creating environment hook '/home/quin/cabbage_project/ros2_ws/install/robot_interfaces/share/robot_interfaces/hook/cmake_prefix_path.ps1'
[1.581s] INFO:colcon.colcon_core.shell:Creating environment descriptor '/home/quin/cabbage_project/ros2_ws/install/robot_interfaces/share/robot_interfaces/hook/cmake_prefix_path.dsv'
[1.584s] INFO:colcon.colcon_core.shell:Creating environment hook '/home/quin/cabbage_project/ros2_ws/install/robot_interfaces/share/robot_interfaces/hook/cmake_prefix_path.sh'
[1.585s] Level 1:colcon.colcon_core.environment:checking '/home/quin/cabbage_project/ros2_ws/install/robot_interfaces/bin'
[1.586s] Level 1:colcon.colcon_core.environment:checking '/home/quin/cabbage_project/ros2_ws/install/robot_interfaces/lib/pkgconfig/robot_interfaces.pc'
[1.586s] Level 1:colcon.colcon_core.environment:checking '/home/quin/cabbage_project/ros2_ws/install/robot_interfaces/lib/python3.12/site-packages'
[1.587s] Level 1:colcon.colcon_core.environment:checking '/home/quin/cabbage_project/ros2_ws/install/robot_interfaces/bin'
[1.588s] INFO:colcon.colcon_core.shell:Creating package script '/home/quin/cabbage_project/ros2_ws/install/robot_interfaces/share/robot_interfaces/package.ps1'
[1.589s] INFO:colcon.colcon_core.shell:Creating package descriptor '/home/quin/cabbage_project/ros2_ws/install/robot_interfaces/share/robot_interfaces/package.dsv'
[1.591s] INFO:colcon.colcon_core.shell:Creating package script '/home/quin/cabbage_project/ros2_ws/install/robot_interfaces/share/robot_interfaces/package.sh'
[1.592s] INFO:colcon.colcon_core.shell:Creating package script '/home/quin/cabbage_project/ros2_ws/install/robot_interfaces/share/robot_interfaces/package.bash'
[1.596s] INFO:colcon.colcon_core.shell:Creating package script '/home/quin/cabbage_project/ros2_ws/install/robot_interfaces/share/robot_interfaces/package.zsh'
[1.603s] Level 1:colcon.colcon_core.environment:create_file_with_runtime_dependencies(/home/quin/cabbage_project/ros2_ws/install/robot_interfaces/share/colcon-core/packages/robot_interfaces)
[1.604s] Level 1:colcon.colcon_core.environment:create_environment_scripts_only(robot_interfaces)
[1.605s] Level 1:colcon.colcon_core.environment:checking '/home/quin/cabbage_project/ros2_ws/install/robot_interfaces' for CMake module files
[1.605s] Level 1:colcon.colcon_core.environment:checking '/home/quin/cabbage_project/ros2_ws/install/robot_interfaces' for CMake config files
[1.606s] Level 1:colcon.colcon_core.shell:create_environment_hook('robot_interfaces', 'cmake_prefix_path')
[1.606s] INFO:colcon.colcon_core.shell:Creating environment hook '/home/quin/cabbage_project/ros2_ws/install/robot_interfaces/share/robot_interfaces/hook/cmake_prefix_path.ps1'
[1.607s] INFO:colcon.colcon_core.shell:Creating environment descriptor '/home/quin/cabbage_project/ros2_ws/install/robot_interfaces/share/robot_interfaces/hook/cmake_prefix_path.dsv'
[1.608s] INFO:colcon.colcon_core.shell:Creating environment hook '/home/quin/cabbage_project/ros2_ws/install/robot_interfaces/share/robot_interfaces/hook/cmake_prefix_path.sh'
[1.609s] Level 1:colcon.colcon_core.environment:checking '/home/quin/cabbage_project/ros2_ws/install/robot_interfaces/bin'
[1.609s] Level 1:colcon.colcon_core.environment:checking '/home/quin/cabbage_project/ros2_ws/install/robot_interfaces/lib/pkgconfig/robot_interfaces.pc'
[1.610s] Level 1:colcon.colcon_core.environment:checking '/home/quin/cabbage_project/ros2_ws/install/robot_interfaces/lib/python3.12/site-packages'
[1.610s] Level 1:colcon.colcon_core.environment:checking '/home/quin/cabbage_project/ros2_ws/install/robot_interfaces/bin'
[1.611s] INFO:colcon.colcon_core.shell:Creating package script '/home/quin/cabbage_project/ros2_ws/install/robot_interfaces/share/robot_interfaces/package.ps1'
[1.612s] INFO:colcon.colcon_core.shell:Creating package descriptor '/home/quin/cabbage_project/ros2_ws/install/robot_interfaces/share/robot_interfaces/package.dsv'
[1.614s] INFO:colcon.colcon_core.shell:Creating package script '/home/quin/cabbage_project/ros2_ws/install/robot_interfaces/share/robot_interfaces/package.sh'
[1.615s] INFO:colcon.colcon_core.shell:Creating package script '/home/quin/cabbage_project/ros2_ws/install/robot_interfaces/share/robot_interfaces/package.bash'
[1.615s] INFO:colcon.colcon_core.shell:Creating package script '/home/quin/cabbage_project/ros2_ws/install/robot_interfaces/share/robot_interfaces/package.zsh'
[1.617s] Level 1:colcon.colcon_core.environment:create_file_with_runtime_dependencies(/home/quin/cabbage_project/ros2_ws/install/robot_interfaces/share/colcon-core/packages/robot_interfaces)
[1.617s] INFO:colcon.colcon_ros.task.ament_python.build:Building ROS package in '/home/quin/cabbage_project/ros2_ws/src/robot_vision' with build type 'ament_python'
[1.618s] Level 1:colcon.colcon_core.shell:create_environment_hook('robot_vision', 'ament_prefix_path')
[1.618s] INFO:colcon.colcon_core.shell:Creating environment hook '/home/quin/cabbage_project/ros2_ws/install/robot_vision/share/robot_vision/hook/ament_prefix_path.ps1'
[1.621s] INFO:colcon.colcon_core.shell:Creating environment descriptor '/home/quin/cabbage_project/ros2_ws/install/robot_vision/share/robot_vision/hook/ament_prefix_path.dsv'
[1.622s] INFO:colcon.colcon_core.shell:Creating environment hook '/home/quin/cabbage_project/ros2_ws/install/robot_vision/share/robot_vision/hook/ament_prefix_path.sh'
[1.623s] INFO:colcon.colcon_core.shell:Skip shell extension 'powershell' for command environment: Not usable outside of PowerShell
[1.624s] DEBUG:colcon.colcon_core.shell:Skip shell extension 'dsv' for command environment
[2.084s] INFO:colcon.colcon_core.task.python.build:Building Python package in '/home/quin/cabbage_project/ros2_ws/src/robot_vision'
[2.084s] INFO:colcon.colcon_core.shell:Skip shell extension 'powershell' for command environment: Not usable outside of PowerShell
[2.085s] DEBUG:colcon.colcon_core.shell:Skip shell extension 'dsv' for command environment
[2.463s] DEBUG:colcon.colcon_core.event_handler.log_command:Invoking command in '/home/quin/cabbage_project/ros2_ws/src/robot_bringup': PYTHONPATH=/home/quin/cabbage_project/ros2_ws/build/robot_bringup/prefix_override:/usr/lib/python3/dist-packages/colcon_core/task/python/colcon_distutils_commands:/home/quin/cabbage_project/ros2_ws/install/robot_bringup/lib/python3.12/site-packages:${PYTHONPATH} /usr/bin/python3 -W ignore:setup.py install is deprecated -W ignore:easy_install command is deprecated setup.py egg_info --egg-base ../../build/robot_bringup build --build-base /home/quin/cabbage_project/ros2_ws/build/robot_bringup/build install --record /home/quin/cabbage_project/ros2_ws/build/robot_bringup/install.log --single-version-externally-managed install_data
[2.487s] DEBUG:colcon.colcon_core.event_handler.log_command:Invoking command in '/home/quin/cabbage_project/ros2_ws/src/robot_core': PYTHONPATH=/home/quin/cabbage_project/ros2_ws/build/robot_core/prefix_override:/usr/lib/python3/dist-packages/colcon_core/task/python/colcon_distutils_commands:/home/quin/cabbage_project/ros2_ws/install/robot_core/lib/python3.12/site-packages:${PYTHONPATH} /usr/bin/python3 -W ignore:setup.py install is deprecated -W ignore:easy_install command is deprecated setup.py egg_info --egg-base ../../build/robot_core build --build-base /home/quin/cabbage_project/ros2_ws/build/robot_core/build install --record /home/quin/cabbage_project/ros2_ws/build/robot_core/install.log --single-version-externally-managed install_data
[2.541s] DEBUG:colcon.colcon_core.event_handler.log_command:Invoking command in '/home/quin/cabbage_project/ros2_ws/src/robot_dashboard': PYTHONPATH=/home/quin/cabbage_project/ros2_ws/build/robot_dashboard/prefix_override:/usr/lib/python3/dist-packages/colcon_core/task/python/colcon_distutils_commands:/home/quin/cabbage_project/ros2_ws/install/robot_dashboard/lib/python3.12/site-packages:${PYTHONPATH} /usr/bin/python3 -W ignore:setup.py install is deprecated -W ignore:easy_install command is deprecated setup.py egg_info --egg-base ../../build/robot_dashboard build --build-base /home/quin/cabbage_project/ros2_ws/build/robot_dashboard/build install --record /home/quin/cabbage_project/ros2_ws/build/robot_dashboard/install.log --single-version-externally-managed install_data
[3.295s] DEBUG:colcon.colcon_core.event_handler.log_command:Invoking command in '/home/quin/cabbage_project/ros2_ws/src/robot_vision': PYTHONPATH=/home/quin/cabbage_project/ros2_ws/build/robot_vision/prefix_override:/usr/lib/python3/dist-packages/colcon_core/task/python/colcon_distutils_commands:/home/quin/cabbage_project/ros2_ws/install/robot_vision/lib/python3.12/site-packages:${PYTHONPATH} /usr/bin/python3 -W ignore:setup.py install is deprecated -W ignore:easy_install command is deprecated setup.py egg_info --egg-base ../../build/robot_vision build --build-base /home/quin/cabbage_project/ros2_ws/build/robot_vision/build install --record /home/quin/cabbage_project/ros2_ws/build/robot_vision/install.log --single-version-externally-managed install_data
[3.545s] Level 1:colcon.colcon_core.environment:checking '/home/quin/cabbage_project/ros2_ws/install/robot_core' for CMake module files
[3.546s] Level 1:colcon.colcon_core.environment:checking '/home/quin/cabbage_project/ros2_ws/install/robot_core' for CMake config files
[3.547s] Level 1:colcon.colcon_core.environment:checking '/home/quin/cabbage_project/ros2_ws/install/robot_core/lib'
[3.548s] Level 1:colcon.colcon_core.environment:checking '/home/quin/cabbage_project/ros2_ws/install/robot_core/bin'
[3.548s] Level 1:colcon.colcon_core.environment:checking '/home/quin/cabbage_project/ros2_ws/install/robot_core/lib/pkgconfig/robot_core.pc'
[3.545s] DEBUG:colcon.colcon_core.event_handler.log_command:Invoked command in '/home/quin/cabbage_project/ros2_ws/src/robot_core' returned '0': PYTHONPATH=/home/quin/cabbage_project/ros2_ws/build/robot_core/prefix_override:/usr/lib/python3/dist-packages/colcon_core/task/python/colcon_distutils_commands:/home/quin/cabbage_project/ros2_ws/install/robot_core/lib/python3.12/site-packages:${PYTHONPATH} /usr/bin/python3 -W ignore:setup.py install is deprecated -W ignore:easy_install command is deprecated setup.py egg_info --egg-base ../../build/robot_core build --build-base /home/quin/cabbage_project/ros2_ws/build/robot_core/build install --record /home/quin/cabbage_project/ros2_ws/build/robot_core/install.log --single-version-externally-managed install_data
[3.548s] Level 1:colcon.colcon_core.environment:checking '/home/quin/cabbage_project/ros2_ws/install/robot_core/lib/python3.12/site-packages'
[3.549s] Level 1:colcon.colcon_core.shell:create_environment_hook('robot_core', 'pythonpath')
[3.549s] INFO:colcon.colcon_core.shell:Creating environment hook '/home/quin/cabbage_project/ros2_ws/install/robot_core/share/robot_core/hook/pythonpath.ps1'
[3.550s] INFO:colcon.colcon_core.shell:Creating environment descriptor '/home/quin/cabbage_project/ros2_ws/install/robot_core/share/robot_core/hook/pythonpath.dsv'
[3.556s] INFO:colcon.colcon_core.shell:Creating environment hook '/home/quin/cabbage_project/ros2_ws/install/robot_core/share/robot_core/hook/pythonpath.sh'
[3.560s] Level 1:colcon.colcon_core.environment:checking '/home/quin/cabbage_project/ros2_ws/install/robot_core/bin'
[3.560s] Level 1:colcon.colcon_core.environment:create_environment_scripts_only(robot_core)
[3.560s] INFO:colcon.colcon_core.shell:Creating package script '/home/quin/cabbage_project/ros2_ws/install/robot_core/share/robot_core/package.ps1'
[3.562s] INFO:colcon.colcon_core.shell:Creating package descriptor '/home/quin/cabbage_project/ros2_ws/install/robot_core/share/robot_core/package.dsv'
[3.564s] INFO:colcon.colcon_core.shell:Creating package script '/home/quin/cabbage_project/ros2_ws/install/robot_core/share/robot_core/package.sh'
[3.567s] INFO:colcon.colcon_core.shell:Creating package script '/home/quin/cabbage_project/ros2_ws/install/robot_core/share/robot_core/package.bash'
[3.568s] INFO:colcon.colcon_core.shell:Creating package script '/home/quin/cabbage_project/ros2_ws/install/robot_core/share/robot_core/package.zsh'
[3.569s] Level 1:colcon.colcon_core.environment:create_file_with_runtime_dependencies(/home/quin/cabbage_project/ros2_ws/install/robot_core/share/colcon-core/packages/robot_core)
[3.606s] Level 1:colcon.colcon_core.environment:checking '/home/quin/cabbage_project/ros2_ws/install/robot_bringup' for CMake module files
[3.606s] DEBUG:colcon.colcon_core.event_handler.log_command:Invoked command in '/home/quin/cabbage_project/ros2_ws/src/robot_bringup' returned '0': PYTHONPATH=/home/quin/cabbage_project/ros2_ws/build/robot_bringup/prefix_override:/usr/lib/python3/dist-packages/colcon_core/task/python/colcon_distutils_commands:/home/quin/cabbage_project/ros2_ws/install/robot_bringup/lib/python3.12/site-packages:${PYTHONPATH} /usr/bin/python3 -W ignore:setup.py install is deprecated -W ignore:easy_install command is deprecated setup.py egg_info --egg-base ../../build/robot_bringup build --build-base /home/quin/cabbage_project/ros2_ws/build/robot_bringup/build install --record /home/quin/cabbage_project/ros2_ws/build/robot_bringup/install.log --single-version-externally-managed install_data
[3.608s] Level 1:colcon.colcon_core.environment:checking '/home/quin/cabbage_project/ros2_ws/install/robot_bringup' for CMake config files
[3.609s] Level 1:colcon.colcon_core.environment:checking '/home/quin/cabbage_project/ros2_ws/install/robot_bringup/lib'
[3.610s] Level 1:colcon.colcon_core.environment:checking '/home/quin/cabbage_project/ros2_ws/install/robot_bringup/bin'
[3.610s] Level 1:colcon.colcon_core.environment:checking '/home/quin/cabbage_project/ros2_ws/install/robot_bringup/lib/pkgconfig/robot_bringup.pc'
[3.610s] Level 1:colcon.colcon_core.environment:checking '/home/quin/cabbage_project/ros2_ws/install/robot_bringup/lib/python3.12/site-packages'
[3.611s] Level 1:colcon.colcon_core.shell:create_environment_hook('robot_bringup', 'pythonpath')
[3.611s] INFO:colcon.colcon_core.shell:Creating environment hook '/home/quin/cabbage_project/ros2_ws/install/robot_bringup/share/robot_bringup/hook/pythonpath.ps1'
[3.612s] INFO:colcon.colcon_core.shell:Creating environment descriptor '/home/quin/cabbage_project/ros2_ws/install/robot_bringup/share/robot_bringup/hook/pythonpath.dsv'
[3.615s] INFO:colcon.colcon_core.shell:Creating environment hook '/home/quin/cabbage_project/ros2_ws/install/robot_bringup/share/robot_bringup/hook/pythonpath.sh'
[3.616s] Level 1:colcon.colcon_core.environment:checking '/home/quin/cabbage_project/ros2_ws/install/robot_bringup/bin'
[3.617s] Level 1:colcon.colcon_core.environment:create_environment_scripts_only(robot_bringup)
[3.617s] INFO:colcon.colcon_core.shell:Creating package script '/home/quin/cabbage_project/ros2_ws/install/robot_bringup/share/robot_bringup/package.ps1'
[3.618s] INFO:colcon.colcon_core.shell:Creating package descriptor '/home/quin/cabbage_project/ros2_ws/install/robot_bringup/share/robot_bringup/package.dsv'
[3.620s] INFO:colcon.colcon_core.shell:Creating package script '/home/quin/cabbage_project/ros2_ws/install/robot_bringup/share/robot_bringup/package.sh'
[3.621s] INFO:colcon.colcon_core.shell:Creating package script '/home/quin/cabbage_project/ros2_ws/install/robot_bringup/share/robot_bringup/package.bash'
[3.623s] INFO:colcon.colcon_core.shell:Creating package script '/home/quin/cabbage_project/ros2_ws/install/robot_bringup/share/robot_bringup/package.zsh'
[3.624s] Level 1:colcon.colcon_core.environment:create_file_with_runtime_dependencies(/home/quin/cabbage_project/ros2_ws/install/robot_bringup/share/colcon-core/packages/robot_bringup)
[3.684s] Level 1:colcon.colcon_core.environment:checking '/home/quin/cabbage_project/ros2_ws/install/robot_dashboard' for CMake module files
[3.685s] DEBUG:colcon.colcon_core.event_handler.log_command:Invoked command in '/home/quin/cabbage_project/ros2_ws/src/robot_dashboard' returned '0': PYTHONPATH=/home/quin/cabbage_project/ros2_ws/build/robot_dashboard/prefix_override:/usr/lib/python3/dist-packages/colcon_core/task/python/colcon_distutils_commands:/home/quin/cabbage_project/ros2_ws/install/robot_dashboard/lib/python3.12/site-packages:${PYTHONPATH} /usr/bin/python3 -W ignore:setup.py install is deprecated -W ignore:easy_install command is deprecated setup.py egg_info --egg-base ../../build/robot_dashboard build --build-base /home/quin/cabbage_project/ros2_ws/build/robot_dashboard/build install --record /home/quin/cabbage_project/ros2_ws/build/robot_dashboard/install.log --single-version-externally-managed install_data
[3.685s] Level 1:colcon.colcon_core.environment:checking '/home/quin/cabbage_project/ros2_ws/install/robot_dashboard' for CMake config files
[3.686s] Level 1:colcon.colcon_core.environment:checking '/home/quin/cabbage_project/ros2_ws/install/robot_dashboard/lib'
[3.686s] Level 1:colcon.colcon_core.environment:checking '/home/quin/cabbage_project/ros2_ws/install/robot_dashboard/bin'
[3.686s] Level 1:colcon.colcon_core.environment:checking '/home/quin/cabbage_project/ros2_ws/install/robot_dashboard/lib/pkgconfig/robot_dashboard.pc'
[3.686s] Level 1:colcon.colcon_core.environment:checking '/home/quin/cabbage_project/ros2_ws/install/robot_dashboard/lib/python3.12/site-packages'
[3.687s] Level 1:colcon.colcon_core.shell:create_environment_hook('robot_dashboard', 'pythonpath')
[3.687s] INFO:colcon.colcon_core.shell:Creating environment hook '/home/quin/cabbage_project/ros2_ws/install/robot_dashboard/share/robot_dashboard/hook/pythonpath.ps1'
[3.687s] INFO:colcon.colcon_core.shell:Creating environment descriptor '/home/quin/cabbage_project/ros2_ws/install/robot_dashboard/share/robot_dashboard/hook/pythonpath.dsv'
[3.690s] INFO:colcon.colcon_core.shell:Creating environment hook '/home/quin/cabbage_project/ros2_ws/install/robot_dashboard/share/robot_dashboard/hook/pythonpath.sh'
[3.691s] Level 1:colcon.colcon_core.environment:checking '/home/quin/cabbage_project/ros2_ws/install/robot_dashboard/bin'
[3.691s] Level 1:colcon.colcon_core.environment:create_environment_scripts_only(robot_dashboard)
[3.692s] INFO:colcon.colcon_core.shell:Creating package script '/home/quin/cabbage_project/ros2_ws/install/robot_dashboard/share/robot_dashboard/package.ps1'
[3.692s] INFO:colcon.colcon_core.shell:Creating package descriptor '/home/quin/cabbage_project/ros2_ws/install/robot_dashboard/share/robot_dashboard/package.dsv'
[3.693s] INFO:colcon.colcon_core.shell:Creating package script '/home/quin/cabbage_project/ros2_ws/install/robot_dashboard/share/robot_dashboard/package.sh'
[3.694s] INFO:colcon.colcon_core.shell:Creating package script '/home/quin/cabbage_project/ros2_ws/install/robot_dashboard/share/robot_dashboard/package.bash'
[3.695s] INFO:colcon.colcon_core.shell:Creating package script '/home/quin/cabbage_project/ros2_ws/install/robot_dashboard/share/robot_dashboard/package.zsh'
[3.695s] Level 1:colcon.colcon_core.environment:create_file_with_runtime_dependencies(/home/quin/cabbage_project/ros2_ws/install/robot_dashboard/share/colcon-core/packages/robot_dashboard)
[4.170s] Level 1:colcon.colcon_core.environment:checking '/home/quin/cabbage_project/ros2_ws/install/robot_vision' for CMake module files
[4.171s] DEBUG:colcon.colcon_core.event_handler.log_command:Invoked command in '/home/quin/cabbage_project/ros2_ws/src/robot_vision' returned '0': PYTHONPATH=/home/quin/cabbage_project/ros2_ws/build/robot_vision/prefix_override:/usr/lib/python3/dist-packages/colcon_core/task/python/colcon_distutils_commands:/home/quin/cabbage_project/ros2_ws/install/robot_vision/lib/python3.12/site-packages:${PYTHONPATH} /usr/bin/python3 -W ignore:setup.py install is deprecated -W ignore:easy_install command is deprecated setup.py egg_info --egg-base ../../build/robot_vision build --build-base /home/quin/cabbage_project/ros2_ws/build/robot_vision/build install --record /home/quin/cabbage_project/ros2_ws/build/robot_vision/install.log --single-version-externally-managed install_data
[4.171s] Level 1:colcon.colcon_core.environment:checking '/home/quin/cabbage_project/ros2_ws/install/robot_vision' for CMake config files
[4.172s] Level 1:colcon.colcon_core.environment:checking '/home/quin/cabbage_project/ros2_ws/install/robot_vision/lib'
[4.172s] Level 1:colcon.colcon_core.environment:checking '/home/quin/cabbage_project/ros2_ws/install/robot_vision/bin'
[4.172s] Level 1:colcon.colcon_core.environment:checking '/home/quin/cabbage_project/ros2_ws/install/robot_vision/lib/pkgconfig/robot_vision.pc'
[4.172s] Level 1:colcon.colcon_core.environment:checking '/home/quin/cabbage_project/ros2_ws/install/robot_vision/lib/python3.12/site-packages'
[4.173s] Level 1:colcon.colcon_core.shell:create_environment_hook('robot_vision', 'pythonpath')
[4.173s] INFO:colcon.colcon_core.shell:Creating environment hook '/home/quin/cabbage_project/ros2_ws/install/robot_vision/share/robot_vision/hook/pythonpath.ps1'
[4.173s] INFO:colcon.colcon_core.shell:Creating environment descriptor '/home/quin/cabbage_project/ros2_ws/install/robot_vision/share/robot_vision/hook/pythonpath.dsv'
[4.176s] INFO:colcon.colcon_core.shell:Creating environment hook '/home/quin/cabbage_project/ros2_ws/install/robot_vision/share/robot_vision/hook/pythonpath.sh'
[4.177s] Level 1:colcon.colcon_core.environment:checking '/home/quin/cabbage_project/ros2_ws/install/robot_vision/bin'
[4.178s] Level 1:colcon.colcon_core.environment:create_environment_scripts_only(robot_vision)
[4.178s] INFO:colcon.colcon_core.shell:Creating package script '/home/quin/cabbage_project/ros2_ws/install/robot_vision/share/robot_vision/package.ps1'
[4.179s] INFO:colcon.colcon_core.shell:Creating package descriptor '/home/quin/cabbage_project/ros2_ws/install/robot_vision/share/robot_vision/package.dsv'
[4.179s] INFO:colcon.colcon_core.shell:Creating package script '/home/quin/cabbage_project/ros2_ws/install/robot_vision/share/robot_vision/package.sh'
[4.180s] INFO:colcon.colcon_core.shell:Creating package script '/home/quin/cabbage_project/ros2_ws/install/robot_vision/share/robot_vision/package.bash'
[4.181s] INFO:colcon.colcon_core.shell:Creating package script '/home/quin/cabbage_project/ros2_ws/install/robot_vision/share/robot_vision/package.zsh'
[4.182s] Level 1:colcon.colcon_core.environment:create_file_with_runtime_dependencies(/home/quin/cabbage_project/ros2_ws/install/robot_vision/share/colcon-core/packages/robot_vision)
[4.182s] DEBUG:colcon.colcon_parallel_executor.executor.parallel:closing loop
[4.183s] DEBUG:colcon.colcon_parallel_executor.executor.parallel:loop closed
[4.183s] DEBUG:colcon.colcon_parallel_executor.executor.parallel:run_until_complete finished with '0'
[4.183s] DEBUG:colcon.colcon_core.event_reactor:joining thread
[4.192s] INFO:colcon.colcon_core.plugin_system:Skipping extension 'colcon_notification.desktop_notification.terminal_notifier': Not used on non-Darwin systems
[4.192s] INFO:colcon.colcon_core.plugin_system:Skipping extension 'colcon_notification.desktop_notification.win32': Not used on non-Windows systems
[4.192s] INFO:colcon.colcon_notification.desktop_notification:Sending desktop notification using 'notify2'
[4.193s] DEBUG:colcon.colcon_notification.desktop_notification.notify2:Failed to initialize notify2: org.freedesktop.DBus.Error.ServiceUnknown: The name org.freedesktop.Notifications was not provided by any .service files
[4.193s] DEBUG:colcon.colcon_core.event_reactor:joined thread
[4.194s] INFO:colcon.colcon_core.shell:Creating prefix script '/home/quin/cabbage_project/ros2_ws/install/local_setup.ps1'
[4.195s] INFO:colcon.colcon_core.shell:Creating prefix util module '/home/quin/cabbage_project/ros2_ws/install/_local_setup_util_ps1.py'
[4.198s] INFO:colcon.colcon_core.shell:Creating prefix chain script '/home/quin/cabbage_project/ros2_ws/install/setup.ps1'
[4.199s] INFO:colcon.colcon_core.shell:Creating prefix script '/home/quin/cabbage_project/ros2_ws/install/local_setup.sh'
[4.200s] INFO:colcon.colcon_core.shell:Creating prefix util module '/home/quin/cabbage_project/ros2_ws/install/_local_setup_util_sh.py'
[4.201s] INFO:colcon.colcon_core.shell:Creating prefix chain script '/home/quin/cabbage_project/ros2_ws/install/setup.sh'
[4.208s] INFO:colcon.colcon_core.shell:Creating prefix script '/home/quin/cabbage_project/ros2_ws/install/local_setup.bash'
[4.210s] INFO:colcon.colcon_core.shell:Creating prefix chain script '/home/quin/cabbage_project/ros2_ws/install/setup.bash'
[4.212s] INFO:colcon.colcon_core.shell:Creating prefix script '/home/quin/cabbage_project/ros2_ws/install/local_setup.zsh'
[4.213s] INFO:colcon.colcon_core.shell:Creating prefix chain script '/home/quin/cabbage_project/ros2_ws/install/setup.zsh'
