running egg_info
creating ../../build/robot_dashboard/robot_dashboard.egg-info
writing ../../build/robot_dashboard/robot_dashboard.egg-info/PKG-INFO
writing dependency_links to ../../build/robot_dashboard/robot_dashboard.egg-info/dependency_links.txt
writing requirements to ../../build/robot_dashboard/robot_dashboard.egg-info/requires.txt
writing top-level names to ../../build/robot_dashboard/robot_dashboard.egg-info/top_level.txt
writing manifest file '../../build/robot_dashboard/robot_dashboard.egg-info/SOURCES.txt'
reading manifest file '../../build/robot_dashboard/robot_dashboard.egg-info/SOURCES.txt'
writing manifest file '../../build/robot_dashboard/robot_dashboard.egg-info/SOURCES.txt'
running build
running build_py
creating /home/quin/cabbage_project/ros2_ws/build/robot_dashboard/build
creating /home/quin/cabbage_project/ros2_ws/build/robot_dashboard/build/lib
creating /home/quin/cabbage_project/ros2_ws/build/robot_dashboard/build/lib/robot_dashboard
copying robot_dashboard/__init__.py -> /home/quin/cabbage_project/ros2_ws/build/robot_dashboard/build/lib/robot_dashboard
running install
running install_lib
creating /home/quin/cabbage_project/ros2_ws/install/robot_dashboard/lib/python3.12/site-packages/robot_dashboard
copying /home/quin/cabbage_project/ros2_ws/build/robot_dashboard/build/lib/robot_dashboard/__init__.py -> /home/quin/cabbage_project/ros2_ws/install/robot_dashboard/lib/python3.12/site-packages/robot_dashboard
byte-compiling /home/quin/cabbage_project/ros2_ws/install/robot_dashboard/lib/python3.12/site-packages/robot_dashboard/__init__.py to __init__.cpython-312.pyc
running install_data
creating /home/quin/cabbage_project/ros2_ws/install/robot_dashboard/share/ament_index
creating /home/quin/cabbage_project/ros2_ws/install/robot_dashboard/share/ament_index/resource_index
creating /home/quin/cabbage_project/ros2_ws/install/robot_dashboard/share/ament_index/resource_index/packages
copying resource/robot_dashboard -> /home/quin/cabbage_project/ros2_ws/install/robot_dashboard/share/ament_index/resource_index/packages
copying package.xml -> /home/quin/cabbage_project/ros2_ws/install/robot_dashboard/share/robot_dashboard
running install_egg_info
Copying ../../build/robot_dashboard/robot_dashboard.egg-info to /home/quin/cabbage_project/ros2_ws/install/robot_dashboard/lib/python3.12/site-packages/robot_dashboard-0.0.0-py3.12.egg-info
running install_scripts
writing list of installed files to '/home/quin/cabbage_project/ros2_ws/build/robot_dashboard/install.log'
