[2.817s] Invoking command in '/home/quin/cabbage_project/ros2_ws/src/robot_dashboard': PYTHONPATH=/home/quin/cabbage_project/ros2_ws/build/robot_dashboard/prefix_override:/usr/lib/python3/dist-packages/colcon_core/task/python/colcon_distutils_commands:/home/quin/cabbage_project/ros2_ws/install/robot_dashboard/lib/python3.12/site-packages:${PYTHONPATH} /usr/bin/python3 -W ignore:setup.py install is deprecated -W ignore:easy_install command is deprecated setup.py egg_info --egg-base ../../build/robot_dashboard build --build-base /home/quin/cabbage_project/ros2_ws/build/robot_dashboard/build install --record /home/quin/cabbage_project/ros2_ws/build/robot_dashboard/install.log --single-version-externally-managed install_data
[3.787s] running egg_info
[3.787s] creating ../../build/robot_dashboard/robot_dashboard.egg-info
[3.859s] writing ../../build/robot_dashboard/robot_dashboard.egg-info/PKG-INFO
[3.861s] writing dependency_links to ../../build/robot_dashboard/robot_dashboard.egg-info/dependency_links.txt
[3.868s] writing requirements to ../../build/robot_dashboard/robot_dashboard.egg-info/requires.txt
[3.868s] writing top-level names to ../../build/robot_dashboard/robot_dashboard.egg-info/top_level.txt
[3.868s] writing manifest file '../../build/robot_dashboard/robot_dashboard.egg-info/SOURCES.txt'
[4.040s] reading manifest file '../../build/robot_dashboard/robot_dashboard.egg-info/SOURCES.txt'
[4.042s] writing manifest file '../../build/robot_dashboard/robot_dashboard.egg-info/SOURCES.txt'
[4.043s] running build
[4.044s] running build_py
[4.048s] creating /home/quin/cabbage_project/ros2_ws/build/robot_dashboard/build
[4.057s] creating /home/quin/cabbage_project/ros2_ws/build/robot_dashboard/build/lib
[4.057s] creating /home/quin/cabbage_project/ros2_ws/build/robot_dashboard/build/lib/robot_dashboard
[4.057s] copying robot_dashboard/__init__.py -> /home/quin/cabbage_project/ros2_ws/build/robot_dashboard/build/lib/robot_dashboard
[4.057s] running install
[4.100s] running install_lib
[4.181s] creating /home/quin/cabbage_project/ros2_ws/install/robot_dashboard/lib/python3.12/site-packages/robot_dashboard
[4.182s] copying /home/quin/cabbage_project/ros2_ws/build/robot_dashboard/build/lib/robot_dashboard/__init__.py -> /home/quin/cabbage_project/ros2_ws/install/robot_dashboard/lib/python3.12/site-packages/robot_dashboard
[4.183s] byte-compiling /home/quin/cabbage_project/ros2_ws/install/robot_dashboard/lib/python3.12/site-packages/robot_dashboard/__init__.py to __init__.cpython-312.pyc
[4.185s] running install_data
[4.185s] creating /home/quin/cabbage_project/ros2_ws/install/robot_dashboard/share/ament_index
[4.185s] creating /home/quin/cabbage_project/ros2_ws/install/robot_dashboard/share/ament_index/resource_index
[4.186s] creating /home/quin/cabbage_project/ros2_ws/install/robot_dashboard/share/ament_index/resource_index/packages
[4.186s] copying resource/robot_dashboard -> /home/quin/cabbage_project/ros2_ws/install/robot_dashboard/share/ament_index/resource_index/packages
[4.187s] copying package.xml -> /home/quin/cabbage_project/ros2_ws/install/robot_dashboard/share/robot_dashboard
[4.188s] running install_egg_info
[4.272s] Copying ../../build/robot_dashboard/robot_dashboard.egg-info to /home/quin/cabbage_project/ros2_ws/install/robot_dashboard/lib/python3.12/site-packages/robot_dashboard-0.0.0-py3.12.egg-info
[4.280s] running install_scripts
[4.722s] writing list of installed files to '/home/quin/cabbage_project/ros2_ws/build/robot_dashboard/install.log'
[4.862s] Invoked command in '/home/quin/cabbage_project/ros2_ws/src/robot_dashboard' returned '0': PYTHONPATH=/home/quin/cabbage_project/ros2_ws/build/robot_dashboard/prefix_override:/usr/lib/python3/dist-packages/colcon_core/task/python/colcon_distutils_commands:/home/quin/cabbage_project/ros2_ws/install/robot_dashboard/lib/python3.12/site-packages:${PYTHONPATH} /usr/bin/python3 -W ignore:setup.py install is deprecated -W ignore:easy_install command is deprecated setup.py egg_info --egg-base ../../build/robot_dashboard build --build-base /home/quin/cabbage_project/ros2_ws/build/robot_dashboard/build install --record /home/quin/cabbage_project/ros2_ws/build/robot_dashboard/install.log --single-version-externally-managed install_data
