[0.146s] DEBUG:colcon:Command line arguments: ['/usr/bin/colcon', 'build']
[0.146s] DEBUG:colcon:Parsed command line arguments: Namespace(log_base=None, log_level=None, verb_name='build', build_base='build', install_base='install', merge_install=False, symlink_install=False, test_result_base=None, continue_on_error=False, executor='parallel', parallel_workers=16, event_handlers=None, ignore_user_meta=False, metas=['./colcon.meta'], base_paths=['.'], packages_ignore=None, packages_ignore_regex=None, paths=None, packages_up_to=None, packages_up_to_regex=None, packages_above=None, packages_above_and_dependencies=None, packages_above_depth=None, packages_select_by_dep=None, packages_skip_by_dep=None, packages_skip_up_to=None, packages_select_build_failed=False, packages_skip_build_finished=False, packages_select_test_failures=False, packages_skip_test_passed=False, packages_select=None, packages_skip=None, packages_select_regex=None, packages_skip_regex=None, packages_start=None, packages_end=None, allow_overriding=[], cmake_args=None, cmake_target=None, cmake_target_skip_unavailable=False, cmake_clean_cache=False, cmake_clean_first=False, cmake_force_configure=False, ament_cmake_args=None, catkin_cmake_args=None, catkin_skip_building_tests=False, mixin_files=None, mixin=None, verb_parser=<colcon_mixin.mixin.mixin_argument.MixinArgumentDecorator object at 0x7ac48d722090>, verb_extension=<colcon_core.verb.build.BuildVerb object at 0x7ac48d721df0>, main=<bound method BuildVerb.main of <colcon_core.verb.build.BuildVerb object at 0x7ac48d721df0>>, mixin_verb=('build',))
[0.173s] Level 1:colcon.colcon_core.package_discovery:discover_packages(colcon_meta) check parameters
[0.173s] Level 1:colcon.colcon_core.package_discovery:discover_packages(recursive) check parameters
[0.173s] Level 1:colcon.colcon_core.package_discovery:discover_packages(ignore) check parameters
[0.173s] Level 1:colcon.colcon_core.package_discovery:discover_packages(path) check parameters
[0.173s] Level 1:colcon.colcon_core.package_discovery:discover_packages(colcon_meta) discover
[0.174s] Level 1:colcon.colcon_core.package_discovery:discover_packages(recursive) discover
[0.174s] INFO:colcon.colcon_core.package_discovery:Crawling recursively for packages in '/home/jorjeen/plant/cabbage_project'
[0.174s] Level 1:colcon.colcon_core.package_identification:_identify(.) by extensions ['ignore', 'ignore_ament_install']
[0.174s] Level 1:colcon.colcon_core.package_identification:_identify(.) by extension 'ignore'
[0.174s] Level 1:colcon.colcon_core.package_identification:_identify(.) by extension 'ignore_ament_install'
[0.174s] Level 1:colcon.colcon_core.package_identification:_identify(.) by extensions ['colcon_pkg']
[0.174s] Level 1:colcon.colcon_core.package_identification:_identify(.) by extension 'colcon_pkg'
[0.174s] Level 1:colcon.colcon_core.package_identification:_identify(.) by extensions ['colcon_meta']
[0.174s] Level 1:colcon.colcon_core.package_identification:_identify(.) by extension 'colcon_meta'
[0.174s] Level 1:colcon.colcon_core.package_identification:_identify(.) by extensions ['ros']
[0.174s] Level 1:colcon.colcon_core.package_identification:_identify(.) by extension 'ros'
[0.194s] Level 1:colcon.colcon_core.package_identification:_identify(.) by extensions ['cmake', 'python']
[0.194s] Level 1:colcon.colcon_core.package_identification:_identify(.) by extension 'cmake'
[0.194s] Level 1:colcon.colcon_core.package_identification:_identify(.) by extension 'python'
[0.194s] Level 1:colcon.colcon_core.package_identification:_identify(.) by extensions ['python_setup_py']
[0.194s] Level 1:colcon.colcon_core.package_identification:_identify(.) by extension 'python_setup_py'
[0.195s] Level 1:colcon.colcon_core.package_identification:_identify(agribot-dashboard) by extensions ['ignore', 'ignore_ament_install']
[0.195s] Level 1:colcon.colcon_core.package_identification:_identify(agribot-dashboard) by extension 'ignore'
[0.195s] Level 1:colcon.colcon_core.package_identification:_identify(agribot-dashboard) by extension 'ignore_ament_install'
[0.195s] Level 1:colcon.colcon_core.package_identification:_identify(agribot-dashboard) by extensions ['colcon_pkg']
[0.195s] Level 1:colcon.colcon_core.package_identification:_identify(agribot-dashboard) by extension 'colcon_pkg'
[0.195s] Level 1:colcon.colcon_core.package_identification:_identify(agribot-dashboard) by extensions ['colcon_meta']
[0.195s] Level 1:colcon.colcon_core.package_identification:_identify(agribot-dashboard) by extension 'colcon_meta'
[0.195s] Level 1:colcon.colcon_core.package_identification:_identify(agribot-dashboard) by extensions ['ros']
[0.195s] Level 1:colcon.colcon_core.package_identification:_identify(agribot-dashboard) by extension 'ros'
[0.195s] Level 1:colcon.colcon_core.package_identification:_identify(agribot-dashboard) by extensions ['cmake', 'python']
[0.195s] Level 1:colcon.colcon_core.package_identification:_identify(agribot-dashboard) by extension 'cmake'
[0.195s] Level 1:colcon.colcon_core.package_identification:_identify(agribot-dashboard) by extension 'python'
[0.195s] Level 1:colcon.colcon_core.package_identification:_identify(agribot-dashboard) by extensions ['python_setup_py']
[0.195s] Level 1:colcon.colcon_core.package_identification:_identify(agribot-dashboard) by extension 'python_setup_py'
[0.195s] Level 1:colcon.colcon_core.package_identification:_identify(agribot-dashboard/app) by extensions ['ignore', 'ignore_ament_install']
[0.195s] Level 1:colcon.colcon_core.package_identification:_identify(agribot-dashboard/app) by extension 'ignore'
[0.195s] Level 1:colcon.colcon_core.package_identification:_identify(agribot-dashboard/app) by extension 'ignore_ament_install'
[0.195s] Level 1:colcon.colcon_core.package_identification:_identify(agribot-dashboard/app) by extensions ['colcon_pkg']
[0.195s] Level 1:colcon.colcon_core.package_identification:_identify(agribot-dashboard/app) by extension 'colcon_pkg'
[0.195s] Level 1:colcon.colcon_core.package_identification:_identify(agribot-dashboard/app) by extensions ['colcon_meta']
[0.195s] Level 1:colcon.colcon_core.package_identification:_identify(agribot-dashboard/app) by extension 'colcon_meta'
[0.195s] Level 1:colcon.colcon_core.package_identification:_identify(agribot-dashboard/app) by extensions ['ros']
[0.195s] Level 1:colcon.colcon_core.package_identification:_identify(agribot-dashboard/app) by extension 'ros'
[0.195s] Level 1:colcon.colcon_core.package_identification:_identify(agribot-dashboard/app) by extensions ['cmake', 'python']
[0.195s] Level 1:colcon.colcon_core.package_identification:_identify(agribot-dashboard/app) by extension 'cmake'
[0.195s] Level 1:colcon.colcon_core.package_identification:_identify(agribot-dashboard/app) by extension 'python'
[0.195s] Level 1:colcon.colcon_core.package_identification:_identify(agribot-dashboard/app) by extensions ['python_setup_py']
[0.195s] Level 1:colcon.colcon_core.package_identification:_identify(agribot-dashboard/app) by extension 'python_setup_py'
[0.195s] Level 1:colcon.colcon_core.package_identification:_identify(agribot-dashboard/public) by extensions ['ignore', 'ignore_ament_install']
[0.195s] Level 1:colcon.colcon_core.package_identification:_identify(agribot-dashboard/public) by extension 'ignore'
[0.195s] Level 1:colcon.colcon_core.package_identification:_identify(agribot-dashboard/public) by extension 'ignore_ament_install'
[0.195s] Level 1:colcon.colcon_core.package_identification:_identify(agribot-dashboard/public) by extensions ['colcon_pkg']
[0.195s] Level 1:colcon.colcon_core.package_identification:_identify(agribot-dashboard/public) by extension 'colcon_pkg'
[0.195s] Level 1:colcon.colcon_core.package_identification:_identify(agribot-dashboard/public) by extensions ['colcon_meta']
[0.195s] Level 1:colcon.colcon_core.package_identification:_identify(agribot-dashboard/public) by extension 'colcon_meta'
[0.196s] Level 1:colcon.colcon_core.package_identification:_identify(agribot-dashboard/public) by extensions ['ros']
[0.196s] Level 1:colcon.colcon_core.package_identification:_identify(agribot-dashboard/public) by extension 'ros'
[0.196s] Level 1:colcon.colcon_core.package_identification:_identify(agribot-dashboard/public) by extensions ['cmake', 'python']
[0.196s] Level 1:colcon.colcon_core.package_identification:_identify(agribot-dashboard/public) by extension 'cmake'
[0.196s] Level 1:colcon.colcon_core.package_identification:_identify(agribot-dashboard/public) by extension 'python'
[0.196s] Level 1:colcon.colcon_core.package_identification:_identify(agribot-dashboard/public) by extensions ['python_setup_py']
[0.196s] Level 1:colcon.colcon_core.package_identification:_identify(agribot-dashboard/public) by extension 'python_setup_py'
[0.196s] Level 1:colcon.colcon_core.package_identification:_identify(build) by extensions ['ignore', 'ignore_ament_install']
[0.196s] Level 1:colcon.colcon_core.package_identification:_identify(build) by extension 'ignore'
[0.196s] Level 1:colcon.colcon_core.package_identification:_identify(build) ignored
[0.196s] Level 1:colcon.colcon_core.package_identification:_identify(cab_model) by extensions ['ignore', 'ignore_ament_install']
[0.196s] Level 1:colcon.colcon_core.package_identification:_identify(cab_model) by extension 'ignore'
[0.196s] Level 1:colcon.colcon_core.package_identification:_identify(cab_model) by extension 'ignore_ament_install'
[0.196s] Level 1:colcon.colcon_core.package_identification:_identify(cab_model) by extensions ['colcon_pkg']
[0.196s] Level 1:colcon.colcon_core.package_identification:_identify(cab_model) by extension 'colcon_pkg'
[0.196s] Level 1:colcon.colcon_core.package_identification:_identify(cab_model) by extensions ['colcon_meta']
[0.196s] Level 1:colcon.colcon_core.package_identification:_identify(cab_model) by extension 'colcon_meta'
[0.196s] Level 1:colcon.colcon_core.package_identification:_identify(cab_model) by extensions ['ros']
[0.196s] Level 1:colcon.colcon_core.package_identification:_identify(cab_model) by extension 'ros'
[0.196s] Level 1:colcon.colcon_core.package_identification:_identify(cab_model) by extensions ['cmake', 'python']
[0.196s] Level 1:colcon.colcon_core.package_identification:_identify(cab_model) by extension 'cmake'
[0.196s] Level 1:colcon.colcon_core.package_identification:_identify(cab_model) by extension 'python'
[0.196s] Level 1:colcon.colcon_core.package_identification:_identify(cab_model) by extensions ['python_setup_py']
[0.196s] Level 1:colcon.colcon_core.package_identification:_identify(cab_model) by extension 'python_setup_py'
[0.196s] Level 1:colcon.colcon_core.package_identification:_identify(cab_model/__pycache__) by extensions ['ignore', 'ignore_ament_install']
[0.196s] Level 1:colcon.colcon_core.package_identification:_identify(cab_model/__pycache__) by extension 'ignore'
[0.196s] Level 1:colcon.colcon_core.package_identification:_identify(cab_model/__pycache__) by extension 'ignore_ament_install'
[0.196s] Level 1:colcon.colcon_core.package_identification:_identify(cab_model/__pycache__) by extensions ['colcon_pkg']
[0.196s] Level 1:colcon.colcon_core.package_identification:_identify(cab_model/__pycache__) by extension 'colcon_pkg'
[0.196s] Level 1:colcon.colcon_core.package_identification:_identify(cab_model/__pycache__) by extensions ['colcon_meta']
[0.196s] Level 1:colcon.colcon_core.package_identification:_identify(cab_model/__pycache__) by extension 'colcon_meta'
[0.196s] Level 1:colcon.colcon_core.package_identification:_identify(cab_model/__pycache__) by extensions ['ros']
[0.196s] Level 1:colcon.colcon_core.package_identification:_identify(cab_model/__pycache__) by extension 'ros'
[0.197s] Level 1:colcon.colcon_core.package_identification:_identify(cab_model/__pycache__) by extensions ['cmake', 'python']
[0.197s] Level 1:colcon.colcon_core.package_identification:_identify(cab_model/__pycache__) by extension 'cmake'
[0.197s] Level 1:colcon.colcon_core.package_identification:_identify(cab_model/__pycache__) by extension 'python'
[0.197s] Level 1:colcon.colcon_core.package_identification:_identify(cab_model/__pycache__) by extensions ['python_setup_py']
[0.197s] Level 1:colcon.colcon_core.package_identification:_identify(cab_model/__pycache__) by extension 'python_setup_py'
[0.197s] Level 1:colcon.colcon_core.package_identification:_identify(entering_model) by extensions ['ignore', 'ignore_ament_install']
[0.197s] Level 1:colcon.colcon_core.package_identification:_identify(entering_model) by extension 'ignore'
[0.197s] Level 1:colcon.colcon_core.package_identification:_identify(entering_model) by extension 'ignore_ament_install'
[0.197s] Level 1:colcon.colcon_core.package_identification:_identify(entering_model) by extensions ['colcon_pkg']
[0.197s] Level 1:colcon.colcon_core.package_identification:_identify(entering_model) by extension 'colcon_pkg'
[0.197s] Level 1:colcon.colcon_core.package_identification:_identify(entering_model) by extensions ['colcon_meta']
[0.197s] Level 1:colcon.colcon_core.package_identification:_identify(entering_model) by extension 'colcon_meta'
[0.197s] Level 1:colcon.colcon_core.package_identification:_identify(entering_model) by extensions ['ros']
[0.197s] Level 1:colcon.colcon_core.package_identification:_identify(entering_model) by extension 'ros'
[0.197s] Level 1:colcon.colcon_core.package_identification:_identify(entering_model) by extensions ['cmake', 'python']
[0.197s] Level 1:colcon.colcon_core.package_identification:_identify(entering_model) by extension 'cmake'
[0.197s] Level 1:colcon.colcon_core.package_identification:_identify(entering_model) by extension 'python'
[0.197s] Level 1:colcon.colcon_core.package_identification:_identify(entering_model) by extensions ['python_setup_py']
[0.197s] Level 1:colcon.colcon_core.package_identification:_identify(entering_model) by extension 'python_setup_py'
[0.197s] Level 1:colcon.colcon_core.package_identification:_identify(entering_model/__pycache__) by extensions ['ignore', 'ignore_ament_install']
[0.197s] Level 1:colcon.colcon_core.package_identification:_identify(entering_model/__pycache__) by extension 'ignore'
[0.197s] Level 1:colcon.colcon_core.package_identification:_identify(entering_model/__pycache__) by extension 'ignore_ament_install'
[0.197s] Level 1:colcon.colcon_core.package_identification:_identify(entering_model/__pycache__) by extensions ['colcon_pkg']
[0.197s] Level 1:colcon.colcon_core.package_identification:_identify(entering_model/__pycache__) by extension 'colcon_pkg'
[0.197s] Level 1:colcon.colcon_core.package_identification:_identify(entering_model/__pycache__) by extensions ['colcon_meta']
[0.197s] Level 1:colcon.colcon_core.package_identification:_identify(entering_model/__pycache__) by extension 'colcon_meta'
[0.197s] Level 1:colcon.colcon_core.package_identification:_identify(entering_model/__pycache__) by extensions ['ros']
[0.197s] Level 1:colcon.colcon_core.package_identification:_identify(entering_model/__pycache__) by extension 'ros'
[0.197s] Level 1:colcon.colcon_core.package_identification:_identify(entering_model/__pycache__) by extensions ['cmake', 'python']
[0.197s] Level 1:colcon.colcon_core.package_identification:_identify(entering_model/__pycache__) by extension 'cmake'
[0.197s] Level 1:colcon.colcon_core.package_identification:_identify(entering_model/__pycache__) by extension 'python'
[0.197s] Level 1:colcon.colcon_core.package_identification:_identify(entering_model/__pycache__) by extensions ['python_setup_py']
[0.197s] Level 1:colcon.colcon_core.package_identification:_identify(entering_model/__pycache__) by extension 'python_setup_py'
[0.197s] Level 1:colcon.colcon_core.package_identification:_identify(esp32_firmware) by extensions ['ignore', 'ignore_ament_install']
[0.198s] Level 1:colcon.colcon_core.package_identification:_identify(esp32_firmware) by extension 'ignore'
[0.198s] Level 1:colcon.colcon_core.package_identification:_identify(esp32_firmware) by extension 'ignore_ament_install'
[0.198s] Level 1:colcon.colcon_core.package_identification:_identify(esp32_firmware) by extensions ['colcon_pkg']
[0.198s] Level 1:colcon.colcon_core.package_identification:_identify(esp32_firmware) by extension 'colcon_pkg'
[0.198s] Level 1:colcon.colcon_core.package_identification:_identify(esp32_firmware) by extensions ['colcon_meta']
[0.198s] Level 1:colcon.colcon_core.package_identification:_identify(esp32_firmware) by extension 'colcon_meta'
[0.198s] Level 1:colcon.colcon_core.package_identification:_identify(esp32_firmware) by extensions ['ros']
[0.198s] Level 1:colcon.colcon_core.package_identification:_identify(esp32_firmware) by extension 'ros'
[0.198s] Level 1:colcon.colcon_core.package_identification:_identify(esp32_firmware) by extensions ['cmake', 'python']
[0.198s] Level 1:colcon.colcon_core.package_identification:_identify(esp32_firmware) by extension 'cmake'
[0.198s] Level 1:colcon.colcon_core.package_identification:_identify(esp32_firmware) by extension 'python'
[0.198s] Level 1:colcon.colcon_core.package_identification:_identify(esp32_firmware) by extensions ['python_setup_py']
[0.198s] Level 1:colcon.colcon_core.package_identification:_identify(esp32_firmware) by extension 'python_setup_py'
[0.198s] Level 1:colcon.colcon_core.package_identification:_identify(esp32_firmware/config) by extensions ['ignore', 'ignore_ament_install']
[0.198s] Level 1:colcon.colcon_core.package_identification:_identify(esp32_firmware/config) by extension 'ignore'
[0.198s] Level 1:colcon.colcon_core.package_identification:_identify(esp32_firmware/config) by extension 'ignore_ament_install'
[0.198s] Level 1:colcon.colcon_core.package_identification:_identify(esp32_firmware/config) by extensions ['colcon_pkg']
[0.198s] Level 1:colcon.colcon_core.package_identification:_identify(esp32_firmware/config) by extension 'colcon_pkg'
[0.198s] Level 1:colcon.colcon_core.package_identification:_identify(esp32_firmware/config) by extensions ['colcon_meta']
[0.198s] Level 1:colcon.colcon_core.package_identification:_identify(esp32_firmware/config) by extension 'colcon_meta'
[0.198s] Level 1:colcon.colcon_core.package_identification:_identify(esp32_firmware/config) by extensions ['ros']
[0.198s] Level 1:colcon.colcon_core.package_identification:_identify(esp32_firmware/config) by extension 'ros'
[0.198s] Level 1:colcon.colcon_core.package_identification:_identify(esp32_firmware/config) by extensions ['cmake', 'python']
[0.198s] Level 1:colcon.colcon_core.package_identification:_identify(esp32_firmware/config) by extension 'cmake'
[0.198s] Level 1:colcon.colcon_core.package_identification:_identify(esp32_firmware/config) by extension 'python'
[0.198s] Level 1:colcon.colcon_core.package_identification:_identify(esp32_firmware/config) by extensions ['python_setup_py']
[0.198s] Level 1:colcon.colcon_core.package_identification:_identify(esp32_firmware/config) by extension 'python_setup_py'
[0.198s] Level 1:colcon.colcon_core.package_identification:_identify(esp32_firmware/src) by extensions ['ignore', 'ignore_ament_install']
[0.198s] Level 1:colcon.colcon_core.package_identification:_identify(esp32_firmware/src) by extension 'ignore'
[0.198s] Level 1:colcon.colcon_core.package_identification:_identify(esp32_firmware/src) by extension 'ignore_ament_install'
[0.198s] Level 1:colcon.colcon_core.package_identification:_identify(esp32_firmware/src) by extensions ['colcon_pkg']
[0.198s] Level 1:colcon.colcon_core.package_identification:_identify(esp32_firmware/src) by extension 'colcon_pkg'
[0.198s] Level 1:colcon.colcon_core.package_identification:_identify(esp32_firmware/src) by extensions ['colcon_meta']
[0.198s] Level 1:colcon.colcon_core.package_identification:_identify(esp32_firmware/src) by extension 'colcon_meta'
[0.198s] Level 1:colcon.colcon_core.package_identification:_identify(esp32_firmware/src) by extensions ['ros']
[0.198s] Level 1:colcon.colcon_core.package_identification:_identify(esp32_firmware/src) by extension 'ros'
[0.198s] Level 1:colcon.colcon_core.package_identification:_identify(esp32_firmware/src) by extensions ['cmake', 'python']
[0.199s] Level 1:colcon.colcon_core.package_identification:_identify(esp32_firmware/src) by extension 'cmake'
[0.199s] Level 1:colcon.colcon_core.package_identification:_identify(esp32_firmware/src) by extension 'python'
[0.199s] Level 1:colcon.colcon_core.package_identification:_identify(esp32_firmware/src) by extensions ['python_setup_py']
[0.199s] Level 1:colcon.colcon_core.package_identification:_identify(esp32_firmware/src) by extension 'python_setup_py'
[0.199s] Level 1:colcon.colcon_core.package_identification:_identify(esp32_firmware/test) by extensions ['ignore', 'ignore_ament_install']
[0.199s] Level 1:colcon.colcon_core.package_identification:_identify(esp32_firmware/test) by extension 'ignore'
[0.199s] Level 1:colcon.colcon_core.package_identification:_identify(esp32_firmware/test) by extension 'ignore_ament_install'
[0.199s] Level 1:colcon.colcon_core.package_identification:_identify(esp32_firmware/test) by extensions ['colcon_pkg']
[0.199s] Level 1:colcon.colcon_core.package_identification:_identify(esp32_firmware/test) by extension 'colcon_pkg'
[0.199s] Level 1:colcon.colcon_core.package_identification:_identify(esp32_firmware/test) by extensions ['colcon_meta']
[0.199s] Level 1:colcon.colcon_core.package_identification:_identify(esp32_firmware/test) by extension 'colcon_meta'
[0.199s] Level 1:colcon.colcon_core.package_identification:_identify(esp32_firmware/test) by extensions ['ros']
[0.199s] Level 1:colcon.colcon_core.package_identification:_identify(esp32_firmware/test) by extension 'ros'
[0.199s] Level 1:colcon.colcon_core.package_identification:_identify(esp32_firmware/test) by extensions ['cmake', 'python']
[0.199s] Level 1:colcon.colcon_core.package_identification:_identify(esp32_firmware/test) by extension 'cmake'
[0.199s] Level 1:colcon.colcon_core.package_identification:_identify(esp32_firmware/test) by extension 'python'
[0.199s] Level 1:colcon.colcon_core.package_identification:_identify(esp32_firmware/test) by extensions ['python_setup_py']
[0.199s] Level 1:colcon.colcon_core.package_identification:_identify(esp32_firmware/test) by extension 'python_setup_py'
[0.199s] Level 1:colcon.colcon_core.package_identification:_identify(install) by extensions ['ignore', 'ignore_ament_install']
[0.199s] Level 1:colcon.colcon_core.package_identification:_identify(install) by extension 'ignore'
[0.199s] Level 1:colcon.colcon_core.package_identification:_identify(install) ignored
[0.199s] Level 1:colcon.colcon_core.package_identification:_identify(log) by extensions ['ignore', 'ignore_ament_install']
[0.199s] Level 1:colcon.colcon_core.package_identification:_identify(log) by extension 'ignore'
[0.199s] Level 1:colcon.colcon_core.package_identification:_identify(log) ignored
[0.199s] Level 1:colcon.colcon_core.package_identification:_identify(ros2_ws) by extensions ['ignore', 'ignore_ament_install']
[0.199s] Level 1:colcon.colcon_core.package_identification:_identify(ros2_ws) by extension 'ignore'
[0.199s] Level 1:colcon.colcon_core.package_identification:_identify(ros2_ws) by extension 'ignore_ament_install'
[0.199s] Level 1:colcon.colcon_core.package_identification:_identify(ros2_ws) by extensions ['colcon_pkg']
[0.199s] Level 1:colcon.colcon_core.package_identification:_identify(ros2_ws) by extension 'colcon_pkg'
[0.199s] Level 1:colcon.colcon_core.package_identification:_identify(ros2_ws) by extensions ['colcon_meta']
[0.199s] Level 1:colcon.colcon_core.package_identification:_identify(ros2_ws) by extension 'colcon_meta'
[0.199s] Level 1:colcon.colcon_core.package_identification:_identify(ros2_ws) by extensions ['ros']
[0.199s] Level 1:colcon.colcon_core.package_identification:_identify(ros2_ws) by extension 'ros'
[0.200s] Level 1:colcon.colcon_core.package_identification:_identify(ros2_ws) by extensions ['cmake', 'python']
[0.200s] Level 1:colcon.colcon_core.package_identification:_identify(ros2_ws) by extension 'cmake'
[0.200s] Level 1:colcon.colcon_core.package_identification:_identify(ros2_ws) by extension 'python'
[0.200s] Level 1:colcon.colcon_core.package_identification:_identify(ros2_ws) by extensions ['python_setup_py']
[0.200s] Level 1:colcon.colcon_core.package_identification:_identify(ros2_ws) by extension 'python_setup_py'
[0.200s] Level 1:colcon.colcon_core.package_identification:_identify(ros2_ws/build) by extensions ['ignore', 'ignore_ament_install']
[0.200s] Level 1:colcon.colcon_core.package_identification:_identify(ros2_ws/build) by extension 'ignore'
[0.200s] Level 1:colcon.colcon_core.package_identification:_identify(ros2_ws/build) ignored
[0.200s] Level 1:colcon.colcon_core.package_identification:_identify(ros2_ws/install) by extensions ['ignore', 'ignore_ament_install']
[0.200s] Level 1:colcon.colcon_core.package_identification:_identify(ros2_ws/install) by extension 'ignore'
[0.200s] Level 1:colcon.colcon_core.package_identification:_identify(ros2_ws/install) ignored
[0.200s] Level 1:colcon.colcon_core.package_identification:_identify(ros2_ws/log) by extensions ['ignore', 'ignore_ament_install']
[0.200s] Level 1:colcon.colcon_core.package_identification:_identify(ros2_ws/log) by extension 'ignore'
[0.200s] Level 1:colcon.colcon_core.package_identification:_identify(ros2_ws/log) ignored
[0.200s] Level 1:colcon.colcon_core.package_identification:_identify(ros2_ws/src) by extensions ['ignore', 'ignore_ament_install']
[0.200s] Level 1:colcon.colcon_core.package_identification:_identify(ros2_ws/src) by extension 'ignore'
[0.200s] Level 1:colcon.colcon_core.package_identification:_identify(ros2_ws/src) by extension 'ignore_ament_install'
[0.200s] Level 1:colcon.colcon_core.package_identification:_identify(ros2_ws/src) by extensions ['colcon_pkg']
[0.200s] Level 1:colcon.colcon_core.package_identification:_identify(ros2_ws/src) by extension 'colcon_pkg'
[0.200s] Level 1:colcon.colcon_core.package_identification:_identify(ros2_ws/src) by extensions ['colcon_meta']
[0.200s] Level 1:colcon.colcon_core.package_identification:_identify(ros2_ws/src) by extension 'colcon_meta'
[0.200s] Level 1:colcon.colcon_core.package_identification:_identify(ros2_ws/src) by extensions ['ros']
[0.200s] Level 1:colcon.colcon_core.package_identification:_identify(ros2_ws/src) by extension 'ros'
[0.200s] Level 1:colcon.colcon_core.package_identification:_identify(ros2_ws/src) by extensions ['cmake', 'python']
[0.200s] Level 1:colcon.colcon_core.package_identification:_identify(ros2_ws/src) by extension 'cmake'
[0.200s] Level 1:colcon.colcon_core.package_identification:_identify(ros2_ws/src) by extension 'python'
[0.200s] Level 1:colcon.colcon_core.package_identification:_identify(ros2_ws/src) by extensions ['python_setup_py']
[0.200s] Level 1:colcon.colcon_core.package_identification:_identify(ros2_ws/src) by extension 'python_setup_py'
[0.200s] Level 1:colcon.colcon_core.package_identification:_identify(ros2_ws/src/robot_bringup) by extensions ['ignore', 'ignore_ament_install']
[0.200s] Level 1:colcon.colcon_core.package_identification:_identify(ros2_ws/src/robot_bringup) by extension 'ignore'
[0.201s] Level 1:colcon.colcon_core.package_identification:_identify(ros2_ws/src/robot_bringup) by extension 'ignore_ament_install'
[0.201s] Level 1:colcon.colcon_core.package_identification:_identify(ros2_ws/src/robot_bringup) by extensions ['colcon_pkg']
[0.201s] Level 1:colcon.colcon_core.package_identification:_identify(ros2_ws/src/robot_bringup) by extension 'colcon_pkg'
[0.201s] Level 1:colcon.colcon_core.package_identification:_identify(ros2_ws/src/robot_bringup) by extensions ['colcon_meta']
[0.201s] Level 1:colcon.colcon_core.package_identification:_identify(ros2_ws/src/robot_bringup) by extension 'colcon_meta'
[0.201s] Level 1:colcon.colcon_core.package_identification:_identify(ros2_ws/src/robot_bringup) by extensions ['ros']
[0.201s] Level 1:colcon.colcon_core.package_identification:_identify(ros2_ws/src/robot_bringup) by extension 'ros'
[0.202s] DEBUG:colcon.colcon_core.package_identification:Package 'ros2_ws/src/robot_bringup' with type 'ros.ament_python' and name 'robot_bringup'
[0.202s] Level 1:colcon.colcon_core.package_identification:_identify(ros2_ws/src/robot_core) by extensions ['ignore', 'ignore_ament_install']
[0.202s] Level 1:colcon.colcon_core.package_identification:_identify(ros2_ws/src/robot_core) by extension 'ignore'
[0.202s] Level 1:colcon.colcon_core.package_identification:_identify(ros2_ws/src/robot_core) by extension 'ignore_ament_install'
[0.202s] Level 1:colcon.colcon_core.package_identification:_identify(ros2_ws/src/robot_core) by extensions ['colcon_pkg']
[0.202s] Level 1:colcon.colcon_core.package_identification:_identify(ros2_ws/src/robot_core) by extension 'colcon_pkg'
[0.202s] Level 1:colcon.colcon_core.package_identification:_identify(ros2_ws/src/robot_core) by extensions ['colcon_meta']
[0.202s] Level 1:colcon.colcon_core.package_identification:_identify(ros2_ws/src/robot_core) by extension 'colcon_meta'
[0.202s] Level 1:colcon.colcon_core.package_identification:_identify(ros2_ws/src/robot_core) by extensions ['ros']
[0.202s] Level 1:colcon.colcon_core.package_identification:_identify(ros2_ws/src/robot_core) by extension 'ros'
[0.203s] DEBUG:colcon.colcon_core.package_identification:Package 'ros2_ws/src/robot_core' with type 'ros.ament_python' and name 'robot_core'
[0.203s] Level 1:colcon.colcon_core.package_identification:_identify(ros2_ws/src/robot_dashboard) by extensions ['ignore', 'ignore_ament_install']
[0.203s] Level 1:colcon.colcon_core.package_identification:_identify(ros2_ws/src/robot_dashboard) by extension 'ignore'
[0.203s] Level 1:colcon.colcon_core.package_identification:_identify(ros2_ws/src/robot_dashboard) by extension 'ignore_ament_install'
[0.203s] Level 1:colcon.colcon_core.package_identification:_identify(ros2_ws/src/robot_dashboard) by extensions ['colcon_pkg']
[0.203s] Level 1:colcon.colcon_core.package_identification:_identify(ros2_ws/src/robot_dashboard) by extension 'colcon_pkg'
[0.203s] Level 1:colcon.colcon_core.package_identification:_identify(ros2_ws/src/robot_dashboard) by extensions ['colcon_meta']
[0.203s] Level 1:colcon.colcon_core.package_identification:_identify(ros2_ws/src/robot_dashboard) by extension 'colcon_meta'
[0.203s] Level 1:colcon.colcon_core.package_identification:_identify(ros2_ws/src/robot_dashboard) by extensions ['ros']
[0.203s] Level 1:colcon.colcon_core.package_identification:_identify(ros2_ws/src/robot_dashboard) by extension 'ros'
[0.204s] DEBUG:colcon.colcon_core.package_identification:Package 'ros2_ws/src/robot_dashboard' with type 'ros.ament_python' and name 'robot_dashboard'
[0.204s] Level 1:colcon.colcon_core.package_identification:_identify(ros2_ws/src/robot_vision) by extensions ['ignore', 'ignore_ament_install']
[0.204s] Level 1:colcon.colcon_core.package_identification:_identify(ros2_ws/src/robot_vision) by extension 'ignore'
[0.204s] Level 1:colcon.colcon_core.package_identification:_identify(ros2_ws/src/robot_vision) by extension 'ignore_ament_install'
[0.204s] Level 1:colcon.colcon_core.package_identification:_identify(ros2_ws/src/robot_vision) by extensions ['colcon_pkg']
[0.204s] Level 1:colcon.colcon_core.package_identification:_identify(ros2_ws/src/robot_vision) by extension 'colcon_pkg'
[0.204s] Level 1:colcon.colcon_core.package_identification:_identify(ros2_ws/src/robot_vision) by extensions ['colcon_meta']
[0.204s] Level 1:colcon.colcon_core.package_identification:_identify(ros2_ws/src/robot_vision) by extension 'colcon_meta'
[0.204s] Level 1:colcon.colcon_core.package_identification:_identify(ros2_ws/src/robot_vision) by extensions ['ros']
[0.204s] Level 1:colcon.colcon_core.package_identification:_identify(ros2_ws/src/robot_vision) by extension 'ros'
[0.204s] DEBUG:colcon.colcon_core.package_identification:Package 'ros2_ws/src/robot_vision' with type 'ros.ament_python' and name 'robot_vision'
[0.204s] Level 1:colcon.colcon_core.package_discovery:discover_packages(recursive) using defaults
[0.204s] Level 1:colcon.colcon_core.package_discovery:discover_packages(ignore) discover
[0.204s] Level 1:colcon.colcon_core.package_discovery:discover_packages(ignore) using defaults
[0.204s] Level 1:colcon.colcon_core.package_discovery:discover_packages(path) discover
[0.204s] Level 1:colcon.colcon_core.package_discovery:discover_packages(path) using defaults
[0.218s] Level 1:colcon.colcon_core.package_discovery:discover_packages(prefix_path) check parameters
[0.218s] Level 1:colcon.colcon_core.package_discovery:discover_packages(prefix_path) discover
[0.220s] DEBUG:colcon.colcon_installed_package_information.package_discovery:Found 5 installed packages in /home/jorjeen/660610834_final/install
[0.220s] DEBUG:colcon.colcon_installed_package_information.package_discovery:Found 2 installed packages in /home/jorjeen/660610834_final/src/install
[0.221s] DEBUG:colcon.colcon_installed_package_information.package_discovery:Found 33 installed packages in /home/jorjeen/ros2_ws/install
[0.222s] DEBUG:colcon.colcon_installed_package_information.package_discovery:Found 12 installed packages in /home/jorjeen/turtlebot3_ws/install
[0.223s] DEBUG:colcon.colcon_installed_package_information.package_discovery:Found 353 installed packages in /opt/ros/jazzy
[0.225s] Level 1:colcon.colcon_core.package_discovery:discover_packages(prefix_path) using defaults
[0.254s] Level 5:colcon.colcon_core.verb:set package 'robot_bringup' build argument 'cmake_args' from command line to 'None'
[0.254s] Level 5:colcon.colcon_core.verb:set package 'robot_bringup' build argument 'cmake_target' from command line to 'None'
[0.254s] Level 5:colcon.colcon_core.verb:set package 'robot_bringup' build argument 'cmake_target_skip_unavailable' from command line to 'False'
[0.254s] Level 5:colcon.colcon_core.verb:set package 'robot_bringup' build argument 'cmake_clean_cache' from command line to 'False'
[0.254s] Level 5:colcon.colcon_core.verb:set package 'robot_bringup' build argument 'cmake_clean_first' from command line to 'False'
[0.254s] Level 5:colcon.colcon_core.verb:set package 'robot_bringup' build argument 'cmake_force_configure' from command line to 'False'
[0.254s] Level 5:colcon.colcon_core.verb:set package 'robot_bringup' build argument 'ament_cmake_args' from command line to 'None'
[0.254s] Level 5:colcon.colcon_core.verb:set package 'robot_bringup' build argument 'catkin_cmake_args' from command line to 'None'
[0.254s] Level 5:colcon.colcon_core.verb:set package 'robot_bringup' build argument 'catkin_skip_building_tests' from command line to 'False'
[0.254s] DEBUG:colcon.colcon_core.verb:Building package 'robot_bringup' with the following arguments: {'ament_cmake_args': None, 'build_base': '/home/jorjeen/plant/cabbage_project/build/robot_bringup', 'catkin_cmake_args': None, 'catkin_skip_building_tests': False, 'cmake_args': None, 'cmake_clean_cache': False, 'cmake_clean_first': False, 'cmake_force_configure': False, 'cmake_target': None, 'cmake_target_skip_unavailable': False, 'install_base': '/home/jorjeen/plant/cabbage_project/install/robot_bringup', 'merge_install': False, 'path': '/home/jorjeen/plant/cabbage_project/ros2_ws/src/robot_bringup', 'symlink_install': False, 'test_result_base': None}
[0.254s] Level 5:colcon.colcon_core.verb:set package 'robot_core' build argument 'cmake_args' from command line to 'None'
[0.254s] Level 5:colcon.colcon_core.verb:set package 'robot_core' build argument 'cmake_target' from command line to 'None'
[0.254s] Level 5:colcon.colcon_core.verb:set package 'robot_core' build argument 'cmake_target_skip_unavailable' from command line to 'False'
[0.254s] Level 5:colcon.colcon_core.verb:set package 'robot_core' build argument 'cmake_clean_cache' from command line to 'False'
[0.254s] Level 5:colcon.colcon_core.verb:set package 'robot_core' build argument 'cmake_clean_first' from command line to 'False'
[0.254s] Level 5:colcon.colcon_core.verb:set package 'robot_core' build argument 'cmake_force_configure' from command line to 'False'
[0.254s] Level 5:colcon.colcon_core.verb:set package 'robot_core' build argument 'ament_cmake_args' from command line to 'None'
[0.254s] Level 5:colcon.colcon_core.verb:set package 'robot_core' build argument 'catkin_cmake_args' from command line to 'None'
[0.254s] Level 5:colcon.colcon_core.verb:set package 'robot_core' build argument 'catkin_skip_building_tests' from command line to 'False'
[0.254s] DEBUG:colcon.colcon_core.verb:Building package 'robot_core' with the following arguments: {'ament_cmake_args': None, 'build_base': '/home/jorjeen/plant/cabbage_project/build/robot_core', 'catkin_cmake_args': None, 'catkin_skip_building_tests': False, 'cmake_args': None, 'cmake_clean_cache': False, 'cmake_clean_first': False, 'cmake_force_configure': False, 'cmake_target': None, 'cmake_target_skip_unavailable': False, 'install_base': '/home/jorjeen/plant/cabbage_project/install/robot_core', 'merge_install': False, 'path': '/home/jorjeen/plant/cabbage_project/ros2_ws/src/robot_core', 'symlink_install': False, 'test_result_base': None}
[0.254s] Level 5:colcon.colcon_core.verb:set package 'robot_dashboard' build argument 'cmake_args' from command line to 'None'
[0.254s] Level 5:colcon.colcon_core.verb:set package 'robot_dashboard' build argument 'cmake_target' from command line to 'None'
[0.254s] Level 5:colcon.colcon_core.verb:set package 'robot_dashboard' build argument 'cmake_target_skip_unavailable' from command line to 'False'
[0.254s] Level 5:colcon.colcon_core.verb:set package 'robot_dashboard' build argument 'cmake_clean_cache' from command line to 'False'
[0.254s] Level 5:colcon.colcon_core.verb:set package 'robot_dashboard' build argument 'cmake_clean_first' from command line to 'False'
[0.254s] Level 5:colcon.colcon_core.verb:set package 'robot_dashboard' build argument 'cmake_force_configure' from command line to 'False'
[0.254s] Level 5:colcon.colcon_core.verb:set package 'robot_dashboard' build argument 'ament_cmake_args' from command line to 'None'
[0.254s] Level 5:colcon.colcon_core.verb:set package 'robot_dashboard' build argument 'catkin_cmake_args' from command line to 'None'
[0.254s] Level 5:colcon.colcon_core.verb:set package 'robot_dashboard' build argument 'catkin_skip_building_tests' from command line to 'False'
[0.254s] DEBUG:colcon.colcon_core.verb:Building package 'robot_dashboard' with the following arguments: {'ament_cmake_args': None, 'build_base': '/home/jorjeen/plant/cabbage_project/build/robot_dashboard', 'catkin_cmake_args': None, 'catkin_skip_building_tests': False, 'cmake_args': None, 'cmake_clean_cache': False, 'cmake_clean_first': False, 'cmake_force_configure': False, 'cmake_target': None, 'cmake_target_skip_unavailable': False, 'install_base': '/home/jorjeen/plant/cabbage_project/install/robot_dashboard', 'merge_install': False, 'path': '/home/jorjeen/plant/cabbage_project/ros2_ws/src/robot_dashboard', 'symlink_install': False, 'test_result_base': None}
[0.255s] Level 5:colcon.colcon_core.verb:set package 'robot_vision' build argument 'cmake_args' from command line to 'None'
[0.255s] Level 5:colcon.colcon_core.verb:set package 'robot_vision' build argument 'cmake_target' from command line to 'None'
[0.255s] Level 5:colcon.colcon_core.verb:set package 'robot_vision' build argument 'cmake_target_skip_unavailable' from command line to 'False'
[0.255s] Level 5:colcon.colcon_core.verb:set package 'robot_vision' build argument 'cmake_clean_cache' from command line to 'False'
[0.255s] Level 5:colcon.colcon_core.verb:set package 'robot_vision' build argument 'cmake_clean_first' from command line to 'False'
[0.255s] Level 5:colcon.colcon_core.verb:set package 'robot_vision' build argument 'cmake_force_configure' from command line to 'False'
[0.255s] Level 5:colcon.colcon_core.verb:set package 'robot_vision' build argument 'ament_cmake_args' from command line to 'None'
[0.255s] Level 5:colcon.colcon_core.verb:set package 'robot_vision' build argument 'catkin_cmake_args' from command line to 'None'
[0.255s] Level 5:colcon.colcon_core.verb:set package 'robot_vision' build argument 'catkin_skip_building_tests' from command line to 'False'
[0.255s] DEBUG:colcon.colcon_core.verb:Building package 'robot_vision' with the following arguments: {'ament_cmake_args': None, 'build_base': '/home/jorjeen/plant/cabbage_project/build/robot_vision', 'catkin_cmake_args': None, 'catkin_skip_building_tests': False, 'cmake_args': None, 'cmake_clean_cache': False, 'cmake_clean_first': False, 'cmake_force_configure': False, 'cmake_target': None, 'cmake_target_skip_unavailable': False, 'install_base': '/home/jorjeen/plant/cabbage_project/install/robot_vision', 'merge_install': False, 'path': '/home/jorjeen/plant/cabbage_project/ros2_ws/src/robot_vision', 'symlink_install': False, 'test_result_base': None}
[0.255s] INFO:colcon.colcon_core.executor:Executing jobs using 'parallel' executor
[0.256s] DEBUG:colcon.colcon_parallel_executor.executor.parallel:run_until_complete
[0.256s] INFO:colcon.colcon_ros.task.ament_python.build:Building ROS package in '/home/jorjeen/plant/cabbage_project/ros2_ws/src/robot_bringup' with build type 'ament_python'
[0.256s] Level 1:colcon.colcon_core.shell:create_environment_hook('robot_bringup', 'ament_prefix_path')
[0.259s] INFO:colcon.colcon_core.plugin_system:Skipping extension 'colcon_core.shell.bat': Not used on non-Windows systems
[0.259s] INFO:colcon.colcon_core.shell:Creating environment hook '/home/jorjeen/plant/cabbage_project/install/robot_bringup/share/robot_bringup/hook/ament_prefix_path.ps1'
[0.260s] INFO:colcon.colcon_core.shell:Creating environment descriptor '/home/jorjeen/plant/cabbage_project/install/robot_bringup/share/robot_bringup/hook/ament_prefix_path.dsv'
[0.260s] INFO:colcon.colcon_core.shell:Creating environment hook '/home/jorjeen/plant/cabbage_project/install/robot_bringup/share/robot_bringup/hook/ament_prefix_path.sh'
[0.261s] INFO:colcon.colcon_core.shell:Skip shell extension 'powershell' for command environment: Not usable outside of PowerShell
[0.261s] DEBUG:colcon.colcon_core.shell:Skip shell extension 'dsv' for command environment
[0.267s] INFO:colcon.colcon_ros.task.ament_python.build:Building ROS package in '/home/jorjeen/plant/cabbage_project/ros2_ws/src/robot_core' with build type 'ament_python'
[0.267s] Level 1:colcon.colcon_core.shell:create_environment_hook('robot_core', 'ament_prefix_path')
[0.267s] INFO:colcon.colcon_core.shell:Creating environment hook '/home/jorjeen/plant/cabbage_project/install/robot_core/share/robot_core/hook/ament_prefix_path.ps1'
[0.268s] INFO:colcon.colcon_core.shell:Creating environment descriptor '/home/jorjeen/plant/cabbage_project/install/robot_core/share/robot_core/hook/ament_prefix_path.dsv'
[0.268s] INFO:colcon.colcon_core.shell:Creating environment hook '/home/jorjeen/plant/cabbage_project/install/robot_core/share/robot_core/hook/ament_prefix_path.sh'
[0.268s] INFO:colcon.colcon_core.shell:Skip shell extension 'powershell' for command environment: Not usable outside of PowerShell
[0.268s] DEBUG:colcon.colcon_core.shell:Skip shell extension 'dsv' for command environment
[0.274s] INFO:colcon.colcon_ros.task.ament_python.build:Building ROS package in '/home/jorjeen/plant/cabbage_project/ros2_ws/src/robot_dashboard' with build type 'ament_python'
[0.274s] Level 1:colcon.colcon_core.shell:create_environment_hook('robot_dashboard', 'ament_prefix_path')
[0.274s] INFO:colcon.colcon_core.shell:Creating environment hook '/home/jorjeen/plant/cabbage_project/install/robot_dashboard/share/robot_dashboard/hook/ament_prefix_path.ps1'
[0.286s] INFO:colcon.colcon_core.shell:Creating environment descriptor '/home/jorjeen/plant/cabbage_project/install/robot_dashboard/share/robot_dashboard/hook/ament_prefix_path.dsv'
[0.286s] INFO:colcon.colcon_core.shell:Creating environment hook '/home/jorjeen/plant/cabbage_project/install/robot_dashboard/share/robot_dashboard/hook/ament_prefix_path.sh'
[0.287s] INFO:colcon.colcon_core.shell:Skip shell extension 'powershell' for command environment: Not usable outside of PowerShell
[0.287s] DEBUG:colcon.colcon_core.shell:Skip shell extension 'dsv' for command environment
[0.296s] INFO:colcon.colcon_ros.task.ament_python.build:Building ROS package in '/home/jorjeen/plant/cabbage_project/ros2_ws/src/robot_vision' with build type 'ament_python'
[0.296s] Level 1:colcon.colcon_core.shell:create_environment_hook('robot_vision', 'ament_prefix_path')
[0.296s] INFO:colcon.colcon_core.shell:Creating environment hook '/home/jorjeen/plant/cabbage_project/install/robot_vision/share/robot_vision/hook/ament_prefix_path.ps1'
[0.297s] INFO:colcon.colcon_core.shell:Creating environment descriptor '/home/jorjeen/plant/cabbage_project/install/robot_vision/share/robot_vision/hook/ament_prefix_path.dsv'
[0.298s] INFO:colcon.colcon_core.shell:Creating environment hook '/home/jorjeen/plant/cabbage_project/install/robot_vision/share/robot_vision/hook/ament_prefix_path.sh'
[0.298s] INFO:colcon.colcon_core.shell:Skip shell extension 'powershell' for command environment: Not usable outside of PowerShell
[0.299s] DEBUG:colcon.colcon_core.shell:Skip shell extension 'dsv' for command environment
[0.543s] INFO:colcon.colcon_core.task.python.build:Building Python package in '/home/jorjeen/plant/cabbage_project/ros2_ws/src/robot_bringup'
[0.543s] INFO:colcon.colcon_core.shell:Skip shell extension 'powershell' for command environment: Not usable outside of PowerShell
[0.544s] DEBUG:colcon.colcon_core.shell:Skip shell extension 'dsv' for command environment
[0.786s] INFO:colcon.colcon_core.task.python.build:Building Python package in '/home/jorjeen/plant/cabbage_project/ros2_ws/src/robot_core'
[0.787s] INFO:colcon.colcon_core.shell:Skip shell extension 'powershell' for command environment: Not usable outside of PowerShell
[0.787s] DEBUG:colcon.colcon_core.shell:Skip shell extension 'dsv' for command environment
[1.028s] INFO:colcon.colcon_core.task.python.build:Building Python package in '/home/jorjeen/plant/cabbage_project/ros2_ws/src/robot_dashboard'
[1.028s] INFO:colcon.colcon_core.shell:Skip shell extension 'powershell' for command environment: Not usable outside of PowerShell
[1.028s] DEBUG:colcon.colcon_core.shell:Skip shell extension 'dsv' for command environment
[1.267s] INFO:colcon.colcon_core.task.python.build:Building Python package in '/home/jorjeen/plant/cabbage_project/ros2_ws/src/robot_vision'
[1.267s] INFO:colcon.colcon_core.shell:Skip shell extension 'powershell' for command environment: Not usable outside of PowerShell
[1.267s] DEBUG:colcon.colcon_core.shell:Skip shell extension 'dsv' for command environment
[1.894s] DEBUG:colcon.colcon_core.event_handler.log_command:Invoking command in '/home/jorjeen/plant/cabbage_project/ros2_ws/src/robot_bringup': DEBUGINFOD_URLS=https://debuginfod.ubuntu.com PYTHONPATH=/home/jorjeen/plant/cabbage_project/build/robot_bringup/prefix_override:/usr/lib/python3/dist-packages/colcon_core/task/python/colcon_distutils_commands:/home/jorjeen/plant/cabbage_project/install/robot_bringup/lib/python3.12/site-packages:${PYTHONPATH} /usr/bin/python3 -W ignore:setup.py install is deprecated -W ignore:easy_install command is deprecated setup.py egg_info --egg-base ../../../build/robot_bringup build --build-base /home/jorjeen/plant/cabbage_project/build/robot_bringup/build install --record /home/jorjeen/plant/cabbage_project/build/robot_bringup/install.log --single-version-externally-managed install_data
[1.899s] DEBUG:colcon.colcon_core.event_handler.log_command:Invoking command in '/home/jorjeen/plant/cabbage_project/ros2_ws/src/robot_vision': DEBUGINFOD_URLS=https://debuginfod.ubuntu.com PYTHONPATH=/home/jorjeen/plant/cabbage_project/build/robot_vision/prefix_override:/usr/lib/python3/dist-packages/colcon_core/task/python/colcon_distutils_commands:/home/jorjeen/plant/cabbage_project/install/robot_vision/lib/python3.12/site-packages:${PYTHONPATH} /usr/bin/python3 -W ignore:setup.py install is deprecated -W ignore:easy_install command is deprecated setup.py egg_info --egg-base ../../../build/robot_vision build --build-base /home/jorjeen/plant/cabbage_project/build/robot_vision/build install --record /home/jorjeen/plant/cabbage_project/build/robot_vision/install.log --single-version-externally-managed install_data
[1.900s] DEBUG:colcon.colcon_core.event_handler.log_command:Invoking command in '/home/jorjeen/plant/cabbage_project/ros2_ws/src/robot_core': DEBUGINFOD_URLS=https://debuginfod.ubuntu.com PYTHONPATH=/home/jorjeen/plant/cabbage_project/build/robot_core/prefix_override:/usr/lib/python3/dist-packages/colcon_core/task/python/colcon_distutils_commands:/home/jorjeen/plant/cabbage_project/install/robot_core/lib/python3.12/site-packages:${PYTHONPATH} /usr/bin/python3 -W ignore:setup.py install is deprecated -W ignore:easy_install command is deprecated setup.py egg_info --egg-base ../../../build/robot_core build --build-base /home/jorjeen/plant/cabbage_project/build/robot_core/build install --record /home/jorjeen/plant/cabbage_project/build/robot_core/install.log --single-version-externally-managed install_data
[1.903s] DEBUG:colcon.colcon_core.event_handler.log_command:Invoking command in '/home/jorjeen/plant/cabbage_project/ros2_ws/src/robot_dashboard': DEBUGINFOD_URLS=https://debuginfod.ubuntu.com PYTHONPATH=/home/jorjeen/plant/cabbage_project/build/robot_dashboard/prefix_override:/usr/lib/python3/dist-packages/colcon_core/task/python/colcon_distutils_commands:/home/jorjeen/plant/cabbage_project/install/robot_dashboard/lib/python3.12/site-packages:${PYTHONPATH} /usr/bin/python3 -W ignore:setup.py install is deprecated -W ignore:easy_install command is deprecated setup.py egg_info --egg-base ../../../build/robot_dashboard build --build-base /home/jorjeen/plant/cabbage_project/build/robot_dashboard/build install --record /home/jorjeen/plant/cabbage_project/build/robot_dashboard/install.log --single-version-externally-managed install_data
[2.466s] DEBUG:colcon.colcon_core.event_handler.log_command:Invoked command in '/home/jorjeen/plant/cabbage_project/ros2_ws/src/robot_vision' returned '0': DEBUGINFOD_URLS=https://debuginfod.ubuntu.com PYTHONPATH=/home/jorjeen/plant/cabbage_project/build/robot_vision/prefix_override:/usr/lib/python3/dist-packages/colcon_core/task/python/colcon_distutils_commands:/home/jorjeen/plant/cabbage_project/install/robot_vision/lib/python3.12/site-packages:${PYTHONPATH} /usr/bin/python3 -W ignore:setup.py install is deprecated -W ignore:easy_install command is deprecated setup.py egg_info --egg-base ../../../build/robot_vision build --build-base /home/jorjeen/plant/cabbage_project/build/robot_vision/build install --record /home/jorjeen/plant/cabbage_project/build/robot_vision/install.log --single-version-externally-managed install_data
[2.469s] Level 1:colcon.colcon_core.environment:checking '/home/jorjeen/plant/cabbage_project/install/robot_vision' for CMake module files
[2.469s] Level 1:colcon.colcon_core.environment:checking '/home/jorjeen/plant/cabbage_project/install/robot_vision' for CMake config files
[2.470s] Level 1:colcon.colcon_core.environment:checking '/home/jorjeen/plant/cabbage_project/install/robot_vision/lib'
[2.470s] Level 1:colcon.colcon_core.environment:checking '/home/jorjeen/plant/cabbage_project/install/robot_vision/bin'
[2.470s] Level 1:colcon.colcon_core.environment:checking '/home/jorjeen/plant/cabbage_project/install/robot_vision/lib/pkgconfig/robot_vision.pc'
[2.471s] Level 1:colcon.colcon_core.environment:checking '/home/jorjeen/plant/cabbage_project/install/robot_vision/lib/python3.12/site-packages'
[2.471s] Level 1:colcon.colcon_core.shell:create_environment_hook('robot_vision', 'pythonpath')
[2.471s] INFO:colcon.colcon_core.shell:Creating environment hook '/home/jorjeen/plant/cabbage_project/install/robot_vision/share/robot_vision/hook/pythonpath.ps1'
[2.471s] INFO:colcon.colcon_core.shell:Creating environment descriptor '/home/jorjeen/plant/cabbage_project/install/robot_vision/share/robot_vision/hook/pythonpath.dsv'
[2.472s] INFO:colcon.colcon_core.shell:Creating environment hook '/home/jorjeen/plant/cabbage_project/install/robot_vision/share/robot_vision/hook/pythonpath.sh'
[2.473s] Level 1:colcon.colcon_core.environment:checking '/home/jorjeen/plant/cabbage_project/install/robot_vision/bin'
[2.473s] Level 1:colcon.colcon_core.environment:create_environment_scripts_only(robot_vision)
[2.473s] INFO:colcon.colcon_core.shell:Creating package script '/home/jorjeen/plant/cabbage_project/install/robot_vision/share/robot_vision/package.ps1'
[2.474s] INFO:colcon.colcon_core.shell:Creating package descriptor '/home/jorjeen/plant/cabbage_project/install/robot_vision/share/robot_vision/package.dsv'
[2.475s] INFO:colcon.colcon_core.shell:Creating package script '/home/jorjeen/plant/cabbage_project/install/robot_vision/share/robot_vision/package.sh'
[2.475s] INFO:colcon.colcon_core.shell:Creating package script '/home/jorjeen/plant/cabbage_project/install/robot_vision/share/robot_vision/package.bash'
[2.476s] INFO:colcon.colcon_core.shell:Creating package script '/home/jorjeen/plant/cabbage_project/install/robot_vision/share/robot_vision/package.zsh'
[2.476s] Level 1:colcon.colcon_core.environment:create_file_with_runtime_dependencies(/home/jorjeen/plant/cabbage_project/install/robot_vision/share/colcon-core/packages/robot_vision)
[2.478s] Level 1:colcon.colcon_core.environment:checking '/home/jorjeen/plant/cabbage_project/install/robot_bringup' for CMake module files
[2.479s] Level 1:colcon.colcon_core.environment:checking '/home/jorjeen/plant/cabbage_project/install/robot_bringup' for CMake config files
[2.480s] DEBUG:colcon.colcon_core.event_handler.log_command:Invoked command in '/home/jorjeen/plant/cabbage_project/ros2_ws/src/robot_bringup' returned '0': DEBUGINFOD_URLS=https://debuginfod.ubuntu.com PYTHONPATH=/home/jorjeen/plant/cabbage_project/build/robot_bringup/prefix_override:/usr/lib/python3/dist-packages/colcon_core/task/python/colcon_distutils_commands:/home/jorjeen/plant/cabbage_project/install/robot_bringup/lib/python3.12/site-packages:${PYTHONPATH} /usr/bin/python3 -W ignore:setup.py install is deprecated -W ignore:easy_install command is deprecated setup.py egg_info --egg-base ../../../build/robot_bringup build --build-base /home/jorjeen/plant/cabbage_project/build/robot_bringup/build install --record /home/jorjeen/plant/cabbage_project/build/robot_bringup/install.log --single-version-externally-managed install_data
[2.481s] Level 1:colcon.colcon_core.environment:checking '/home/jorjeen/plant/cabbage_project/install/robot_bringup/lib'
[2.481s] Level 1:colcon.colcon_core.environment:checking '/home/jorjeen/plant/cabbage_project/install/robot_bringup/bin'
[2.481s] Level 1:colcon.colcon_core.environment:checking '/home/jorjeen/plant/cabbage_project/install/robot_bringup/lib/pkgconfig/robot_bringup.pc'
[2.481s] Level 1:colcon.colcon_core.environment:checking '/home/jorjeen/plant/cabbage_project/install/robot_bringup/lib/python3.12/site-packages'
[2.482s] Level 1:colcon.colcon_core.shell:create_environment_hook('robot_bringup', 'pythonpath')
[2.482s] INFO:colcon.colcon_core.shell:Creating environment hook '/home/jorjeen/plant/cabbage_project/install/robot_bringup/share/robot_bringup/hook/pythonpath.ps1'
[2.483s] INFO:colcon.colcon_core.shell:Creating environment descriptor '/home/jorjeen/plant/cabbage_project/install/robot_bringup/share/robot_bringup/hook/pythonpath.dsv'
[2.483s] INFO:colcon.colcon_core.shell:Creating environment hook '/home/jorjeen/plant/cabbage_project/install/robot_bringup/share/robot_bringup/hook/pythonpath.sh'
[2.484s] Level 1:colcon.colcon_core.environment:checking '/home/jorjeen/plant/cabbage_project/install/robot_bringup/bin'
[2.484s] Level 1:colcon.colcon_core.environment:create_environment_scripts_only(robot_bringup)
[2.484s] INFO:colcon.colcon_core.shell:Creating package script '/home/jorjeen/plant/cabbage_project/install/robot_bringup/share/robot_bringup/package.ps1'
[2.485s] INFO:colcon.colcon_core.shell:Creating package descriptor '/home/jorjeen/plant/cabbage_project/install/robot_bringup/share/robot_bringup/package.dsv'
[2.485s] INFO:colcon.colcon_core.shell:Creating package script '/home/jorjeen/plant/cabbage_project/install/robot_bringup/share/robot_bringup/package.sh'
[2.486s] INFO:colcon.colcon_core.shell:Creating package script '/home/jorjeen/plant/cabbage_project/install/robot_bringup/share/robot_bringup/package.bash'
[2.487s] INFO:colcon.colcon_core.shell:Creating package script '/home/jorjeen/plant/cabbage_project/install/robot_bringup/share/robot_bringup/package.zsh'
[2.487s] Level 1:colcon.colcon_core.environment:create_file_with_runtime_dependencies(/home/jorjeen/plant/cabbage_project/install/robot_bringup/share/colcon-core/packages/robot_bringup)
[2.489s] Level 1:colcon.colcon_core.environment:checking '/home/jorjeen/plant/cabbage_project/install/robot_core' for CMake module files
[2.490s] Level 1:colcon.colcon_core.environment:checking '/home/jorjeen/plant/cabbage_project/install/robot_core' for CMake config files
[2.491s] DEBUG:colcon.colcon_core.event_handler.log_command:Invoked command in '/home/jorjeen/plant/cabbage_project/ros2_ws/src/robot_core' returned '0': DEBUGINFOD_URLS=https://debuginfod.ubuntu.com PYTHONPATH=/home/jorjeen/plant/cabbage_project/build/robot_core/prefix_override:/usr/lib/python3/dist-packages/colcon_core/task/python/colcon_distutils_commands:/home/jorjeen/plant/cabbage_project/install/robot_core/lib/python3.12/site-packages:${PYTHONPATH} /usr/bin/python3 -W ignore:setup.py install is deprecated -W ignore:easy_install command is deprecated setup.py egg_info --egg-base ../../../build/robot_core build --build-base /home/jorjeen/plant/cabbage_project/build/robot_core/build install --record /home/jorjeen/plant/cabbage_project/build/robot_core/install.log --single-version-externally-managed install_data
[2.492s] Level 1:colcon.colcon_core.environment:checking '/home/jorjeen/plant/cabbage_project/install/robot_core/lib'
[2.492s] Level 1:colcon.colcon_core.environment:checking '/home/jorjeen/plant/cabbage_project/install/robot_core/bin'
[2.492s] Level 1:colcon.colcon_core.environment:checking '/home/jorjeen/plant/cabbage_project/install/robot_core/lib/pkgconfig/robot_core.pc'
[2.492s] Level 1:colcon.colcon_core.environment:checking '/home/jorjeen/plant/cabbage_project/install/robot_core/lib/python3.12/site-packages'
[2.493s] Level 1:colcon.colcon_core.shell:create_environment_hook('robot_core', 'pythonpath')
[2.493s] INFO:colcon.colcon_core.shell:Creating environment hook '/home/jorjeen/plant/cabbage_project/install/robot_core/share/robot_core/hook/pythonpath.ps1'
[2.494s] INFO:colcon.colcon_core.shell:Creating environment descriptor '/home/jorjeen/plant/cabbage_project/install/robot_core/share/robot_core/hook/pythonpath.dsv'
[2.495s] INFO:colcon.colcon_core.shell:Creating environment hook '/home/jorjeen/plant/cabbage_project/install/robot_core/share/robot_core/hook/pythonpath.sh'
[2.497s] Level 1:colcon.colcon_core.environment:checking '/home/jorjeen/plant/cabbage_project/install/robot_core/bin'
[2.497s] Level 1:colcon.colcon_core.environment:create_environment_scripts_only(robot_core)
[2.498s] INFO:colcon.colcon_core.shell:Creating package script '/home/jorjeen/plant/cabbage_project/install/robot_core/share/robot_core/package.ps1'
[2.499s] INFO:colcon.colcon_core.shell:Creating package descriptor '/home/jorjeen/plant/cabbage_project/install/robot_core/share/robot_core/package.dsv'
[2.499s] INFO:colcon.colcon_core.shell:Creating package script '/home/jorjeen/plant/cabbage_project/install/robot_core/share/robot_core/package.sh'
[2.500s] INFO:colcon.colcon_core.shell:Creating package script '/home/jorjeen/plant/cabbage_project/install/robot_core/share/robot_core/package.bash'
[2.500s] INFO:colcon.colcon_core.shell:Creating package script '/home/jorjeen/plant/cabbage_project/install/robot_core/share/robot_core/package.zsh'
[2.501s] Level 1:colcon.colcon_core.environment:create_file_with_runtime_dependencies(/home/jorjeen/plant/cabbage_project/install/robot_core/share/colcon-core/packages/robot_core)
[2.502s] Level 1:colcon.colcon_core.environment:checking '/home/jorjeen/plant/cabbage_project/install/robot_dashboard' for CMake module files
[2.504s] Level 1:colcon.colcon_core.environment:checking '/home/jorjeen/plant/cabbage_project/install/robot_dashboard' for CMake config files
[2.505s] DEBUG:colcon.colcon_core.event_handler.log_command:Invoked command in '/home/jorjeen/plant/cabbage_project/ros2_ws/src/robot_dashboard' returned '0': DEBUGINFOD_URLS=https://debuginfod.ubuntu.com PYTHONPATH=/home/jorjeen/plant/cabbage_project/build/robot_dashboard/prefix_override:/usr/lib/python3/dist-packages/colcon_core/task/python/colcon_distutils_commands:/home/jorjeen/plant/cabbage_project/install/robot_dashboard/lib/python3.12/site-packages:${PYTHONPATH} /usr/bin/python3 -W ignore:setup.py install is deprecated -W ignore:easy_install command is deprecated setup.py egg_info --egg-base ../../../build/robot_dashboard build --build-base /home/jorjeen/plant/cabbage_project/build/robot_dashboard/build install --record /home/jorjeen/plant/cabbage_project/build/robot_dashboard/install.log --single-version-externally-managed install_data
[2.506s] Level 1:colcon.colcon_core.environment:checking '/home/jorjeen/plant/cabbage_project/install/robot_dashboard/lib'
[2.506s] Level 1:colcon.colcon_core.environment:checking '/home/jorjeen/plant/cabbage_project/install/robot_dashboard/bin'
[2.506s] Level 1:colcon.colcon_core.environment:checking '/home/jorjeen/plant/cabbage_project/install/robot_dashboard/lib/pkgconfig/robot_dashboard.pc'
[2.507s] Level 1:colcon.colcon_core.environment:checking '/home/jorjeen/plant/cabbage_project/install/robot_dashboard/lib/python3.12/site-packages'
[2.507s] Level 1:colcon.colcon_core.shell:create_environment_hook('robot_dashboard', 'pythonpath')
[2.507s] INFO:colcon.colcon_core.shell:Creating environment hook '/home/jorjeen/plant/cabbage_project/install/robot_dashboard/share/robot_dashboard/hook/pythonpath.ps1'
[2.508s] INFO:colcon.colcon_core.shell:Creating environment descriptor '/home/jorjeen/plant/cabbage_project/install/robot_dashboard/share/robot_dashboard/hook/pythonpath.dsv'
[2.509s] INFO:colcon.colcon_core.shell:Creating environment hook '/home/jorjeen/plant/cabbage_project/install/robot_dashboard/share/robot_dashboard/hook/pythonpath.sh'
[2.511s] Level 1:colcon.colcon_core.environment:checking '/home/jorjeen/plant/cabbage_project/install/robot_dashboard/bin'
[2.511s] Level 1:colcon.colcon_core.environment:create_environment_scripts_only(robot_dashboard)
[2.512s] INFO:colcon.colcon_core.shell:Creating package script '/home/jorjeen/plant/cabbage_project/install/robot_dashboard/share/robot_dashboard/package.ps1'
[2.513s] INFO:colcon.colcon_core.shell:Creating package descriptor '/home/jorjeen/plant/cabbage_project/install/robot_dashboard/share/robot_dashboard/package.dsv'
[2.513s] INFO:colcon.colcon_core.shell:Creating package script '/home/jorjeen/plant/cabbage_project/install/robot_dashboard/share/robot_dashboard/package.sh'
[2.514s] INFO:colcon.colcon_core.shell:Creating package script '/home/jorjeen/plant/cabbage_project/install/robot_dashboard/share/robot_dashboard/package.bash'
[2.515s] INFO:colcon.colcon_core.shell:Creating package script '/home/jorjeen/plant/cabbage_project/install/robot_dashboard/share/robot_dashboard/package.zsh'
[2.515s] Level 1:colcon.colcon_core.environment:create_file_with_runtime_dependencies(/home/jorjeen/plant/cabbage_project/install/robot_dashboard/share/colcon-core/packages/robot_dashboard)
[2.515s] DEBUG:colcon.colcon_parallel_executor.executor.parallel:closing loop
[2.516s] DEBUG:colcon.colcon_parallel_executor.executor.parallel:loop closed
[2.516s] DEBUG:colcon.colcon_parallel_executor.executor.parallel:run_until_complete finished with '0'
[2.517s] DEBUG:colcon.colcon_core.event_reactor:joining thread
[2.535s] INFO:colcon.colcon_core.plugin_system:Skipping extension 'colcon_notification.desktop_notification.terminal_notifier': Not used on non-Darwin systems
[2.535s] INFO:colcon.colcon_core.plugin_system:Skipping extension 'colcon_notification.desktop_notification.win32': Not used on non-Windows systems
[2.535s] INFO:colcon.colcon_notification.desktop_notification:Sending desktop notification using 'notify2'
[2.558s] DEBUG:colcon.colcon_core.event_reactor:joined thread
[2.559s] INFO:colcon.colcon_core.shell:Creating prefix script '/home/jorjeen/plant/cabbage_project/install/local_setup.ps1'
[2.560s] INFO:colcon.colcon_core.shell:Creating prefix util module '/home/jorjeen/plant/cabbage_project/install/_local_setup_util_ps1.py'
[2.562s] INFO:colcon.colcon_core.shell:Creating prefix chain script '/home/jorjeen/plant/cabbage_project/install/setup.ps1'
[2.566s] INFO:colcon.colcon_core.shell:Creating prefix script '/home/jorjeen/plant/cabbage_project/install/local_setup.sh'
[2.567s] INFO:colcon.colcon_core.shell:Creating prefix util module '/home/jorjeen/plant/cabbage_project/install/_local_setup_util_sh.py'
[2.567s] INFO:colcon.colcon_core.shell:Creating prefix chain script '/home/jorjeen/plant/cabbage_project/install/setup.sh'
[2.571s] INFO:colcon.colcon_core.shell:Creating prefix script '/home/jorjeen/plant/cabbage_project/install/local_setup.bash'
[2.572s] INFO:colcon.colcon_core.shell:Creating prefix chain script '/home/jorjeen/plant/cabbage_project/install/setup.bash'
[2.576s] INFO:colcon.colcon_core.shell:Creating prefix script '/home/jorjeen/plant/cabbage_project/install/local_setup.zsh'
[2.577s] INFO:colcon.colcon_core.shell:Creating prefix chain script '/home/jorjeen/plant/cabbage_project/install/setup.zsh'
