[2.940s] Invoking command in '/home/quin/cabbage_project/ros2_ws/src/robot_core': PYTHONPATH=/home/quin/cabbage_project/ros2_ws/build/robot_core/prefix_override:/usr/lib/python3/dist-packages/colcon_core/task/python/colcon_distutils_commands:/home/quin/cabbage_project/ros2_ws/install/robot_core/lib/python3.12/site-packages:${PYTHONPATH} /usr/bin/python3 -W ignore:setup.py install is deprecated -W ignore:easy_install command is deprecated setup.py egg_info --egg-base ../../build/robot_core build --build-base /home/quin/cabbage_project/ros2_ws/build/robot_core/build install --record /home/quin/cabbage_project/ros2_ws/build/robot_core/install.log --single-version-externally-managed install_data
[3.581s] running egg_info
[3.581s] creating ../../build/robot_core/robot_core.egg-info
[3.628s] writing ../../build/robot_core/robot_core.egg-info/PKG-INFO
[3.628s] writing dependency_links to ../../build/robot_core/robot_core.egg-info/dependency_links.txt
[3.628s] writing entry points to ../../build/robot_core/robot_core.egg-info/entry_points.txt
[3.628s] writing requirements to ../../build/robot_core/robot_core.egg-info/requires.txt
[3.628s] writing top-level names to ../../build/robot_core/robot_core.egg-info/top_level.txt
[3.628s] writing manifest file '../../build/robot_core/robot_core.egg-info/SOURCES.txt'
[3.721s] reading manifest file '../../build/robot_core/robot_core.egg-info/SOURCES.txt'
[3.721s] writing manifest file '../../build/robot_core/robot_core.egg-info/SOURCES.txt'
[3.721s] running build
[3.721s] running build_py
[3.721s] creating /home/quin/cabbage_project/ros2_ws/build/robot_core/build
[3.722s] creating /home/quin/cabbage_project/ros2_ws/build/robot_core/build/lib
[3.722s] creating /home/quin/cabbage_project/ros2_ws/build/robot_core/build/lib/robot_core
[3.722s] copying robot_core/movement_test_node.py -> /home/quin/cabbage_project/ros2_ws/build/robot_core/build/lib/robot_core
[3.727s] copying robot_core/movement_node.py -> /home/quin/cabbage_project/ros2_ws/build/robot_core/build/lib/robot_core
[3.728s] copying robot_core/mission_order_node.py -> /home/quin/cabbage_project/ros2_ws/build/robot_core/build/lib/robot_core
[3.728s] copying robot_core/mission_node.py -> /home/quin/cabbage_project/ros2_ws/build/robot_core/build/lib/robot_core
[3.728s] copying robot_core/__init__.py -> /home/quin/cabbage_project/ros2_ws/build/robot_core/build/lib/robot_core
[3.728s] copying robot_core/entry_controller.py -> /home/quin/cabbage_project/ros2_ws/build/robot_core/build/lib/robot_core
[3.733s] copying robot_core/movement_final.py -> /home/quin/cabbage_project/ros2_ws/build/robot_core/build/lib/robot_core
[3.733s] running install
[3.733s] running install_lib
[3.773s] creating /home/quin/cabbage_project/ros2_ws/install/robot_core/lib/python3.12/site-packages/robot_core
[3.774s] copying /home/quin/cabbage_project/ros2_ws/build/robot_core/build/lib/robot_core/movement_test_node.py -> /home/quin/cabbage_project/ros2_ws/install/robot_core/lib/python3.12/site-packages/robot_core
[3.774s] copying /home/quin/cabbage_project/ros2_ws/build/robot_core/build/lib/robot_core/movement_node.py -> /home/quin/cabbage_project/ros2_ws/install/robot_core/lib/python3.12/site-packages/robot_core
[3.774s] copying /home/quin/cabbage_project/ros2_ws/build/robot_core/build/lib/robot_core/mission_order_node.py -> /home/quin/cabbage_project/ros2_ws/install/robot_core/lib/python3.12/site-packages/robot_core
[3.774s] copying /home/quin/cabbage_project/ros2_ws/build/robot_core/build/lib/robot_core/mission_node.py -> /home/quin/cabbage_project/ros2_ws/install/robot_core/lib/python3.12/site-packages/robot_core
[3.775s] copying /home/quin/cabbage_project/ros2_ws/build/robot_core/build/lib/robot_core/__init__.py -> /home/quin/cabbage_project/ros2_ws/install/robot_core/lib/python3.12/site-packages/robot_core
[3.775s] copying /home/quin/cabbage_project/ros2_ws/build/robot_core/build/lib/robot_core/entry_controller.py -> /home/quin/cabbage_project/ros2_ws/install/robot_core/lib/python3.12/site-packages/robot_core
[3.775s] copying /home/quin/cabbage_project/ros2_ws/build/robot_core/build/lib/robot_core/movement_final.py -> /home/quin/cabbage_project/ros2_ws/install/robot_core/lib/python3.12/site-packages/robot_core
[3.776s] byte-compiling /home/quin/cabbage_project/ros2_ws/install/robot_core/lib/python3.12/site-packages/robot_core/movement_test_node.py to movement_test_node.cpython-312.pyc
[3.779s] byte-compiling /home/quin/cabbage_project/ros2_ws/install/robot_core/lib/python3.12/site-packages/robot_core/movement_node.py to movement_node.cpython-312.pyc
[3.781s] byte-compiling /home/quin/cabbage_project/ros2_ws/install/robot_core/lib/python3.12/site-packages/robot_core/mission_order_node.py to mission_order_node.cpython-312.pyc
[3.785s] byte-compiling /home/quin/cabbage_project/ros2_ws/install/robot_core/lib/python3.12/site-packages/robot_core/mission_node.py to mission_node.cpython-312.pyc
[3.786s] byte-compiling /home/quin/cabbage_project/ros2_ws/install/robot_core/lib/python3.12/site-packages/robot_core/__init__.py to __init__.cpython-312.pyc
[3.786s] byte-compiling /home/quin/cabbage_project/ros2_ws/install/robot_core/lib/python3.12/site-packages/robot_core/entry_controller.py to entry_controller.cpython-312.pyc
[3.787s] byte-compiling /home/quin/cabbage_project/ros2_ws/install/robot_core/lib/python3.12/site-packages/robot_core/movement_final.py to movement_final.cpython-312.pyc
[3.790s] running install_data
[3.790s] creating /home/quin/cabbage_project/ros2_ws/install/robot_core/share/ament_index
[3.790s] creating /home/quin/cabbage_project/ros2_ws/install/robot_core/share/ament_index/resource_index
[3.792s] creating /home/quin/cabbage_project/ros2_ws/install/robot_core/share/ament_index/resource_index/packages
[3.793s] copying resource/robot_core -> /home/quin/cabbage_project/ros2_ws/install/robot_core/share/ament_index/resource_index/packages
[3.793s] copying package.xml -> /home/quin/cabbage_project/ros2_ws/install/robot_core/share/robot_core
[3.793s] running install_egg_info
[3.832s] Copying ../../build/robot_core/robot_core.egg-info to /home/quin/cabbage_project/ros2_ws/install/robot_core/lib/python3.12/site-packages/robot_core-0.0.0-py3.12.egg-info
[3.834s] running install_scripts
[4.100s] Installing entry_controller script to /home/quin/cabbage_project/ros2_ws/install/robot_core/lib/robot_core
[4.100s] Installing mission_node script to /home/quin/cabbage_project/ros2_ws/install/robot_core/lib/robot_core
[4.102s] Installing movement_node script to /home/quin/cabbage_project/ros2_ws/install/robot_core/lib/robot_core
[4.102s] Installing movement_test_node script to /home/quin/cabbage_project/ros2_ws/install/robot_core/lib/robot_core
[4.102s] writing list of installed files to '/home/quin/cabbage_project/ros2_ws/build/robot_core/install.log'
[4.245s] Invoked command in '/home/quin/cabbage_project/ros2_ws/src/robot_core' returned '0': PYTHONPATH=/home/quin/cabbage_project/ros2_ws/build/robot_core/prefix_override:/usr/lib/python3/dist-packages/colcon_core/task/python/colcon_distutils_commands:/home/quin/cabbage_project/ros2_ws/install/robot_core/lib/python3.12/site-packages:${PYTHONPATH} /usr/bin/python3 -W ignore:setup.py install is deprecated -W ignore:easy_install command is deprecated setup.py egg_info --egg-base ../../build/robot_core build --build-base /home/quin/cabbage_project/ros2_ws/build/robot_core/build install --record /home/quin/cabbage_project/ros2_ws/build/robot_core/install.log --single-version-externally-managed install_data
