[1.591s] Invoking command in '/home/earn/cabbage_project/ros2_ws/src/robot_core': DEBUGINFOD_URLS=https://debuginfod.ubuntu.com PYTHONPATH=/home/earn/cabbage_project/ros2_ws/build/robot_core/prefix_override:/usr/lib/python3/dist-packages/colcon_core/task/python/colcon_distutils_commands:/home/earn/cabbage_project/ros2_ws/install/robot_core/lib/python3.12/site-packages:${PYTHONPATH} /usr/bin/python3 -W ignore:setup.py install is deprecated -W ignore:easy_install command is deprecated setup.py egg_info --egg-base ../../build/robot_core build --build-base /home/earn/cabbage_project/ros2_ws/build/robot_core/build install --record /home/earn/cabbage_project/ros2_ws/build/robot_core/install.log --single-version-externally-managed install_data
[1.827s] running egg_info
[1.844s] writing ../../build/robot_core/robot_core.egg-info/PKG-INFO
[1.844s] writing dependency_links to ../../build/robot_core/robot_core.egg-info/dependency_links.txt
[1.845s] writing entry points to ../../build/robot_core/robot_core.egg-info/entry_points.txt
[1.845s] writing requirements to ../../build/robot_core/robot_core.egg-info/requires.txt
[1.845s] writing top-level names to ../../build/robot_core/robot_core.egg-info/top_level.txt
[1.879s] reading manifest file '../../build/robot_core/robot_core.egg-info/SOURCES.txt'
[1.880s] writing manifest file '../../build/robot_core/robot_core.egg-info/SOURCES.txt'
[1.880s] running build
[1.880s] running build_py
[1.881s] running install
[1.885s] running install_lib
[1.905s] running install_data
[1.905s] running install_egg_info
[1.925s] removing '/home/earn/cabbage_project/ros2_ws/install/robot_core/lib/python3.12/site-packages/robot_core-0.0.0-py3.12.egg-info' (and everything under it)
[1.926s] Copying ../../build/robot_core/robot_core.egg-info to /home/earn/cabbage_project/ros2_ws/install/robot_core/lib/python3.12/site-packages/robot_core-0.0.0-py3.12.egg-info
[1.927s] running install_scripts
[2.051s] Installing entry_controller script to /home/earn/cabbage_project/ros2_ws/install/robot_core/lib/robot_core
[2.051s] Installing mission_node script to /home/earn/cabbage_project/ros2_ws/install/robot_core/lib/robot_core
[2.051s] Installing movement_final script to /home/earn/cabbage_project/ros2_ws/install/robot_core/lib/robot_core
[2.051s] Installing movement_node script to /home/earn/cabbage_project/ros2_ws/install/robot_core/lib/robot_core
[2.051s] Installing movement_test_node script to /home/earn/cabbage_project/ros2_ws/install/robot_core/lib/robot_core
[2.052s] Installing planting_node script to /home/earn/cabbage_project/ros2_ws/install/robot_core/lib/robot_core
[2.052s] writing list of installed files to '/home/earn/cabbage_project/ros2_ws/build/robot_core/install.log'
[2.115s] Invoked command in '/home/earn/cabbage_project/ros2_ws/src/robot_core' returned '0': DEBUGINFOD_URLS=https://debuginfod.ubuntu.com PYTHONPATH=/home/earn/cabbage_project/ros2_ws/build/robot_core/prefix_override:/usr/lib/python3/dist-packages/colcon_core/task/python/colcon_distutils_commands:/home/earn/cabbage_project/ros2_ws/install/robot_core/lib/python3.12/site-packages:${PYTHONPATH} /usr/bin/python3 -W ignore:setup.py install is deprecated -W ignore:easy_install command is deprecated setup.py egg_info --egg-base ../../build/robot_core build --build-base /home/earn/cabbage_project/ros2_ws/build/robot_core/build install --record /home/earn/cabbage_project/ros2_ws/build/robot_core/install.log --single-version-externally-managed install_data
