[0.051s] Invoking command in '/home/quin/cabbage_project/ros2_ws/build/robot_actuator': CMAKE_PREFIX_PATH=${CMAKE_PREFIX_PATH}:/opt/ros/jazzy PS1=(vision_env) \[\e]0;\u@\h: \w\a\]${debian_chroot:+($debian_chroot)}\[\033[01;32m\]\u@\h\[\033[00m\]:\[\033[01;34m\]\w\[\033[00m\]\$ VIRTUAL_ENV_PROMPT=(vision_env) /usr/bin/cmake --build /home/quin/cabbage_project/ros2_ws/build/robot_actuator -- -j4 -l4
[0.727s] Invoked command in '/home/quin/cabbage_project/ros2_ws/build/robot_actuator' returned '0': CMAKE_PREFIX_PATH=${CMAKE_PREFIX_PATH}:/opt/ros/jazzy PS1=(vision_env) \[\e]0;\u@\h: \w\a\]${debian_chroot:+($debian_chroot)}\[\033[01;32m\]\u@\h\[\033[00m\]:\[\033[01;34m\]\w\[\033[00m\]\$ VIRTUAL_ENV_PROMPT=(vision_env) /usr/bin/cmake --build /home/quin/cabbage_project/ros2_ws/build/robot_actuator -- -j4 -l4
[0.747s] Invoking command in '/home/quin/cabbage_project/ros2_ws/build/robot_actuator': CMAKE_PREFIX_PATH=${CMAKE_PREFIX_PATH}:/opt/ros/jazzy PS1=(vision_env) \[\e]0;\u@\h: \w\a\]${debian_chroot:+($debian_chroot)}\[\033[01;32m\]\u@\h\[\033[00m\]:\[\033[01;34m\]\w\[\033[00m\]\$ VIRTUAL_ENV_PROMPT=(vision_env) /usr/bin/cmake --install /home/quin/cabbage_project/ros2_ws/build/robot_actuator
[1.074s] -- Install configuration: ""
[1.074s] -- Up-to-date: /home/quin/cabbage_project/ros2_ws/install/robot_actuator/share/ament_index/resource_index/package_run_dependencies/robot_actuator
[1.074s] -- Up-to-date: /home/quin/cabbage_project/ros2_ws/install/robot_actuator/share/ament_index/resource_index/parent_prefix_path/robot_actuator
[1.074s] -- Up-to-date: /home/quin/cabbage_project/ros2_ws/install/robot_actuator/share/robot_actuator/environment/ament_prefix_path.sh
[1.074s] -- Up-to-date: /home/quin/cabbage_project/ros2_ws/install/robot_actuator/share/robot_actuator/environment/ament_prefix_path.dsv
[1.074s] -- Up-to-date: /home/quin/cabbage_project/ros2_ws/install/robot_actuator/share/robot_actuator/environment/path.sh
[1.075s] -- Up-to-date: /home/quin/cabbage_project/ros2_ws/install/robot_actuator/share/robot_actuator/environment/path.dsv
[1.075s] -- Up-to-date: /home/quin/cabbage_project/ros2_ws/install/robot_actuator/share/robot_actuator/local_setup.bash
[1.075s] -- Up-to-date: /home/quin/cabbage_project/ros2_ws/install/robot_actuator/share/robot_actuator/local_setup.sh
[1.075s] -- Up-to-date: /home/quin/cabbage_project/ros2_ws/install/robot_actuator/share/robot_actuator/local_setup.zsh
[1.075s] -- Up-to-date: /home/quin/cabbage_project/ros2_ws/install/robot_actuator/share/robot_actuator/local_setup.dsv
[1.075s] -- Installing: /home/quin/cabbage_project/ros2_ws/install/robot_actuator/share/robot_actuator/package.dsv
[1.075s] -- Up-to-date: /home/quin/cabbage_project/ros2_ws/install/robot_actuator/share/ament_index/resource_index/packages/robot_actuator
[1.075s] -- Up-to-date: /home/quin/cabbage_project/ros2_ws/install/robot_actuator/share/robot_actuator/cmake/robot_actuatorConfig.cmake
[1.075s] -- Up-to-date: /home/quin/cabbage_project/ros2_ws/install/robot_actuator/share/robot_actuator/cmake/robot_actuatorConfig-version.cmake
[1.076s] -- Up-to-date: /home/quin/cabbage_project/ros2_ws/install/robot_actuator/share/robot_actuator/package.xml
[1.087s] Invoked command in '/home/quin/cabbage_project/ros2_ws/build/robot_actuator' returned '0': CMAKE_PREFIX_PATH=${CMAKE_PREFIX_PATH}:/opt/ros/jazzy PS1=(vision_env) \[\e]0;\u@\h: \w\a\]${debian_chroot:+($debian_chroot)}\[\033[01;32m\]\u@\h\[\033[00m\]:\[\033[01;34m\]\w\[\033[00m\]\$ VIRTUAL_ENV_PROMPT=(vision_env) /usr/bin/cmake --install /home/quin/cabbage_project/ros2_ws/build/robot_actuator
