[2.135s] Invoking command in '/home/quin/cabbage_project/ros2_ws/src/robot_core': PYTHONPATH=/home/quin/cabbage_project/ros2_ws/build/robot_core/prefix_override:/usr/lib/python3/dist-packages/colcon_core/task/python/colcon_distutils_commands:/home/quin/cabbage_project/ros2_ws/install/robot_core/lib/python3.12/site-packages:${PYTHONPATH} /usr/bin/python3 -W ignore:setup.py install is deprecated -W ignore:easy_install command is deprecated setup.py egg_info --egg-base ../../build/robot_core build --build-base /home/quin/cabbage_project/ros2_ws/build/robot_core/build install --record /home/quin/cabbage_project/ros2_ws/build/robot_core/install.log --single-version-externally-managed install_data
[2.575s] running egg_info
[2.598s] writing ../../build/robot_core/robot_core.egg-info/PKG-INFO
[2.599s] writing dependency_links to ../../build/robot_core/robot_core.egg-info/dependency_links.txt
[2.602s] writing entry points to ../../build/robot_core/robot_core.egg-info/entry_points.txt
[2.602s] writing requirements to ../../build/robot_core/robot_core.egg-info/requires.txt
[2.603s] writing top-level names to ../../build/robot_core/robot_core.egg-info/top_level.txt
[2.662s] reading manifest file '../../build/robot_core/robot_core.egg-info/SOURCES.txt'
[2.664s] writing manifest file '../../build/robot_core/robot_core.egg-info/SOURCES.txt'
[2.668s] running build
[2.668s] running build_py
[2.669s] copying robot_core/mission_node.py -> /home/quin/cabbage_project/ros2_ws/build/robot_core/build/lib/robot_core
[2.670s] running install
[2.676s] running install_lib
[2.707s] copying /home/quin/cabbage_project/ros2_ws/build/robot_core/build/lib/robot_core/mission_node.py -> /home/quin/cabbage_project/ros2_ws/install/robot_core/lib/python3.12/site-packages/robot_core
[2.708s] byte-compiling /home/quin/cabbage_project/ros2_ws/install/robot_core/lib/python3.12/site-packages/robot_core/mission_node.py to mission_node.cpython-312.pyc
[2.712s] running install_data
[2.713s] running install_egg_info
[2.747s] removing '/home/quin/cabbage_project/ros2_ws/install/robot_core/lib/python3.12/site-packages/robot_core-0.0.0-py3.12.egg-info' (and everything under it)
[2.748s] Copying ../../build/robot_core/robot_core.egg-info to /home/quin/cabbage_project/ros2_ws/install/robot_core/lib/python3.12/site-packages/robot_core-0.0.0-py3.12.egg-info
[2.751s] running install_scripts
[3.038s] Installing entry_controller script to /home/quin/cabbage_project/ros2_ws/install/robot_core/lib/robot_core
[3.039s] Installing mission_node script to /home/quin/cabbage_project/ros2_ws/install/robot_core/lib/robot_core
[3.043s] Installing movement_node script to /home/quin/cabbage_project/ros2_ws/install/robot_core/lib/robot_core
[3.046s] writing list of installed files to '/home/quin/cabbage_project/ros2_ws/build/robot_core/install.log'
[3.193s] Invoked command in '/home/quin/cabbage_project/ros2_ws/src/robot_core' returned '0': PYTHONPATH=/home/quin/cabbage_project/ros2_ws/build/robot_core/prefix_override:/usr/lib/python3/dist-packages/colcon_core/task/python/colcon_distutils_commands:/home/quin/cabbage_project/ros2_ws/install/robot_core/lib/python3.12/site-packages:${PYTHONPATH} /usr/bin/python3 -W ignore:setup.py install is deprecated -W ignore:easy_install command is deprecated setup.py egg_info --egg-base ../../build/robot_core build --build-base /home/quin/cabbage_project/ros2_ws/build/robot_core/build install --record /home/quin/cabbage_project/ros2_ws/build/robot_core/install.log --single-version-externally-managed install_data
