[2.703s] Invoking command in '/home/quin/cabbage_project/ros2_ws/src/robot_core': PS1=(vision_env) \[\e]0;\u@\h: \w\a\]${debian_chroot:+($debian_chroot)}\[\033[01;32m\]\u@\h\[\033[00m\]:\[\033[01;34m\]\w\[\033[00m\]\$ PYTHONPATH=/home/quin/cabbage_project/ros2_ws/build/robot_core/prefix_override:/usr/lib/python3/dist-packages/colcon_core/task/python/colcon_distutils_commands:/home/quin/cabbage_project/ros2_ws/install/robot_core/lib/python3.12/site-packages:${PYTHONPATH} VIRTUAL_ENV_PROMPT=(vision_env) /usr/bin/python3 -W ignore:setup.py install is deprecated -W ignore:easy_install command is deprecated setup.py egg_info --egg-base ../../build/robot_core build --build-base /home/quin/cabbage_project/ros2_ws/build/robot_core/build install --record /home/quin/cabbage_project/ros2_ws/build/robot_core/install.log --single-version-externally-managed install_data
[3.147s] running egg_info
[3.179s] writing ../../build/robot_core/robot_core.egg-info/PKG-INFO
[3.179s] writing dependency_links to ../../build/robot_core/robot_core.egg-info/dependency_links.txt
[3.180s] writing entry points to ../../build/robot_core/robot_core.egg-info/entry_points.txt
[3.182s] writing requirements to ../../build/robot_core/robot_core.egg-info/requires.txt
[3.183s] writing top-level names to ../../build/robot_core/robot_core.egg-info/top_level.txt
[3.231s] reading manifest file '../../build/robot_core/robot_core.egg-info/SOURCES.txt'
[3.235s] writing manifest file '../../build/robot_core/robot_core.egg-info/SOURCES.txt'
[3.236s] running build
[3.236s] running build_py
[3.238s] copying robot_core/movement_test_node.py -> /home/quin/cabbage_project/ros2_ws/build/robot_core/build/lib/robot_core
[3.238s] running install
[3.250s] running install_lib
[3.277s] copying /home/quin/cabbage_project/ros2_ws/build/robot_core/build/lib/robot_core/movement_test_node.py -> /home/quin/cabbage_project/ros2_ws/install/robot_core/lib/python3.12/site-packages/robot_core
[3.278s] byte-compiling /home/quin/cabbage_project/ros2_ws/install/robot_core/lib/python3.12/site-packages/robot_core/movement_test_node.py to movement_test_node.cpython-312.pyc
[3.281s] running install_data
[3.282s] running install_egg_info
[3.313s] removing '/home/quin/cabbage_project/ros2_ws/install/robot_core/lib/python3.12/site-packages/robot_core-0.0.0-py3.12.egg-info' (and everything under it)
[3.314s] Copying ../../build/robot_core/robot_core.egg-info to /home/quin/cabbage_project/ros2_ws/install/robot_core/lib/python3.12/site-packages/robot_core-0.0.0-py3.12.egg-info
[3.324s] running install_scripts
[3.674s] Installing entry_controller script to /home/quin/cabbage_project/ros2_ws/install/robot_core/lib/robot_core
[3.674s] Installing mission_node script to /home/quin/cabbage_project/ros2_ws/install/robot_core/lib/robot_core
[3.682s] Installing movement_node script to /home/quin/cabbage_project/ros2_ws/install/robot_core/lib/robot_core
[3.688s] writing list of installed files to '/home/quin/cabbage_project/ros2_ws/build/robot_core/install.log'
[3.815s] Invoked command in '/home/quin/cabbage_project/ros2_ws/src/robot_core' returned '0': PS1=(vision_env) \[\e]0;\u@\h: \w\a\]${debian_chroot:+($debian_chroot)}\[\033[01;32m\]\u@\h\[\033[00m\]:\[\033[01;34m\]\w\[\033[00m\]\$ PYTHONPATH=/home/quin/cabbage_project/ros2_ws/build/robot_core/prefix_override:/usr/lib/python3/dist-packages/colcon_core/task/python/colcon_distutils_commands:/home/quin/cabbage_project/ros2_ws/install/robot_core/lib/python3.12/site-packages:${PYTHONPATH} VIRTUAL_ENV_PROMPT=(vision_env) /usr/bin/python3 -W ignore:setup.py install is deprecated -W ignore:easy_install command is deprecated setup.py egg_info --egg-base ../../build/robot_core build --build-base /home/quin/cabbage_project/ros2_ws/build/robot_core/build install --record /home/quin/cabbage_project/ros2_ws/build/robot_core/install.log --single-version-externally-managed install_data
