[3.393s] Invoking command in '/home/quin/cabbage_project/ros2_ws/src/robot_dashboard': PYTHONPATH=/home/quin/cabbage_project/ros2_ws/build/robot_dashboard/prefix_override:/usr/lib/python3/dist-packages/colcon_core/task/python/colcon_distutils_commands:/home/quin/cabbage_project/ros2_ws/install/robot_dashboard/lib/python3.12/site-packages:${PYTHONPATH} /usr/bin/python3 -W ignore:setup.py install is deprecated -W ignore:easy_install command is deprecated setup.py egg_info --egg-base ../../build/robot_dashboard build --build-base /home/quin/cabbage_project/ros2_ws/build/robot_dashboard/build install --record /home/quin/cabbage_project/ros2_ws/build/robot_dashboard/install.log --single-version-externally-managed install_data
[4.206s] running egg_info
[4.207s] creating ../../build/robot_dashboard/robot_dashboard.egg-info
[4.259s] writing ../../build/robot_dashboard/robot_dashboard.egg-info/PKG-INFO
[4.260s] writing dependency_links to ../../build/robot_dashboard/robot_dashboard.egg-info/dependency_links.txt
[4.260s] writing requirements to ../../build/robot_dashboard/robot_dashboard.egg-info/requires.txt
[4.260s] writing top-level names to ../../build/robot_dashboard/robot_dashboard.egg-info/top_level.txt
[4.260s] writing manifest file '../../build/robot_dashboard/robot_dashboard.egg-info/SOURCES.txt'
[4.336s] reading manifest file '../../build/robot_dashboard/robot_dashboard.egg-info/SOURCES.txt'
[4.339s] writing manifest file '../../build/robot_dashboard/robot_dashboard.egg-info/SOURCES.txt'
[4.339s] running build
[4.340s] running build_py
[4.340s] creating /home/quin/cabbage_project/ros2_ws/build/robot_dashboard/build
[4.341s] creating /home/quin/cabbage_project/ros2_ws/build/robot_dashboard/build/lib
[4.342s] creating /home/quin/cabbage_project/ros2_ws/build/robot_dashboard/build/lib/robot_dashboard
[4.342s] copying robot_dashboard/__init__.py -> /home/quin/cabbage_project/ros2_ws/build/robot_dashboard/build/lib/robot_dashboard
[4.344s] running install
[4.359s] running install_lib
[4.390s] creating /home/quin/cabbage_project/ros2_ws/install/robot_dashboard/lib/python3.12/site-packages/robot_dashboard
[4.391s] copying /home/quin/cabbage_project/ros2_ws/build/robot_dashboard/build/lib/robot_dashboard/__init__.py -> /home/quin/cabbage_project/ros2_ws/install/robot_dashboard/lib/python3.12/site-packages/robot_dashboard
[4.392s] byte-compiling /home/quin/cabbage_project/ros2_ws/install/robot_dashboard/lib/python3.12/site-packages/robot_dashboard/__init__.py to __init__.cpython-312.pyc
[4.393s] running install_data
[4.393s] creating /home/quin/cabbage_project/ros2_ws/install/robot_dashboard/share/ament_index
[4.393s] creating /home/quin/cabbage_project/ros2_ws/install/robot_dashboard/share/ament_index/resource_index
[4.393s] creating /home/quin/cabbage_project/ros2_ws/install/robot_dashboard/share/ament_index/resource_index/packages
[4.393s] copying resource/robot_dashboard -> /home/quin/cabbage_project/ros2_ws/install/robot_dashboard/share/ament_index/resource_index/packages
[4.393s] copying package.xml -> /home/quin/cabbage_project/ros2_ws/install/robot_dashboard/share/robot_dashboard
[4.393s] running install_egg_info
[4.425s] Copying ../../build/robot_dashboard/robot_dashboard.egg-info to /home/quin/cabbage_project/ros2_ws/install/robot_dashboard/lib/python3.12/site-packages/robot_dashboard-0.0.0-py3.12.egg-info
[4.426s] running install_scripts
[4.659s] writing list of installed files to '/home/quin/cabbage_project/ros2_ws/build/robot_dashboard/install.log'
[4.746s] Invoked command in '/home/quin/cabbage_project/ros2_ws/src/robot_dashboard' returned '0': PYTHONPATH=/home/quin/cabbage_project/ros2_ws/build/robot_dashboard/prefix_override:/usr/lib/python3/dist-packages/colcon_core/task/python/colcon_distutils_commands:/home/quin/cabbage_project/ros2_ws/install/robot_dashboard/lib/python3.12/site-packages:${PYTHONPATH} /usr/bin/python3 -W ignore:setup.py install is deprecated -W ignore:easy_install command is deprecated setup.py egg_info --egg-base ../../build/robot_dashboard build --build-base /home/quin/cabbage_project/ros2_ws/build/robot_dashboard/build install --record /home/quin/cabbage_project/ros2_ws/build/robot_dashboard/install.log --single-version-externally-managed install_data
