[1.426s] Invoking command in '/home/jorjeen/plant/cabbage_project/ros2_ws/src/robot_vision': DEBUGINFOD_URLS=https://debuginfod.ubuntu.com PYTHONPATH=/home/jorjeen/plant/cabbage_project/build/robot_vision/prefix_override:/usr/lib/python3/dist-packages/colcon_core/task/python/colcon_distutils_commands:/home/jorjeen/plant/cabbage_project/install/robot_vision/lib/python3.12/site-packages:${PYTHONPATH} /usr/bin/python3 -W ignore:setup.py install is deprecated -W ignore:easy_install command is deprecated setup.py egg_info --egg-base ../../../build/robot_vision build --build-base /home/jorjeen/plant/cabbage_project/build/robot_vision/build install --record /home/jorjeen/plant/cabbage_project/build/robot_vision/install.log --single-version-externally-managed install_data
[1.642s] running egg_info
[1.655s] writing ../../../build/robot_vision/robot_vision.egg-info/PKG-INFO
[1.655s] writing dependency_links to ../../../build/robot_vision/robot_vision.egg-info/dependency_links.txt
[1.655s] writing entry points to ../../../build/robot_vision/robot_vision.egg-info/entry_points.txt
[1.655s] writing requirements to ../../../build/robot_vision/robot_vision.egg-info/requires.txt
[1.655s] writing top-level names to ../../../build/robot_vision/robot_vision.egg-info/top_level.txt
[1.684s] reading manifest file '../../../build/robot_vision/robot_vision.egg-info/SOURCES.txt'
[1.684s] writing manifest file '../../../build/robot_vision/robot_vision.egg-info/SOURCES.txt'
[1.684s] running build
[1.684s] running build_py
[1.684s] copying robot_vision/apriltag_node.py -> /home/jorjeen/plant/cabbage_project/build/robot_vision/build/lib/robot_vision
[1.685s] running install
[1.690s] running install_lib
[1.705s] copying /home/jorjeen/plant/cabbage_project/build/robot_vision/build/lib/robot_vision/apriltag_node.py -> /home/jorjeen/plant/cabbage_project/install/robot_vision/lib/python3.12/site-packages/robot_vision
[1.705s] byte-compiling /home/jorjeen/plant/cabbage_project/install/robot_vision/lib/python3.12/site-packages/robot_vision/apriltag_node.py to apriltag_node.cpython-312.pyc
[1.706s] running install_data
[1.707s] running install_egg_info
[1.722s] removing '/home/jorjeen/plant/cabbage_project/install/robot_vision/lib/python3.12/site-packages/robot_vision-0.0.0-py3.12.egg-info' (and everything under it)
[1.723s] Copying ../../../build/robot_vision/robot_vision.egg-info to /home/jorjeen/plant/cabbage_project/install/robot_vision/lib/python3.12/site-packages/robot_vision-0.0.0-py3.12.egg-info
[1.723s] running install_scripts
[1.823s] Installing apriltag_node script to /home/jorjeen/plant/cabbage_project/install/robot_vision/lib/robot_vision
[1.823s] Installing cabbage_detector_node script to /home/jorjeen/plant/cabbage_project/install/robot_vision/lib/robot_vision
[1.823s] Installing camera_node script to /home/jorjeen/plant/cabbage_project/install/robot_vision/lib/robot_vision
[1.823s] Installing entering script to /home/jorjeen/plant/cabbage_project/install/robot_vision/lib/robot_vision
[1.823s] Installing entry_node script to /home/jorjeen/plant/cabbage_project/install/robot_vision/lib/robot_vision
[1.824s] writing list of installed files to '/home/jorjeen/plant/cabbage_project/build/robot_vision/install.log'
[1.852s] Invoked command in '/home/jorjeen/plant/cabbage_project/ros2_ws/src/robot_vision' returned '0': DEBUGINFOD_URLS=https://debuginfod.ubuntu.com PYTHONPATH=/home/jorjeen/plant/cabbage_project/build/robot_vision/prefix_override:/usr/lib/python3/dist-packages/colcon_core/task/python/colcon_distutils_commands:/home/jorjeen/plant/cabbage_project/install/robot_vision/lib/python3.12/site-packages:${PYTHONPATH} /usr/bin/python3 -W ignore:setup.py install is deprecated -W ignore:easy_install command is deprecated setup.py egg_info --egg-base ../../../build/robot_vision build --build-base /home/jorjeen/plant/cabbage_project/build/robot_vision/build install --record /home/jorjeen/plant/cabbage_project/build/robot_vision/install.log --single-version-externally-managed install_data
