[0.143s] DEBUG:colcon:Command line arguments: ['/usr/bin/colcon', 'build']
[0.143s] DEBUG:colcon:Parsed command line arguments: Namespace(log_base=None, log_level=None, verb_name='build', build_base='build', install_base='install', merge_install=False, symlink_install=False, test_result_base=None, continue_on_error=False, executor='parallel', parallel_workers=4, event_handlers=None, ignore_user_meta=False, metas=['./colcon.meta'], base_paths=['.'], packages_ignore=None, packages_ignore_regex=None, paths=None, packages_up_to=None, packages_up_to_regex=None, packages_above=None, packages_above_and_dependencies=None, packages_above_depth=None, packages_select_by_dep=None, packages_skip_by_dep=None, packages_skip_up_to=None, packages_select_build_failed=False, packages_skip_build_finished=False, packages_select_test_failures=False, packages_skip_test_passed=False, packages_select=None, packages_skip=None, packages_select_regex=None, packages_skip_regex=None, packages_start=None, packages_end=None, allow_overriding=[], cmake_args=None, cmake_target=None, cmake_target_skip_unavailable=False, cmake_clean_cache=False, cmake_clean_first=False, cmake_force_configure=False, ament_cmake_args=None, catkin_cmake_args=None, catkin_skip_building_tests=False, verb_parser=<colcon_defaults.argument_parser.defaults.DefaultArgumentsDecorator object at 0xffff988a1640>, verb_extension=<colcon_core.verb.build.BuildVerb object at 0xffff98a4ae70>, main=<bound method BuildVerb.main of <colcon_core.verb.build.BuildVerb object at 0xffff98a4ae70>>)
[0.200s] Level 1:colcon.colcon_core.package_discovery:discover_packages(colcon_meta) check parameters
[0.200s] Level 1:colcon.colcon_core.package_discovery:discover_packages(recursive) check parameters
[0.200s] Level 1:colcon.colcon_core.package_discovery:discover_packages(ignore) check parameters
[0.200s] Level 1:colcon.colcon_core.package_discovery:discover_packages(path) check parameters
[0.200s] Level 1:colcon.colcon_core.package_discovery:discover_packages(colcon_meta) discover
[0.200s] Level 1:colcon.colcon_core.package_discovery:discover_packages(recursive) discover
[0.201s] INFO:colcon.colcon_core.package_discovery:Crawling recursively for packages in '/home/quin/cabbage_project/ros2_ws'
[0.201s] Level 1:colcon.colcon_core.package_identification:_identify(.) by extensions ['ignore', 'ignore_ament_install']
[0.201s] Level 1:colcon.colcon_core.package_identification:_identify(.) by extension 'ignore'
[0.201s] Level 1:colcon.colcon_core.package_identification:_identify(.) by extension 'ignore_ament_install'
[0.201s] Level 1:colcon.colcon_core.package_identification:_identify(.) by extensions ['colcon_pkg']
[0.201s] Level 1:colcon.colcon_core.package_identification:_identify(.) by extension 'colcon_pkg'
[0.201s] Level 1:colcon.colcon_core.package_identification:_identify(.) by extensions ['colcon_meta']
[0.201s] Level 1:colcon.colcon_core.package_identification:_identify(.) by extension 'colcon_meta'
[0.201s] Level 1:colcon.colcon_core.package_identification:_identify(.) by extensions ['ros']
[0.201s] Level 1:colcon.colcon_core.package_identification:_identify(.) by extension 'ros'
[0.240s] Level 1:colcon.colcon_core.package_identification:_identify(.) by extensions ['cmake', 'python']
[0.240s] Level 1:colcon.colcon_core.package_identification:_identify(.) by extension 'cmake'
[0.240s] Level 1:colcon.colcon_core.package_identification:_identify(.) by extension 'python'
[0.240s] Level 1:colcon.colcon_core.package_identification:_identify(.) by extensions ['python_setup_py']
[0.240s] Level 1:colcon.colcon_core.package_identification:_identify(.) by extension 'python_setup_py'
[0.240s] Level 1:colcon.colcon_core.package_identification:_identify(build) by extensions ['ignore', 'ignore_ament_install']
[0.240s] Level 1:colcon.colcon_core.package_identification:_identify(build) by extension 'ignore'
[0.240s] Level 1:colcon.colcon_core.package_identification:_identify(build) ignored
[0.241s] Level 1:colcon.colcon_core.package_identification:_identify(install) by extensions ['ignore', 'ignore_ament_install']
[0.241s] Level 1:colcon.colcon_core.package_identification:_identify(install) by extension 'ignore'
[0.241s] Level 1:colcon.colcon_core.package_identification:_identify(install) ignored
[0.241s] Level 1:colcon.colcon_core.package_identification:_identify(log) by extensions ['ignore', 'ignore_ament_install']
[0.241s] Level 1:colcon.colcon_core.package_identification:_identify(log) by extension 'ignore'
[0.241s] Level 1:colcon.colcon_core.package_identification:_identify(log) ignored
[0.241s] Level 1:colcon.colcon_core.package_identification:_identify(src) by extensions ['ignore', 'ignore_ament_install']
[0.241s] Level 1:colcon.colcon_core.package_identification:_identify(src) by extension 'ignore'
[0.242s] Level 1:colcon.colcon_core.package_identification:_identify(src) by extension 'ignore_ament_install'
[0.242s] Level 1:colcon.colcon_core.package_identification:_identify(src) by extensions ['colcon_pkg']
[0.242s] Level 1:colcon.colcon_core.package_identification:_identify(src) by extension 'colcon_pkg'
[0.242s] Level 1:colcon.colcon_core.package_identification:_identify(src) by extensions ['colcon_meta']
[0.242s] Level 1:colcon.colcon_core.package_identification:_identify(src) by extension 'colcon_meta'
[0.242s] Level 1:colcon.colcon_core.package_identification:_identify(src) by extensions ['ros']
[0.242s] Level 1:colcon.colcon_core.package_identification:_identify(src) by extension 'ros'
[0.242s] Level 1:colcon.colcon_core.package_identification:_identify(src) by extensions ['cmake', 'python']
[0.242s] Level 1:colcon.colcon_core.package_identification:_identify(src) by extension 'cmake'
[0.242s] Level 1:colcon.colcon_core.package_identification:_identify(src) by extension 'python'
[0.242s] Level 1:colcon.colcon_core.package_identification:_identify(src) by extensions ['python_setup_py']
[0.242s] Level 1:colcon.colcon_core.package_identification:_identify(src) by extension 'python_setup_py'
[0.242s] Level 1:colcon.colcon_core.package_identification:_identify(src/robot_actuator) by extensions ['ignore', 'ignore_ament_install']
[0.242s] Level 1:colcon.colcon_core.package_identification:_identify(src/robot_actuator) by extension 'ignore'
[0.242s] Level 1:colcon.colcon_core.package_identification:_identify(src/robot_actuator) by extension 'ignore_ament_install'
[0.242s] Level 1:colcon.colcon_core.package_identification:_identify(src/robot_actuator) by extensions ['colcon_pkg']
[0.242s] Level 1:colcon.colcon_core.package_identification:_identify(src/robot_actuator) by extension 'colcon_pkg'
[0.243s] Level 1:colcon.colcon_core.package_identification:_identify(src/robot_actuator) by extensions ['colcon_meta']
[0.243s] Level 1:colcon.colcon_core.package_identification:_identify(src/robot_actuator) by extension 'colcon_meta'
[0.243s] Level 1:colcon.colcon_core.package_identification:_identify(src/robot_actuator) by extensions ['ros']
[0.243s] Level 1:colcon.colcon_core.package_identification:_identify(src/robot_actuator) by extension 'ros'
[0.248s] DEBUG:colcon.colcon_core.package_identification:Package 'src/robot_actuator' with type 'ros.ament_cmake' and name 'robot_actuator'
[0.248s] Level 1:colcon.colcon_core.package_identification:_identify(src/robot_bringup) by extensions ['ignore', 'ignore_ament_install']
[0.248s] Level 1:colcon.colcon_core.package_identification:_identify(src/robot_bringup) by extension 'ignore'
[0.248s] Level 1:colcon.colcon_core.package_identification:_identify(src/robot_bringup) by extension 'ignore_ament_install'
[0.249s] Level 1:colcon.colcon_core.package_identification:_identify(src/robot_bringup) by extensions ['colcon_pkg']
[0.249s] Level 1:colcon.colcon_core.package_identification:_identify(src/robot_bringup) by extension 'colcon_pkg'
[0.249s] Level 1:colcon.colcon_core.package_identification:_identify(src/robot_bringup) by extensions ['colcon_meta']
[0.249s] Level 1:colcon.colcon_core.package_identification:_identify(src/robot_bringup) by extension 'colcon_meta'
[0.249s] Level 1:colcon.colcon_core.package_identification:_identify(src/robot_bringup) by extensions ['ros']
[0.249s] Level 1:colcon.colcon_core.package_identification:_identify(src/robot_bringup) by extension 'ros'
[0.249s] DEBUG:colcon.colcon_core.package_identification:Package 'src/robot_bringup' with type 'ros.ament_python' and name 'robot_bringup'
[0.250s] Level 1:colcon.colcon_core.package_identification:_identify(src/robot_core) by extensions ['ignore', 'ignore_ament_install']
[0.250s] Level 1:colcon.colcon_core.package_identification:_identify(src/robot_core) by extension 'ignore'
[0.250s] Level 1:colcon.colcon_core.package_identification:_identify(src/robot_core) by extension 'ignore_ament_install'
[0.250s] Level 1:colcon.colcon_core.package_identification:_identify(src/robot_core) by extensions ['colcon_pkg']
[0.250s] Level 1:colcon.colcon_core.package_identification:_identify(src/robot_core) by extension 'colcon_pkg'
[0.250s] Level 1:colcon.colcon_core.package_identification:_identify(src/robot_core) by extensions ['colcon_meta']
[0.250s] Level 1:colcon.colcon_core.package_identification:_identify(src/robot_core) by extension 'colcon_meta'
[0.250s] Level 1:colcon.colcon_core.package_identification:_identify(src/robot_core) by extensions ['ros']
[0.250s] Level 1:colcon.colcon_core.package_identification:_identify(src/robot_core) by extension 'ros'
[0.251s] DEBUG:colcon.colcon_core.package_identification:Package 'src/robot_core' with type 'ros.ament_python' and name 'robot_core'
[0.251s] Level 1:colcon.colcon_core.package_identification:_identify(src/robot_dashboard) by extensions ['ignore', 'ignore_ament_install']
[0.251s] Level 1:colcon.colcon_core.package_identification:_identify(src/robot_dashboard) by extension 'ignore'
[0.251s] Level 1:colcon.colcon_core.package_identification:_identify(src/robot_dashboard) by extension 'ignore_ament_install'
[0.251s] Level 1:colcon.colcon_core.package_identification:_identify(src/robot_dashboard) by extensions ['colcon_pkg']
[0.251s] Level 1:colcon.colcon_core.package_identification:_identify(src/robot_dashboard) by extension 'colcon_pkg'
[0.251s] Level 1:colcon.colcon_core.package_identification:_identify(src/robot_dashboard) by extensions ['colcon_meta']
[0.251s] Level 1:colcon.colcon_core.package_identification:_identify(src/robot_dashboard) by extension 'colcon_meta'
[0.251s] Level 1:colcon.colcon_core.package_identification:_identify(src/robot_dashboard) by extensions ['ros']
[0.251s] Level 1:colcon.colcon_core.package_identification:_identify(src/robot_dashboard) by extension 'ros'
[0.252s] DEBUG:colcon.colcon_core.package_identification:Package 'src/robot_dashboard' with type 'ros.ament_python' and name 'robot_dashboard'
[0.252s] Level 1:colcon.colcon_core.package_identification:_identify(src/robot_interfaces) by extensions ['ignore', 'ignore_ament_install']
[0.252s] Level 1:colcon.colcon_core.package_identification:_identify(src/robot_interfaces) by extension 'ignore'
[0.252s] Level 1:colcon.colcon_core.package_identification:_identify(src/robot_interfaces) by extension 'ignore_ament_install'
[0.252s] Level 1:colcon.colcon_core.package_identification:_identify(src/robot_interfaces) by extensions ['colcon_pkg']
[0.252s] Level 1:colcon.colcon_core.package_identification:_identify(src/robot_interfaces) by extension 'colcon_pkg'
[0.252s] Level 1:colcon.colcon_core.package_identification:_identify(src/robot_interfaces) by extensions ['colcon_meta']
[0.252s] Level 1:colcon.colcon_core.package_identification:_identify(src/robot_interfaces) by extension 'colcon_meta'
[0.252s] Level 1:colcon.colcon_core.package_identification:_identify(src/robot_interfaces) by extensions ['ros']
[0.252s] Level 1:colcon.colcon_core.package_identification:_identify(src/robot_interfaces) by extension 'ros'
[0.253s] DEBUG:colcon.colcon_core.package_identification:Package 'src/robot_interfaces' with type 'ros.ament_cmake' and name 'robot_interfaces'
[0.253s] Level 1:colcon.colcon_core.package_identification:_identify(src/robot_vision) by extensions ['ignore', 'ignore_ament_install']
[0.253s] Level 1:colcon.colcon_core.package_identification:_identify(src/robot_vision) by extension 'ignore'
[0.253s] Level 1:colcon.colcon_core.package_identification:_identify(src/robot_vision) by extension 'ignore_ament_install'
[0.253s] Level 1:colcon.colcon_core.package_identification:_identify(src/robot_vision) by extensions ['colcon_pkg']
[0.253s] Level 1:colcon.colcon_core.package_identification:_identify(src/robot_vision) by extension 'colcon_pkg'
[0.253s] Level 1:colcon.colcon_core.package_identification:_identify(src/robot_vision) by extensions ['colcon_meta']
[0.253s] Level 1:colcon.colcon_core.package_identification:_identify(src/robot_vision) by extension 'colcon_meta'
[0.253s] Level 1:colcon.colcon_core.package_identification:_identify(src/robot_vision) by extensions ['ros']
[0.253s] Level 1:colcon.colcon_core.package_identification:_identify(src/robot_vision) by extension 'ros'
[0.254s] DEBUG:colcon.colcon_core.package_identification:Package 'src/robot_vision' with type 'ros.ament_python' and name 'robot_vision'
[0.254s] Level 1:colcon.colcon_core.package_discovery:discover_packages(recursive) using defaults
[0.254s] Level 1:colcon.colcon_core.package_discovery:discover_packages(ignore) discover
[0.254s] Level 1:colcon.colcon_core.package_discovery:discover_packages(ignore) using defaults
[0.254s] Level 1:colcon.colcon_core.package_discovery:discover_packages(path) discover
[0.254s] Level 1:colcon.colcon_core.package_discovery:discover_packages(path) using defaults
[0.279s] Level 1:colcon.colcon_core.package_discovery:discover_packages(prefix_path) check parameters
[0.279s] Level 1:colcon.colcon_core.package_discovery:discover_packages(prefix_path) discover
[0.282s] DEBUG:colcon.colcon_installed_package_information.package_discovery:Found 1 installed packages in /home/quin/project_ws/quin_ws/install
[0.282s] DEBUG:colcon.colcon_installed_package_information.package_discovery:Found 3 installed packages in /home/quin/uros_ws/install
[0.284s] DEBUG:colcon.colcon_installed_package_information.package_discovery:Found 230 installed packages in /opt/ros/jazzy
[0.284s] Level 1:colcon.colcon_core.package_discovery:discover_packages(prefix_path) using defaults
[0.331s] Level 5:colcon.colcon_core.verb:set package 'robot_actuator' build argument 'cmake_args' from command line to 'None'
[0.331s] Level 5:colcon.colcon_core.verb:set package 'robot_actuator' build argument 'cmake_target' from command line to 'None'
[0.331s] Level 5:colcon.colcon_core.verb:set package 'robot_actuator' build argument 'cmake_target_skip_unavailable' from command line to 'False'
[0.331s] Level 5:colcon.colcon_core.verb:set package 'robot_actuator' build argument 'cmake_clean_cache' from command line to 'False'
[0.331s] Level 5:colcon.colcon_core.verb:set package 'robot_actuator' build argument 'cmake_clean_first' from command line to 'False'
[0.331s] Level 5:colcon.colcon_core.verb:set package 'robot_actuator' build argument 'cmake_force_configure' from command line to 'False'
[0.331s] Level 5:colcon.colcon_core.verb:set package 'robot_actuator' build argument 'ament_cmake_args' from command line to 'None'
[0.331s] Level 5:colcon.colcon_core.verb:set package 'robot_actuator' build argument 'catkin_cmake_args' from command line to 'None'
[0.331s] Level 5:colcon.colcon_core.verb:set package 'robot_actuator' build argument 'catkin_skip_building_tests' from command line to 'False'
[0.331s] DEBUG:colcon.colcon_core.verb:Building package 'robot_actuator' with the following arguments: {'ament_cmake_args': None, 'build_base': '/home/quin/cabbage_project/ros2_ws/build/robot_actuator', 'catkin_cmake_args': None, 'catkin_skip_building_tests': False, 'cmake_args': None, 'cmake_clean_cache': False, 'cmake_clean_first': False, 'cmake_force_configure': False, 'cmake_target': None, 'cmake_target_skip_unavailable': False, 'install_base': '/home/quin/cabbage_project/ros2_ws/install/robot_actuator', 'merge_install': False, 'path': '/home/quin/cabbage_project/ros2_ws/src/robot_actuator', 'symlink_install': False, 'test_result_base': None}
[0.331s] Level 5:colcon.colcon_core.verb:set package 'robot_bringup' build argument 'cmake_args' from command line to 'None'
[0.331s] Level 5:colcon.colcon_core.verb:set package 'robot_bringup' build argument 'cmake_target' from command line to 'None'
[0.331s] Level 5:colcon.colcon_core.verb:set package 'robot_bringup' build argument 'cmake_target_skip_unavailable' from command line to 'False'
[0.332s] Level 5:colcon.colcon_core.verb:set package 'robot_bringup' build argument 'cmake_clean_cache' from command line to 'False'
[0.332s] Level 5:colcon.colcon_core.verb:set package 'robot_bringup' build argument 'cmake_clean_first' from command line to 'False'
[0.332s] Level 5:colcon.colcon_core.verb:set package 'robot_bringup' build argument 'cmake_force_configure' from command line to 'False'
[0.332s] Level 5:colcon.colcon_core.verb:set package 'robot_bringup' build argument 'ament_cmake_args' from command line to 'None'
[0.332s] Level 5:colcon.colcon_core.verb:set package 'robot_bringup' build argument 'catkin_cmake_args' from command line to 'None'
[0.332s] Level 5:colcon.colcon_core.verb:set package 'robot_bringup' build argument 'catkin_skip_building_tests' from command line to 'False'
[0.332s] DEBUG:colcon.colcon_core.verb:Building package 'robot_bringup' with the following arguments: {'ament_cmake_args': None, 'build_base': '/home/quin/cabbage_project/ros2_ws/build/robot_bringup', 'catkin_cmake_args': None, 'catkin_skip_building_tests': False, 'cmake_args': None, 'cmake_clean_cache': False, 'cmake_clean_first': False, 'cmake_force_configure': False, 'cmake_target': None, 'cmake_target_skip_unavailable': False, 'install_base': '/home/quin/cabbage_project/ros2_ws/install/robot_bringup', 'merge_install': False, 'path': '/home/quin/cabbage_project/ros2_ws/src/robot_bringup', 'symlink_install': False, 'test_result_base': None}
[0.332s] Level 5:colcon.colcon_core.verb:set package 'robot_core' build argument 'cmake_args' from command line to 'None'
[0.332s] Level 5:colcon.colcon_core.verb:set package 'robot_core' build argument 'cmake_target' from command line to 'None'
[0.332s] Level 5:colcon.colcon_core.verb:set package 'robot_core' build argument 'cmake_target_skip_unavailable' from command line to 'False'
[0.332s] Level 5:colcon.colcon_core.verb:set package 'robot_core' build argument 'cmake_clean_cache' from command line to 'False'
[0.332s] Level 5:colcon.colcon_core.verb:set package 'robot_core' build argument 'cmake_clean_first' from command line to 'False'
[0.332s] Level 5:colcon.colcon_core.verb:set package 'robot_core' build argument 'cmake_force_configure' from command line to 'False'
[0.332s] Level 5:colcon.colcon_core.verb:set package 'robot_core' build argument 'ament_cmake_args' from command line to 'None'
[0.332s] Level 5:colcon.colcon_core.verb:set package 'robot_core' build argument 'catkin_cmake_args' from command line to 'None'
[0.332s] Level 5:colcon.colcon_core.verb:set package 'robot_core' build argument 'catkin_skip_building_tests' from command line to 'False'
[0.332s] DEBUG:colcon.colcon_core.verb:Building package 'robot_core' with the following arguments: {'ament_cmake_args': None, 'build_base': '/home/quin/cabbage_project/ros2_ws/build/robot_core', 'catkin_cmake_args': None, 'catkin_skip_building_tests': False, 'cmake_args': None, 'cmake_clean_cache': False, 'cmake_clean_first': False, 'cmake_force_configure': False, 'cmake_target': None, 'cmake_target_skip_unavailable': False, 'install_base': '/home/quin/cabbage_project/ros2_ws/install/robot_core', 'merge_install': False, 'path': '/home/quin/cabbage_project/ros2_ws/src/robot_core', 'symlink_install': False, 'test_result_base': None}
[0.333s] Level 5:colcon.colcon_core.verb:set package 'robot_dashboard' build argument 'cmake_args' from command line to 'None'
[0.333s] Level 5:colcon.colcon_core.verb:set package 'robot_dashboard' build argument 'cmake_target' from command line to 'None'
[0.333s] Level 5:colcon.colcon_core.verb:set package 'robot_dashboard' build argument 'cmake_target_skip_unavailable' from command line to 'False'
[0.333s] Level 5:colcon.colcon_core.verb:set package 'robot_dashboard' build argument 'cmake_clean_cache' from command line to 'False'
[0.333s] Level 5:colcon.colcon_core.verb:set package 'robot_dashboard' build argument 'cmake_clean_first' from command line to 'False'
[0.333s] Level 5:colcon.colcon_core.verb:set package 'robot_dashboard' build argument 'cmake_force_configure' from command line to 'False'
[0.333s] Level 5:colcon.colcon_core.verb:set package 'robot_dashboard' build argument 'ament_cmake_args' from command line to 'None'
[0.333s] Level 5:colcon.colcon_core.verb:set package 'robot_dashboard' build argument 'catkin_cmake_args' from command line to 'None'
[0.333s] Level 5:colcon.colcon_core.verb:set package 'robot_dashboard' build argument 'catkin_skip_building_tests' from command line to 'False'
[0.333s] DEBUG:colcon.colcon_core.verb:Building package 'robot_dashboard' with the following arguments: {'ament_cmake_args': None, 'build_base': '/home/quin/cabbage_project/ros2_ws/build/robot_dashboard', 'catkin_cmake_args': None, 'catkin_skip_building_tests': False, 'cmake_args': None, 'cmake_clean_cache': False, 'cmake_clean_first': False, 'cmake_force_configure': False, 'cmake_target': None, 'cmake_target_skip_unavailable': False, 'install_base': '/home/quin/cabbage_project/ros2_ws/install/robot_dashboard', 'merge_install': False, 'path': '/home/quin/cabbage_project/ros2_ws/src/robot_dashboard', 'symlink_install': False, 'test_result_base': None}
[0.333s] Level 5:colcon.colcon_core.verb:set package 'robot_interfaces' build argument 'cmake_args' from command line to 'None'
[0.333s] Level 5:colcon.colcon_core.verb:set package 'robot_interfaces' build argument 'cmake_target' from command line to 'None'
[0.333s] Level 5:colcon.colcon_core.verb:set package 'robot_interfaces' build argument 'cmake_target_skip_unavailable' from command line to 'False'
[0.333s] Level 5:colcon.colcon_core.verb:set package 'robot_interfaces' build argument 'cmake_clean_cache' from command line to 'False'
[0.333s] Level 5:colcon.colcon_core.verb:set package 'robot_interfaces' build argument 'cmake_clean_first' from command line to 'False'
[0.333s] Level 5:colcon.colcon_core.verb:set package 'robot_interfaces' build argument 'cmake_force_configure' from command line to 'False'
[0.333s] Level 5:colcon.colcon_core.verb:set package 'robot_interfaces' build argument 'ament_cmake_args' from command line to 'None'
[0.333s] Level 5:colcon.colcon_core.verb:set package 'robot_interfaces' build argument 'catkin_cmake_args' from command line to 'None'
[0.333s] Level 5:colcon.colcon_core.verb:set package 'robot_interfaces' build argument 'catkin_skip_building_tests' from command line to 'False'
[0.333s] DEBUG:colcon.colcon_core.verb:Building package 'robot_interfaces' with the following arguments: {'ament_cmake_args': None, 'build_base': '/home/quin/cabbage_project/ros2_ws/build/robot_interfaces', 'catkin_cmake_args': None, 'catkin_skip_building_tests': False, 'cmake_args': None, 'cmake_clean_cache': False, 'cmake_clean_first': False, 'cmake_force_configure': False, 'cmake_target': None, 'cmake_target_skip_unavailable': False, 'install_base': '/home/quin/cabbage_project/ros2_ws/install/robot_interfaces', 'merge_install': False, 'path': '/home/quin/cabbage_project/ros2_ws/src/robot_interfaces', 'symlink_install': False, 'test_result_base': None}
[0.334s] Level 5:colcon.colcon_core.verb:set package 'robot_vision' build argument 'cmake_args' from command line to 'None'
[0.334s] Level 5:colcon.colcon_core.verb:set package 'robot_vision' build argument 'cmake_target' from command line to 'None'
[0.334s] Level 5:colcon.colcon_core.verb:set package 'robot_vision' build argument 'cmake_target_skip_unavailable' from command line to 'False'
[0.334s] Level 5:colcon.colcon_core.verb:set package 'robot_vision' build argument 'cmake_clean_cache' from command line to 'False'
[0.334s] Level 5:colcon.colcon_core.verb:set package 'robot_vision' build argument 'cmake_clean_first' from command line to 'False'
[0.334s] Level 5:colcon.colcon_core.verb:set package 'robot_vision' build argument 'cmake_force_configure' from command line to 'False'
[0.334s] Level 5:colcon.colcon_core.verb:set package 'robot_vision' build argument 'ament_cmake_args' from command line to 'None'
[0.334s] Level 5:colcon.colcon_core.verb:set package 'robot_vision' build argument 'catkin_cmake_args' from command line to 'None'
[0.334s] Level 5:colcon.colcon_core.verb:set package 'robot_vision' build argument 'catkin_skip_building_tests' from command line to 'False'
[0.334s] DEBUG:colcon.colcon_core.verb:Building package 'robot_vision' with the following arguments: {'ament_cmake_args': None, 'build_base': '/home/quin/cabbage_project/ros2_ws/build/robot_vision', 'catkin_cmake_args': None, 'catkin_skip_building_tests': False, 'cmake_args': None, 'cmake_clean_cache': False, 'cmake_clean_first': False, 'cmake_force_configure': False, 'cmake_target': None, 'cmake_target_skip_unavailable': False, 'install_base': '/home/quin/cabbage_project/ros2_ws/install/robot_vision', 'merge_install': False, 'path': '/home/quin/cabbage_project/ros2_ws/src/robot_vision', 'symlink_install': False, 'test_result_base': None}
[0.334s] INFO:colcon.colcon_core.executor:Executing jobs using 'parallel' executor
[0.335s] DEBUG:colcon.colcon_parallel_executor.executor.parallel:run_until_complete
[0.336s] INFO:colcon.colcon_ros.task.ament_cmake.build:Building ROS package in '/home/quin/cabbage_project/ros2_ws/src/robot_actuator' with build type 'ament_cmake'
[0.336s] INFO:colcon.colcon_cmake.task.cmake.build:Building CMake package in '/home/quin/cabbage_project/ros2_ws/src/robot_actuator'
[0.338s] INFO:colcon.colcon_core.plugin_system:Skipping extension 'colcon_core.shell.bat': Not used on non-Windows systems
[0.339s] INFO:colcon.colcon_core.shell:Skip shell extension 'powershell' for command environment: Not usable outside of PowerShell
[0.339s] DEBUG:colcon.colcon_core.shell:Skip shell extension 'dsv' for command environment
[0.343s] INFO:colcon.colcon_ros.task.ament_python.build:Building ROS package in '/home/quin/cabbage_project/ros2_ws/src/robot_bringup' with build type 'ament_python'
[0.343s] Level 1:colcon.colcon_core.shell:create_environment_hook('robot_bringup', 'ament_prefix_path')
[0.344s] INFO:colcon.colcon_core.shell:Creating environment hook '/home/quin/cabbage_project/ros2_ws/install/robot_bringup/share/robot_bringup/hook/ament_prefix_path.ps1'
[0.364s] INFO:colcon.colcon_core.shell:Creating environment descriptor '/home/quin/cabbage_project/ros2_ws/install/robot_bringup/share/robot_bringup/hook/ament_prefix_path.dsv'
[0.366s] INFO:colcon.colcon_core.shell:Creating environment hook '/home/quin/cabbage_project/ros2_ws/install/robot_bringup/share/robot_bringup/hook/ament_prefix_path.sh'
[0.367s] INFO:colcon.colcon_core.shell:Skip shell extension 'powershell' for command environment: Not usable outside of PowerShell
[0.367s] DEBUG:colcon.colcon_core.shell:Skip shell extension 'dsv' for command environment
[0.373s] INFO:colcon.colcon_ros.task.ament_python.build:Building ROS package in '/home/quin/cabbage_project/ros2_ws/src/robot_core' with build type 'ament_python'
[0.373s] Level 1:colcon.colcon_core.shell:create_environment_hook('robot_core', 'ament_prefix_path')
[0.374s] INFO:colcon.colcon_core.shell:Creating environment hook '/home/quin/cabbage_project/ros2_ws/install/robot_core/share/robot_core/hook/ament_prefix_path.ps1'
[0.375s] INFO:colcon.colcon_core.shell:Creating environment descriptor '/home/quin/cabbage_project/ros2_ws/install/robot_core/share/robot_core/hook/ament_prefix_path.dsv'
[0.376s] INFO:colcon.colcon_core.shell:Creating environment hook '/home/quin/cabbage_project/ros2_ws/install/robot_core/share/robot_core/hook/ament_prefix_path.sh'
[0.377s] INFO:colcon.colcon_core.shell:Skip shell extension 'powershell' for command environment: Not usable outside of PowerShell
[0.377s] DEBUG:colcon.colcon_core.shell:Skip shell extension 'dsv' for command environment
[0.382s] INFO:colcon.colcon_ros.task.ament_python.build:Building ROS package in '/home/quin/cabbage_project/ros2_ws/src/robot_dashboard' with build type 'ament_python'
[0.382s] Level 1:colcon.colcon_core.shell:create_environment_hook('robot_dashboard', 'ament_prefix_path')
[0.383s] INFO:colcon.colcon_core.shell:Creating environment hook '/home/quin/cabbage_project/ros2_ws/install/robot_dashboard/share/robot_dashboard/hook/ament_prefix_path.ps1'
[0.384s] INFO:colcon.colcon_core.shell:Creating environment descriptor '/home/quin/cabbage_project/ros2_ws/install/robot_dashboard/share/robot_dashboard/hook/ament_prefix_path.dsv'
[0.384s] INFO:colcon.colcon_core.shell:Creating environment hook '/home/quin/cabbage_project/ros2_ws/install/robot_dashboard/share/robot_dashboard/hook/ament_prefix_path.sh'
[0.385s] INFO:colcon.colcon_core.shell:Skip shell extension 'powershell' for command environment: Not usable outside of PowerShell
[0.385s] DEBUG:colcon.colcon_core.shell:Skip shell extension 'dsv' for command environment
[0.397s] DEBUG:colcon.colcon_core.event_handler.log_command:Invoking command in '/home/quin/cabbage_project/ros2_ws/build/robot_actuator': CMAKE_PREFIX_PATH=${CMAKE_PREFIX_PATH}:/opt/ros/jazzy /usr/bin/cmake --build /home/quin/cabbage_project/ros2_ws/build/robot_actuator -- -j4 -l4
[0.723s] INFO:colcon.colcon_core.task.python.build:Building Python package in '/home/quin/cabbage_project/ros2_ws/src/robot_bringup'
[0.724s] INFO:colcon.colcon_core.shell:Skip shell extension 'powershell' for command environment: Not usable outside of PowerShell
[0.724s] DEBUG:colcon.colcon_core.shell:Skip shell extension 'dsv' for command environment
[1.038s] INFO:colcon.colcon_core.task.python.build:Building Python package in '/home/quin/cabbage_project/ros2_ws/src/robot_core'
[1.038s] INFO:colcon.colcon_core.shell:Skip shell extension 'powershell' for command environment: Not usable outside of PowerShell
[1.038s] DEBUG:colcon.colcon_core.shell:Skip shell extension 'dsv' for command environment
[1.046s] DEBUG:colcon.colcon_core.event_handler.log_command:Invoked command in '/home/quin/cabbage_project/ros2_ws/build/robot_actuator' returned '0': CMAKE_PREFIX_PATH=${CMAKE_PREFIX_PATH}:/opt/ros/jazzy /usr/bin/cmake --build /home/quin/cabbage_project/ros2_ws/build/robot_actuator -- -j4 -l4
[1.064s] DEBUG:colcon.colcon_core.event_handler.log_command:Invoking command in '/home/quin/cabbage_project/ros2_ws/build/robot_actuator': CMAKE_PREFIX_PATH=${CMAKE_PREFIX_PATH}:/opt/ros/jazzy /usr/bin/cmake --install /home/quin/cabbage_project/ros2_ws/build/robot_actuator
[1.376s] INFO:colcon.colcon_core.task.python.build:Building Python package in '/home/quin/cabbage_project/ros2_ws/src/robot_dashboard'
[1.376s] INFO:colcon.colcon_core.shell:Skip shell extension 'powershell' for command environment: Not usable outside of PowerShell
[1.376s] DEBUG:colcon.colcon_core.shell:Skip shell extension 'dsv' for command environment
[1.388s] Level 1:colcon.colcon_core.environment:create_environment_scripts_only(robot_actuator)
[1.389s] DEBUG:colcon.colcon_core.event_handler.log_command:Invoked command in '/home/quin/cabbage_project/ros2_ws/build/robot_actuator' returned '0': CMAKE_PREFIX_PATH=${CMAKE_PREFIX_PATH}:/opt/ros/jazzy /usr/bin/cmake --install /home/quin/cabbage_project/ros2_ws/build/robot_actuator
[1.393s] Level 1:colcon.colcon_core.environment:checking '/home/quin/cabbage_project/ros2_ws/install/robot_actuator' for CMake module files
[1.394s] Level 1:colcon.colcon_core.environment:checking '/home/quin/cabbage_project/ros2_ws/install/robot_actuator' for CMake config files
[1.395s] Level 1:colcon.colcon_core.shell:create_environment_hook('robot_actuator', 'cmake_prefix_path')
[1.395s] INFO:colcon.colcon_core.shell:Creating environment hook '/home/quin/cabbage_project/ros2_ws/install/robot_actuator/share/robot_actuator/hook/cmake_prefix_path.ps1'
[1.396s] INFO:colcon.colcon_core.shell:Creating environment descriptor '/home/quin/cabbage_project/ros2_ws/install/robot_actuator/share/robot_actuator/hook/cmake_prefix_path.dsv'
[1.397s] INFO:colcon.colcon_core.shell:Creating environment hook '/home/quin/cabbage_project/ros2_ws/install/robot_actuator/share/robot_actuator/hook/cmake_prefix_path.sh'
[1.398s] Level 1:colcon.colcon_core.environment:checking '/home/quin/cabbage_project/ros2_ws/install/robot_actuator/bin'
[1.398s] Level 1:colcon.colcon_core.environment:checking '/home/quin/cabbage_project/ros2_ws/install/robot_actuator/lib/pkgconfig/robot_actuator.pc'
[1.398s] Level 1:colcon.colcon_core.environment:checking '/home/quin/cabbage_project/ros2_ws/install/robot_actuator/lib/python3.12/site-packages'
[1.399s] Level 1:colcon.colcon_core.environment:checking '/home/quin/cabbage_project/ros2_ws/install/robot_actuator/bin'
[1.399s] INFO:colcon.colcon_core.shell:Creating package script '/home/quin/cabbage_project/ros2_ws/install/robot_actuator/share/robot_actuator/package.ps1'
[1.400s] INFO:colcon.colcon_core.shell:Creating package descriptor '/home/quin/cabbage_project/ros2_ws/install/robot_actuator/share/robot_actuator/package.dsv'
[1.401s] INFO:colcon.colcon_core.shell:Creating package script '/home/quin/cabbage_project/ros2_ws/install/robot_actuator/share/robot_actuator/package.sh'
[1.402s] INFO:colcon.colcon_core.shell:Creating package script '/home/quin/cabbage_project/ros2_ws/install/robot_actuator/share/robot_actuator/package.bash'
[1.403s] INFO:colcon.colcon_core.shell:Creating package script '/home/quin/cabbage_project/ros2_ws/install/robot_actuator/share/robot_actuator/package.zsh'
[1.404s] Level 1:colcon.colcon_core.environment:create_file_with_runtime_dependencies(/home/quin/cabbage_project/ros2_ws/install/robot_actuator/share/colcon-core/packages/robot_actuator)
[1.405s] Level 1:colcon.colcon_core.environment:create_environment_scripts_only(robot_actuator)
[1.406s] Level 1:colcon.colcon_core.environment:checking '/home/quin/cabbage_project/ros2_ws/install/robot_actuator' for CMake module files
[1.407s] Level 1:colcon.colcon_core.environment:checking '/home/quin/cabbage_project/ros2_ws/install/robot_actuator' for CMake config files
[1.407s] Level 1:colcon.colcon_core.shell:create_environment_hook('robot_actuator', 'cmake_prefix_path')
[1.407s] INFO:colcon.colcon_core.shell:Creating environment hook '/home/quin/cabbage_project/ros2_ws/install/robot_actuator/share/robot_actuator/hook/cmake_prefix_path.ps1'
[1.408s] INFO:colcon.colcon_core.shell:Creating environment descriptor '/home/quin/cabbage_project/ros2_ws/install/robot_actuator/share/robot_actuator/hook/cmake_prefix_path.dsv'
[1.409s] INFO:colcon.colcon_core.shell:Creating environment hook '/home/quin/cabbage_project/ros2_ws/install/robot_actuator/share/robot_actuator/hook/cmake_prefix_path.sh'
[1.410s] Level 1:colcon.colcon_core.environment:checking '/home/quin/cabbage_project/ros2_ws/install/robot_actuator/bin'
[1.410s] Level 1:colcon.colcon_core.environment:checking '/home/quin/cabbage_project/ros2_ws/install/robot_actuator/lib/pkgconfig/robot_actuator.pc'
[1.410s] Level 1:colcon.colcon_core.environment:checking '/home/quin/cabbage_project/ros2_ws/install/robot_actuator/lib/python3.12/site-packages'
[1.411s] Level 1:colcon.colcon_core.environment:checking '/home/quin/cabbage_project/ros2_ws/install/robot_actuator/bin'
[1.411s] INFO:colcon.colcon_core.shell:Creating package script '/home/quin/cabbage_project/ros2_ws/install/robot_actuator/share/robot_actuator/package.ps1'
[1.412s] INFO:colcon.colcon_core.shell:Creating package descriptor '/home/quin/cabbage_project/ros2_ws/install/robot_actuator/share/robot_actuator/package.dsv'
[1.413s] INFO:colcon.colcon_core.shell:Creating package script '/home/quin/cabbage_project/ros2_ws/install/robot_actuator/share/robot_actuator/package.sh'
[1.414s] INFO:colcon.colcon_core.shell:Creating package script '/home/quin/cabbage_project/ros2_ws/install/robot_actuator/share/robot_actuator/package.bash'
[1.415s] INFO:colcon.colcon_core.shell:Creating package script '/home/quin/cabbage_project/ros2_ws/install/robot_actuator/share/robot_actuator/package.zsh'
[1.415s] Level 1:colcon.colcon_core.environment:create_file_with_runtime_dependencies(/home/quin/cabbage_project/ros2_ws/install/robot_actuator/share/colcon-core/packages/robot_actuator)
[1.416s] INFO:colcon.colcon_ros.task.ament_cmake.build:Building ROS package in '/home/quin/cabbage_project/ros2_ws/src/robot_interfaces' with build type 'ament_cmake'
[1.417s] INFO:colcon.colcon_cmake.task.cmake.build:Building CMake package in '/home/quin/cabbage_project/ros2_ws/src/robot_interfaces'
[1.417s] INFO:colcon.colcon_core.shell:Skip shell extension 'powershell' for command environment: Not usable outside of PowerShell
[1.417s] DEBUG:colcon.colcon_core.shell:Skip shell extension 'dsv' for command environment
[1.441s] DEBUG:colcon.colcon_core.event_handler.log_command:Invoking command in '/home/quin/cabbage_project/ros2_ws/build/robot_interfaces': CMAKE_PREFIX_PATH=${CMAKE_PREFIX_PATH}:/opt/ros/jazzy /usr/bin/cmake --build /home/quin/cabbage_project/ros2_ws/build/robot_interfaces -- -j4 -l4
[1.528s] DEBUG:colcon.colcon_core.event_handler.log_command:Invoked command in '/home/quin/cabbage_project/ros2_ws/build/robot_interfaces' returned '0': CMAKE_PREFIX_PATH=${CMAKE_PREFIX_PATH}:/opt/ros/jazzy /usr/bin/cmake --build /home/quin/cabbage_project/ros2_ws/build/robot_interfaces -- -j4 -l4
[1.531s] DEBUG:colcon.colcon_core.event_handler.log_command:Invoking command in '/home/quin/cabbage_project/ros2_ws/build/robot_interfaces': CMAKE_PREFIX_PATH=${CMAKE_PREFIX_PATH}:/opt/ros/jazzy /usr/bin/cmake --install /home/quin/cabbage_project/ros2_ws/build/robot_interfaces
[1.557s] Level 1:colcon.colcon_core.environment:create_environment_scripts_only(robot_interfaces)
[1.558s] Level 1:colcon.colcon_core.environment:checking '/home/quin/cabbage_project/ros2_ws/install/robot_interfaces' for CMake module files
[1.559s] Level 1:colcon.colcon_core.environment:checking '/home/quin/cabbage_project/ros2_ws/install/robot_interfaces' for CMake config files
[1.559s] Level 1:colcon.colcon_core.shell:create_environment_hook('robot_interfaces', 'cmake_prefix_path')
[1.559s] INFO:colcon.colcon_core.shell:Creating environment hook '/home/quin/cabbage_project/ros2_ws/install/robot_interfaces/share/robot_interfaces/hook/cmake_prefix_path.ps1'
[1.560s] DEBUG:colcon.colcon_core.event_handler.log_command:Invoked command in '/home/quin/cabbage_project/ros2_ws/build/robot_interfaces' returned '0': CMAKE_PREFIX_PATH=${CMAKE_PREFIX_PATH}:/opt/ros/jazzy /usr/bin/cmake --install /home/quin/cabbage_project/ros2_ws/build/robot_interfaces
[1.561s] INFO:colcon.colcon_core.shell:Creating environment descriptor '/home/quin/cabbage_project/ros2_ws/install/robot_interfaces/share/robot_interfaces/hook/cmake_prefix_path.dsv'
[1.562s] INFO:colcon.colcon_core.shell:Creating environment hook '/home/quin/cabbage_project/ros2_ws/install/robot_interfaces/share/robot_interfaces/hook/cmake_prefix_path.sh'
[1.563s] Level 1:colcon.colcon_core.environment:checking '/home/quin/cabbage_project/ros2_ws/install/robot_interfaces/bin'
[1.564s] Level 1:colcon.colcon_core.environment:checking '/home/quin/cabbage_project/ros2_ws/install/robot_interfaces/lib/pkgconfig/robot_interfaces.pc'
[1.564s] Level 1:colcon.colcon_core.environment:checking '/home/quin/cabbage_project/ros2_ws/install/robot_interfaces/lib/python3.12/site-packages'
[1.564s] Level 1:colcon.colcon_core.environment:checking '/home/quin/cabbage_project/ros2_ws/install/robot_interfaces/bin'
[1.565s] INFO:colcon.colcon_core.shell:Creating package script '/home/quin/cabbage_project/ros2_ws/install/robot_interfaces/share/robot_interfaces/package.ps1'
[1.566s] INFO:colcon.colcon_core.shell:Creating package descriptor '/home/quin/cabbage_project/ros2_ws/install/robot_interfaces/share/robot_interfaces/package.dsv'
[1.567s] INFO:colcon.colcon_core.shell:Creating package script '/home/quin/cabbage_project/ros2_ws/install/robot_interfaces/share/robot_interfaces/package.sh'
[1.568s] INFO:colcon.colcon_core.shell:Creating package script '/home/quin/cabbage_project/ros2_ws/install/robot_interfaces/share/robot_interfaces/package.bash'
[1.569s] INFO:colcon.colcon_core.shell:Creating package script '/home/quin/cabbage_project/ros2_ws/install/robot_interfaces/share/robot_interfaces/package.zsh'
[1.569s] Level 1:colcon.colcon_core.environment:create_file_with_runtime_dependencies(/home/quin/cabbage_project/ros2_ws/install/robot_interfaces/share/colcon-core/packages/robot_interfaces)
[1.570s] Level 1:colcon.colcon_core.environment:create_environment_scripts_only(robot_interfaces)
[1.571s] Level 1:colcon.colcon_core.environment:checking '/home/quin/cabbage_project/ros2_ws/install/robot_interfaces' for CMake module files
[1.572s] Level 1:colcon.colcon_core.environment:checking '/home/quin/cabbage_project/ros2_ws/install/robot_interfaces' for CMake config files
[1.572s] Level 1:colcon.colcon_core.shell:create_environment_hook('robot_interfaces', 'cmake_prefix_path')
[1.573s] INFO:colcon.colcon_core.shell:Creating environment hook '/home/quin/cabbage_project/ros2_ws/install/robot_interfaces/share/robot_interfaces/hook/cmake_prefix_path.ps1'
[1.574s] INFO:colcon.colcon_core.shell:Creating environment descriptor '/home/quin/cabbage_project/ros2_ws/install/robot_interfaces/share/robot_interfaces/hook/cmake_prefix_path.dsv'
[1.574s] INFO:colcon.colcon_core.shell:Creating environment hook '/home/quin/cabbage_project/ros2_ws/install/robot_interfaces/share/robot_interfaces/hook/cmake_prefix_path.sh'
[1.576s] Level 1:colcon.colcon_core.environment:checking '/home/quin/cabbage_project/ros2_ws/install/robot_interfaces/bin'
[1.576s] Level 1:colcon.colcon_core.environment:checking '/home/quin/cabbage_project/ros2_ws/install/robot_interfaces/lib/pkgconfig/robot_interfaces.pc'
[1.576s] Level 1:colcon.colcon_core.environment:checking '/home/quin/cabbage_project/ros2_ws/install/robot_interfaces/lib/python3.12/site-packages'
[1.577s] Level 1:colcon.colcon_core.environment:checking '/home/quin/cabbage_project/ros2_ws/install/robot_interfaces/bin'
[1.577s] INFO:colcon.colcon_core.shell:Creating package script '/home/quin/cabbage_project/ros2_ws/install/robot_interfaces/share/robot_interfaces/package.ps1'
[1.578s] INFO:colcon.colcon_core.shell:Creating package descriptor '/home/quin/cabbage_project/ros2_ws/install/robot_interfaces/share/robot_interfaces/package.dsv'
[1.582s] INFO:colcon.colcon_core.shell:Creating package script '/home/quin/cabbage_project/ros2_ws/install/robot_interfaces/share/robot_interfaces/package.sh'
[1.594s] INFO:colcon.colcon_core.shell:Creating package script '/home/quin/cabbage_project/ros2_ws/install/robot_interfaces/share/robot_interfaces/package.bash'
[1.595s] INFO:colcon.colcon_core.shell:Creating package script '/home/quin/cabbage_project/ros2_ws/install/robot_interfaces/share/robot_interfaces/package.zsh'
[1.596s] Level 1:colcon.colcon_core.environment:create_file_with_runtime_dependencies(/home/quin/cabbage_project/ros2_ws/install/robot_interfaces/share/colcon-core/packages/robot_interfaces)
[1.598s] INFO:colcon.colcon_ros.task.ament_python.build:Building ROS package in '/home/quin/cabbage_project/ros2_ws/src/robot_vision' with build type 'ament_python'
[1.599s] Level 1:colcon.colcon_core.shell:create_environment_hook('robot_vision', 'ament_prefix_path')
[1.599s] INFO:colcon.colcon_core.shell:Creating environment hook '/home/quin/cabbage_project/ros2_ws/install/robot_vision/share/robot_vision/hook/ament_prefix_path.ps1'
[1.600s] INFO:colcon.colcon_core.shell:Creating environment descriptor '/home/quin/cabbage_project/ros2_ws/install/robot_vision/share/robot_vision/hook/ament_prefix_path.dsv'
[1.602s] INFO:colcon.colcon_core.shell:Creating environment hook '/home/quin/cabbage_project/ros2_ws/install/robot_vision/share/robot_vision/hook/ament_prefix_path.sh'
[1.604s] INFO:colcon.colcon_core.shell:Skip shell extension 'powershell' for command environment: Not usable outside of PowerShell
[1.604s] DEBUG:colcon.colcon_core.shell:Skip shell extension 'dsv' for command environment
[2.033s] INFO:colcon.colcon_core.task.python.build:Building Python package in '/home/quin/cabbage_project/ros2_ws/src/robot_vision'
[2.034s] INFO:colcon.colcon_core.shell:Skip shell extension 'powershell' for command environment: Not usable outside of PowerShell
[2.034s] DEBUG:colcon.colcon_core.shell:Skip shell extension 'dsv' for command environment
[2.475s] DEBUG:colcon.colcon_core.event_handler.log_command:Invoking command in '/home/quin/cabbage_project/ros2_ws/src/robot_core': PYTHONPATH=/home/quin/cabbage_project/ros2_ws/build/robot_core/prefix_override:/usr/lib/python3/dist-packages/colcon_core/task/python/colcon_distutils_commands:/home/quin/cabbage_project/ros2_ws/install/robot_core/lib/python3.12/site-packages:${PYTHONPATH} /usr/bin/python3 -W ignore:setup.py install is deprecated -W ignore:easy_install command is deprecated setup.py egg_info --egg-base ../../build/robot_core build --build-base /home/quin/cabbage_project/ros2_ws/build/robot_core/build install --record /home/quin/cabbage_project/ros2_ws/build/robot_core/install.log --single-version-externally-managed install_data
[2.569s] DEBUG:colcon.colcon_core.event_handler.log_command:Invoking command in '/home/quin/cabbage_project/ros2_ws/src/robot_dashboard': PYTHONPATH=/home/quin/cabbage_project/ros2_ws/build/robot_dashboard/prefix_override:/usr/lib/python3/dist-packages/colcon_core/task/python/colcon_distutils_commands:/home/quin/cabbage_project/ros2_ws/install/robot_dashboard/lib/python3.12/site-packages:${PYTHONPATH} /usr/bin/python3 -W ignore:setup.py install is deprecated -W ignore:easy_install command is deprecated setup.py egg_info --egg-base ../../build/robot_dashboard build --build-base /home/quin/cabbage_project/ros2_ws/build/robot_dashboard/build install --record /home/quin/cabbage_project/ros2_ws/build/robot_dashboard/install.log --single-version-externally-managed install_data
[2.598s] DEBUG:colcon.colcon_core.event_handler.log_command:Invoking command in '/home/quin/cabbage_project/ros2_ws/src/robot_bringup': PYTHONPATH=/home/quin/cabbage_project/ros2_ws/build/robot_bringup/prefix_override:/usr/lib/python3/dist-packages/colcon_core/task/python/colcon_distutils_commands:/home/quin/cabbage_project/ros2_ws/install/robot_bringup/lib/python3.12/site-packages:${PYTHONPATH} /usr/bin/python3 -W ignore:setup.py install is deprecated -W ignore:easy_install command is deprecated setup.py egg_info --egg-base ../../build/robot_bringup build --build-base /home/quin/cabbage_project/ros2_ws/build/robot_bringup/build install --record /home/quin/cabbage_project/ros2_ws/build/robot_bringup/install.log --single-version-externally-managed install_data
[3.159s] DEBUG:colcon.colcon_core.event_handler.log_command:Invoking command in '/home/quin/cabbage_project/ros2_ws/src/robot_vision': PYTHONPATH=/home/quin/cabbage_project/ros2_ws/build/robot_vision/prefix_override:/usr/lib/python3/dist-packages/colcon_core/task/python/colcon_distutils_commands:/home/quin/cabbage_project/ros2_ws/install/robot_vision/lib/python3.12/site-packages:${PYTHONPATH} /usr/bin/python3 -W ignore:setup.py install is deprecated -W ignore:easy_install command is deprecated setup.py egg_info --egg-base ../../build/robot_vision build --build-base /home/quin/cabbage_project/ros2_ws/build/robot_vision/build install --record /home/quin/cabbage_project/ros2_ws/build/robot_vision/install.log --single-version-externally-managed install_data
[3.457s] Level 1:colcon.colcon_core.environment:checking '/home/quin/cabbage_project/ros2_ws/install/robot_core' for CMake module files
[3.457s] DEBUG:colcon.colcon_core.event_handler.log_command:Invoked command in '/home/quin/cabbage_project/ros2_ws/src/robot_core' returned '0': PYTHONPATH=/home/quin/cabbage_project/ros2_ws/build/robot_core/prefix_override:/usr/lib/python3/dist-packages/colcon_core/task/python/colcon_distutils_commands:/home/quin/cabbage_project/ros2_ws/install/robot_core/lib/python3.12/site-packages:${PYTHONPATH} /usr/bin/python3 -W ignore:setup.py install is deprecated -W ignore:easy_install command is deprecated setup.py egg_info --egg-base ../../build/robot_core build --build-base /home/quin/cabbage_project/ros2_ws/build/robot_core/build install --record /home/quin/cabbage_project/ros2_ws/build/robot_core/install.log --single-version-externally-managed install_data
[3.458s] Level 1:colcon.colcon_core.environment:checking '/home/quin/cabbage_project/ros2_ws/install/robot_core' for CMake config files
[3.459s] Level 1:colcon.colcon_core.environment:checking '/home/quin/cabbage_project/ros2_ws/install/robot_core/lib'
[3.460s] Level 1:colcon.colcon_core.environment:checking '/home/quin/cabbage_project/ros2_ws/install/robot_core/bin'
[3.460s] Level 1:colcon.colcon_core.environment:checking '/home/quin/cabbage_project/ros2_ws/install/robot_core/lib/pkgconfig/robot_core.pc'
[3.460s] Level 1:colcon.colcon_core.environment:checking '/home/quin/cabbage_project/ros2_ws/install/robot_core/lib/python3.12/site-packages'
[3.461s] Level 1:colcon.colcon_core.shell:create_environment_hook('robot_core', 'pythonpath')
[3.461s] INFO:colcon.colcon_core.shell:Creating environment hook '/home/quin/cabbage_project/ros2_ws/install/robot_core/share/robot_core/hook/pythonpath.ps1'
[3.462s] INFO:colcon.colcon_core.shell:Creating environment descriptor '/home/quin/cabbage_project/ros2_ws/install/robot_core/share/robot_core/hook/pythonpath.dsv'
[3.462s] INFO:colcon.colcon_core.shell:Creating environment hook '/home/quin/cabbage_project/ros2_ws/install/robot_core/share/robot_core/hook/pythonpath.sh'
[3.463s] Level 1:colcon.colcon_core.environment:checking '/home/quin/cabbage_project/ros2_ws/install/robot_core/bin'
[3.463s] Level 1:colcon.colcon_core.environment:create_environment_scripts_only(robot_core)
[3.464s] INFO:colcon.colcon_core.shell:Creating package script '/home/quin/cabbage_project/ros2_ws/install/robot_core/share/robot_core/package.ps1'
[3.465s] INFO:colcon.colcon_core.shell:Creating package descriptor '/home/quin/cabbage_project/ros2_ws/install/robot_core/share/robot_core/package.dsv'
[3.466s] INFO:colcon.colcon_core.shell:Creating package script '/home/quin/cabbage_project/ros2_ws/install/robot_core/share/robot_core/package.sh'
[3.468s] INFO:colcon.colcon_core.shell:Creating package script '/home/quin/cabbage_project/ros2_ws/install/robot_core/share/robot_core/package.bash'
[3.469s] INFO:colcon.colcon_core.shell:Creating package script '/home/quin/cabbage_project/ros2_ws/install/robot_core/share/robot_core/package.zsh'
[3.470s] Level 1:colcon.colcon_core.environment:create_file_with_runtime_dependencies(/home/quin/cabbage_project/ros2_ws/install/robot_core/share/colcon-core/packages/robot_core)
[3.555s] Level 1:colcon.colcon_core.environment:checking '/home/quin/cabbage_project/ros2_ws/install/robot_dashboard' for CMake module files
[3.556s] DEBUG:colcon.colcon_core.event_handler.log_command:Invoked command in '/home/quin/cabbage_project/ros2_ws/src/robot_dashboard' returned '0': PYTHONPATH=/home/quin/cabbage_project/ros2_ws/build/robot_dashboard/prefix_override:/usr/lib/python3/dist-packages/colcon_core/task/python/colcon_distutils_commands:/home/quin/cabbage_project/ros2_ws/install/robot_dashboard/lib/python3.12/site-packages:${PYTHONPATH} /usr/bin/python3 -W ignore:setup.py install is deprecated -W ignore:easy_install command is deprecated setup.py egg_info --egg-base ../../build/robot_dashboard build --build-base /home/quin/cabbage_project/ros2_ws/build/robot_dashboard/build install --record /home/quin/cabbage_project/ros2_ws/build/robot_dashboard/install.log --single-version-externally-managed install_data
[3.556s] Level 1:colcon.colcon_core.environment:checking '/home/quin/cabbage_project/ros2_ws/install/robot_dashboard' for CMake config files
[3.557s] Level 1:colcon.colcon_core.environment:checking '/home/quin/cabbage_project/ros2_ws/install/robot_dashboard/lib'
[3.558s] Level 1:colcon.colcon_core.environment:checking '/home/quin/cabbage_project/ros2_ws/install/robot_dashboard/bin'
[3.558s] Level 1:colcon.colcon_core.environment:checking '/home/quin/cabbage_project/ros2_ws/install/robot_dashboard/lib/pkgconfig/robot_dashboard.pc'
[3.558s] Level 1:colcon.colcon_core.environment:checking '/home/quin/cabbage_project/ros2_ws/install/robot_dashboard/lib/python3.12/site-packages'
[3.559s] Level 1:colcon.colcon_core.shell:create_environment_hook('robot_dashboard', 'pythonpath')
[3.559s] INFO:colcon.colcon_core.shell:Creating environment hook '/home/quin/cabbage_project/ros2_ws/install/robot_dashboard/share/robot_dashboard/hook/pythonpath.ps1'
[3.560s] INFO:colcon.colcon_core.shell:Creating environment descriptor '/home/quin/cabbage_project/ros2_ws/install/robot_dashboard/share/robot_dashboard/hook/pythonpath.dsv'
[3.560s] INFO:colcon.colcon_core.shell:Creating environment hook '/home/quin/cabbage_project/ros2_ws/install/robot_dashboard/share/robot_dashboard/hook/pythonpath.sh'
[3.561s] Level 1:colcon.colcon_core.environment:checking '/home/quin/cabbage_project/ros2_ws/install/robot_dashboard/bin'
[3.562s] Level 1:colcon.colcon_core.environment:create_environment_scripts_only(robot_dashboard)
[3.562s] INFO:colcon.colcon_core.shell:Creating package script '/home/quin/cabbage_project/ros2_ws/install/robot_dashboard/share/robot_dashboard/package.ps1'
[3.563s] INFO:colcon.colcon_core.shell:Creating package descriptor '/home/quin/cabbage_project/ros2_ws/install/robot_dashboard/share/robot_dashboard/package.dsv'
[3.564s] INFO:colcon.colcon_core.shell:Creating package script '/home/quin/cabbage_project/ros2_ws/install/robot_dashboard/share/robot_dashboard/package.sh'
[3.564s] INFO:colcon.colcon_core.shell:Creating package script '/home/quin/cabbage_project/ros2_ws/install/robot_dashboard/share/robot_dashboard/package.bash'
[3.565s] INFO:colcon.colcon_core.shell:Creating package script '/home/quin/cabbage_project/ros2_ws/install/robot_dashboard/share/robot_dashboard/package.zsh'
[3.565s] Level 1:colcon.colcon_core.environment:create_file_with_runtime_dependencies(/home/quin/cabbage_project/ros2_ws/install/robot_dashboard/share/colcon-core/packages/robot_dashboard)
[3.880s] Level 1:colcon.colcon_core.environment:checking '/home/quin/cabbage_project/ros2_ws/install/robot_bringup' for CMake module files
[3.880s] Level 1:colcon.colcon_core.environment:checking '/home/quin/cabbage_project/ros2_ws/install/robot_bringup' for CMake config files
[3.881s] Level 1:colcon.colcon_core.environment:checking '/home/quin/cabbage_project/ros2_ws/install/robot_bringup/lib'
[3.881s] Level 1:colcon.colcon_core.environment:checking '/home/quin/cabbage_project/ros2_ws/install/robot_bringup/bin'
[3.881s] Level 1:colcon.colcon_core.environment:checking '/home/quin/cabbage_project/ros2_ws/install/robot_bringup/lib/pkgconfig/robot_bringup.pc'
[3.882s] Level 1:colcon.colcon_core.environment:checking '/home/quin/cabbage_project/ros2_ws/install/robot_bringup/lib/python3.12/site-packages'
[3.882s] Level 1:colcon.colcon_core.shell:create_environment_hook('robot_bringup', 'pythonpath')
[3.882s] INFO:colcon.colcon_core.shell:Creating environment hook '/home/quin/cabbage_project/ros2_ws/install/robot_bringup/share/robot_bringup/hook/pythonpath.ps1'
[3.882s] DEBUG:colcon.colcon_core.event_handler.log_command:Invoked command in '/home/quin/cabbage_project/ros2_ws/src/robot_bringup' returned '0': PYTHONPATH=/home/quin/cabbage_project/ros2_ws/build/robot_bringup/prefix_override:/usr/lib/python3/dist-packages/colcon_core/task/python/colcon_distutils_commands:/home/quin/cabbage_project/ros2_ws/install/robot_bringup/lib/python3.12/site-packages:${PYTHONPATH} /usr/bin/python3 -W ignore:setup.py install is deprecated -W ignore:easy_install command is deprecated setup.py egg_info --egg-base ../../build/robot_bringup build --build-base /home/quin/cabbage_project/ros2_ws/build/robot_bringup/build install --record /home/quin/cabbage_project/ros2_ws/build/robot_bringup/install.log --single-version-externally-managed install_data
[3.883s] INFO:colcon.colcon_core.shell:Creating environment descriptor '/home/quin/cabbage_project/ros2_ws/install/robot_bringup/share/robot_bringup/hook/pythonpath.dsv'
[3.883s] INFO:colcon.colcon_core.shell:Creating environment hook '/home/quin/cabbage_project/ros2_ws/install/robot_bringup/share/robot_bringup/hook/pythonpath.sh'
[3.884s] Level 1:colcon.colcon_core.environment:checking '/home/quin/cabbage_project/ros2_ws/install/robot_bringup/bin'
[3.884s] Level 1:colcon.colcon_core.environment:create_environment_scripts_only(robot_bringup)
[3.884s] INFO:colcon.colcon_core.shell:Creating package script '/home/quin/cabbage_project/ros2_ws/install/robot_bringup/share/robot_bringup/package.ps1'
[3.885s] INFO:colcon.colcon_core.shell:Creating package descriptor '/home/quin/cabbage_project/ros2_ws/install/robot_bringup/share/robot_bringup/package.dsv'
[3.886s] INFO:colcon.colcon_core.shell:Creating package script '/home/quin/cabbage_project/ros2_ws/install/robot_bringup/share/robot_bringup/package.sh'
[3.886s] INFO:colcon.colcon_core.shell:Creating package script '/home/quin/cabbage_project/ros2_ws/install/robot_bringup/share/robot_bringup/package.bash'
[3.887s] INFO:colcon.colcon_core.shell:Creating package script '/home/quin/cabbage_project/ros2_ws/install/robot_bringup/share/robot_bringup/package.zsh'
[3.887s] Level 1:colcon.colcon_core.environment:create_file_with_runtime_dependencies(/home/quin/cabbage_project/ros2_ws/install/robot_bringup/share/colcon-core/packages/robot_bringup)
[4.032s] Level 1:colcon.colcon_core.environment:checking '/home/quin/cabbage_project/ros2_ws/install/robot_vision' for CMake module files
[4.032s] DEBUG:colcon.colcon_core.event_handler.log_command:Invoked command in '/home/quin/cabbage_project/ros2_ws/src/robot_vision' returned '0': PYTHONPATH=/home/quin/cabbage_project/ros2_ws/build/robot_vision/prefix_override:/usr/lib/python3/dist-packages/colcon_core/task/python/colcon_distutils_commands:/home/quin/cabbage_project/ros2_ws/install/robot_vision/lib/python3.12/site-packages:${PYTHONPATH} /usr/bin/python3 -W ignore:setup.py install is deprecated -W ignore:easy_install command is deprecated setup.py egg_info --egg-base ../../build/robot_vision build --build-base /home/quin/cabbage_project/ros2_ws/build/robot_vision/build install --record /home/quin/cabbage_project/ros2_ws/build/robot_vision/install.log --single-version-externally-managed install_data
[4.033s] Level 1:colcon.colcon_core.environment:checking '/home/quin/cabbage_project/ros2_ws/install/robot_vision' for CMake config files
[4.033s] Level 1:colcon.colcon_core.environment:checking '/home/quin/cabbage_project/ros2_ws/install/robot_vision/lib'
[4.034s] Level 1:colcon.colcon_core.environment:checking '/home/quin/cabbage_project/ros2_ws/install/robot_vision/bin'
[4.034s] Level 1:colcon.colcon_core.environment:checking '/home/quin/cabbage_project/ros2_ws/install/robot_vision/lib/pkgconfig/robot_vision.pc'
[4.034s] Level 1:colcon.colcon_core.environment:checking '/home/quin/cabbage_project/ros2_ws/install/robot_vision/lib/python3.12/site-packages'
[4.034s] Level 1:colcon.colcon_core.shell:create_environment_hook('robot_vision', 'pythonpath')
[4.034s] INFO:colcon.colcon_core.shell:Creating environment hook '/home/quin/cabbage_project/ros2_ws/install/robot_vision/share/robot_vision/hook/pythonpath.ps1'
[4.035s] INFO:colcon.colcon_core.shell:Creating environment descriptor '/home/quin/cabbage_project/ros2_ws/install/robot_vision/share/robot_vision/hook/pythonpath.dsv'
[4.035s] INFO:colcon.colcon_core.shell:Creating environment hook '/home/quin/cabbage_project/ros2_ws/install/robot_vision/share/robot_vision/hook/pythonpath.sh'
[4.036s] Level 1:colcon.colcon_core.environment:checking '/home/quin/cabbage_project/ros2_ws/install/robot_vision/bin'
[4.036s] Level 1:colcon.colcon_core.environment:create_environment_scripts_only(robot_vision)
[4.037s] INFO:colcon.colcon_core.shell:Creating package script '/home/quin/cabbage_project/ros2_ws/install/robot_vision/share/robot_vision/package.ps1'
[4.037s] INFO:colcon.colcon_core.shell:Creating package descriptor '/home/quin/cabbage_project/ros2_ws/install/robot_vision/share/robot_vision/package.dsv'
[4.038s] INFO:colcon.colcon_core.shell:Creating package script '/home/quin/cabbage_project/ros2_ws/install/robot_vision/share/robot_vision/package.sh'
[4.038s] INFO:colcon.colcon_core.shell:Creating package script '/home/quin/cabbage_project/ros2_ws/install/robot_vision/share/robot_vision/package.bash'
[4.039s] INFO:colcon.colcon_core.shell:Creating package script '/home/quin/cabbage_project/ros2_ws/install/robot_vision/share/robot_vision/package.zsh'
[4.039s] Level 1:colcon.colcon_core.environment:create_file_with_runtime_dependencies(/home/quin/cabbage_project/ros2_ws/install/robot_vision/share/colcon-core/packages/robot_vision)
[4.039s] DEBUG:colcon.colcon_parallel_executor.executor.parallel:closing loop
[4.040s] DEBUG:colcon.colcon_parallel_executor.executor.parallel:loop closed
[4.040s] DEBUG:colcon.colcon_parallel_executor.executor.parallel:run_until_complete finished with '0'
[4.040s] DEBUG:colcon.colcon_core.event_reactor:joining thread
[4.049s] INFO:colcon.colcon_core.plugin_system:Skipping extension 'colcon_notification.desktop_notification.terminal_notifier': Not used on non-Darwin systems
[4.049s] INFO:colcon.colcon_core.plugin_system:Skipping extension 'colcon_notification.desktop_notification.win32': Not used on non-Windows systems
[4.049s] INFO:colcon.colcon_notification.desktop_notification:Sending desktop notification using 'notify2'
[4.050s] DEBUG:colcon.colcon_notification.desktop_notification.notify2:Failed to initialize notify2: org.freedesktop.DBus.Error.ServiceUnknown: The name org.freedesktop.Notifications was not provided by any .service files
[4.050s] DEBUG:colcon.colcon_core.event_reactor:joined thread
[4.050s] INFO:colcon.colcon_core.shell:Creating prefix script '/home/quin/cabbage_project/ros2_ws/install/local_setup.ps1'
[4.051s] INFO:colcon.colcon_core.shell:Creating prefix util module '/home/quin/cabbage_project/ros2_ws/install/_local_setup_util_ps1.py'
[4.053s] INFO:colcon.colcon_core.shell:Creating prefix chain script '/home/quin/cabbage_project/ros2_ws/install/setup.ps1'
[4.054s] INFO:colcon.colcon_core.shell:Creating prefix script '/home/quin/cabbage_project/ros2_ws/install/local_setup.sh'
[4.055s] INFO:colcon.colcon_core.shell:Creating prefix util module '/home/quin/cabbage_project/ros2_ws/install/_local_setup_util_sh.py'
[4.056s] INFO:colcon.colcon_core.shell:Creating prefix chain script '/home/quin/cabbage_project/ros2_ws/install/setup.sh'
[4.057s] INFO:colcon.colcon_core.shell:Creating prefix script '/home/quin/cabbage_project/ros2_ws/install/local_setup.bash'
[4.058s] INFO:colcon.colcon_core.shell:Creating prefix chain script '/home/quin/cabbage_project/ros2_ws/install/setup.bash'
[4.059s] INFO:colcon.colcon_core.shell:Creating prefix script '/home/quin/cabbage_project/ros2_ws/install/local_setup.zsh'
[4.059s] INFO:colcon.colcon_core.shell:Creating prefix chain script '/home/quin/cabbage_project/ros2_ws/install/setup.zsh'
