running egg_info
creating ../build/robot_vision/robot_vision.egg-info
writing ../build/robot_vision/robot_vision.egg-info/PKG-INFO
writing dependency_links to ../build/robot_vision/robot_vision.egg-info/dependency_links.txt
writing entry points to ../build/robot_vision/robot_vision.egg-info/entry_points.txt
writing requirements to ../build/robot_vision/robot_vision.egg-info/requires.txt
writing top-level names to ../build/robot_vision/robot_vision.egg-info/top_level.txt
writing manifest file '../build/robot_vision/robot_vision.egg-info/SOURCES.txt'
reading manifest file '../build/robot_vision/robot_vision.egg-info/SOURCES.txt'
writing manifest file '../build/robot_vision/robot_vision.egg-info/SOURCES.txt'
running build
running build_py
creating /home/jorjeen/plant/cabbage_project/ros2_ws/src/build/robot_vision/build
creating /home/jorjeen/plant/cabbage_project/ros2_ws/src/build/robot_vision/build/lib
creating /home/jorjeen/plant/cabbage_project/ros2_ws/src/build/robot_vision/build/lib/robot_vision
copying robot_vision/ros2_to_ws.py -> /home/jorjeen/plant/cabbage_project/ros2_ws/src/build/robot_vision/build/lib/robot_vision
copying robot_vision/entry_node.py -> /home/jorjeen/plant/cabbage_project/ros2_ws/src/build/robot_vision/build/lib/robot_vision
copying robot_vision/dual_cam_server.py -> /home/jorjeen/plant/cabbage_project/ros2_ws/src/build/robot_vision/build/lib/robot_vision
copying robot_vision/cabbage_detector_node.py -> /home/jorjeen/plant/cabbage_project/ros2_ws/src/build/robot_vision/build/lib/robot_vision
copying robot_vision/camera_relay.py -> /home/jorjeen/plant/cabbage_project/ros2_ws/src/build/robot_vision/build/lib/robot_vision
copying robot_vision/apriltag_node.py -> /home/jorjeen/plant/cabbage_project/ros2_ws/src/build/robot_vision/build/lib/robot_vision
copying robot_vision/camera_node.py -> /home/jorjeen/plant/cabbage_project/ros2_ws/src/build/robot_vision/build/lib/robot_vision
copying robot_vision/__init__.py -> /home/jorjeen/plant/cabbage_project/ros2_ws/src/build/robot_vision/build/lib/robot_vision
running install
running install_lib
creating /home/jorjeen/plant/cabbage_project/ros2_ws/src/install/robot_vision/lib/python3.12/site-packages/robot_vision
copying /home/jorjeen/plant/cabbage_project/ros2_ws/src/build/robot_vision/build/lib/robot_vision/ros2_to_ws.py -> /home/jorjeen/plant/cabbage_project/ros2_ws/src/install/robot_vision/lib/python3.12/site-packages/robot_vision
copying /home/jorjeen/plant/cabbage_project/ros2_ws/src/build/robot_vision/build/lib/robot_vision/entry_node.py -> /home/jorjeen/plant/cabbage_project/ros2_ws/src/install/robot_vision/lib/python3.12/site-packages/robot_vision
copying /home/jorjeen/plant/cabbage_project/ros2_ws/src/build/robot_vision/build/lib/robot_vision/dual_cam_server.py -> /home/jorjeen/plant/cabbage_project/ros2_ws/src/install/robot_vision/lib/python3.12/site-packages/robot_vision
copying /home/jorjeen/plant/cabbage_project/ros2_ws/src/build/robot_vision/build/lib/robot_vision/cabbage_detector_node.py -> /home/jorjeen/plant/cabbage_project/ros2_ws/src/install/robot_vision/lib/python3.12/site-packages/robot_vision
copying /home/jorjeen/plant/cabbage_project/ros2_ws/src/build/robot_vision/build/lib/robot_vision/camera_relay.py -> /home/jorjeen/plant/cabbage_project/ros2_ws/src/install/robot_vision/lib/python3.12/site-packages/robot_vision
copying /home/jorjeen/plant/cabbage_project/ros2_ws/src/build/robot_vision/build/lib/robot_vision/apriltag_node.py -> /home/jorjeen/plant/cabbage_project/ros2_ws/src/install/robot_vision/lib/python3.12/site-packages/robot_vision
copying /home/jorjeen/plant/cabbage_project/ros2_ws/src/build/robot_vision/build/lib/robot_vision/camera_node.py -> /home/jorjeen/plant/cabbage_project/ros2_ws/src/install/robot_vision/lib/python3.12/site-packages/robot_vision
copying /home/jorjeen/plant/cabbage_project/ros2_ws/src/build/robot_vision/build/lib/robot_vision/__init__.py -> /home/jorjeen/plant/cabbage_project/ros2_ws/src/install/robot_vision/lib/python3.12/site-packages/robot_vision
byte-compiling /home/jorjeen/plant/cabbage_project/ros2_ws/src/install/robot_vision/lib/python3.12/site-packages/robot_vision/ros2_to_ws.py to ros2_to_ws.cpython-312.pyc
byte-compiling /home/jorjeen/plant/cabbage_project/ros2_ws/src/install/robot_vision/lib/python3.12/site-packages/robot_vision/entry_node.py to entry_node.cpython-312.pyc
byte-compiling /home/jorjeen/plant/cabbage_project/ros2_ws/src/install/robot_vision/lib/python3.12/site-packages/robot_vision/dual_cam_server.py to dual_cam_server.cpython-312.pyc
byte-compiling /home/jorjeen/plant/cabbage_project/ros2_ws/src/install/robot_vision/lib/python3.12/site-packages/robot_vision/cabbage_detector_node.py to cabbage_detector_node.cpython-312.pyc
byte-compiling /home/jorjeen/plant/cabbage_project/ros2_ws/src/install/robot_vision/lib/python3.12/site-packages/robot_vision/camera_relay.py to camera_relay.cpython-312.pyc
byte-compiling /home/jorjeen/plant/cabbage_project/ros2_ws/src/install/robot_vision/lib/python3.12/site-packages/robot_vision/apriltag_node.py to apriltag_node.cpython-312.pyc
byte-compiling /home/jorjeen/plant/cabbage_project/ros2_ws/src/install/robot_vision/lib/python3.12/site-packages/robot_vision/camera_node.py to camera_node.cpython-312.pyc
byte-compiling /home/jorjeen/plant/cabbage_project/ros2_ws/src/install/robot_vision/lib/python3.12/site-packages/robot_vision/__init__.py to __init__.cpython-312.pyc
running install_data
creating /home/jorjeen/plant/cabbage_project/ros2_ws/src/install/robot_vision/share/ament_index
creating /home/jorjeen/plant/cabbage_project/ros2_ws/src/install/robot_vision/share/ament_index/resource_index
creating /home/jorjeen/plant/cabbage_project/ros2_ws/src/install/robot_vision/share/ament_index/resource_index/packages
copying resource/robot_vision -> /home/jorjeen/plant/cabbage_project/ros2_ws/src/install/robot_vision/share/ament_index/resource_index/packages
copying package.xml -> /home/jorjeen/plant/cabbage_project/ros2_ws/src/install/robot_vision/share/robot_vision
running install_egg_info
Copying ../build/robot_vision/robot_vision.egg-info to /home/jorjeen/plant/cabbage_project/ros2_ws/src/install/robot_vision/lib/python3.12/site-packages/robot_vision-0.0.0-py3.12.egg-info
running install_scripts
Installing apriltag_node script to /home/jorjeen/plant/cabbage_project/ros2_ws/src/install/robot_vision/lib/robot_vision
Installing cabbage_detector_node script to /home/jorjeen/plant/cabbage_project/ros2_ws/src/install/robot_vision/lib/robot_vision
Installing camera_node script to /home/jorjeen/plant/cabbage_project/ros2_ws/src/install/robot_vision/lib/robot_vision
Installing entering script to /home/jorjeen/plant/cabbage_project/ros2_ws/src/install/robot_vision/lib/robot_vision
Installing entry_node script to /home/jorjeen/plant/cabbage_project/ros2_ws/src/install/robot_vision/lib/robot_vision
writing list of installed files to '/home/jorjeen/plant/cabbage_project/ros2_ws/src/build/robot_vision/install.log'
