[1.718s] Invoking command in '/home/jorjeen/plant/cabbage_project/ros2_ws/src/robot_vision': DEBUGINFOD_URLS=https://debuginfod.ubuntu.com PYTHONPATH=/home/jorjeen/plant/cabbage_project/ros2_ws/src/build/robot_vision/prefix_override:/usr/lib/python3/dist-packages/colcon_core/task/python/colcon_distutils_commands:/home/jorjeen/plant/cabbage_project/ros2_ws/src/install/robot_vision/lib/python3.12/site-packages:${PYTHONPATH} /usr/bin/python3 -W ignore:setup.py install is deprecated -W ignore:easy_install command is deprecated setup.py egg_info --egg-base ../build/robot_vision build --build-base /home/jorjeen/plant/cabbage_project/ros2_ws/src/build/robot_vision/build install --record /home/jorjeen/plant/cabbage_project/ros2_ws/src/build/robot_vision/install.log --single-version-externally-managed install_data
[1.910s] running egg_info
[1.910s] creating ../build/robot_vision/robot_vision.egg-info
[1.923s] writing ../build/robot_vision/robot_vision.egg-info/PKG-INFO
[1.923s] writing dependency_links to ../build/robot_vision/robot_vision.egg-info/dependency_links.txt
[1.923s] writing entry points to ../build/robot_vision/robot_vision.egg-info/entry_points.txt
[1.923s] writing requirements to ../build/robot_vision/robot_vision.egg-info/requires.txt
[1.923s] writing top-level names to ../build/robot_vision/robot_vision.egg-info/top_level.txt
[1.924s] writing manifest file '../build/robot_vision/robot_vision.egg-info/SOURCES.txt'
[1.950s] reading manifest file '../build/robot_vision/robot_vision.egg-info/SOURCES.txt'
[1.950s] writing manifest file '../build/robot_vision/robot_vision.egg-info/SOURCES.txt'
[1.951s] running build
[1.951s] running build_py
[1.951s] creating /home/jorjeen/plant/cabbage_project/ros2_ws/src/build/robot_vision/build
[1.952s] creating /home/jorjeen/plant/cabbage_project/ros2_ws/src/build/robot_vision/build/lib
[1.952s] creating /home/jorjeen/plant/cabbage_project/ros2_ws/src/build/robot_vision/build/lib/robot_vision
[1.952s] copying robot_vision/ros2_to_ws.py -> /home/jorjeen/plant/cabbage_project/ros2_ws/src/build/robot_vision/build/lib/robot_vision
[1.952s] copying robot_vision/entry_node.py -> /home/jorjeen/plant/cabbage_project/ros2_ws/src/build/robot_vision/build/lib/robot_vision
[1.952s] copying robot_vision/dual_cam_server.py -> /home/jorjeen/plant/cabbage_project/ros2_ws/src/build/robot_vision/build/lib/robot_vision
[1.952s] copying robot_vision/cabbage_detector_node.py -> /home/jorjeen/plant/cabbage_project/ros2_ws/src/build/robot_vision/build/lib/robot_vision
[1.952s] copying robot_vision/camera_relay.py -> /home/jorjeen/plant/cabbage_project/ros2_ws/src/build/robot_vision/build/lib/robot_vision
[1.952s] copying robot_vision/apriltag_node.py -> /home/jorjeen/plant/cabbage_project/ros2_ws/src/build/robot_vision/build/lib/robot_vision
[1.952s] copying robot_vision/camera_node.py -> /home/jorjeen/plant/cabbage_project/ros2_ws/src/build/robot_vision/build/lib/robot_vision
[1.952s] copying robot_vision/__init__.py -> /home/jorjeen/plant/cabbage_project/ros2_ws/src/build/robot_vision/build/lib/robot_vision
[1.952s] running install
[1.955s] running install_lib
[1.969s] creating /home/jorjeen/plant/cabbage_project/ros2_ws/src/install/robot_vision/lib/python3.12/site-packages/robot_vision
[1.969s] copying /home/jorjeen/plant/cabbage_project/ros2_ws/src/build/robot_vision/build/lib/robot_vision/ros2_to_ws.py -> /home/jorjeen/plant/cabbage_project/ros2_ws/src/install/robot_vision/lib/python3.12/site-packages/robot_vision
[1.969s] copying /home/jorjeen/plant/cabbage_project/ros2_ws/src/build/robot_vision/build/lib/robot_vision/entry_node.py -> /home/jorjeen/plant/cabbage_project/ros2_ws/src/install/robot_vision/lib/python3.12/site-packages/robot_vision
[1.969s] copying /home/jorjeen/plant/cabbage_project/ros2_ws/src/build/robot_vision/build/lib/robot_vision/dual_cam_server.py -> /home/jorjeen/plant/cabbage_project/ros2_ws/src/install/robot_vision/lib/python3.12/site-packages/robot_vision
[1.969s] copying /home/jorjeen/plant/cabbage_project/ros2_ws/src/build/robot_vision/build/lib/robot_vision/cabbage_detector_node.py -> /home/jorjeen/plant/cabbage_project/ros2_ws/src/install/robot_vision/lib/python3.12/site-packages/robot_vision
[1.969s] copying /home/jorjeen/plant/cabbage_project/ros2_ws/src/build/robot_vision/build/lib/robot_vision/camera_relay.py -> /home/jorjeen/plant/cabbage_project/ros2_ws/src/install/robot_vision/lib/python3.12/site-packages/robot_vision
[1.969s] copying /home/jorjeen/plant/cabbage_project/ros2_ws/src/build/robot_vision/build/lib/robot_vision/apriltag_node.py -> /home/jorjeen/plant/cabbage_project/ros2_ws/src/install/robot_vision/lib/python3.12/site-packages/robot_vision
[1.970s] copying /home/jorjeen/plant/cabbage_project/ros2_ws/src/build/robot_vision/build/lib/robot_vision/camera_node.py -> /home/jorjeen/plant/cabbage_project/ros2_ws/src/install/robot_vision/lib/python3.12/site-packages/robot_vision
[1.970s] copying /home/jorjeen/plant/cabbage_project/ros2_ws/src/build/robot_vision/build/lib/robot_vision/__init__.py -> /home/jorjeen/plant/cabbage_project/ros2_ws/src/install/robot_vision/lib/python3.12/site-packages/robot_vision
[1.970s] byte-compiling /home/jorjeen/plant/cabbage_project/ros2_ws/src/install/robot_vision/lib/python3.12/site-packages/robot_vision/ros2_to_ws.py to ros2_to_ws.cpython-312.pyc
[1.970s] byte-compiling /home/jorjeen/plant/cabbage_project/ros2_ws/src/install/robot_vision/lib/python3.12/site-packages/robot_vision/entry_node.py to entry_node.cpython-312.pyc
[1.972s] byte-compiling /home/jorjeen/plant/cabbage_project/ros2_ws/src/install/robot_vision/lib/python3.12/site-packages/robot_vision/dual_cam_server.py to dual_cam_server.cpython-312.pyc
[1.973s] byte-compiling /home/jorjeen/plant/cabbage_project/ros2_ws/src/install/robot_vision/lib/python3.12/site-packages/robot_vision/cabbage_detector_node.py to cabbage_detector_node.cpython-312.pyc
[1.974s] byte-compiling /home/jorjeen/plant/cabbage_project/ros2_ws/src/install/robot_vision/lib/python3.12/site-packages/robot_vision/camera_relay.py to camera_relay.cpython-312.pyc
[1.975s] byte-compiling /home/jorjeen/plant/cabbage_project/ros2_ws/src/install/robot_vision/lib/python3.12/site-packages/robot_vision/apriltag_node.py to apriltag_node.cpython-312.pyc
[1.975s] byte-compiling /home/jorjeen/plant/cabbage_project/ros2_ws/src/install/robot_vision/lib/python3.12/site-packages/robot_vision/camera_node.py to camera_node.cpython-312.pyc
[1.975s] byte-compiling /home/jorjeen/plant/cabbage_project/ros2_ws/src/install/robot_vision/lib/python3.12/site-packages/robot_vision/__init__.py to __init__.cpython-312.pyc
[1.975s] running install_data
[1.976s] creating /home/jorjeen/plant/cabbage_project/ros2_ws/src/install/robot_vision/share/ament_index
[1.976s] creating /home/jorjeen/plant/cabbage_project/ros2_ws/src/install/robot_vision/share/ament_index/resource_index
[1.976s] creating /home/jorjeen/plant/cabbage_project/ros2_ws/src/install/robot_vision/share/ament_index/resource_index/packages
[1.976s] copying resource/robot_vision -> /home/jorjeen/plant/cabbage_project/ros2_ws/src/install/robot_vision/share/ament_index/resource_index/packages
[1.976s] copying package.xml -> /home/jorjeen/plant/cabbage_project/ros2_ws/src/install/robot_vision/share/robot_vision
[1.976s] running install_egg_info
[1.990s] Copying ../build/robot_vision/robot_vision.egg-info to /home/jorjeen/plant/cabbage_project/ros2_ws/src/install/robot_vision/lib/python3.12/site-packages/robot_vision-0.0.0-py3.12.egg-info
[1.991s] running install_scripts
[2.080s] Installing apriltag_node script to /home/jorjeen/plant/cabbage_project/ros2_ws/src/install/robot_vision/lib/robot_vision
[2.080s] Installing cabbage_detector_node script to /home/jorjeen/plant/cabbage_project/ros2_ws/src/install/robot_vision/lib/robot_vision
[2.080s] Installing camera_node script to /home/jorjeen/plant/cabbage_project/ros2_ws/src/install/robot_vision/lib/robot_vision
[2.080s] Installing entering script to /home/jorjeen/plant/cabbage_project/ros2_ws/src/install/robot_vision/lib/robot_vision
[2.080s] Installing entry_node script to /home/jorjeen/plant/cabbage_project/ros2_ws/src/install/robot_vision/lib/robot_vision
[2.081s] writing list of installed files to '/home/jorjeen/plant/cabbage_project/ros2_ws/src/build/robot_vision/install.log'
[2.123s] Invoked command in '/home/jorjeen/plant/cabbage_project/ros2_ws/src/robot_vision' returned '0': DEBUGINFOD_URLS=https://debuginfod.ubuntu.com PYTHONPATH=/home/jorjeen/plant/cabbage_project/ros2_ws/src/build/robot_vision/prefix_override:/usr/lib/python3/dist-packages/colcon_core/task/python/colcon_distutils_commands:/home/jorjeen/plant/cabbage_project/ros2_ws/src/install/robot_vision/lib/python3.12/site-packages:${PYTHONPATH} /usr/bin/python3 -W ignore:setup.py install is deprecated -W ignore:easy_install command is deprecated setup.py egg_info --egg-base ../build/robot_vision build --build-base /home/jorjeen/plant/cabbage_project/ros2_ws/src/build/robot_vision/build install --record /home/jorjeen/plant/cabbage_project/ros2_ws/src/build/robot_vision/install.log --single-version-externally-managed install_data
