[0.183s] DEBUG:colcon:Command line arguments: ['/usr/bin/colcon', 'build']
[0.183s] DEBUG:colcon:Parsed command line arguments: Namespace(log_base=None, log_level=None, verb_name='build', build_base='build', install_base='install', merge_install=False, symlink_install=False, test_result_base=None, continue_on_error=False, executor='parallel', parallel_workers=16, event_handlers=None, ignore_user_meta=False, metas=['./colcon.meta'], base_paths=['.'], packages_ignore=None, packages_ignore_regex=None, paths=None, packages_up_to=None, packages_up_to_regex=None, packages_above=None, packages_above_and_dependencies=None, packages_above_depth=None, packages_select_by_dep=None, packages_skip_by_dep=None, packages_skip_up_to=None, packages_select_build_failed=False, packages_skip_build_finished=False, packages_select_test_failures=False, packages_skip_test_passed=False, packages_select=None, packages_skip=None, packages_select_regex=None, packages_skip_regex=None, packages_start=None, packages_end=None, allow_overriding=[], cmake_args=None, cmake_target=None, cmake_target_skip_unavailable=False, cmake_clean_cache=False, cmake_clean_first=False, cmake_force_configure=False, ament_cmake_args=None, catkin_cmake_args=None, catkin_skip_building_tests=False, mixin_files=None, mixin=None, verb_parser=<colcon_mixin.mixin.mixin_argument.MixinArgumentDecorator object at 0x7fd5f6a0a210>, verb_extension=<colcon_core.verb.build.BuildVerb object at 0x7fd5f6a09940>, main=<bound method BuildVerb.main of <colcon_core.verb.build.BuildVerb object at 0x7fd5f6a09940>>, mixin_verb=('build',))
[0.255s] Level 1:colcon.colcon_core.package_discovery:discover_packages(colcon_meta) check parameters
[0.255s] Level 1:colcon.colcon_core.package_discovery:discover_packages(recursive) check parameters
[0.255s] Level 1:colcon.colcon_core.package_discovery:discover_packages(ignore) check parameters
[0.255s] Level 1:colcon.colcon_core.package_discovery:discover_packages(path) check parameters
[0.255s] Level 1:colcon.colcon_core.package_discovery:discover_packages(colcon_meta) discover
[0.255s] Level 1:colcon.colcon_core.package_discovery:discover_packages(recursive) discover
[0.255s] INFO:colcon.colcon_core.package_discovery:Crawling recursively for packages in '/home/jorjeen/plant/cabbage_project/ros2_ws/src'
[0.256s] Level 1:colcon.colcon_core.package_identification:_identify(.) by extensions ['ignore', 'ignore_ament_install']
[0.256s] Level 1:colcon.colcon_core.package_identification:_identify(.) by extension 'ignore'
[0.256s] Level 1:colcon.colcon_core.package_identification:_identify(.) by extension 'ignore_ament_install'
[0.256s] Level 1:colcon.colcon_core.package_identification:_identify(.) by extensions ['colcon_pkg']
[0.256s] Level 1:colcon.colcon_core.package_identification:_identify(.) by extension 'colcon_pkg'
[0.256s] Level 1:colcon.colcon_core.package_identification:_identify(.) by extensions ['colcon_meta']
[0.256s] Level 1:colcon.colcon_core.package_identification:_identify(.) by extension 'colcon_meta'
[0.256s] Level 1:colcon.colcon_core.package_identification:_identify(.) by extensions ['ros']
[0.256s] Level 1:colcon.colcon_core.package_identification:_identify(.) by extension 'ros'
[0.300s] Level 1:colcon.colcon_core.package_identification:_identify(.) by extensions ['cmake', 'python']
[0.300s] Level 1:colcon.colcon_core.package_identification:_identify(.) by extension 'cmake'
[0.300s] Level 1:colcon.colcon_core.package_identification:_identify(.) by extension 'python'
[0.300s] Level 1:colcon.colcon_core.package_identification:_identify(.) by extensions ['python_setup_py']
[0.300s] Level 1:colcon.colcon_core.package_identification:_identify(.) by extension 'python_setup_py'
[0.300s] Level 1:colcon.colcon_core.package_identification:_identify(build) by extensions ['ignore', 'ignore_ament_install']
[0.301s] Level 1:colcon.colcon_core.package_identification:_identify(build) by extension 'ignore'
[0.301s] Level 1:colcon.colcon_core.package_identification:_identify(build) ignored
[0.301s] Level 1:colcon.colcon_core.package_identification:_identify(install) by extensions ['ignore', 'ignore_ament_install']
[0.301s] Level 1:colcon.colcon_core.package_identification:_identify(install) by extension 'ignore'
[0.301s] Level 1:colcon.colcon_core.package_identification:_identify(install) ignored
[0.301s] Level 1:colcon.colcon_core.package_identification:_identify(log) by extensions ['ignore', 'ignore_ament_install']
[0.301s] Level 1:colcon.colcon_core.package_identification:_identify(log) by extension 'ignore'
[0.301s] Level 1:colcon.colcon_core.package_identification:_identify(log) ignored
[0.301s] Level 1:colcon.colcon_core.package_identification:_identify(robot_bringup) by extensions ['ignore', 'ignore_ament_install']
[0.301s] Level 1:colcon.colcon_core.package_identification:_identify(robot_bringup) by extension 'ignore'
[0.301s] Level 1:colcon.colcon_core.package_identification:_identify(robot_bringup) by extension 'ignore_ament_install'
[0.301s] Level 1:colcon.colcon_core.package_identification:_identify(robot_bringup) by extensions ['colcon_pkg']
[0.301s] Level 1:colcon.colcon_core.package_identification:_identify(robot_bringup) by extension 'colcon_pkg'
[0.302s] Level 1:colcon.colcon_core.package_identification:_identify(robot_bringup) by extensions ['colcon_meta']
[0.302s] Level 1:colcon.colcon_core.package_identification:_identify(robot_bringup) by extension 'colcon_meta'
[0.302s] Level 1:colcon.colcon_core.package_identification:_identify(robot_bringup) by extensions ['ros']
[0.302s] Level 1:colcon.colcon_core.package_identification:_identify(robot_bringup) by extension 'ros'
[0.307s] DEBUG:colcon.colcon_core.package_identification:Package 'robot_bringup' with type 'ros.ament_python' and name 'robot_bringup'
[0.308s] Level 1:colcon.colcon_core.package_identification:_identify(robot_core) by extensions ['ignore', 'ignore_ament_install']
[0.308s] Level 1:colcon.colcon_core.package_identification:_identify(robot_core) by extension 'ignore'
[0.308s] Level 1:colcon.colcon_core.package_identification:_identify(robot_core) by extension 'ignore_ament_install'
[0.308s] Level 1:colcon.colcon_core.package_identification:_identify(robot_core) by extensions ['colcon_pkg']
[0.308s] Level 1:colcon.colcon_core.package_identification:_identify(robot_core) by extension 'colcon_pkg'
[0.308s] Level 1:colcon.colcon_core.package_identification:_identify(robot_core) by extensions ['colcon_meta']
[0.308s] Level 1:colcon.colcon_core.package_identification:_identify(robot_core) by extension 'colcon_meta'
[0.308s] Level 1:colcon.colcon_core.package_identification:_identify(robot_core) by extensions ['ros']
[0.308s] Level 1:colcon.colcon_core.package_identification:_identify(robot_core) by extension 'ros'
[0.309s] DEBUG:colcon.colcon_core.package_identification:Package 'robot_core' with type 'ros.ament_python' and name 'robot_core'
[0.310s] Level 1:colcon.colcon_core.package_identification:_identify(robot_dashboard) by extensions ['ignore', 'ignore_ament_install']
[0.310s] Level 1:colcon.colcon_core.package_identification:_identify(robot_dashboard) by extension 'ignore'
[0.310s] Level 1:colcon.colcon_core.package_identification:_identify(robot_dashboard) by extension 'ignore_ament_install'
[0.310s] Level 1:colcon.colcon_core.package_identification:_identify(robot_dashboard) by extensions ['colcon_pkg']
[0.310s] Level 1:colcon.colcon_core.package_identification:_identify(robot_dashboard) by extension 'colcon_pkg'
[0.310s] Level 1:colcon.colcon_core.package_identification:_identify(robot_dashboard) by extensions ['colcon_meta']
[0.310s] Level 1:colcon.colcon_core.package_identification:_identify(robot_dashboard) by extension 'colcon_meta'
[0.310s] Level 1:colcon.colcon_core.package_identification:_identify(robot_dashboard) by extensions ['ros']
[0.310s] Level 1:colcon.colcon_core.package_identification:_identify(robot_dashboard) by extension 'ros'
[0.311s] DEBUG:colcon.colcon_core.package_identification:Package 'robot_dashboard' with type 'ros.ament_python' and name 'robot_dashboard'
[0.311s] Level 1:colcon.colcon_core.package_identification:_identify(robot_vision) by extensions ['ignore', 'ignore_ament_install']
[0.312s] Level 1:colcon.colcon_core.package_identification:_identify(robot_vision) by extension 'ignore'
[0.312s] Level 1:colcon.colcon_core.package_identification:_identify(robot_vision) by extension 'ignore_ament_install'
[0.312s] Level 1:colcon.colcon_core.package_identification:_identify(robot_vision) by extensions ['colcon_pkg']
[0.312s] Level 1:colcon.colcon_core.package_identification:_identify(robot_vision) by extension 'colcon_pkg'
[0.312s] Level 1:colcon.colcon_core.package_identification:_identify(robot_vision) by extensions ['colcon_meta']
[0.312s] Level 1:colcon.colcon_core.package_identification:_identify(robot_vision) by extension 'colcon_meta'
[0.312s] Level 1:colcon.colcon_core.package_identification:_identify(robot_vision) by extensions ['ros']
[0.312s] Level 1:colcon.colcon_core.package_identification:_identify(robot_vision) by extension 'ros'
[0.313s] DEBUG:colcon.colcon_core.package_identification:Package 'robot_vision' with type 'ros.ament_python' and name 'robot_vision'
[0.313s] Level 1:colcon.colcon_core.package_discovery:discover_packages(recursive) using defaults
[0.313s] Level 1:colcon.colcon_core.package_discovery:discover_packages(ignore) discover
[0.313s] Level 1:colcon.colcon_core.package_discovery:discover_packages(ignore) using defaults
[0.313s] Level 1:colcon.colcon_core.package_discovery:discover_packages(path) discover
[0.313s] Level 1:colcon.colcon_core.package_discovery:discover_packages(path) using defaults
[0.352s] Level 1:colcon.colcon_core.package_discovery:discover_packages(prefix_path) check parameters
[0.352s] Level 1:colcon.colcon_core.package_discovery:discover_packages(prefix_path) discover
[0.369s] DEBUG:colcon.colcon_installed_package_information.package_discovery:Found 4 installed packages in /home/jorjeen/660610834_final/install
[0.370s] DEBUG:colcon.colcon_installed_package_information.package_discovery:Found 2 installed packages in /home/jorjeen/660610834_final/src/install
[0.372s] DEBUG:colcon.colcon_installed_package_information.package_discovery:Found 33 installed packages in /home/jorjeen/ros2_ws/install
[0.373s] DEBUG:colcon.colcon_installed_package_information.package_discovery:Found 1 installed packages in /home/jorjeen/install
[0.376s] DEBUG:colcon.colcon_installed_package_information.package_discovery:Found 353 installed packages in /opt/ros/jazzy
[0.379s] Level 1:colcon.colcon_core.package_discovery:discover_packages(prefix_path) using defaults
[0.498s] Level 5:colcon.colcon_core.verb:set package 'robot_bringup' build argument 'cmake_args' from command line to 'None'
[0.498s] Level 5:colcon.colcon_core.verb:set package 'robot_bringup' build argument 'cmake_target' from command line to 'None'
[0.498s] Level 5:colcon.colcon_core.verb:set package 'robot_bringup' build argument 'cmake_target_skip_unavailable' from command line to 'False'
[0.498s] Level 5:colcon.colcon_core.verb:set package 'robot_bringup' build argument 'cmake_clean_cache' from command line to 'False'
[0.498s] Level 5:colcon.colcon_core.verb:set package 'robot_bringup' build argument 'cmake_clean_first' from command line to 'False'
[0.498s] Level 5:colcon.colcon_core.verb:set package 'robot_bringup' build argument 'cmake_force_configure' from command line to 'False'
[0.498s] Level 5:colcon.colcon_core.verb:set package 'robot_bringup' build argument 'ament_cmake_args' from command line to 'None'
[0.498s] Level 5:colcon.colcon_core.verb:set package 'robot_bringup' build argument 'catkin_cmake_args' from command line to 'None'
[0.498s] Level 5:colcon.colcon_core.verb:set package 'robot_bringup' build argument 'catkin_skip_building_tests' from command line to 'False'
[0.498s] DEBUG:colcon.colcon_core.verb:Building package 'robot_bringup' with the following arguments: {'ament_cmake_args': None, 'build_base': '/home/jorjeen/plant/cabbage_project/ros2_ws/src/build/robot_bringup', 'catkin_cmake_args': None, 'catkin_skip_building_tests': False, 'cmake_args': None, 'cmake_clean_cache': False, 'cmake_clean_first': False, 'cmake_force_configure': False, 'cmake_target': None, 'cmake_target_skip_unavailable': False, 'install_base': '/home/jorjeen/plant/cabbage_project/ros2_ws/src/install/robot_bringup', 'merge_install': False, 'path': '/home/jorjeen/plant/cabbage_project/ros2_ws/src/robot_bringup', 'symlink_install': False, 'test_result_base': None}
[0.499s] Level 5:colcon.colcon_core.verb:set package 'robot_core' build argument 'cmake_args' from command line to 'None'
[0.499s] Level 5:colcon.colcon_core.verb:set package 'robot_core' build argument 'cmake_target' from command line to 'None'
[0.499s] Level 5:colcon.colcon_core.verb:set package 'robot_core' build argument 'cmake_target_skip_unavailable' from command line to 'False'
[0.499s] Level 5:colcon.colcon_core.verb:set package 'robot_core' build argument 'cmake_clean_cache' from command line to 'False'
[0.499s] Level 5:colcon.colcon_core.verb:set package 'robot_core' build argument 'cmake_clean_first' from command line to 'False'
[0.499s] Level 5:colcon.colcon_core.verb:set package 'robot_core' build argument 'cmake_force_configure' from command line to 'False'
[0.499s] Level 5:colcon.colcon_core.verb:set package 'robot_core' build argument 'ament_cmake_args' from command line to 'None'
[0.499s] Level 5:colcon.colcon_core.verb:set package 'robot_core' build argument 'catkin_cmake_args' from command line to 'None'
[0.499s] Level 5:colcon.colcon_core.verb:set package 'robot_core' build argument 'catkin_skip_building_tests' from command line to 'False'
[0.499s] DEBUG:colcon.colcon_core.verb:Building package 'robot_core' with the following arguments: {'ament_cmake_args': None, 'build_base': '/home/jorjeen/plant/cabbage_project/ros2_ws/src/build/robot_core', 'catkin_cmake_args': None, 'catkin_skip_building_tests': False, 'cmake_args': None, 'cmake_clean_cache': False, 'cmake_clean_first': False, 'cmake_force_configure': False, 'cmake_target': None, 'cmake_target_skip_unavailable': False, 'install_base': '/home/jorjeen/plant/cabbage_project/ros2_ws/src/install/robot_core', 'merge_install': False, 'path': '/home/jorjeen/plant/cabbage_project/ros2_ws/src/robot_core', 'symlink_install': False, 'test_result_base': None}
[0.499s] Level 5:colcon.colcon_core.verb:set package 'robot_dashboard' build argument 'cmake_args' from command line to 'None'
[0.499s] Level 5:colcon.colcon_core.verb:set package 'robot_dashboard' build argument 'cmake_target' from command line to 'None'
[0.499s] Level 5:colcon.colcon_core.verb:set package 'robot_dashboard' build argument 'cmake_target_skip_unavailable' from command line to 'False'
[0.499s] Level 5:colcon.colcon_core.verb:set package 'robot_dashboard' build argument 'cmake_clean_cache' from command line to 'False'
[0.499s] Level 5:colcon.colcon_core.verb:set package 'robot_dashboard' build argument 'cmake_clean_first' from command line to 'False'
[0.499s] Level 5:colcon.colcon_core.verb:set package 'robot_dashboard' build argument 'cmake_force_configure' from command line to 'False'
[0.499s] Level 5:colcon.colcon_core.verb:set package 'robot_dashboard' build argument 'ament_cmake_args' from command line to 'None'
[0.499s] Level 5:colcon.colcon_core.verb:set package 'robot_dashboard' build argument 'catkin_cmake_args' from command line to 'None'
[0.499s] Level 5:colcon.colcon_core.verb:set package 'robot_dashboard' build argument 'catkin_skip_building_tests' from command line to 'False'
[0.499s] DEBUG:colcon.colcon_core.verb:Building package 'robot_dashboard' with the following arguments: {'ament_cmake_args': None, 'build_base': '/home/jorjeen/plant/cabbage_project/ros2_ws/src/build/robot_dashboard', 'catkin_cmake_args': None, 'catkin_skip_building_tests': False, 'cmake_args': None, 'cmake_clean_cache': False, 'cmake_clean_first': False, 'cmake_force_configure': False, 'cmake_target': None, 'cmake_target_skip_unavailable': False, 'install_base': '/home/jorjeen/plant/cabbage_project/ros2_ws/src/install/robot_dashboard', 'merge_install': False, 'path': '/home/jorjeen/plant/cabbage_project/ros2_ws/src/robot_dashboard', 'symlink_install': False, 'test_result_base': None}
[0.500s] Level 5:colcon.colcon_core.verb:set package 'robot_vision' build argument 'cmake_args' from command line to 'None'
[0.500s] Level 5:colcon.colcon_core.verb:set package 'robot_vision' build argument 'cmake_target' from command line to 'None'
[0.500s] Level 5:colcon.colcon_core.verb:set package 'robot_vision' build argument 'cmake_target_skip_unavailable' from command line to 'False'
[0.500s] Level 5:colcon.colcon_core.verb:set package 'robot_vision' build argument 'cmake_clean_cache' from command line to 'False'
[0.500s] Level 5:colcon.colcon_core.verb:set package 'robot_vision' build argument 'cmake_clean_first' from command line to 'False'
[0.500s] Level 5:colcon.colcon_core.verb:set package 'robot_vision' build argument 'cmake_force_configure' from command line to 'False'
[0.500s] Level 5:colcon.colcon_core.verb:set package 'robot_vision' build argument 'ament_cmake_args' from command line to 'None'
[0.500s] Level 5:colcon.colcon_core.verb:set package 'robot_vision' build argument 'catkin_cmake_args' from command line to 'None'
[0.500s] Level 5:colcon.colcon_core.verb:set package 'robot_vision' build argument 'catkin_skip_building_tests' from command line to 'False'
[0.500s] DEBUG:colcon.colcon_core.verb:Building package 'robot_vision' with the following arguments: {'ament_cmake_args': None, 'build_base': '/home/jorjeen/plant/cabbage_project/ros2_ws/src/build/robot_vision', 'catkin_cmake_args': None, 'catkin_skip_building_tests': False, 'cmake_args': None, 'cmake_clean_cache': False, 'cmake_clean_first': False, 'cmake_force_configure': False, 'cmake_target': None, 'cmake_target_skip_unavailable': False, 'install_base': '/home/jorjeen/plant/cabbage_project/ros2_ws/src/install/robot_vision', 'merge_install': False, 'path': '/home/jorjeen/plant/cabbage_project/ros2_ws/src/robot_vision', 'symlink_install': False, 'test_result_base': None}
[0.500s] INFO:colcon.colcon_core.executor:Executing jobs using 'parallel' executor
[0.502s] DEBUG:colcon.colcon_parallel_executor.executor.parallel:run_until_complete
[0.502s] INFO:colcon.colcon_ros.task.ament_python.build:Building ROS package in '/home/jorjeen/plant/cabbage_project/ros2_ws/src/robot_bringup' with build type 'ament_python'
[0.503s] Level 1:colcon.colcon_core.shell:create_environment_hook('robot_bringup', 'ament_prefix_path')
[0.510s] INFO:colcon.colcon_core.plugin_system:Skipping extension 'colcon_core.shell.bat': Not used on non-Windows systems
[0.511s] INFO:colcon.colcon_core.shell:Creating environment hook '/home/jorjeen/plant/cabbage_project/ros2_ws/src/install/robot_bringup/share/robot_bringup/hook/ament_prefix_path.ps1'
[0.512s] INFO:colcon.colcon_core.shell:Creating environment descriptor '/home/jorjeen/plant/cabbage_project/ros2_ws/src/install/robot_bringup/share/robot_bringup/hook/ament_prefix_path.dsv'
[0.513s] INFO:colcon.colcon_core.shell:Creating environment hook '/home/jorjeen/plant/cabbage_project/ros2_ws/src/install/robot_bringup/share/robot_bringup/hook/ament_prefix_path.sh'
[0.515s] INFO:colcon.colcon_core.shell:Skip shell extension 'powershell' for command environment: Not usable outside of PowerShell
[0.515s] DEBUG:colcon.colcon_core.shell:Skip shell extension 'dsv' for command environment
[0.527s] INFO:colcon.colcon_ros.task.ament_python.build:Building ROS package in '/home/jorjeen/plant/cabbage_project/ros2_ws/src/robot_core' with build type 'ament_python'
[0.528s] Level 1:colcon.colcon_core.shell:create_environment_hook('robot_core', 'ament_prefix_path')
[0.528s] INFO:colcon.colcon_core.shell:Creating environment hook '/home/jorjeen/plant/cabbage_project/ros2_ws/src/install/robot_core/share/robot_core/hook/ament_prefix_path.ps1'
[0.530s] INFO:colcon.colcon_core.shell:Creating environment descriptor '/home/jorjeen/plant/cabbage_project/ros2_ws/src/install/robot_core/share/robot_core/hook/ament_prefix_path.dsv'
[0.530s] INFO:colcon.colcon_core.shell:Creating environment hook '/home/jorjeen/plant/cabbage_project/ros2_ws/src/install/robot_core/share/robot_core/hook/ament_prefix_path.sh'
[0.531s] INFO:colcon.colcon_core.shell:Skip shell extension 'powershell' for command environment: Not usable outside of PowerShell
[0.531s] DEBUG:colcon.colcon_core.shell:Skip shell extension 'dsv' for command environment
[0.542s] INFO:colcon.colcon_ros.task.ament_python.build:Building ROS package in '/home/jorjeen/plant/cabbage_project/ros2_ws/src/robot_dashboard' with build type 'ament_python'
[0.543s] Level 1:colcon.colcon_core.shell:create_environment_hook('robot_dashboard', 'ament_prefix_path')
[0.543s] INFO:colcon.colcon_core.shell:Creating environment hook '/home/jorjeen/plant/cabbage_project/ros2_ws/src/install/robot_dashboard/share/robot_dashboard/hook/ament_prefix_path.ps1'
[0.545s] INFO:colcon.colcon_core.shell:Creating environment descriptor '/home/jorjeen/plant/cabbage_project/ros2_ws/src/install/robot_dashboard/share/robot_dashboard/hook/ament_prefix_path.dsv'
[0.546s] INFO:colcon.colcon_core.shell:Creating environment hook '/home/jorjeen/plant/cabbage_project/ros2_ws/src/install/robot_dashboard/share/robot_dashboard/hook/ament_prefix_path.sh'
[0.547s] INFO:colcon.colcon_core.shell:Skip shell extension 'powershell' for command environment: Not usable outside of PowerShell
[0.547s] DEBUG:colcon.colcon_core.shell:Skip shell extension 'dsv' for command environment
[0.558s] INFO:colcon.colcon_ros.task.ament_python.build:Building ROS package in '/home/jorjeen/plant/cabbage_project/ros2_ws/src/robot_vision' with build type 'ament_python'
[0.558s] Level 1:colcon.colcon_core.shell:create_environment_hook('robot_vision', 'ament_prefix_path')
[0.559s] INFO:colcon.colcon_core.shell:Creating environment hook '/home/jorjeen/plant/cabbage_project/ros2_ws/src/install/robot_vision/share/robot_vision/hook/ament_prefix_path.ps1'
[0.560s] INFO:colcon.colcon_core.shell:Creating environment descriptor '/home/jorjeen/plant/cabbage_project/ros2_ws/src/install/robot_vision/share/robot_vision/hook/ament_prefix_path.dsv'
[0.560s] INFO:colcon.colcon_core.shell:Creating environment hook '/home/jorjeen/plant/cabbage_project/ros2_ws/src/install/robot_vision/share/robot_vision/hook/ament_prefix_path.sh'
[0.561s] INFO:colcon.colcon_core.shell:Skip shell extension 'powershell' for command environment: Not usable outside of PowerShell
[0.561s] DEBUG:colcon.colcon_core.shell:Skip shell extension 'dsv' for command environment
[0.822s] INFO:colcon.colcon_core.task.python.build:Building Python package in '/home/jorjeen/plant/cabbage_project/ros2_ws/src/robot_bringup'
[0.823s] INFO:colcon.colcon_core.shell:Skip shell extension 'powershell' for command environment: Not usable outside of PowerShell
[0.823s] DEBUG:colcon.colcon_core.shell:Skip shell extension 'dsv' for command environment
[1.076s] INFO:colcon.colcon_core.task.python.build:Building Python package in '/home/jorjeen/plant/cabbage_project/ros2_ws/src/robot_core'
[1.077s] INFO:colcon.colcon_core.shell:Skip shell extension 'powershell' for command environment: Not usable outside of PowerShell
[1.077s] DEBUG:colcon.colcon_core.shell:Skip shell extension 'dsv' for command environment
[1.339s] INFO:colcon.colcon_core.task.python.build:Building Python package in '/home/jorjeen/plant/cabbage_project/ros2_ws/src/robot_dashboard'
[1.339s] INFO:colcon.colcon_core.shell:Skip shell extension 'powershell' for command environment: Not usable outside of PowerShell
[1.339s] DEBUG:colcon.colcon_core.shell:Skip shell extension 'dsv' for command environment
[1.587s] INFO:colcon.colcon_core.task.python.build:Building Python package in '/home/jorjeen/plant/cabbage_project/ros2_ws/src/robot_vision'
[1.587s] INFO:colcon.colcon_core.shell:Skip shell extension 'powershell' for command environment: Not usable outside of PowerShell
[1.587s] DEBUG:colcon.colcon_core.shell:Skip shell extension 'dsv' for command environment
[2.271s] DEBUG:colcon.colcon_core.event_handler.log_command:Invoking command in '/home/jorjeen/plant/cabbage_project/ros2_ws/src/robot_bringup': DEBUGINFOD_URLS=https://debuginfod.ubuntu.com PYTHONPATH=/home/jorjeen/plant/cabbage_project/ros2_ws/src/build/robot_bringup/prefix_override:/usr/lib/python3/dist-packages/colcon_core/task/python/colcon_distutils_commands:/home/jorjeen/plant/cabbage_project/ros2_ws/src/install/robot_bringup/lib/python3.12/site-packages:${PYTHONPATH} /usr/bin/python3 -W ignore:setup.py install is deprecated -W ignore:easy_install command is deprecated setup.py egg_info --egg-base ../build/robot_bringup build --build-base /home/jorjeen/plant/cabbage_project/ros2_ws/src/build/robot_bringup/build install --record /home/jorjeen/plant/cabbage_project/ros2_ws/src/build/robot_bringup/install.log --single-version-externally-managed install_data
[2.273s] DEBUG:colcon.colcon_core.event_handler.log_command:Invoking command in '/home/jorjeen/plant/cabbage_project/ros2_ws/src/robot_core': DEBUGINFOD_URLS=https://debuginfod.ubuntu.com PYTHONPATH=/home/jorjeen/plant/cabbage_project/ros2_ws/src/build/robot_core/prefix_override:/usr/lib/python3/dist-packages/colcon_core/task/python/colcon_distutils_commands:/home/jorjeen/plant/cabbage_project/ros2_ws/src/install/robot_core/lib/python3.12/site-packages:${PYTHONPATH} /usr/bin/python3 -W ignore:setup.py install is deprecated -W ignore:easy_install command is deprecated setup.py egg_info --egg-base ../build/robot_core build --build-base /home/jorjeen/plant/cabbage_project/ros2_ws/src/build/robot_core/build install --record /home/jorjeen/plant/cabbage_project/ros2_ws/src/build/robot_core/install.log --single-version-externally-managed install_data
[2.277s] DEBUG:colcon.colcon_core.event_handler.log_command:Invoking command in '/home/jorjeen/plant/cabbage_project/ros2_ws/src/robot_dashboard': DEBUGINFOD_URLS=https://debuginfod.ubuntu.com PYTHONPATH=/home/jorjeen/plant/cabbage_project/ros2_ws/src/build/robot_dashboard/prefix_override:/usr/lib/python3/dist-packages/colcon_core/task/python/colcon_distutils_commands:/home/jorjeen/plant/cabbage_project/ros2_ws/src/install/robot_dashboard/lib/python3.12/site-packages:${PYTHONPATH} /usr/bin/python3 -W ignore:setup.py install is deprecated -W ignore:easy_install command is deprecated setup.py egg_info --egg-base ../build/robot_dashboard build --build-base /home/jorjeen/plant/cabbage_project/ros2_ws/src/build/robot_dashboard/build install --record /home/jorjeen/plant/cabbage_project/ros2_ws/src/build/robot_dashboard/install.log --single-version-externally-managed install_data
[2.278s] DEBUG:colcon.colcon_core.event_handler.log_command:Invoking command in '/home/jorjeen/plant/cabbage_project/ros2_ws/src/robot_vision': DEBUGINFOD_URLS=https://debuginfod.ubuntu.com PYTHONPATH=/home/jorjeen/plant/cabbage_project/ros2_ws/src/build/robot_vision/prefix_override:/usr/lib/python3/dist-packages/colcon_core/task/python/colcon_distutils_commands:/home/jorjeen/plant/cabbage_project/ros2_ws/src/install/robot_vision/lib/python3.12/site-packages:${PYTHONPATH} /usr/bin/python3 -W ignore:setup.py install is deprecated -W ignore:easy_install command is deprecated setup.py egg_info --egg-base ../build/robot_vision build --build-base /home/jorjeen/plant/cabbage_project/ros2_ws/src/build/robot_vision/build install --record /home/jorjeen/plant/cabbage_project/ros2_ws/src/build/robot_vision/install.log --single-version-externally-managed install_data
[2.667s] DEBUG:colcon.colcon_core.event_handler.log_command:Invoked command in '/home/jorjeen/plant/cabbage_project/ros2_ws/src/robot_dashboard' returned '0': DEBUGINFOD_URLS=https://debuginfod.ubuntu.com PYTHONPATH=/home/jorjeen/plant/cabbage_project/ros2_ws/src/build/robot_dashboard/prefix_override:/usr/lib/python3/dist-packages/colcon_core/task/python/colcon_distutils_commands:/home/jorjeen/plant/cabbage_project/ros2_ws/src/install/robot_dashboard/lib/python3.12/site-packages:${PYTHONPATH} /usr/bin/python3 -W ignore:setup.py install is deprecated -W ignore:easy_install command is deprecated setup.py egg_info --egg-base ../build/robot_dashboard build --build-base /home/jorjeen/plant/cabbage_project/ros2_ws/src/build/robot_dashboard/build install --record /home/jorjeen/plant/cabbage_project/ros2_ws/src/build/robot_dashboard/install.log --single-version-externally-managed install_data
[2.673s] Level 1:colcon.colcon_core.environment:checking '/home/jorjeen/plant/cabbage_project/ros2_ws/src/install/robot_dashboard' for CMake module files
[2.674s] Level 1:colcon.colcon_core.environment:checking '/home/jorjeen/plant/cabbage_project/ros2_ws/src/install/robot_dashboard' for CMake config files
[2.674s] Level 1:colcon.colcon_core.environment:checking '/home/jorjeen/plant/cabbage_project/ros2_ws/src/install/robot_dashboard/lib'
[2.675s] Level 1:colcon.colcon_core.environment:checking '/home/jorjeen/plant/cabbage_project/ros2_ws/src/install/robot_dashboard/bin'
[2.675s] Level 1:colcon.colcon_core.environment:checking '/home/jorjeen/plant/cabbage_project/ros2_ws/src/install/robot_dashboard/lib/pkgconfig/robot_dashboard.pc'
[2.675s] Level 1:colcon.colcon_core.environment:checking '/home/jorjeen/plant/cabbage_project/ros2_ws/src/install/robot_dashboard/lib/python3.12/site-packages'
[2.675s] Level 1:colcon.colcon_core.shell:create_environment_hook('robot_dashboard', 'pythonpath')
[2.675s] INFO:colcon.colcon_core.shell:Creating environment hook '/home/jorjeen/plant/cabbage_project/ros2_ws/src/install/robot_dashboard/share/robot_dashboard/hook/pythonpath.ps1'
[2.676s] INFO:colcon.colcon_core.shell:Creating environment descriptor '/home/jorjeen/plant/cabbage_project/ros2_ws/src/install/robot_dashboard/share/robot_dashboard/hook/pythonpath.dsv'
[2.676s] INFO:colcon.colcon_core.shell:Creating environment hook '/home/jorjeen/plant/cabbage_project/ros2_ws/src/install/robot_dashboard/share/robot_dashboard/hook/pythonpath.sh'
[2.677s] Level 1:colcon.colcon_core.environment:checking '/home/jorjeen/plant/cabbage_project/ros2_ws/src/install/robot_dashboard/bin'
[2.677s] Level 1:colcon.colcon_core.environment:create_environment_scripts_only(robot_dashboard)
[2.677s] INFO:colcon.colcon_core.shell:Creating package script '/home/jorjeen/plant/cabbage_project/ros2_ws/src/install/robot_dashboard/share/robot_dashboard/package.ps1'
[2.678s] INFO:colcon.colcon_core.shell:Creating package descriptor '/home/jorjeen/plant/cabbage_project/ros2_ws/src/install/robot_dashboard/share/robot_dashboard/package.dsv'
[2.678s] INFO:colcon.colcon_core.shell:Creating package script '/home/jorjeen/plant/cabbage_project/ros2_ws/src/install/robot_dashboard/share/robot_dashboard/package.sh'
[2.679s] INFO:colcon.colcon_core.shell:Creating package script '/home/jorjeen/plant/cabbage_project/ros2_ws/src/install/robot_dashboard/share/robot_dashboard/package.bash'
[2.680s] INFO:colcon.colcon_core.shell:Creating package script '/home/jorjeen/plant/cabbage_project/ros2_ws/src/install/robot_dashboard/share/robot_dashboard/package.zsh'
[2.680s] Level 1:colcon.colcon_core.environment:create_file_with_runtime_dependencies(/home/jorjeen/plant/cabbage_project/ros2_ws/src/install/robot_dashboard/share/colcon-core/packages/robot_dashboard)
[2.682s] Level 1:colcon.colcon_core.environment:checking '/home/jorjeen/plant/cabbage_project/ros2_ws/src/install/robot_vision' for CMake module files
[2.682s] DEBUG:colcon.colcon_core.event_handler.log_command:Invoked command in '/home/jorjeen/plant/cabbage_project/ros2_ws/src/robot_vision' returned '0': DEBUGINFOD_URLS=https://debuginfod.ubuntu.com PYTHONPATH=/home/jorjeen/plant/cabbage_project/ros2_ws/src/build/robot_vision/prefix_override:/usr/lib/python3/dist-packages/colcon_core/task/python/colcon_distutils_commands:/home/jorjeen/plant/cabbage_project/ros2_ws/src/install/robot_vision/lib/python3.12/site-packages:${PYTHONPATH} /usr/bin/python3 -W ignore:setup.py install is deprecated -W ignore:easy_install command is deprecated setup.py egg_info --egg-base ../build/robot_vision build --build-base /home/jorjeen/plant/cabbage_project/ros2_ws/src/build/robot_vision/build install --record /home/jorjeen/plant/cabbage_project/ros2_ws/src/build/robot_vision/install.log --single-version-externally-managed install_data
[2.683s] Level 1:colcon.colcon_core.environment:checking '/home/jorjeen/plant/cabbage_project/ros2_ws/src/install/robot_vision' for CMake config files
[2.683s] Level 1:colcon.colcon_core.environment:checking '/home/jorjeen/plant/cabbage_project/ros2_ws/src/install/robot_vision/lib'
[2.683s] Level 1:colcon.colcon_core.environment:checking '/home/jorjeen/plant/cabbage_project/ros2_ws/src/install/robot_vision/bin'
[2.683s] Level 1:colcon.colcon_core.environment:checking '/home/jorjeen/plant/cabbage_project/ros2_ws/src/install/robot_vision/lib/pkgconfig/robot_vision.pc'
[2.683s] Level 1:colcon.colcon_core.environment:checking '/home/jorjeen/plant/cabbage_project/ros2_ws/src/install/robot_vision/lib/python3.12/site-packages'
[2.683s] Level 1:colcon.colcon_core.shell:create_environment_hook('robot_vision', 'pythonpath')
[2.684s] INFO:colcon.colcon_core.shell:Creating environment hook '/home/jorjeen/plant/cabbage_project/ros2_ws/src/install/robot_vision/share/robot_vision/hook/pythonpath.ps1'
[2.684s] INFO:colcon.colcon_core.shell:Creating environment descriptor '/home/jorjeen/plant/cabbage_project/ros2_ws/src/install/robot_vision/share/robot_vision/hook/pythonpath.dsv'
[2.684s] INFO:colcon.colcon_core.shell:Creating environment hook '/home/jorjeen/plant/cabbage_project/ros2_ws/src/install/robot_vision/share/robot_vision/hook/pythonpath.sh'
[2.685s] Level 1:colcon.colcon_core.environment:checking '/home/jorjeen/plant/cabbage_project/ros2_ws/src/install/robot_vision/bin'
[2.685s] Level 1:colcon.colcon_core.environment:create_environment_scripts_only(robot_vision)
[2.685s] INFO:colcon.colcon_core.shell:Creating package script '/home/jorjeen/plant/cabbage_project/ros2_ws/src/install/robot_vision/share/robot_vision/package.ps1'
[2.685s] INFO:colcon.colcon_core.shell:Creating package descriptor '/home/jorjeen/plant/cabbage_project/ros2_ws/src/install/robot_vision/share/robot_vision/package.dsv'
[2.685s] INFO:colcon.colcon_core.shell:Creating package script '/home/jorjeen/plant/cabbage_project/ros2_ws/src/install/robot_vision/share/robot_vision/package.sh'
[2.686s] INFO:colcon.colcon_core.shell:Creating package script '/home/jorjeen/plant/cabbage_project/ros2_ws/src/install/robot_vision/share/robot_vision/package.bash'
[2.686s] INFO:colcon.colcon_core.shell:Creating package script '/home/jorjeen/plant/cabbage_project/ros2_ws/src/install/robot_vision/share/robot_vision/package.zsh'
[2.686s] Level 1:colcon.colcon_core.environment:create_file_with_runtime_dependencies(/home/jorjeen/plant/cabbage_project/ros2_ws/src/install/robot_vision/share/colcon-core/packages/robot_vision)
[2.686s] Level 1:colcon.colcon_core.environment:checking '/home/jorjeen/plant/cabbage_project/ros2_ws/src/install/robot_bringup' for CMake module files
[2.687s] Level 1:colcon.colcon_core.environment:checking '/home/jorjeen/plant/cabbage_project/ros2_ws/src/install/robot_bringup' for CMake config files
[2.687s] DEBUG:colcon.colcon_core.event_handler.log_command:Invoked command in '/home/jorjeen/plant/cabbage_project/ros2_ws/src/robot_bringup' returned '0': DEBUGINFOD_URLS=https://debuginfod.ubuntu.com PYTHONPATH=/home/jorjeen/plant/cabbage_project/ros2_ws/src/build/robot_bringup/prefix_override:/usr/lib/python3/dist-packages/colcon_core/task/python/colcon_distutils_commands:/home/jorjeen/plant/cabbage_project/ros2_ws/src/install/robot_bringup/lib/python3.12/site-packages:${PYTHONPATH} /usr/bin/python3 -W ignore:setup.py install is deprecated -W ignore:easy_install command is deprecated setup.py egg_info --egg-base ../build/robot_bringup build --build-base /home/jorjeen/plant/cabbage_project/ros2_ws/src/build/robot_bringup/build install --record /home/jorjeen/plant/cabbage_project/ros2_ws/src/build/robot_bringup/install.log --single-version-externally-managed install_data
[2.687s] Level 1:colcon.colcon_core.environment:checking '/home/jorjeen/plant/cabbage_project/ros2_ws/src/install/robot_bringup/lib'
[2.687s] Level 1:colcon.colcon_core.environment:checking '/home/jorjeen/plant/cabbage_project/ros2_ws/src/install/robot_bringup/bin'
[2.688s] Level 1:colcon.colcon_core.environment:checking '/home/jorjeen/plant/cabbage_project/ros2_ws/src/install/robot_bringup/lib/pkgconfig/robot_bringup.pc'
[2.688s] Level 1:colcon.colcon_core.environment:checking '/home/jorjeen/plant/cabbage_project/ros2_ws/src/install/robot_bringup/lib/python3.12/site-packages'
[2.688s] Level 1:colcon.colcon_core.shell:create_environment_hook('robot_bringup', 'pythonpath')
[2.688s] INFO:colcon.colcon_core.shell:Creating environment hook '/home/jorjeen/plant/cabbage_project/ros2_ws/src/install/robot_bringup/share/robot_bringup/hook/pythonpath.ps1'
[2.688s] INFO:colcon.colcon_core.shell:Creating environment descriptor '/home/jorjeen/plant/cabbage_project/ros2_ws/src/install/robot_bringup/share/robot_bringup/hook/pythonpath.dsv'
[2.688s] INFO:colcon.colcon_core.shell:Creating environment hook '/home/jorjeen/plant/cabbage_project/ros2_ws/src/install/robot_bringup/share/robot_bringup/hook/pythonpath.sh'
[2.689s] Level 1:colcon.colcon_core.environment:checking '/home/jorjeen/plant/cabbage_project/ros2_ws/src/install/robot_bringup/bin'
[2.689s] Level 1:colcon.colcon_core.environment:create_environment_scripts_only(robot_bringup)
[2.689s] INFO:colcon.colcon_core.shell:Creating package script '/home/jorjeen/plant/cabbage_project/ros2_ws/src/install/robot_bringup/share/robot_bringup/package.ps1'
[2.689s] INFO:colcon.colcon_core.shell:Creating package descriptor '/home/jorjeen/plant/cabbage_project/ros2_ws/src/install/robot_bringup/share/robot_bringup/package.dsv'
[2.689s] INFO:colcon.colcon_core.shell:Creating package script '/home/jorjeen/plant/cabbage_project/ros2_ws/src/install/robot_bringup/share/robot_bringup/package.sh'
[2.689s] INFO:colcon.colcon_core.shell:Creating package script '/home/jorjeen/plant/cabbage_project/ros2_ws/src/install/robot_bringup/share/robot_bringup/package.bash'
[2.690s] INFO:colcon.colcon_core.shell:Creating package script '/home/jorjeen/plant/cabbage_project/ros2_ws/src/install/robot_bringup/share/robot_bringup/package.zsh'
[2.690s] Level 1:colcon.colcon_core.environment:create_file_with_runtime_dependencies(/home/jorjeen/plant/cabbage_project/ros2_ws/src/install/robot_bringup/share/colcon-core/packages/robot_bringup)
[2.690s] Level 1:colcon.colcon_core.environment:checking '/home/jorjeen/plant/cabbage_project/ros2_ws/src/install/robot_core' for CMake module files
[2.691s] Level 1:colcon.colcon_core.environment:checking '/home/jorjeen/plant/cabbage_project/ros2_ws/src/install/robot_core' for CMake config files
[2.691s] DEBUG:colcon.colcon_core.event_handler.log_command:Invoked command in '/home/jorjeen/plant/cabbage_project/ros2_ws/src/robot_core' returned '0': DEBUGINFOD_URLS=https://debuginfod.ubuntu.com PYTHONPATH=/home/jorjeen/plant/cabbage_project/ros2_ws/src/build/robot_core/prefix_override:/usr/lib/python3/dist-packages/colcon_core/task/python/colcon_distutils_commands:/home/jorjeen/plant/cabbage_project/ros2_ws/src/install/robot_core/lib/python3.12/site-packages:${PYTHONPATH} /usr/bin/python3 -W ignore:setup.py install is deprecated -W ignore:easy_install command is deprecated setup.py egg_info --egg-base ../build/robot_core build --build-base /home/jorjeen/plant/cabbage_project/ros2_ws/src/build/robot_core/build install --record /home/jorjeen/plant/cabbage_project/ros2_ws/src/build/robot_core/install.log --single-version-externally-managed install_data
[2.691s] Level 1:colcon.colcon_core.environment:checking '/home/jorjeen/plant/cabbage_project/ros2_ws/src/install/robot_core/lib'
[2.691s] Level 1:colcon.colcon_core.environment:checking '/home/jorjeen/plant/cabbage_project/ros2_ws/src/install/robot_core/bin'
[2.691s] Level 1:colcon.colcon_core.environment:checking '/home/jorjeen/plant/cabbage_project/ros2_ws/src/install/robot_core/lib/pkgconfig/robot_core.pc'
[2.692s] Level 1:colcon.colcon_core.environment:checking '/home/jorjeen/plant/cabbage_project/ros2_ws/src/install/robot_core/lib/python3.12/site-packages'
[2.692s] Level 1:colcon.colcon_core.shell:create_environment_hook('robot_core', 'pythonpath')
[2.692s] INFO:colcon.colcon_core.shell:Creating environment hook '/home/jorjeen/plant/cabbage_project/ros2_ws/src/install/robot_core/share/robot_core/hook/pythonpath.ps1'
[2.692s] INFO:colcon.colcon_core.shell:Creating environment descriptor '/home/jorjeen/plant/cabbage_project/ros2_ws/src/install/robot_core/share/robot_core/hook/pythonpath.dsv'
[2.692s] INFO:colcon.colcon_core.shell:Creating environment hook '/home/jorjeen/plant/cabbage_project/ros2_ws/src/install/robot_core/share/robot_core/hook/pythonpath.sh'
[2.693s] Level 1:colcon.colcon_core.environment:checking '/home/jorjeen/plant/cabbage_project/ros2_ws/src/install/robot_core/bin'
[2.693s] Level 1:colcon.colcon_core.environment:create_environment_scripts_only(robot_core)
[2.693s] INFO:colcon.colcon_core.shell:Creating package script '/home/jorjeen/plant/cabbage_project/ros2_ws/src/install/robot_core/share/robot_core/package.ps1'
[2.693s] INFO:colcon.colcon_core.shell:Creating package descriptor '/home/jorjeen/plant/cabbage_project/ros2_ws/src/install/robot_core/share/robot_core/package.dsv'
[2.693s] INFO:colcon.colcon_core.shell:Creating package script '/home/jorjeen/plant/cabbage_project/ros2_ws/src/install/robot_core/share/robot_core/package.sh'
[2.693s] INFO:colcon.colcon_core.shell:Creating package script '/home/jorjeen/plant/cabbage_project/ros2_ws/src/install/robot_core/share/robot_core/package.bash'
[2.694s] INFO:colcon.colcon_core.shell:Creating package script '/home/jorjeen/plant/cabbage_project/ros2_ws/src/install/robot_core/share/robot_core/package.zsh'
[2.694s] Level 1:colcon.colcon_core.environment:create_file_with_runtime_dependencies(/home/jorjeen/plant/cabbage_project/ros2_ws/src/install/robot_core/share/colcon-core/packages/robot_core)
[2.694s] DEBUG:colcon.colcon_parallel_executor.executor.parallel:closing loop
[2.694s] DEBUG:colcon.colcon_parallel_executor.executor.parallel:loop closed
[2.694s] DEBUG:colcon.colcon_parallel_executor.executor.parallel:run_until_complete finished with '0'
[2.694s] DEBUG:colcon.colcon_core.event_reactor:joining thread
[2.706s] INFO:colcon.colcon_core.plugin_system:Skipping extension 'colcon_notification.desktop_notification.terminal_notifier': Not used on non-Darwin systems
[2.706s] INFO:colcon.colcon_core.plugin_system:Skipping extension 'colcon_notification.desktop_notification.win32': Not used on non-Windows systems
[2.706s] INFO:colcon.colcon_notification.desktop_notification:Sending desktop notification using 'notify2'
[2.741s] DEBUG:colcon.colcon_core.event_reactor:joined thread
[2.741s] INFO:colcon.colcon_core.shell:Creating prefix script '/home/jorjeen/plant/cabbage_project/ros2_ws/src/install/local_setup.ps1'
[2.743s] INFO:colcon.colcon_core.shell:Creating prefix util module '/home/jorjeen/plant/cabbage_project/ros2_ws/src/install/_local_setup_util_ps1.py'
[2.745s] INFO:colcon.colcon_core.shell:Creating prefix chain script '/home/jorjeen/plant/cabbage_project/ros2_ws/src/install/setup.ps1'
[2.748s] INFO:colcon.colcon_core.shell:Creating prefix script '/home/jorjeen/plant/cabbage_project/ros2_ws/src/install/local_setup.sh'
[2.749s] INFO:colcon.colcon_core.shell:Creating prefix util module '/home/jorjeen/plant/cabbage_project/ros2_ws/src/install/_local_setup_util_sh.py'
[2.750s] INFO:colcon.colcon_core.shell:Creating prefix chain script '/home/jorjeen/plant/cabbage_project/ros2_ws/src/install/setup.sh'
[2.753s] INFO:colcon.colcon_core.shell:Creating prefix script '/home/jorjeen/plant/cabbage_project/ros2_ws/src/install/local_setup.bash'
[2.754s] INFO:colcon.colcon_core.shell:Creating prefix chain script '/home/jorjeen/plant/cabbage_project/ros2_ws/src/install/setup.bash'
[2.758s] INFO:colcon.colcon_core.shell:Creating prefix script '/home/jorjeen/plant/cabbage_project/ros2_ws/src/install/local_setup.zsh'
[2.759s] INFO:colcon.colcon_core.shell:Creating prefix chain script '/home/jorjeen/plant/cabbage_project/ros2_ws/src/install/setup.zsh'
