/home/jorjeen/plant/cabbage_project/ros2_ws/src/install/robot_vision/lib/python3.12/site-packages/robot_vision/ros2_to_ws.py
/home/jorjeen/plant/cabbage_project/ros2_ws/src/install/robot_vision/lib/python3.12/site-packages/robot_vision/entry_node.py
/home/jorjeen/plant/cabbage_project/ros2_ws/src/install/robot_vision/lib/python3.12/site-packages/robot_vision/dual_cam_server.py
/home/jorjeen/plant/cabbage_project/ros2_ws/src/install/robot_vision/lib/python3.12/site-packages/robot_vision/cabbage_detector_node.py
/home/jorjeen/plant/cabbage_project/ros2_ws/src/install/robot_vision/lib/python3.12/site-packages/robot_vision/camera_relay.py
/home/jorjeen/plant/cabbage_project/ros2_ws/src/install/robot_vision/lib/python3.12/site-packages/robot_vision/apriltag_node.py
/home/jorjeen/plant/cabbage_project/ros2_ws/src/install/robot_vision/lib/python3.12/site-packages/robot_vision/camera_node.py
/home/jorjeen/plant/cabbage_project/ros2_ws/src/install/robot_vision/lib/python3.12/site-packages/robot_vision/__init__.py
/home/jorjeen/plant/cabbage_project/ros2_ws/src/install/robot_vision/lib/python3.12/site-packages/robot_vision/__pycache__/ros2_to_ws.cpython-312.pyc
/home/jorjeen/plant/cabbage_project/ros2_ws/src/install/robot_vision/lib/python3.12/site-packages/robot_vision/__pycache__/entry_node.cpython-312.pyc
/home/jorjeen/plant/cabbage_project/ros2_ws/src/install/robot_vision/lib/python3.12/site-packages/robot_vision/__pycache__/dual_cam_server.cpython-312.pyc
/home/jorjeen/plant/cabbage_project/ros2_ws/src/install/robot_vision/lib/python3.12/site-packages/robot_vision/__pycache__/cabbage_detector_node.cpython-312.pyc
/home/jorjeen/plant/cabbage_project/ros2_ws/src/install/robot_vision/lib/python3.12/site-packages/robot_vision/__pycache__/camera_relay.cpython-312.pyc
/home/jorjeen/plant/cabbage_project/ros2_ws/src/install/robot_vision/lib/python3.12/site-packages/robot_vision/__pycache__/apriltag_node.cpython-312.pyc
/home/jorjeen/plant/cabbage_project/ros2_ws/src/install/robot_vision/lib/python3.12/site-packages/robot_vision/__pycache__/camera_node.cpython-312.pyc
/home/jorjeen/plant/cabbage_project/ros2_ws/src/install/robot_vision/lib/python3.12/site-packages/robot_vision/__pycache__/__init__.cpython-312.pyc
/home/jorjeen/plant/cabbage_project/ros2_ws/src/install/robot_vision/share/ament_index/resource_index/packages/robot_vision
/home/jorjeen/plant/cabbage_project/ros2_ws/src/install/robot_vision/share/robot_vision/package.xml
/home/jorjeen/plant/cabbage_project/ros2_ws/src/install/robot_vision/lib/python3.12/site-packages/robot_vision-0.0.0-py3.12.egg-info/requires.txt
/home/jorjeen/plant/cabbage_project/ros2_ws/src/install/robot_vision/lib/python3.12/site-packages/robot_vision-0.0.0-py3.12.egg-info/PKG-INFO
/home/jorjeen/plant/cabbage_project/ros2_ws/src/install/robot_vision/lib/python3.12/site-packages/robot_vision-0.0.0-py3.12.egg-info/zip-safe
/home/jorjeen/plant/cabbage_project/ros2_ws/src/install/robot_vision/lib/python3.12/site-packages/robot_vision-0.0.0-py3.12.egg-info/top_level.txt
/home/jorjeen/plant/cabbage_project/ros2_ws/src/install/robot_vision/lib/python3.12/site-packages/robot_vision-0.0.0-py3.12.egg-info/dependency_links.txt
/home/jorjeen/plant/cabbage_project/ros2_ws/src/install/robot_vision/lib/python3.12/site-packages/robot_vision-0.0.0-py3.12.egg-info/entry_points.txt
/home/jorjeen/plant/cabbage_project/ros2_ws/src/install/robot_vision/lib/python3.12/site-packages/robot_vision-0.0.0-py3.12.egg-info/SOURCES.txt
/home/jorjeen/plant/cabbage_project/ros2_ws/src/install/robot_vision/lib/robot_vision/apriltag_node
/home/jorjeen/plant/cabbage_project/ros2_ws/src/install/robot_vision/lib/robot_vision/cabbage_detector_node
/home/jorjeen/plant/cabbage_project/ros2_ws/src/install/robot_vision/lib/robot_vision/camera_node
/home/jorjeen/plant/cabbage_project/ros2_ws/src/install/robot_vision/lib/robot_vision/entering
/home/jorjeen/plant/cabbage_project/ros2_ws/src/install/robot_vision/lib/robot_vision/entry_node
