[3.016s] Invoking command in '/home/quin/cabbage_project/ros2_ws/src/robot_vision': PYTHONPATH=/home/quin/cabbage_project/ros2_ws/build/robot_vision/prefix_override:/usr/lib/python3/dist-packages/colcon_core/task/python/colcon_distutils_commands:/home/quin/cabbage_project/ros2_ws/install/robot_vision/lib/python3.12/site-packages:${PYTHONPATH} /usr/bin/python3 -W ignore:setup.py install is deprecated -W ignore:easy_install command is deprecated setup.py egg_info --egg-base ../../build/robot_vision build --build-base /home/quin/cabbage_project/ros2_ws/build/robot_vision/build install --record /home/quin/cabbage_project/ros2_ws/build/robot_vision/install.log --single-version-externally-managed install_data
[3.582s] running egg_info
[3.608s] writing ../../build/robot_vision/robot_vision.egg-info/PKG-INFO
[3.612s] writing dependency_links to ../../build/robot_vision/robot_vision.egg-info/dependency_links.txt
[3.612s] writing entry points to ../../build/robot_vision/robot_vision.egg-info/entry_points.txt
[3.612s] writing requirements to ../../build/robot_vision/robot_vision.egg-info/requires.txt
[3.613s] writing top-level names to ../../build/robot_vision/robot_vision.egg-info/top_level.txt
[3.668s] reading manifest file '../../build/robot_vision/robot_vision.egg-info/SOURCES.txt'
[3.669s] writing manifest file '../../build/robot_vision/robot_vision.egg-info/SOURCES.txt'
[3.670s] running build
[3.670s] running build_py
[3.676s] running install
[3.687s] running install_lib
[3.715s] running install_data
[3.716s] running install_egg_info
[3.747s] removing '/home/quin/cabbage_project/ros2_ws/install/robot_vision/lib/python3.12/site-packages/robot_vision-0.0.0-py3.12.egg-info' (and everything under it)
[3.747s] Copying ../../build/robot_vision/robot_vision.egg-info to /home/quin/cabbage_project/ros2_ws/install/robot_vision/lib/python3.12/site-packages/robot_vision-0.0.0-py3.12.egg-info
[3.751s] running install_scripts
[4.022s] Installing apriltag_node script to /home/quin/cabbage_project/ros2_ws/install/robot_vision/lib/robot_vision
[4.025s] Installing camera_node script to /home/quin/cabbage_project/ros2_ws/install/robot_vision/lib/robot_vision
[4.026s] writing list of installed files to '/home/quin/cabbage_project/ros2_ws/build/robot_vision/install.log'
[4.178s] Invoked command in '/home/quin/cabbage_project/ros2_ws/src/robot_vision' returned '0': PYTHONPATH=/home/quin/cabbage_project/ros2_ws/build/robot_vision/prefix_override:/usr/lib/python3/dist-packages/colcon_core/task/python/colcon_distutils_commands:/home/quin/cabbage_project/ros2_ws/install/robot_vision/lib/python3.12/site-packages:${PYTHONPATH} /usr/bin/python3 -W ignore:setup.py install is deprecated -W ignore:easy_install command is deprecated setup.py egg_info --egg-base ../../build/robot_vision build --build-base /home/quin/cabbage_project/ros2_ws/build/robot_vision/build install --record /home/quin/cabbage_project/ros2_ws/build/robot_vision/install.log --single-version-externally-managed install_data
