running egg_info
writing ../../../build/robot_bringup/robot_bringup.egg-info/PKG-INFO
writing dependency_links to ../../../build/robot_bringup/robot_bringup.egg-info/dependency_links.txt
writing requirements to ../../../build/robot_bringup/robot_bringup.egg-info/requires.txt
writing top-level names to ../../../build/robot_bringup/robot_bringup.egg-info/top_level.txt
reading manifest file '../../../build/robot_bringup/robot_bringup.egg-info/SOURCES.txt'
writing manifest file '../../../build/robot_bringup/robot_bringup.egg-info/SOURCES.txt'
running build
running build_py
running install
running install_lib
running install_data
copying launch/vision.launch.py -> /home/jorjeen/plant/cabbage_project/install/robot_bringup/share/robot_bringup/launch
copying launch/micro-ros.launch.py -> /home/jorjeen/plant/cabbage_project/install/robot_bringup/share/robot_bringup/launch
copying launch/bringup.launch.py -> /home/jorjeen/plant/cabbage_project/install/robot_bringup/share/robot_bringup/launch
running install_egg_info
removing '/home/jorjeen/plant/cabbage_project/install/robot_bringup/lib/python3.12/site-packages/robot_bringup-0.0.0-py3.12.egg-info' (and everything under it)
Copying ../../../build/robot_bringup/robot_bringup.egg-info to /home/jorjeen/plant/cabbage_project/install/robot_bringup/lib/python3.12/site-packages/robot_bringup-0.0.0-py3.12.egg-info
running install_scripts
writing list of installed files to '/home/jorjeen/plant/cabbage_project/build/robot_bringup/install.log'
