[1.581s] Invoking command in '/home/jorjeen/plant/cabbage_project/ros2_ws/src/robot_bringup': DEBUGINFOD_URLS=https://debuginfod.ubuntu.com PYTHONPATH=/home/jorjeen/plant/cabbage_project/build/robot_bringup/prefix_override:/usr/lib/python3/dist-packages/colcon_core/task/python/colcon_distutils_commands:/home/jorjeen/plant/cabbage_project/install/robot_bringup/lib/python3.12/site-packages:${PYTHONPATH} /usr/bin/python3 -W ignore:setup.py install is deprecated -W ignore:easy_install command is deprecated setup.py egg_info --egg-base ../../../build/robot_bringup build --build-base /home/jorjeen/plant/cabbage_project/build/robot_bringup/build install --record /home/jorjeen/plant/cabbage_project/build/robot_bringup/install.log --single-version-externally-managed install_data
[1.780s] running egg_info
[1.793s] writing ../../../build/robot_bringup/robot_bringup.egg-info/PKG-INFO
[1.793s] writing dependency_links to ../../../build/robot_bringup/robot_bringup.egg-info/dependency_links.txt
[1.794s] writing requirements to ../../../build/robot_bringup/robot_bringup.egg-info/requires.txt
[1.794s] writing top-level names to ../../../build/robot_bringup/robot_bringup.egg-info/top_level.txt
[1.821s] reading manifest file '../../../build/robot_bringup/robot_bringup.egg-info/SOURCES.txt'
[1.821s] writing manifest file '../../../build/robot_bringup/robot_bringup.egg-info/SOURCES.txt'
[1.822s] running build
[1.822s] running build_py
[1.822s] running install
[1.826s] running install_lib
[1.840s] running install_data
[1.840s] copying launch/vision.launch.py -> /home/jorjeen/plant/cabbage_project/install/robot_bringup/share/robot_bringup/launch
[1.840s] copying launch/micro-ros.launch.py -> /home/jorjeen/plant/cabbage_project/install/robot_bringup/share/robot_bringup/launch
[1.841s] copying launch/bringup.launch.py -> /home/jorjeen/plant/cabbage_project/install/robot_bringup/share/robot_bringup/launch
[1.841s] running install_egg_info
[1.855s] removing '/home/jorjeen/plant/cabbage_project/install/robot_bringup/lib/python3.12/site-packages/robot_bringup-0.0.0-py3.12.egg-info' (and everything under it)
[1.855s] Copying ../../../build/robot_bringup/robot_bringup.egg-info to /home/jorjeen/plant/cabbage_project/install/robot_bringup/lib/python3.12/site-packages/robot_bringup-0.0.0-py3.12.egg-info
[1.857s] running install_scripts
[1.950s] writing list of installed files to '/home/jorjeen/plant/cabbage_project/build/robot_bringup/install.log'
[1.973s] Invoked command in '/home/jorjeen/plant/cabbage_project/ros2_ws/src/robot_bringup' returned '0': DEBUGINFOD_URLS=https://debuginfod.ubuntu.com PYTHONPATH=/home/jorjeen/plant/cabbage_project/build/robot_bringup/prefix_override:/usr/lib/python3/dist-packages/colcon_core/task/python/colcon_distutils_commands:/home/jorjeen/plant/cabbage_project/install/robot_bringup/lib/python3.12/site-packages:${PYTHONPATH} /usr/bin/python3 -W ignore:setup.py install is deprecated -W ignore:easy_install command is deprecated setup.py egg_info --egg-base ../../../build/robot_bringup build --build-base /home/jorjeen/plant/cabbage_project/build/robot_bringup/build install --record /home/jorjeen/plant/cabbage_project/build/robot_bringup/install.log --single-version-externally-managed install_data
