/home/earn/cabbage_project/ros2_ws/install/robot_vision/lib/python3.12/site-packages/robot_vision/camera_node.py
/home/earn/cabbage_project/ros2_ws/install/robot_vision/lib/python3.12/site-packages/robot_vision/__init__.py
/home/earn/cabbage_project/ros2_ws/install/robot_vision/lib/python3.12/site-packages/robot_vision/apriltag_node.py
/home/earn/cabbage_project/ros2_ws/install/robot_vision/lib/python3.12/site-packages/robot_vision/cabbage_detector_node.py
/home/earn/cabbage_project/ros2_ws/install/robot_vision/lib/python3.12/site-packages/robot_vision/__pycache__/camera_node.cpython-312.pyc
/home/earn/cabbage_project/ros2_ws/install/robot_vision/lib/python3.12/site-packages/robot_vision/__pycache__/__init__.cpython-312.pyc
/home/earn/cabbage_project/ros2_ws/install/robot_vision/lib/python3.12/site-packages/robot_vision/__pycache__/apriltag_node.cpython-312.pyc
/home/earn/cabbage_project/ros2_ws/install/robot_vision/lib/python3.12/site-packages/robot_vision/__pycache__/cabbage_detector_node.cpython-312.pyc
/home/earn/cabbage_project/ros2_ws/install/robot_vision/share/ament_index/resource_index/packages/robot_vision
/home/earn/cabbage_project/ros2_ws/install/robot_vision/share/robot_vision/package.xml
/home/earn/cabbage_project/ros2_ws/install/robot_vision/lib/python3.12/site-packages/robot_vision-0.0.0-py3.12.egg-info/zip-safe
/home/earn/cabbage_project/ros2_ws/install/robot_vision/lib/python3.12/site-packages/robot_vision-0.0.0-py3.12.egg-info/requires.txt
/home/earn/cabbage_project/ros2_ws/install/robot_vision/lib/python3.12/site-packages/robot_vision-0.0.0-py3.12.egg-info/top_level.txt
/home/earn/cabbage_project/ros2_ws/install/robot_vision/lib/python3.12/site-packages/robot_vision-0.0.0-py3.12.egg-info/entry_points.txt
/home/earn/cabbage_project/ros2_ws/install/robot_vision/lib/python3.12/site-packages/robot_vision-0.0.0-py3.12.egg-info/SOURCES.txt
/home/earn/cabbage_project/ros2_ws/install/robot_vision/lib/python3.12/site-packages/robot_vision-0.0.0-py3.12.egg-info/PKG-INFO
/home/earn/cabbage_project/ros2_ws/install/robot_vision/lib/python3.12/site-packages/robot_vision-0.0.0-py3.12.egg-info/dependency_links.txt
/home/earn/cabbage_project/ros2_ws/install/robot_vision/lib/robot_vision/apriltag_node
/home/earn/cabbage_project/ros2_ws/install/robot_vision/lib/robot_vision/cabbage_detector_node
/home/earn/cabbage_project/ros2_ws/install/robot_vision/lib/robot_vision/camera_node
