[2.789s] Invoking command in '/home/quin/cabbage_project/ros2_ws/src/robot_vision': PYTHONPATH=/home/quin/cabbage_project/ros2_ws/build/robot_vision/prefix_override:/usr/lib/python3/dist-packages/colcon_core/task/python/colcon_distutils_commands:/home/quin/cabbage_project/ros2_ws/install/robot_vision/lib/python3.12/site-packages:${PYTHONPATH} /usr/bin/python3 -W ignore:setup.py install is deprecated -W ignore:easy_install command is deprecated setup.py egg_info --egg-base ../../build/robot_vision build --build-base /home/quin/cabbage_project/ros2_ws/build/robot_vision/build install --record /home/quin/cabbage_project/ros2_ws/build/robot_vision/install.log --single-version-externally-managed install_data
[3.246s] running egg_info
[3.278s] writing ../../build/robot_vision/robot_vision.egg-info/PKG-INFO
[3.279s] writing dependency_links to ../../build/robot_vision/robot_vision.egg-info/dependency_links.txt
[3.289s] writing entry points to ../../build/robot_vision/robot_vision.egg-info/entry_points.txt
[3.292s] writing requirements to ../../build/robot_vision/robot_vision.egg-info/requires.txt
[3.295s] writing top-level names to ../../build/robot_vision/robot_vision.egg-info/top_level.txt
[3.361s] reading manifest file '../../build/robot_vision/robot_vision.egg-info/SOURCES.txt'
[3.361s] writing manifest file '../../build/robot_vision/robot_vision.egg-info/SOURCES.txt'
[3.361s] running build
[3.361s] running build_py
[3.361s] copying robot_vision/cabbage_main.py -> /home/quin/cabbage_project/ros2_ws/build/robot_vision/build/lib/robot_vision
[3.362s] copying robot_vision/apriltag_node.py -> /home/quin/cabbage_project/ros2_ws/build/robot_vision/build/lib/robot_vision
[3.362s] running install
[3.374s] running install_lib
[3.406s] copying /home/quin/cabbage_project/ros2_ws/build/robot_vision/build/lib/robot_vision/cabbage_main.py -> /home/quin/cabbage_project/ros2_ws/install/robot_vision/lib/python3.12/site-packages/robot_vision
[3.410s] copying /home/quin/cabbage_project/ros2_ws/build/robot_vision/build/lib/robot_vision/apriltag_node.py -> /home/quin/cabbage_project/ros2_ws/install/robot_vision/lib/python3.12/site-packages/robot_vision
[3.410s] byte-compiling /home/quin/cabbage_project/ros2_ws/install/robot_vision/lib/python3.12/site-packages/robot_vision/cabbage_main.py to cabbage_main.cpython-312.pyc
[3.411s] byte-compiling /home/quin/cabbage_project/ros2_ws/install/robot_vision/lib/python3.12/site-packages/robot_vision/apriltag_node.py to apriltag_node.cpython-312.pyc
[3.416s] running install_data
[3.417s] running install_egg_info
[3.472s] removing '/home/quin/cabbage_project/ros2_ws/install/robot_vision/lib/python3.12/site-packages/robot_vision-0.0.0-py3.12.egg-info' (and everything under it)
[3.472s] Copying ../../build/robot_vision/robot_vision.egg-info to /home/quin/cabbage_project/ros2_ws/install/robot_vision/lib/python3.12/site-packages/robot_vision-0.0.0-py3.12.egg-info
[3.472s] running install_scripts
[3.758s] Installing apriltag_node script to /home/quin/cabbage_project/ros2_ws/install/robot_vision/lib/robot_vision
[3.758s] Installing camera_node script to /home/quin/cabbage_project/ros2_ws/install/robot_vision/lib/robot_vision
[3.759s] writing list of installed files to '/home/quin/cabbage_project/ros2_ws/build/robot_vision/install.log'
[3.837s] Invoked command in '/home/quin/cabbage_project/ros2_ws/src/robot_vision' returned '0': PYTHONPATH=/home/quin/cabbage_project/ros2_ws/build/robot_vision/prefix_override:/usr/lib/python3/dist-packages/colcon_core/task/python/colcon_distutils_commands:/home/quin/cabbage_project/ros2_ws/install/robot_vision/lib/python3.12/site-packages:${PYTHONPATH} /usr/bin/python3 -W ignore:setup.py install is deprecated -W ignore:easy_install command is deprecated setup.py egg_info --egg-base ../../build/robot_vision build --build-base /home/quin/cabbage_project/ros2_ws/build/robot_vision/build install --record /home/quin/cabbage_project/ros2_ws/build/robot_vision/install.log --single-version-externally-managed install_data
