[3.451s] Invoking command in '/home/quin/cabbage_project/ros2_ws/src/robot_dashboard': PYTHONPATH=/home/quin/cabbage_project/ros2_ws/build/robot_dashboard/prefix_override:/usr/lib/python3/dist-packages/colcon_core/task/python/colcon_distutils_commands:/home/quin/cabbage_project/ros2_ws/install/robot_dashboard/lib/python3.12/site-packages:${PYTHONPATH} /usr/bin/python3 -W ignore:setup.py install is deprecated -W ignore:easy_install command is deprecated setup.py egg_info --egg-base ../../build/robot_dashboard build --build-base /home/quin/cabbage_project/ros2_ws/build/robot_dashboard/build install --record /home/quin/cabbage_project/ros2_ws/build/robot_dashboard/install.log --single-version-externally-managed install_data
[3.945s] running egg_info
[3.946s] creating ../../build/robot_dashboard/robot_dashboard.egg-info
[3.984s] writing ../../build/robot_dashboard/robot_dashboard.egg-info/PKG-INFO
[3.985s] writing dependency_links to ../../build/robot_dashboard/robot_dashboard.egg-info/dependency_links.txt
[3.985s] writing requirements to ../../build/robot_dashboard/robot_dashboard.egg-info/requires.txt
[3.986s] writing top-level names to ../../build/robot_dashboard/robot_dashboard.egg-info/top_level.txt
[3.986s] writing manifest file '../../build/robot_dashboard/robot_dashboard.egg-info/SOURCES.txt'
[4.050s] reading manifest file '../../build/robot_dashboard/robot_dashboard.egg-info/SOURCES.txt'
[4.051s] writing manifest file '../../build/robot_dashboard/robot_dashboard.egg-info/SOURCES.txt'
[4.051s] running build
[4.051s] running build_py
[4.052s] creating /home/quin/cabbage_project/ros2_ws/build/robot_dashboard/build
[4.052s] creating /home/quin/cabbage_project/ros2_ws/build/robot_dashboard/build/lib
[4.052s] creating /home/quin/cabbage_project/ros2_ws/build/robot_dashboard/build/lib/robot_dashboard
[4.052s] copying robot_dashboard/__init__.py -> /home/quin/cabbage_project/ros2_ws/build/robot_dashboard/build/lib/robot_dashboard
[4.052s] running install
[4.068s] running install_lib
[4.101s] creating /home/quin/cabbage_project/ros2_ws/install/robot_dashboard/lib/python3.12/site-packages/robot_dashboard
[4.102s] copying /home/quin/cabbage_project/ros2_ws/build/robot_dashboard/build/lib/robot_dashboard/__init__.py -> /home/quin/cabbage_project/ros2_ws/install/robot_dashboard/lib/python3.12/site-packages/robot_dashboard
[4.102s] byte-compiling /home/quin/cabbage_project/ros2_ws/install/robot_dashboard/lib/python3.12/site-packages/robot_dashboard/__init__.py to __init__.cpython-312.pyc
[4.102s] running install_data
[4.102s] creating /home/quin/cabbage_project/ros2_ws/install/robot_dashboard/share/ament_index
[4.102s] creating /home/quin/cabbage_project/ros2_ws/install/robot_dashboard/share/ament_index/resource_index
[4.102s] creating /home/quin/cabbage_project/ros2_ws/install/robot_dashboard/share/ament_index/resource_index/packages
[4.102s] copying resource/robot_dashboard -> /home/quin/cabbage_project/ros2_ws/install/robot_dashboard/share/ament_index/resource_index/packages
[4.103s] copying package.xml -> /home/quin/cabbage_project/ros2_ws/install/robot_dashboard/share/robot_dashboard
[4.103s] running install_egg_info
[4.137s] Copying ../../build/robot_dashboard/robot_dashboard.egg-info to /home/quin/cabbage_project/ros2_ws/install/robot_dashboard/lib/python3.12/site-packages/robot_dashboard-0.0.0-py3.12.egg-info
[4.140s] running install_scripts
[4.430s] writing list of installed files to '/home/quin/cabbage_project/ros2_ws/build/robot_dashboard/install.log'
[4.584s] Invoked command in '/home/quin/cabbage_project/ros2_ws/src/robot_dashboard' returned '0': PYTHONPATH=/home/quin/cabbage_project/ros2_ws/build/robot_dashboard/prefix_override:/usr/lib/python3/dist-packages/colcon_core/task/python/colcon_distutils_commands:/home/quin/cabbage_project/ros2_ws/install/robot_dashboard/lib/python3.12/site-packages:${PYTHONPATH} /usr/bin/python3 -W ignore:setup.py install is deprecated -W ignore:easy_install command is deprecated setup.py egg_info --egg-base ../../build/robot_dashboard build --build-base /home/quin/cabbage_project/ros2_ws/build/robot_dashboard/build install --record /home/quin/cabbage_project/ros2_ws/build/robot_dashboard/install.log --single-version-externally-managed install_data
