[0.036s] Invoking command in '/home/quin/cabbage_project/ros2_ws/build/robot_actuator': CMAKE_PREFIX_PATH=${CMAKE_PREFIX_PATH}:/opt/ros/jazzy /usr/bin/cmake /home/quin/cabbage_project/ros2_ws/src/robot_actuator -DCMAKE_INSTALL_PREFIX=/home/quin/cabbage_project/ros2_ws/install/robot_actuator
[0.806s] -- The C compiler identification is GNU 13.3.0
[0.806s] -- The CXX compiler identification is GNU 13.3.0
[0.806s] -- Detecting C compiler ABI info
[0.806s] -- Detecting C compiler ABI info - done
[0.806s] -- Check for working C compiler: /usr/bin/cc - skipped
[0.807s] -- Detecting C compile features
[0.807s] -- Detecting C compile features - done
[0.807s] -- Detecting CXX compiler ABI info
[0.807s] -- Detecting CXX compiler ABI info - done
[0.807s] -- Check for working CXX compiler: /usr/bin/c++ - skipped
[0.807s] -- Detecting CXX compile features
[0.807s] -- Detecting CXX compile features - done
[0.807s] -- Found ament_cmake: 2.5.4 (/opt/ros/jazzy/share/ament_cmake/cmake)
[0.931s] -- Found Python3: /usr/bin/python3 (found version "3.12.3") found components: Interpreter 
[1.096s] -- Found rclcpp: 28.1.11 (/opt/ros/jazzy/share/rclcpp/cmake)
[1.151s] -- Found rosidl_generator_c: 4.6.6 (/opt/ros/jazzy/share/rosidl_generator_c/cmake)
[1.173s] -- Found rosidl_generator_cpp: 4.6.6 (/opt/ros/jazzy/share/rosidl_generator_cpp/cmake)
[1.203s] -- Using all available rosidl_typesupport_c: rosidl_typesupport_fastrtps_c;rosidl_typesupport_introspection_c
[1.235s] -- Using all available rosidl_typesupport_cpp: rosidl_typesupport_fastrtps_cpp;rosidl_typesupport_introspection_cpp
[1.368s] -- Found rmw_implementation_cmake: 7.3.2 (/opt/ros/jazzy/share/rmw_implementation_cmake/cmake)
[1.373s] -- Found rmw_fastrtps_cpp: 8.4.3 (/opt/ros/jazzy/share/rmw_fastrtps_cpp/cmake)
[1.514s] -- Found OpenSSL: /usr/lib/aarch64-linux-gnu/libcrypto.so (found version "3.0.13")  
[1.544s] -- Found FastRTPS: /opt/ros/jazzy/include (Required is at least version "2.13") 
[1.588s] -- Using RMW implementation 'rmw_fastrtps_cpp' as default
[1.770s] -- Found ament_lint_auto: 0.17.3 (/opt/ros/jazzy/share/ament_lint_auto/cmake)
[2.386s] -- Added test 'cppcheck' to perform static code analysis on C / C++ code
[2.386s] -- Configured cppcheck include dirs: 
[2.386s] -- Configured cppcheck exclude dirs and/or files: 
[2.390s] -- Added test 'lint_cmake' to check CMake code style
[2.396s] -- Added test 'uncrustify' to check C / C++ code style
[2.396s] -- Configured uncrustify additional arguments: 
[2.402s] -- Added test 'xmllint' to check XML markup files
[2.409s] -- Configuring done (2.4s)
[2.434s] -- Generating done (0.0s)
[2.449s] -- Build files have been written to: /home/quin/cabbage_project/ros2_ws/build/robot_actuator
[2.495s] Invoked command in '/home/quin/cabbage_project/ros2_ws/build/robot_actuator' returned '0': CMAKE_PREFIX_PATH=${CMAKE_PREFIX_PATH}:/opt/ros/jazzy /usr/bin/cmake /home/quin/cabbage_project/ros2_ws/src/robot_actuator -DCMAKE_INSTALL_PREFIX=/home/quin/cabbage_project/ros2_ws/install/robot_actuator
[2.496s] Invoking command in '/home/quin/cabbage_project/ros2_ws/build/robot_actuator': CMAKE_PREFIX_PATH=${CMAKE_PREFIX_PATH}:/opt/ros/jazzy /usr/bin/cmake --build /home/quin/cabbage_project/ros2_ws/build/robot_actuator -- -j4 -l4
[2.603s] Invoked command in '/home/quin/cabbage_project/ros2_ws/build/robot_actuator' returned '0': CMAKE_PREFIX_PATH=${CMAKE_PREFIX_PATH}:/opt/ros/jazzy /usr/bin/cmake --build /home/quin/cabbage_project/ros2_ws/build/robot_actuator -- -j4 -l4
[2.668s] Invoking command in '/home/quin/cabbage_project/ros2_ws/build/robot_actuator': CMAKE_PREFIX_PATH=${CMAKE_PREFIX_PATH}:/opt/ros/jazzy /usr/bin/cmake --install /home/quin/cabbage_project/ros2_ws/build/robot_actuator
[2.708s] -- Install configuration: ""
[2.713s] -- Installing: /home/quin/cabbage_project/ros2_ws/install/robot_actuator/share/ament_index/resource_index/package_run_dependencies/robot_actuator
[2.713s] -- Installing: /home/quin/cabbage_project/ros2_ws/install/robot_actuator/share/ament_index/resource_index/parent_prefix_path/robot_actuator
[2.714s] -- Installing: /home/quin/cabbage_project/ros2_ws/install/robot_actuator/share/robot_actuator/environment/ament_prefix_path.sh
[2.714s] -- Installing: /home/quin/cabbage_project/ros2_ws/install/robot_actuator/share/robot_actuator/environment/ament_prefix_path.dsv
[2.720s] -- Installing: /home/quin/cabbage_project/ros2_ws/install/robot_actuator/share/robot_actuator/environment/path.sh
[2.720s] -- Installing: /home/quin/cabbage_project/ros2_ws/install/robot_actuator/share/robot_actuator/environment/path.dsv
[2.720s] -- Installing: /home/quin/cabbage_project/ros2_ws/install/robot_actuator/share/robot_actuator/local_setup.bash
[2.721s] -- Installing: /home/quin/cabbage_project/ros2_ws/install/robot_actuator/share/robot_actuator/local_setup.sh
[2.721s] -- Installing: /home/quin/cabbage_project/ros2_ws/install/robot_actuator/share/robot_actuator/local_setup.zsh
[2.721s] -- Installing: /home/quin/cabbage_project/ros2_ws/install/robot_actuator/share/robot_actuator/local_setup.dsv
[2.722s] -- Installing: /home/quin/cabbage_project/ros2_ws/install/robot_actuator/share/robot_actuator/package.dsv
[2.722s] -- Installing: /home/quin/cabbage_project/ros2_ws/install/robot_actuator/share/ament_index/resource_index/packages/robot_actuator
[2.722s] -- Installing: /home/quin/cabbage_project/ros2_ws/install/robot_actuator/share/robot_actuator/cmake/robot_actuatorConfig.cmake
[2.723s] -- Installing: /home/quin/cabbage_project/ros2_ws/install/robot_actuator/share/robot_actuator/cmake/robot_actuatorConfig-version.cmake
[2.731s] -- Installing: /home/quin/cabbage_project/ros2_ws/install/robot_actuator/share/robot_actuator/package.xml
[2.738s] Invoked command in '/home/quin/cabbage_project/ros2_ws/build/robot_actuator' returned '0': CMAKE_PREFIX_PATH=${CMAKE_PREFIX_PATH}:/opt/ros/jazzy /usr/bin/cmake --install /home/quin/cabbage_project/ros2_ws/build/robot_actuator
