[0.148s] DEBUG:colcon:Command line arguments: ['/usr/bin/colcon', 'build']
[0.149s] DEBUG:colcon:Parsed command line arguments: Namespace(log_base=None, log_level=None, verb_name='build', build_base='build', install_base='install', merge_install=False, symlink_install=False, test_result_base=None, continue_on_error=False, executor='parallel', parallel_workers=4, event_handlers=None, ignore_user_meta=False, metas=['./colcon.meta'], base_paths=['.'], packages_ignore=None, packages_ignore_regex=None, paths=None, packages_up_to=None, packages_up_to_regex=None, packages_above=None, packages_above_and_dependencies=None, packages_above_depth=None, packages_select_by_dep=None, packages_skip_by_dep=None, packages_skip_up_to=None, packages_select_build_failed=False, packages_skip_build_finished=False, packages_select_test_failures=False, packages_skip_test_passed=False, packages_select=None, packages_skip=None, packages_select_regex=None, packages_skip_regex=None, packages_start=None, packages_end=None, allow_overriding=[], cmake_args=None, cmake_target=None, cmake_target_skip_unavailable=False, cmake_clean_cache=False, cmake_clean_first=False, cmake_force_configure=False, ament_cmake_args=None, catkin_cmake_args=None, catkin_skip_building_tests=False, verb_parser=<colcon_defaults.argument_parser.defaults.DefaultArgumentsDecorator object at 0xffffb268df70>, verb_extension=<colcon_core.verb.build.BuildVerb object at 0xffffb2847440>, main=<bound method BuildVerb.main of <colcon_core.verb.build.BuildVerb object at 0xffffb2847440>>)
[0.207s] Level 1:colcon.colcon_core.package_discovery:discover_packages(colcon_meta) check parameters
[0.207s] Level 1:colcon.colcon_core.package_discovery:discover_packages(recursive) check parameters
[0.207s] Level 1:colcon.colcon_core.package_discovery:discover_packages(ignore) check parameters
[0.207s] Level 1:colcon.colcon_core.package_discovery:discover_packages(path) check parameters
[0.207s] Level 1:colcon.colcon_core.package_discovery:discover_packages(colcon_meta) discover
[0.207s] Level 1:colcon.colcon_core.package_discovery:discover_packages(recursive) discover
[0.207s] INFO:colcon.colcon_core.package_discovery:Crawling recursively for packages in '/home/quin/cabbage_project/ros2_ws'
[0.207s] Level 1:colcon.colcon_core.package_identification:_identify(.) by extensions ['ignore', 'ignore_ament_install']
[0.207s] Level 1:colcon.colcon_core.package_identification:_identify(.) by extension 'ignore'
[0.207s] Level 1:colcon.colcon_core.package_identification:_identify(.) by extension 'ignore_ament_install'
[0.208s] Level 1:colcon.colcon_core.package_identification:_identify(.) by extensions ['colcon_pkg']
[0.208s] Level 1:colcon.colcon_core.package_identification:_identify(.) by extension 'colcon_pkg'
[0.208s] Level 1:colcon.colcon_core.package_identification:_identify(.) by extensions ['colcon_meta']
[0.208s] Level 1:colcon.colcon_core.package_identification:_identify(.) by extension 'colcon_meta'
[0.208s] Level 1:colcon.colcon_core.package_identification:_identify(.) by extensions ['ros']
[0.208s] Level 1:colcon.colcon_core.package_identification:_identify(.) by extension 'ros'
[0.245s] Level 1:colcon.colcon_core.package_identification:_identify(.) by extensions ['cmake', 'python']
[0.245s] Level 1:colcon.colcon_core.package_identification:_identify(.) by extension 'cmake'
[0.245s] Level 1:colcon.colcon_core.package_identification:_identify(.) by extension 'python'
[0.245s] Level 1:colcon.colcon_core.package_identification:_identify(.) by extensions ['python_setup_py']
[0.245s] Level 1:colcon.colcon_core.package_identification:_identify(.) by extension 'python_setup_py'
[0.245s] Level 1:colcon.colcon_core.package_identification:_identify(build) by extensions ['ignore', 'ignore_ament_install']
[0.245s] Level 1:colcon.colcon_core.package_identification:_identify(build) by extension 'ignore'
[0.245s] Level 1:colcon.colcon_core.package_identification:_identify(build) ignored
[0.245s] Level 1:colcon.colcon_core.package_identification:_identify(install) by extensions ['ignore', 'ignore_ament_install']
[0.245s] Level 1:colcon.colcon_core.package_identification:_identify(install) by extension 'ignore'
[0.246s] Level 1:colcon.colcon_core.package_identification:_identify(install) ignored
[0.246s] Level 1:colcon.colcon_core.package_identification:_identify(log) by extensions ['ignore', 'ignore_ament_install']
[0.246s] Level 1:colcon.colcon_core.package_identification:_identify(log) by extension 'ignore'
[0.246s] Level 1:colcon.colcon_core.package_identification:_identify(log) ignored
[0.246s] Level 1:colcon.colcon_core.package_identification:_identify(src) by extensions ['ignore', 'ignore_ament_install']
[0.246s] Level 1:colcon.colcon_core.package_identification:_identify(src) by extension 'ignore'
[0.246s] Level 1:colcon.colcon_core.package_identification:_identify(src) by extension 'ignore_ament_install'
[0.246s] Level 1:colcon.colcon_core.package_identification:_identify(src) by extensions ['colcon_pkg']
[0.246s] Level 1:colcon.colcon_core.package_identification:_identify(src) by extension 'colcon_pkg'
[0.246s] Level 1:colcon.colcon_core.package_identification:_identify(src) by extensions ['colcon_meta']
[0.246s] Level 1:colcon.colcon_core.package_identification:_identify(src) by extension 'colcon_meta'
[0.246s] Level 1:colcon.colcon_core.package_identification:_identify(src) by extensions ['ros']
[0.246s] Level 1:colcon.colcon_core.package_identification:_identify(src) by extension 'ros'
[0.246s] Level 1:colcon.colcon_core.package_identification:_identify(src) by extensions ['cmake', 'python']
[0.246s] Level 1:colcon.colcon_core.package_identification:_identify(src) by extension 'cmake'
[0.246s] Level 1:colcon.colcon_core.package_identification:_identify(src) by extension 'python'
[0.246s] Level 1:colcon.colcon_core.package_identification:_identify(src) by extensions ['python_setup_py']
[0.246s] Level 1:colcon.colcon_core.package_identification:_identify(src) by extension 'python_setup_py'
[0.247s] Level 1:colcon.colcon_core.package_identification:_identify(src/robot_bringup) by extensions ['ignore', 'ignore_ament_install']
[0.247s] Level 1:colcon.colcon_core.package_identification:_identify(src/robot_bringup) by extension 'ignore'
[0.247s] Level 1:colcon.colcon_core.package_identification:_identify(src/robot_bringup) by extension 'ignore_ament_install'
[0.247s] Level 1:colcon.colcon_core.package_identification:_identify(src/robot_bringup) by extensions ['colcon_pkg']
[0.247s] Level 1:colcon.colcon_core.package_identification:_identify(src/robot_bringup) by extension 'colcon_pkg'
[0.247s] Level 1:colcon.colcon_core.package_identification:_identify(src/robot_bringup) by extensions ['colcon_meta']
[0.247s] Level 1:colcon.colcon_core.package_identification:_identify(src/robot_bringup) by extension 'colcon_meta'
[0.247s] Level 1:colcon.colcon_core.package_identification:_identify(src/robot_bringup) by extensions ['ros']
[0.247s] Level 1:colcon.colcon_core.package_identification:_identify(src/robot_bringup) by extension 'ros'
[0.250s] DEBUG:colcon.colcon_core.package_identification:Package 'src/robot_bringup' with type 'ros.ament_python' and name 'robot_bringup'
[0.250s] Level 1:colcon.colcon_core.package_identification:_identify(src/robot_core) by extensions ['ignore', 'ignore_ament_install']
[0.250s] Level 1:colcon.colcon_core.package_identification:_identify(src/robot_core) by extension 'ignore'
[0.250s] Level 1:colcon.colcon_core.package_identification:_identify(src/robot_core) by extension 'ignore_ament_install'
[0.250s] Level 1:colcon.colcon_core.package_identification:_identify(src/robot_core) by extensions ['colcon_pkg']
[0.250s] Level 1:colcon.colcon_core.package_identification:_identify(src/robot_core) by extension 'colcon_pkg'
[0.251s] Level 1:colcon.colcon_core.package_identification:_identify(src/robot_core) by extensions ['colcon_meta']
[0.251s] Level 1:colcon.colcon_core.package_identification:_identify(src/robot_core) by extension 'colcon_meta'
[0.251s] Level 1:colcon.colcon_core.package_identification:_identify(src/robot_core) by extensions ['ros']
[0.251s] Level 1:colcon.colcon_core.package_identification:_identify(src/robot_core) by extension 'ros'
[0.251s] DEBUG:colcon.colcon_core.package_identification:Package 'src/robot_core' with type 'ros.ament_python' and name 'robot_core'
[0.251s] Level 1:colcon.colcon_core.package_identification:_identify(src/robot_dashboard) by extensions ['ignore', 'ignore_ament_install']
[0.251s] Level 1:colcon.colcon_core.package_identification:_identify(src/robot_dashboard) by extension 'ignore'
[0.251s] Level 1:colcon.colcon_core.package_identification:_identify(src/robot_dashboard) by extension 'ignore_ament_install'
[0.252s] Level 1:colcon.colcon_core.package_identification:_identify(src/robot_dashboard) by extensions ['colcon_pkg']
[0.252s] Level 1:colcon.colcon_core.package_identification:_identify(src/robot_dashboard) by extension 'colcon_pkg'
[0.252s] Level 1:colcon.colcon_core.package_identification:_identify(src/robot_dashboard) by extensions ['colcon_meta']
[0.252s] Level 1:colcon.colcon_core.package_identification:_identify(src/robot_dashboard) by extension 'colcon_meta'
[0.252s] Level 1:colcon.colcon_core.package_identification:_identify(src/robot_dashboard) by extensions ['ros']
[0.252s] Level 1:colcon.colcon_core.package_identification:_identify(src/robot_dashboard) by extension 'ros'
[0.252s] DEBUG:colcon.colcon_core.package_identification:Package 'src/robot_dashboard' with type 'ros.ament_python' and name 'robot_dashboard'
[0.252s] Level 1:colcon.colcon_core.package_identification:_identify(src/robot_vision) by extensions ['ignore', 'ignore_ament_install']
[0.252s] Level 1:colcon.colcon_core.package_identification:_identify(src/robot_vision) by extension 'ignore'
[0.252s] Level 1:colcon.colcon_core.package_identification:_identify(src/robot_vision) by extension 'ignore_ament_install'
[0.252s] Level 1:colcon.colcon_core.package_identification:_identify(src/robot_vision) by extensions ['colcon_pkg']
[0.253s] Level 1:colcon.colcon_core.package_identification:_identify(src/robot_vision) by extension 'colcon_pkg'
[0.253s] Level 1:colcon.colcon_core.package_identification:_identify(src/robot_vision) by extensions ['colcon_meta']
[0.253s] Level 1:colcon.colcon_core.package_identification:_identify(src/robot_vision) by extension 'colcon_meta'
[0.253s] Level 1:colcon.colcon_core.package_identification:_identify(src/robot_vision) by extensions ['ros']
[0.253s] Level 1:colcon.colcon_core.package_identification:_identify(src/robot_vision) by extension 'ros'
[0.253s] DEBUG:colcon.colcon_core.package_identification:Package 'src/robot_vision' with type 'ros.ament_python' and name 'robot_vision'
[0.253s] Level 1:colcon.colcon_core.package_discovery:discover_packages(recursive) using defaults
[0.253s] Level 1:colcon.colcon_core.package_discovery:discover_packages(ignore) discover
[0.253s] Level 1:colcon.colcon_core.package_discovery:discover_packages(ignore) using defaults
[0.253s] Level 1:colcon.colcon_core.package_discovery:discover_packages(path) discover
[0.253s] Level 1:colcon.colcon_core.package_discovery:discover_packages(path) using defaults
[0.277s] Level 1:colcon.colcon_core.package_discovery:discover_packages(prefix_path) check parameters
[0.277s] Level 1:colcon.colcon_core.package_discovery:discover_packages(prefix_path) discover
[0.278s] WARNING:colcon.colcon_core.prefix_path.colcon:The path '/home/quin/project_ws/quin_ws/install' in the environment variable COLCON_PREFIX_PATH doesn't exist
[0.278s] WARNING:colcon.colcon_ros.prefix_path.ament:The path '/home/quin/project_ws/quin_ws/install/quin_core' in the environment variable AMENT_PREFIX_PATH doesn't exist
[0.279s] WARNING:colcon.colcon_ros.prefix_path.catkin:The path '/home/quin/project_ws/quin_ws/install/quin_core' in the environment variable CMAKE_PREFIX_PATH doesn't exist
[0.280s] DEBUG:colcon.colcon_installed_package_information.package_discovery:Found 3 installed packages in /home/quin/uros_ws/install
[0.281s] DEBUG:colcon.colcon_installed_package_information.package_discovery:Found 232 installed packages in /opt/ros/jazzy
[0.282s] Level 1:colcon.colcon_core.package_discovery:discover_packages(prefix_path) using defaults
[0.329s] Level 5:colcon.colcon_core.verb:set package 'robot_bringup' build argument 'cmake_args' from command line to 'None'
[0.329s] Level 5:colcon.colcon_core.verb:set package 'robot_bringup' build argument 'cmake_target' from command line to 'None'
[0.330s] Level 5:colcon.colcon_core.verb:set package 'robot_bringup' build argument 'cmake_target_skip_unavailable' from command line to 'False'
[0.330s] Level 5:colcon.colcon_core.verb:set package 'robot_bringup' build argument 'cmake_clean_cache' from command line to 'False'
[0.330s] Level 5:colcon.colcon_core.verb:set package 'robot_bringup' build argument 'cmake_clean_first' from command line to 'False'
[0.330s] Level 5:colcon.colcon_core.verb:set package 'robot_bringup' build argument 'cmake_force_configure' from command line to 'False'
[0.330s] Level 5:colcon.colcon_core.verb:set package 'robot_bringup' build argument 'ament_cmake_args' from command line to 'None'
[0.330s] Level 5:colcon.colcon_core.verb:set package 'robot_bringup' build argument 'catkin_cmake_args' from command line to 'None'
[0.330s] Level 5:colcon.colcon_core.verb:set package 'robot_bringup' build argument 'catkin_skip_building_tests' from command line to 'False'
[0.330s] DEBUG:colcon.colcon_core.verb:Building package 'robot_bringup' with the following arguments: {'ament_cmake_args': None, 'build_base': '/home/quin/cabbage_project/ros2_ws/build/robot_bringup', 'catkin_cmake_args': None, 'catkin_skip_building_tests': False, 'cmake_args': None, 'cmake_clean_cache': False, 'cmake_clean_first': False, 'cmake_force_configure': False, 'cmake_target': None, 'cmake_target_skip_unavailable': False, 'install_base': '/home/quin/cabbage_project/ros2_ws/install/robot_bringup', 'merge_install': False, 'path': '/home/quin/cabbage_project/ros2_ws/src/robot_bringup', 'symlink_install': False, 'test_result_base': None}
[0.330s] Level 5:colcon.colcon_core.verb:set package 'robot_core' build argument 'cmake_args' from command line to 'None'
[0.330s] Level 5:colcon.colcon_core.verb:set package 'robot_core' build argument 'cmake_target' from command line to 'None'
[0.330s] Level 5:colcon.colcon_core.verb:set package 'robot_core' build argument 'cmake_target_skip_unavailable' from command line to 'False'
[0.330s] Level 5:colcon.colcon_core.verb:set package 'robot_core' build argument 'cmake_clean_cache' from command line to 'False'
[0.330s] Level 5:colcon.colcon_core.verb:set package 'robot_core' build argument 'cmake_clean_first' from command line to 'False'
[0.330s] Level 5:colcon.colcon_core.verb:set package 'robot_core' build argument 'cmake_force_configure' from command line to 'False'
[0.330s] Level 5:colcon.colcon_core.verb:set package 'robot_core' build argument 'ament_cmake_args' from command line to 'None'
[0.330s] Level 5:colcon.colcon_core.verb:set package 'robot_core' build argument 'catkin_cmake_args' from command line to 'None'
[0.330s] Level 5:colcon.colcon_core.verb:set package 'robot_core' build argument 'catkin_skip_building_tests' from command line to 'False'
[0.330s] DEBUG:colcon.colcon_core.verb:Building package 'robot_core' with the following arguments: {'ament_cmake_args': None, 'build_base': '/home/quin/cabbage_project/ros2_ws/build/robot_core', 'catkin_cmake_args': None, 'catkin_skip_building_tests': False, 'cmake_args': None, 'cmake_clean_cache': False, 'cmake_clean_first': False, 'cmake_force_configure': False, 'cmake_target': None, 'cmake_target_skip_unavailable': False, 'install_base': '/home/quin/cabbage_project/ros2_ws/install/robot_core', 'merge_install': False, 'path': '/home/quin/cabbage_project/ros2_ws/src/robot_core', 'symlink_install': False, 'test_result_base': None}
[0.331s] Level 5:colcon.colcon_core.verb:set package 'robot_dashboard' build argument 'cmake_args' from command line to 'None'
[0.331s] Level 5:colcon.colcon_core.verb:set package 'robot_dashboard' build argument 'cmake_target' from command line to 'None'
[0.331s] Level 5:colcon.colcon_core.verb:set package 'robot_dashboard' build argument 'cmake_target_skip_unavailable' from command line to 'False'
[0.331s] Level 5:colcon.colcon_core.verb:set package 'robot_dashboard' build argument 'cmake_clean_cache' from command line to 'False'
[0.331s] Level 5:colcon.colcon_core.verb:set package 'robot_dashboard' build argument 'cmake_clean_first' from command line to 'False'
[0.331s] Level 5:colcon.colcon_core.verb:set package 'robot_dashboard' build argument 'cmake_force_configure' from command line to 'False'
[0.331s] Level 5:colcon.colcon_core.verb:set package 'robot_dashboard' build argument 'ament_cmake_args' from command line to 'None'
[0.331s] Level 5:colcon.colcon_core.verb:set package 'robot_dashboard' build argument 'catkin_cmake_args' from command line to 'None'
[0.331s] Level 5:colcon.colcon_core.verb:set package 'robot_dashboard' build argument 'catkin_skip_building_tests' from command line to 'False'
[0.331s] DEBUG:colcon.colcon_core.verb:Building package 'robot_dashboard' with the following arguments: {'ament_cmake_args': None, 'build_base': '/home/quin/cabbage_project/ros2_ws/build/robot_dashboard', 'catkin_cmake_args': None, 'catkin_skip_building_tests': False, 'cmake_args': None, 'cmake_clean_cache': False, 'cmake_clean_first': False, 'cmake_force_configure': False, 'cmake_target': None, 'cmake_target_skip_unavailable': False, 'install_base': '/home/quin/cabbage_project/ros2_ws/install/robot_dashboard', 'merge_install': False, 'path': '/home/quin/cabbage_project/ros2_ws/src/robot_dashboard', 'symlink_install': False, 'test_result_base': None}
[0.331s] Level 5:colcon.colcon_core.verb:set package 'robot_vision' build argument 'cmake_args' from command line to 'None'
[0.331s] Level 5:colcon.colcon_core.verb:set package 'robot_vision' build argument 'cmake_target' from command line to 'None'
[0.331s] Level 5:colcon.colcon_core.verb:set package 'robot_vision' build argument 'cmake_target_skip_unavailable' from command line to 'False'
[0.331s] Level 5:colcon.colcon_core.verb:set package 'robot_vision' build argument 'cmake_clean_cache' from command line to 'False'
[0.331s] Level 5:colcon.colcon_core.verb:set package 'robot_vision' build argument 'cmake_clean_first' from command line to 'False'
[0.331s] Level 5:colcon.colcon_core.verb:set package 'robot_vision' build argument 'cmake_force_configure' from command line to 'False'
[0.331s] Level 5:colcon.colcon_core.verb:set package 'robot_vision' build argument 'ament_cmake_args' from command line to 'None'
[0.331s] Level 5:colcon.colcon_core.verb:set package 'robot_vision' build argument 'catkin_cmake_args' from command line to 'None'
[0.331s] Level 5:colcon.colcon_core.verb:set package 'robot_vision' build argument 'catkin_skip_building_tests' from command line to 'False'
[0.331s] DEBUG:colcon.colcon_core.verb:Building package 'robot_vision' with the following arguments: {'ament_cmake_args': None, 'build_base': '/home/quin/cabbage_project/ros2_ws/build/robot_vision', 'catkin_cmake_args': None, 'catkin_skip_building_tests': False, 'cmake_args': None, 'cmake_clean_cache': False, 'cmake_clean_first': False, 'cmake_force_configure': False, 'cmake_target': None, 'cmake_target_skip_unavailable': False, 'install_base': '/home/quin/cabbage_project/ros2_ws/install/robot_vision', 'merge_install': False, 'path': '/home/quin/cabbage_project/ros2_ws/src/robot_vision', 'symlink_install': False, 'test_result_base': None}
[0.331s] INFO:colcon.colcon_core.executor:Executing jobs using 'parallel' executor
[0.333s] DEBUG:colcon.colcon_parallel_executor.executor.parallel:run_until_complete
[0.333s] INFO:colcon.colcon_ros.task.ament_python.build:Building ROS package in '/home/quin/cabbage_project/ros2_ws/src/robot_bringup' with build type 'ament_python'
[0.333s] Level 1:colcon.colcon_core.shell:create_environment_hook('robot_bringup', 'ament_prefix_path')
[0.335s] INFO:colcon.colcon_core.plugin_system:Skipping extension 'colcon_core.shell.bat': Not used on non-Windows systems
[0.336s] INFO:colcon.colcon_core.shell:Creating environment hook '/home/quin/cabbage_project/ros2_ws/install/robot_bringup/share/robot_bringup/hook/ament_prefix_path.ps1'
[0.337s] INFO:colcon.colcon_core.shell:Creating environment descriptor '/home/quin/cabbage_project/ros2_ws/install/robot_bringup/share/robot_bringup/hook/ament_prefix_path.dsv'
[0.340s] INFO:colcon.colcon_core.shell:Creating environment hook '/home/quin/cabbage_project/ros2_ws/install/robot_bringup/share/robot_bringup/hook/ament_prefix_path.sh'
[0.341s] INFO:colcon.colcon_core.shell:Skip shell extension 'powershell' for command environment: Not usable outside of PowerShell
[0.341s] DEBUG:colcon.colcon_core.shell:Skip shell extension 'dsv' for command environment
[0.345s] INFO:colcon.colcon_ros.task.ament_python.build:Building ROS package in '/home/quin/cabbage_project/ros2_ws/src/robot_core' with build type 'ament_python'
[0.345s] Level 1:colcon.colcon_core.shell:create_environment_hook('robot_core', 'ament_prefix_path')
[0.345s] INFO:colcon.colcon_core.shell:Creating environment hook '/home/quin/cabbage_project/ros2_ws/install/robot_core/share/robot_core/hook/ament_prefix_path.ps1'
[0.346s] INFO:colcon.colcon_core.shell:Creating environment descriptor '/home/quin/cabbage_project/ros2_ws/install/robot_core/share/robot_core/hook/ament_prefix_path.dsv'
[0.347s] INFO:colcon.colcon_core.shell:Creating environment hook '/home/quin/cabbage_project/ros2_ws/install/robot_core/share/robot_core/hook/ament_prefix_path.sh'
[0.348s] INFO:colcon.colcon_core.shell:Skip shell extension 'powershell' for command environment: Not usable outside of PowerShell
[0.348s] DEBUG:colcon.colcon_core.shell:Skip shell extension 'dsv' for command environment
[0.352s] INFO:colcon.colcon_ros.task.ament_python.build:Building ROS package in '/home/quin/cabbage_project/ros2_ws/src/robot_dashboard' with build type 'ament_python'
[0.352s] Level 1:colcon.colcon_core.shell:create_environment_hook('robot_dashboard', 'ament_prefix_path')
[0.353s] INFO:colcon.colcon_core.shell:Creating environment hook '/home/quin/cabbage_project/ros2_ws/install/robot_dashboard/share/robot_dashboard/hook/ament_prefix_path.ps1'
[0.353s] INFO:colcon.colcon_core.shell:Creating environment descriptor '/home/quin/cabbage_project/ros2_ws/install/robot_dashboard/share/robot_dashboard/hook/ament_prefix_path.dsv'
[0.354s] INFO:colcon.colcon_core.shell:Creating environment hook '/home/quin/cabbage_project/ros2_ws/install/robot_dashboard/share/robot_dashboard/hook/ament_prefix_path.sh'
[0.355s] INFO:colcon.colcon_core.shell:Skip shell extension 'powershell' for command environment: Not usable outside of PowerShell
[0.355s] DEBUG:colcon.colcon_core.shell:Skip shell extension 'dsv' for command environment
[0.359s] INFO:colcon.colcon_ros.task.ament_python.build:Building ROS package in '/home/quin/cabbage_project/ros2_ws/src/robot_vision' with build type 'ament_python'
[0.360s] Level 1:colcon.colcon_core.shell:create_environment_hook('robot_vision', 'ament_prefix_path')
[0.360s] INFO:colcon.colcon_core.shell:Creating environment hook '/home/quin/cabbage_project/ros2_ws/install/robot_vision/share/robot_vision/hook/ament_prefix_path.ps1'
[0.361s] INFO:colcon.colcon_core.shell:Creating environment descriptor '/home/quin/cabbage_project/ros2_ws/install/robot_vision/share/robot_vision/hook/ament_prefix_path.dsv'
[0.362s] INFO:colcon.colcon_core.shell:Creating environment hook '/home/quin/cabbage_project/ros2_ws/install/robot_vision/share/robot_vision/hook/ament_prefix_path.sh'
[0.363s] INFO:colcon.colcon_core.shell:Skip shell extension 'powershell' for command environment: Not usable outside of PowerShell
[0.363s] DEBUG:colcon.colcon_core.shell:Skip shell extension 'dsv' for command environment
[0.680s] INFO:colcon.colcon_core.task.python.build:Building Python package in '/home/quin/cabbage_project/ros2_ws/src/robot_bringup'
[0.681s] INFO:colcon.colcon_core.shell:Skip shell extension 'powershell' for command environment: Not usable outside of PowerShell
[0.681s] DEBUG:colcon.colcon_core.shell:Skip shell extension 'dsv' for command environment
[0.998s] INFO:colcon.colcon_core.task.python.build:Building Python package in '/home/quin/cabbage_project/ros2_ws/src/robot_core'
[0.999s] INFO:colcon.colcon_core.shell:Skip shell extension 'powershell' for command environment: Not usable outside of PowerShell
[0.999s] DEBUG:colcon.colcon_core.shell:Skip shell extension 'dsv' for command environment
[1.318s] INFO:colcon.colcon_core.task.python.build:Building Python package in '/home/quin/cabbage_project/ros2_ws/src/robot_dashboard'
[1.319s] INFO:colcon.colcon_core.shell:Skip shell extension 'powershell' for command environment: Not usable outside of PowerShell
[1.319s] DEBUG:colcon.colcon_core.shell:Skip shell extension 'dsv' for command environment
[1.636s] INFO:colcon.colcon_core.task.python.build:Building Python package in '/home/quin/cabbage_project/ros2_ws/src/robot_vision'
[1.636s] INFO:colcon.colcon_core.shell:Skip shell extension 'powershell' for command environment: Not usable outside of PowerShell
[1.636s] DEBUG:colcon.colcon_core.shell:Skip shell extension 'dsv' for command environment
[2.733s] DEBUG:colcon.colcon_core.event_handler.log_command:Invoking command in '/home/quin/cabbage_project/ros2_ws/src/robot_bringup': PYTHONPATH=/home/quin/cabbage_project/ros2_ws/build/robot_bringup/prefix_override:/usr/lib/python3/dist-packages/colcon_core/task/python/colcon_distutils_commands:/home/quin/cabbage_project/ros2_ws/install/robot_bringup/lib/python3.12/site-packages:${PYTHONPATH} /usr/bin/python3 -W ignore:setup.py install is deprecated -W ignore:easy_install command is deprecated setup.py egg_info --egg-base ../../build/robot_bringup build --build-base /home/quin/cabbage_project/ros2_ws/build/robot_bringup/build install --record /home/quin/cabbage_project/ros2_ws/build/robot_bringup/install.log --single-version-externally-managed install_data
[2.756s] DEBUG:colcon.colcon_core.event_handler.log_command:Invoking command in '/home/quin/cabbage_project/ros2_ws/src/robot_core': PYTHONPATH=/home/quin/cabbage_project/ros2_ws/build/robot_core/prefix_override:/usr/lib/python3/dist-packages/colcon_core/task/python/colcon_distutils_commands:/home/quin/cabbage_project/ros2_ws/install/robot_core/lib/python3.12/site-packages:${PYTHONPATH} /usr/bin/python3 -W ignore:setup.py install is deprecated -W ignore:easy_install command is deprecated setup.py egg_info --egg-base ../../build/robot_core build --build-base /home/quin/cabbage_project/ros2_ws/build/robot_core/build install --record /home/quin/cabbage_project/ros2_ws/build/robot_core/install.log --single-version-externally-managed install_data
[2.762s] DEBUG:colcon.colcon_core.event_handler.log_command:Invoking command in '/home/quin/cabbage_project/ros2_ws/src/robot_vision': PYTHONPATH=/home/quin/cabbage_project/ros2_ws/build/robot_vision/prefix_override:/usr/lib/python3/dist-packages/colcon_core/task/python/colcon_distutils_commands:/home/quin/cabbage_project/ros2_ws/install/robot_vision/lib/python3.12/site-packages:${PYTHONPATH} /usr/bin/python3 -W ignore:setup.py install is deprecated -W ignore:easy_install command is deprecated setup.py egg_info --egg-base ../../build/robot_vision build --build-base /home/quin/cabbage_project/ros2_ws/build/robot_vision/build install --record /home/quin/cabbage_project/ros2_ws/build/robot_vision/install.log --single-version-externally-managed install_data
[2.935s] DEBUG:colcon.colcon_core.event_handler.log_command:Invoking command in '/home/quin/cabbage_project/ros2_ws/src/robot_dashboard': PYTHONPATH=/home/quin/cabbage_project/ros2_ws/build/robot_dashboard/prefix_override:/usr/lib/python3/dist-packages/colcon_core/task/python/colcon_distutils_commands:/home/quin/cabbage_project/ros2_ws/install/robot_dashboard/lib/python3.12/site-packages:${PYTHONPATH} /usr/bin/python3 -W ignore:setup.py install is deprecated -W ignore:easy_install command is deprecated setup.py egg_info --egg-base ../../build/robot_dashboard build --build-base /home/quin/cabbage_project/ros2_ws/build/robot_dashboard/build install --record /home/quin/cabbage_project/ros2_ws/build/robot_dashboard/install.log --single-version-externally-managed install_data
[3.729s] DEBUG:colcon.colcon_core.event_handler.log_command:Invoked command in '/home/quin/cabbage_project/ros2_ws/src/robot_bringup' returned '0': PYTHONPATH=/home/quin/cabbage_project/ros2_ws/build/robot_bringup/prefix_override:/usr/lib/python3/dist-packages/colcon_core/task/python/colcon_distutils_commands:/home/quin/cabbage_project/ros2_ws/install/robot_bringup/lib/python3.12/site-packages:${PYTHONPATH} /usr/bin/python3 -W ignore:setup.py install is deprecated -W ignore:easy_install command is deprecated setup.py egg_info --egg-base ../../build/robot_bringup build --build-base /home/quin/cabbage_project/ros2_ws/build/robot_bringup/build install --record /home/quin/cabbage_project/ros2_ws/build/robot_bringup/install.log --single-version-externally-managed install_data
[3.735s] Level 1:colcon.colcon_core.environment:checking '/home/quin/cabbage_project/ros2_ws/install/robot_bringup' for CMake module files
[3.736s] Level 1:colcon.colcon_core.environment:checking '/home/quin/cabbage_project/ros2_ws/install/robot_bringup' for CMake config files
[3.738s] Level 1:colcon.colcon_core.environment:checking '/home/quin/cabbage_project/ros2_ws/install/robot_bringup/lib'
[3.738s] Level 1:colcon.colcon_core.environment:checking '/home/quin/cabbage_project/ros2_ws/install/robot_bringup/bin'
[3.738s] Level 1:colcon.colcon_core.environment:checking '/home/quin/cabbage_project/ros2_ws/install/robot_bringup/lib/pkgconfig/robot_bringup.pc'
[3.739s] Level 1:colcon.colcon_core.environment:checking '/home/quin/cabbage_project/ros2_ws/install/robot_bringup/lib/python3.12/site-packages'
[3.739s] Level 1:colcon.colcon_core.shell:create_environment_hook('robot_bringup', 'pythonpath')
[3.740s] INFO:colcon.colcon_core.shell:Creating environment hook '/home/quin/cabbage_project/ros2_ws/install/robot_bringup/share/robot_bringup/hook/pythonpath.ps1'
[3.741s] INFO:colcon.colcon_core.shell:Creating environment descriptor '/home/quin/cabbage_project/ros2_ws/install/robot_bringup/share/robot_bringup/hook/pythonpath.dsv'
[3.744s] INFO:colcon.colcon_core.shell:Creating environment hook '/home/quin/cabbage_project/ros2_ws/install/robot_bringup/share/robot_bringup/hook/pythonpath.sh'
[3.746s] Level 1:colcon.colcon_core.environment:checking '/home/quin/cabbage_project/ros2_ws/install/robot_bringup/bin'
[3.746s] Level 1:colcon.colcon_core.environment:create_environment_scripts_only(robot_bringup)
[3.747s] INFO:colcon.colcon_core.shell:Creating package script '/home/quin/cabbage_project/ros2_ws/install/robot_bringup/share/robot_bringup/package.ps1'
[3.749s] INFO:colcon.colcon_core.shell:Creating package descriptor '/home/quin/cabbage_project/ros2_ws/install/robot_bringup/share/robot_bringup/package.dsv'
[3.750s] INFO:colcon.colcon_core.shell:Creating package script '/home/quin/cabbage_project/ros2_ws/install/robot_bringup/share/robot_bringup/package.sh'
[3.752s] INFO:colcon.colcon_core.shell:Creating package script '/home/quin/cabbage_project/ros2_ws/install/robot_bringup/share/robot_bringup/package.bash'
[3.754s] INFO:colcon.colcon_core.shell:Creating package script '/home/quin/cabbage_project/ros2_ws/install/robot_bringup/share/robot_bringup/package.zsh'
[3.757s] Level 1:colcon.colcon_core.environment:create_file_with_runtime_dependencies(/home/quin/cabbage_project/ros2_ws/install/robot_bringup/share/colcon-core/packages/robot_bringup)
[3.782s] Level 1:colcon.colcon_core.environment:checking '/home/quin/cabbage_project/ros2_ws/install/robot_core' for CMake module files
[3.783s] DEBUG:colcon.colcon_core.event_handler.log_command:Invoked command in '/home/quin/cabbage_project/ros2_ws/src/robot_core' returned '0': PYTHONPATH=/home/quin/cabbage_project/ros2_ws/build/robot_core/prefix_override:/usr/lib/python3/dist-packages/colcon_core/task/python/colcon_distutils_commands:/home/quin/cabbage_project/ros2_ws/install/robot_core/lib/python3.12/site-packages:${PYTHONPATH} /usr/bin/python3 -W ignore:setup.py install is deprecated -W ignore:easy_install command is deprecated setup.py egg_info --egg-base ../../build/robot_core build --build-base /home/quin/cabbage_project/ros2_ws/build/robot_core/build install --record /home/quin/cabbage_project/ros2_ws/build/robot_core/install.log --single-version-externally-managed install_data
[3.784s] Level 1:colcon.colcon_core.environment:checking '/home/quin/cabbage_project/ros2_ws/install/robot_core' for CMake config files
[3.785s] Level 1:colcon.colcon_core.environment:checking '/home/quin/cabbage_project/ros2_ws/install/robot_core/lib'
[3.785s] Level 1:colcon.colcon_core.environment:checking '/home/quin/cabbage_project/ros2_ws/install/robot_core/bin'
[3.785s] Level 1:colcon.colcon_core.environment:checking '/home/quin/cabbage_project/ros2_ws/install/robot_core/lib/pkgconfig/robot_core.pc'
[3.785s] Level 1:colcon.colcon_core.environment:checking '/home/quin/cabbage_project/ros2_ws/install/robot_core/lib/python3.12/site-packages'
[3.785s] Level 1:colcon.colcon_core.shell:create_environment_hook('robot_core', 'pythonpath')
[3.786s] INFO:colcon.colcon_core.shell:Creating environment hook '/home/quin/cabbage_project/ros2_ws/install/robot_core/share/robot_core/hook/pythonpath.ps1'
[3.787s] INFO:colcon.colcon_core.shell:Creating environment descriptor '/home/quin/cabbage_project/ros2_ws/install/robot_core/share/robot_core/hook/pythonpath.dsv'
[3.790s] INFO:colcon.colcon_core.shell:Creating environment hook '/home/quin/cabbage_project/ros2_ws/install/robot_core/share/robot_core/hook/pythonpath.sh'
[3.791s] Level 1:colcon.colcon_core.environment:checking '/home/quin/cabbage_project/ros2_ws/install/robot_core/bin'
[3.791s] Level 1:colcon.colcon_core.environment:create_environment_scripts_only(robot_core)
[3.792s] INFO:colcon.colcon_core.shell:Creating package script '/home/quin/cabbage_project/ros2_ws/install/robot_core/share/robot_core/package.ps1'
[3.793s] INFO:colcon.colcon_core.shell:Creating package descriptor '/home/quin/cabbage_project/ros2_ws/install/robot_core/share/robot_core/package.dsv'
[3.794s] INFO:colcon.colcon_core.shell:Creating package script '/home/quin/cabbage_project/ros2_ws/install/robot_core/share/robot_core/package.sh'
[3.794s] INFO:colcon.colcon_core.shell:Creating package script '/home/quin/cabbage_project/ros2_ws/install/robot_core/share/robot_core/package.bash'
[3.795s] INFO:colcon.colcon_core.shell:Creating package script '/home/quin/cabbage_project/ros2_ws/install/robot_core/share/robot_core/package.zsh'
[3.796s] Level 1:colcon.colcon_core.environment:create_file_with_runtime_dependencies(/home/quin/cabbage_project/ros2_ws/install/robot_core/share/colcon-core/packages/robot_core)
[3.838s] Level 1:colcon.colcon_core.environment:checking '/home/quin/cabbage_project/ros2_ws/install/robot_vision' for CMake module files
[3.839s] DEBUG:colcon.colcon_core.event_handler.log_command:Invoked command in '/home/quin/cabbage_project/ros2_ws/src/robot_vision' returned '0': PYTHONPATH=/home/quin/cabbage_project/ros2_ws/build/robot_vision/prefix_override:/usr/lib/python3/dist-packages/colcon_core/task/python/colcon_distutils_commands:/home/quin/cabbage_project/ros2_ws/install/robot_vision/lib/python3.12/site-packages:${PYTHONPATH} /usr/bin/python3 -W ignore:setup.py install is deprecated -W ignore:easy_install command is deprecated setup.py egg_info --egg-base ../../build/robot_vision build --build-base /home/quin/cabbage_project/ros2_ws/build/robot_vision/build install --record /home/quin/cabbage_project/ros2_ws/build/robot_vision/install.log --single-version-externally-managed install_data
[3.840s] Level 1:colcon.colcon_core.environment:checking '/home/quin/cabbage_project/ros2_ws/install/robot_vision' for CMake config files
[3.840s] Level 1:colcon.colcon_core.environment:checking '/home/quin/cabbage_project/ros2_ws/install/robot_vision/lib'
[3.841s] Level 1:colcon.colcon_core.environment:checking '/home/quin/cabbage_project/ros2_ws/install/robot_vision/bin'
[3.841s] Level 1:colcon.colcon_core.environment:checking '/home/quin/cabbage_project/ros2_ws/install/robot_vision/lib/pkgconfig/robot_vision.pc'
[3.841s] Level 1:colcon.colcon_core.environment:checking '/home/quin/cabbage_project/ros2_ws/install/robot_vision/lib/python3.12/site-packages'
[3.841s] Level 1:colcon.colcon_core.shell:create_environment_hook('robot_vision', 'pythonpath')
[3.841s] INFO:colcon.colcon_core.shell:Creating environment hook '/home/quin/cabbage_project/ros2_ws/install/robot_vision/share/robot_vision/hook/pythonpath.ps1'
[3.842s] INFO:colcon.colcon_core.shell:Creating environment descriptor '/home/quin/cabbage_project/ros2_ws/install/robot_vision/share/robot_vision/hook/pythonpath.dsv'
[3.845s] INFO:colcon.colcon_core.shell:Creating environment hook '/home/quin/cabbage_project/ros2_ws/install/robot_vision/share/robot_vision/hook/pythonpath.sh'
[3.846s] Level 1:colcon.colcon_core.environment:checking '/home/quin/cabbage_project/ros2_ws/install/robot_vision/bin'
[3.846s] Level 1:colcon.colcon_core.environment:create_environment_scripts_only(robot_vision)
[3.847s] INFO:colcon.colcon_core.shell:Creating package script '/home/quin/cabbage_project/ros2_ws/install/robot_vision/share/robot_vision/package.ps1'
[3.849s] INFO:colcon.colcon_core.shell:Creating package descriptor '/home/quin/cabbage_project/ros2_ws/install/robot_vision/share/robot_vision/package.dsv'
[3.850s] INFO:colcon.colcon_core.shell:Creating package script '/home/quin/cabbage_project/ros2_ws/install/robot_vision/share/robot_vision/package.sh'
[3.851s] INFO:colcon.colcon_core.shell:Creating package script '/home/quin/cabbage_project/ros2_ws/install/robot_vision/share/robot_vision/package.bash'
[3.851s] INFO:colcon.colcon_core.shell:Creating package script '/home/quin/cabbage_project/ros2_ws/install/robot_vision/share/robot_vision/package.zsh'
[3.852s] Level 1:colcon.colcon_core.environment:create_file_with_runtime_dependencies(/home/quin/cabbage_project/ros2_ws/install/robot_vision/share/colcon-core/packages/robot_vision)
[3.893s] Level 1:colcon.colcon_core.environment:checking '/home/quin/cabbage_project/ros2_ws/install/robot_dashboard' for CMake module files
[3.893s] DEBUG:colcon.colcon_core.event_handler.log_command:Invoked command in '/home/quin/cabbage_project/ros2_ws/src/robot_dashboard' returned '0': PYTHONPATH=/home/quin/cabbage_project/ros2_ws/build/robot_dashboard/prefix_override:/usr/lib/python3/dist-packages/colcon_core/task/python/colcon_distutils_commands:/home/quin/cabbage_project/ros2_ws/install/robot_dashboard/lib/python3.12/site-packages:${PYTHONPATH} /usr/bin/python3 -W ignore:setup.py install is deprecated -W ignore:easy_install command is deprecated setup.py egg_info --egg-base ../../build/robot_dashboard build --build-base /home/quin/cabbage_project/ros2_ws/build/robot_dashboard/build install --record /home/quin/cabbage_project/ros2_ws/build/robot_dashboard/install.log --single-version-externally-managed install_data
[3.894s] Level 1:colcon.colcon_core.environment:checking '/home/quin/cabbage_project/ros2_ws/install/robot_dashboard' for CMake config files
[3.894s] Level 1:colcon.colcon_core.environment:checking '/home/quin/cabbage_project/ros2_ws/install/robot_dashboard/lib'
[3.894s] Level 1:colcon.colcon_core.environment:checking '/home/quin/cabbage_project/ros2_ws/install/robot_dashboard/bin'
[3.894s] Level 1:colcon.colcon_core.environment:checking '/home/quin/cabbage_project/ros2_ws/install/robot_dashboard/lib/pkgconfig/robot_dashboard.pc'
[3.895s] Level 1:colcon.colcon_core.environment:checking '/home/quin/cabbage_project/ros2_ws/install/robot_dashboard/lib/python3.12/site-packages'
[3.895s] Level 1:colcon.colcon_core.shell:create_environment_hook('robot_dashboard', 'pythonpath')
[3.895s] INFO:colcon.colcon_core.shell:Creating environment hook '/home/quin/cabbage_project/ros2_ws/install/robot_dashboard/share/robot_dashboard/hook/pythonpath.ps1'
[3.896s] INFO:colcon.colcon_core.shell:Creating environment descriptor '/home/quin/cabbage_project/ros2_ws/install/robot_dashboard/share/robot_dashboard/hook/pythonpath.dsv'
[3.899s] INFO:colcon.colcon_core.shell:Creating environment hook '/home/quin/cabbage_project/ros2_ws/install/robot_dashboard/share/robot_dashboard/hook/pythonpath.sh'
[3.900s] Level 1:colcon.colcon_core.environment:checking '/home/quin/cabbage_project/ros2_ws/install/robot_dashboard/bin'
[3.900s] Level 1:colcon.colcon_core.environment:create_environment_scripts_only(robot_dashboard)
[3.900s] INFO:colcon.colcon_core.shell:Creating package script '/home/quin/cabbage_project/ros2_ws/install/robot_dashboard/share/robot_dashboard/package.ps1'
[3.901s] INFO:colcon.colcon_core.shell:Creating package descriptor '/home/quin/cabbage_project/ros2_ws/install/robot_dashboard/share/robot_dashboard/package.dsv'
[3.902s] INFO:colcon.colcon_core.shell:Creating package script '/home/quin/cabbage_project/ros2_ws/install/robot_dashboard/share/robot_dashboard/package.sh'
[3.902s] INFO:colcon.colcon_core.shell:Creating package script '/home/quin/cabbage_project/ros2_ws/install/robot_dashboard/share/robot_dashboard/package.bash'
[3.903s] INFO:colcon.colcon_core.shell:Creating package script '/home/quin/cabbage_project/ros2_ws/install/robot_dashboard/share/robot_dashboard/package.zsh'
[3.904s] Level 1:colcon.colcon_core.environment:create_file_with_runtime_dependencies(/home/quin/cabbage_project/ros2_ws/install/robot_dashboard/share/colcon-core/packages/robot_dashboard)
[3.904s] DEBUG:colcon.colcon_parallel_executor.executor.parallel:closing loop
[3.905s] DEBUG:colcon.colcon_parallel_executor.executor.parallel:loop closed
[3.905s] DEBUG:colcon.colcon_parallel_executor.executor.parallel:run_until_complete finished with '0'
[3.905s] DEBUG:colcon.colcon_core.event_reactor:joining thread
[3.913s] INFO:colcon.colcon_core.plugin_system:Skipping extension 'colcon_notification.desktop_notification.terminal_notifier': Not used on non-Darwin systems
[3.914s] INFO:colcon.colcon_core.plugin_system:Skipping extension 'colcon_notification.desktop_notification.win32': Not used on non-Windows systems
[3.914s] INFO:colcon.colcon_notification.desktop_notification:Sending desktop notification using 'notify2'
[3.915s] DEBUG:colcon.colcon_notification.desktop_notification.notify2:Failed to initialize notify2: org.freedesktop.DBus.Error.ServiceUnknown: The name org.freedesktop.Notifications was not provided by any .service files
[3.915s] DEBUG:colcon.colcon_core.event_reactor:joined thread
[3.916s] INFO:colcon.colcon_core.shell:Creating prefix script '/home/quin/cabbage_project/ros2_ws/install/local_setup.ps1'
[3.917s] INFO:colcon.colcon_core.shell:Creating prefix util module '/home/quin/cabbage_project/ros2_ws/install/_local_setup_util_ps1.py'
[3.920s] INFO:colcon.colcon_core.shell:Creating prefix chain script '/home/quin/cabbage_project/ros2_ws/install/setup.ps1'
[3.921s] INFO:colcon.colcon_core.shell:Creating prefix script '/home/quin/cabbage_project/ros2_ws/install/local_setup.sh'
[3.922s] INFO:colcon.colcon_core.shell:Creating prefix util module '/home/quin/cabbage_project/ros2_ws/install/_local_setup_util_sh.py'
[3.923s] INFO:colcon.colcon_core.shell:Creating prefix chain script '/home/quin/cabbage_project/ros2_ws/install/setup.sh'
[3.926s] INFO:colcon.colcon_core.shell:Creating prefix script '/home/quin/cabbage_project/ros2_ws/install/local_setup.bash'
[3.927s] INFO:colcon.colcon_core.shell:Creating prefix chain script '/home/quin/cabbage_project/ros2_ws/install/setup.bash'
[3.928s] INFO:colcon.colcon_core.shell:Creating prefix script '/home/quin/cabbage_project/ros2_ws/install/local_setup.zsh'
[3.929s] INFO:colcon.colcon_core.shell:Creating prefix chain script '/home/quin/cabbage_project/ros2_ws/install/setup.zsh'
