[0.023s] Invoking command in '/home/quin/cabbage_project/ros2_ws/build/robot_interfaces': CMAKE_PREFIX_PATH=${CMAKE_PREFIX_PATH}:/opt/ros/jazzy /usr/bin/cmake --build /home/quin/cabbage_project/ros2_ws/build/robot_interfaces -- -j4 -l4
[0.110s] Invoked command in '/home/quin/cabbage_project/ros2_ws/build/robot_interfaces' returned '0': CMAKE_PREFIX_PATH=${CMAKE_PREFIX_PATH}:/opt/ros/jazzy /usr/bin/cmake --build /home/quin/cabbage_project/ros2_ws/build/robot_interfaces -- -j4 -l4
[0.113s] Invoking command in '/home/quin/cabbage_project/ros2_ws/build/robot_interfaces': CMAKE_PREFIX_PATH=${CMAKE_PREFIX_PATH}:/opt/ros/jazzy /usr/bin/cmake --install /home/quin/cabbage_project/ros2_ws/build/robot_interfaces
[0.132s] -- Install configuration: ""
[0.132s] -- Up-to-date: /home/quin/cabbage_project/ros2_ws/install/robot_interfaces/share/ament_index/resource_index/package_run_dependencies/robot_interfaces
[0.133s] -- Up-to-date: /home/quin/cabbage_project/ros2_ws/install/robot_interfaces/share/ament_index/resource_index/parent_prefix_path/robot_interfaces
[0.134s] -- Up-to-date: /home/quin/cabbage_project/ros2_ws/install/robot_interfaces/share/robot_interfaces/environment/ament_prefix_path.sh
[0.134s] -- Up-to-date: /home/quin/cabbage_project/ros2_ws/install/robot_interfaces/share/robot_interfaces/environment/ament_prefix_path.dsv
[0.134s] -- Up-to-date: /home/quin/cabbage_project/ros2_ws/install/robot_interfaces/share/robot_interfaces/environment/path.sh
[0.137s] -- Up-to-date: /home/quin/cabbage_project/ros2_ws/install/robot_interfaces/share/robot_interfaces/environment/path.dsv
[0.137s] -- Up-to-date: /home/quin/cabbage_project/ros2_ws/install/robot_interfaces/share/robot_interfaces/local_setup.bash
[0.137s] -- Up-to-date: /home/quin/cabbage_project/ros2_ws/install/robot_interfaces/share/robot_interfaces/local_setup.sh
[0.137s] -- Up-to-date: /home/quin/cabbage_project/ros2_ws/install/robot_interfaces/share/robot_interfaces/local_setup.zsh
[0.138s] -- Up-to-date: /home/quin/cabbage_project/ros2_ws/install/robot_interfaces/share/robot_interfaces/local_setup.dsv
[0.138s] -- Up-to-date: /home/quin/cabbage_project/ros2_ws/install/robot_interfaces/share/robot_interfaces/package.dsv
[0.138s] -- Up-to-date: /home/quin/cabbage_project/ros2_ws/install/robot_interfaces/share/ament_index/resource_index/packages/robot_interfaces
[0.138s] -- Up-to-date: /home/quin/cabbage_project/ros2_ws/install/robot_interfaces/share/robot_interfaces/cmake/robot_interfacesConfig.cmake
[0.138s] -- Up-to-date: /home/quin/cabbage_project/ros2_ws/install/robot_interfaces/share/robot_interfaces/cmake/robot_interfacesConfig-version.cmake
[0.138s] -- Up-to-date: /home/quin/cabbage_project/ros2_ws/install/robot_interfaces/share/robot_interfaces/package.xml
[0.142s] Invoked command in '/home/quin/cabbage_project/ros2_ws/build/robot_interfaces' returned '0': CMAKE_PREFIX_PATH=${CMAKE_PREFIX_PATH}:/opt/ros/jazzy /usr/bin/cmake --install /home/quin/cabbage_project/ros2_ws/build/robot_interfaces
