[4.641s] Invoking command in '/home/quin/cabbage_project/ros2_ws/src/robot_core': PYTHONPATH=/home/quin/cabbage_project/ros2_ws/build/robot_core/prefix_override:/usr/lib/python3/dist-packages/colcon_core/task/python/colcon_distutils_commands:/home/quin/cabbage_project/ros2_ws/install/robot_core/lib/python3.12/site-packages:${PYTHONPATH} /usr/bin/python3 -W ignore:setup.py install is deprecated -W ignore:easy_install command is deprecated setup.py egg_info --egg-base ../../build/robot_core build --build-base /home/quin/cabbage_project/ros2_ws/build/robot_core/build install --record /home/quin/cabbage_project/ros2_ws/build/robot_core/install.log --single-version-externally-managed install_data
[5.378s] running egg_info
[5.405s] writing ../../build/robot_core/robot_core.egg-info/PKG-INFO
[5.408s] writing dependency_links to ../../build/robot_core/robot_core.egg-info/dependency_links.txt
[5.408s] writing entry points to ../../build/robot_core/robot_core.egg-info/entry_points.txt
[5.409s] writing requirements to ../../build/robot_core/robot_core.egg-info/requires.txt
[5.410s] writing top-level names to ../../build/robot_core/robot_core.egg-info/top_level.txt
[5.519s] reading manifest file '../../build/robot_core/robot_core.egg-info/SOURCES.txt'
[5.522s] writing manifest file '../../build/robot_core/robot_core.egg-info/SOURCES.txt'
[5.524s] running build
[5.525s] running build_py
[5.528s] running install
[5.551s] running install_lib
[5.590s] running install_data
[5.591s] running install_egg_info
[5.627s] removing '/home/quin/cabbage_project/ros2_ws/install/robot_core/lib/python3.12/site-packages/robot_core-0.0.0-py3.12.egg-info' (and everything under it)
[5.628s] Copying ../../build/robot_core/robot_core.egg-info to /home/quin/cabbage_project/ros2_ws/install/robot_core/lib/python3.12/site-packages/robot_core-0.0.0-py3.12.egg-info
[5.633s] running install_scripts
[5.890s] Installing entry_controller script to /home/quin/cabbage_project/ros2_ws/install/robot_core/lib/robot_core
[5.891s] Installing mission_node script to /home/quin/cabbage_project/ros2_ws/install/robot_core/lib/robot_core
[5.894s] Installing movement_final script to /home/quin/cabbage_project/ros2_ws/install/robot_core/lib/robot_core
[5.894s] Installing movement_node script to /home/quin/cabbage_project/ros2_ws/install/robot_core/lib/robot_core
[5.894s] Installing movement_test_node script to /home/quin/cabbage_project/ros2_ws/install/robot_core/lib/robot_core
[5.894s] Installing planting_node script to /home/quin/cabbage_project/ros2_ws/install/robot_core/lib/robot_core
[5.895s] writing list of installed files to '/home/quin/cabbage_project/ros2_ws/build/robot_core/install.log'
[6.128s] Invoked command in '/home/quin/cabbage_project/ros2_ws/src/robot_core' returned '0': PYTHONPATH=/home/quin/cabbage_project/ros2_ws/build/robot_core/prefix_override:/usr/lib/python3/dist-packages/colcon_core/task/python/colcon_distutils_commands:/home/quin/cabbage_project/ros2_ws/install/robot_core/lib/python3.12/site-packages:${PYTHONPATH} /usr/bin/python3 -W ignore:setup.py install is deprecated -W ignore:easy_install command is deprecated setup.py egg_info --egg-base ../../build/robot_core build --build-base /home/quin/cabbage_project/ros2_ws/build/robot_core/build install --record /home/quin/cabbage_project/ros2_ws/build/robot_core/install.log --single-version-externally-managed install_data
