[3.474s] Invoking command in '/home/quin/cabbage_project/ros2_ws/src/robot_core': PYTHONPATH=/home/quin/cabbage_project/ros2_ws/build/robot_core/prefix_override:/usr/lib/python3/dist-packages/colcon_core/task/python/colcon_distutils_commands:/home/quin/cabbage_project/ros2_ws/install/robot_core/lib/python3.12/site-packages:${PYTHONPATH} /usr/bin/python3 -W ignore:setup.py install is deprecated -W ignore:easy_install command is deprecated setup.py egg_info --egg-base ../../build/robot_core build --build-base /home/quin/cabbage_project/ros2_ws/build/robot_core/build install --record /home/quin/cabbage_project/ros2_ws/build/robot_core/install.log --single-version-externally-managed install_data
[3.924s] running egg_info
[3.925s] creating ../../build/robot_core/robot_core.egg-info
[3.952s] writing ../../build/robot_core/robot_core.egg-info/PKG-INFO
[3.962s] writing dependency_links to ../../build/robot_core/robot_core.egg-info/dependency_links.txt
[3.963s] writing entry points to ../../build/robot_core/robot_core.egg-info/entry_points.txt
[3.963s] writing requirements to ../../build/robot_core/robot_core.egg-info/requires.txt
[3.963s] writing top-level names to ../../build/robot_core/robot_core.egg-info/top_level.txt
[3.963s] writing manifest file '../../build/robot_core/robot_core.egg-info/SOURCES.txt'
[4.020s] reading manifest file '../../build/robot_core/robot_core.egg-info/SOURCES.txt'
[4.022s] writing manifest file '../../build/robot_core/robot_core.egg-info/SOURCES.txt'
[4.022s] running build
[4.022s] running build_py
[4.022s] creating /home/quin/cabbage_project/ros2_ws/build/robot_core/build
[4.023s] creating /home/quin/cabbage_project/ros2_ws/build/robot_core/build/lib
[4.023s] creating /home/quin/cabbage_project/ros2_ws/build/robot_core/build/lib/robot_core
[4.023s] copying robot_core/movement_test_node.py -> /home/quin/cabbage_project/ros2_ws/build/robot_core/build/lib/robot_core
[4.031s] copying robot_core/movement_node.py -> /home/quin/cabbage_project/ros2_ws/build/robot_core/build/lib/robot_core
[4.035s] copying robot_core/mission_order_node.py -> /home/quin/cabbage_project/ros2_ws/build/robot_core/build/lib/robot_core
[4.035s] copying robot_core/planting_node.py -> /home/quin/cabbage_project/ros2_ws/build/robot_core/build/lib/robot_core
[4.036s] copying robot_core/mission_node.py -> /home/quin/cabbage_project/ros2_ws/build/robot_core/build/lib/robot_core
[4.037s] copying robot_core/__init__.py -> /home/quin/cabbage_project/ros2_ws/build/robot_core/build/lib/robot_core
[4.037s] copying robot_core/entry_controller.py -> /home/quin/cabbage_project/ros2_ws/build/robot_core/build/lib/robot_core
[4.039s] copying robot_core/movement_final.py -> /home/quin/cabbage_project/ros2_ws/build/robot_core/build/lib/robot_core
[4.039s] running install
[4.047s] running install_lib
[4.076s] creating /home/quin/cabbage_project/ros2_ws/install/robot_core/lib/python3.12/site-packages/robot_core
[4.076s] copying /home/quin/cabbage_project/ros2_ws/build/robot_core/build/lib/robot_core/movement_test_node.py -> /home/quin/cabbage_project/ros2_ws/install/robot_core/lib/python3.12/site-packages/robot_core
[4.076s] copying /home/quin/cabbage_project/ros2_ws/build/robot_core/build/lib/robot_core/movement_node.py -> /home/quin/cabbage_project/ros2_ws/install/robot_core/lib/python3.12/site-packages/robot_core
[4.077s] copying /home/quin/cabbage_project/ros2_ws/build/robot_core/build/lib/robot_core/mission_order_node.py -> /home/quin/cabbage_project/ros2_ws/install/robot_core/lib/python3.12/site-packages/robot_core
[4.077s] copying /home/quin/cabbage_project/ros2_ws/build/robot_core/build/lib/robot_core/planting_node.py -> /home/quin/cabbage_project/ros2_ws/install/robot_core/lib/python3.12/site-packages/robot_core
[4.077s] copying /home/quin/cabbage_project/ros2_ws/build/robot_core/build/lib/robot_core/mission_node.py -> /home/quin/cabbage_project/ros2_ws/install/robot_core/lib/python3.12/site-packages/robot_core
[4.077s] copying /home/quin/cabbage_project/ros2_ws/build/robot_core/build/lib/robot_core/__init__.py -> /home/quin/cabbage_project/ros2_ws/install/robot_core/lib/python3.12/site-packages/robot_core
[4.077s] copying /home/quin/cabbage_project/ros2_ws/build/robot_core/build/lib/robot_core/entry_controller.py -> /home/quin/cabbage_project/ros2_ws/install/robot_core/lib/python3.12/site-packages/robot_core
[4.077s] copying /home/quin/cabbage_project/ros2_ws/build/robot_core/build/lib/robot_core/movement_final.py -> /home/quin/cabbage_project/ros2_ws/install/robot_core/lib/python3.12/site-packages/robot_core
[4.078s] byte-compiling /home/quin/cabbage_project/ros2_ws/install/robot_core/lib/python3.12/site-packages/robot_core/movement_test_node.py to movement_test_node.cpython-312.pyc
[4.080s] byte-compiling /home/quin/cabbage_project/ros2_ws/install/robot_core/lib/python3.12/site-packages/robot_core/movement_node.py to movement_node.cpython-312.pyc
[4.080s] byte-compiling /home/quin/cabbage_project/ros2_ws/install/robot_core/lib/python3.12/site-packages/robot_core/mission_order_node.py to mission_order_node.cpython-312.pyc
[4.083s] byte-compiling /home/quin/cabbage_project/ros2_ws/install/robot_core/lib/python3.12/site-packages/robot_core/planting_node.py to planting_node.cpython-312.pyc
[4.084s] byte-compiling /home/quin/cabbage_project/ros2_ws/install/robot_core/lib/python3.12/site-packages/robot_core/mission_node.py to mission_node.cpython-312.pyc
[4.087s] byte-compiling /home/quin/cabbage_project/ros2_ws/install/robot_core/lib/python3.12/site-packages/robot_core/__init__.py to __init__.cpython-312.pyc
[4.087s] byte-compiling /home/quin/cabbage_project/ros2_ws/install/robot_core/lib/python3.12/site-packages/robot_core/entry_controller.py to entry_controller.cpython-312.pyc
[4.088s] byte-compiling /home/quin/cabbage_project/ros2_ws/install/robot_core/lib/python3.12/site-packages/robot_core/movement_final.py to movement_final.cpython-312.pyc
[4.088s] running install_data
[4.089s] creating /home/quin/cabbage_project/ros2_ws/install/robot_core/share/ament_index
[4.090s] creating /home/quin/cabbage_project/ros2_ws/install/robot_core/share/ament_index/resource_index
[4.090s] creating /home/quin/cabbage_project/ros2_ws/install/robot_core/share/ament_index/resource_index/packages
[4.090s] copying resource/robot_core -> /home/quin/cabbage_project/ros2_ws/install/robot_core/share/ament_index/resource_index/packages
[4.090s] copying package.xml -> /home/quin/cabbage_project/ros2_ws/install/robot_core/share/robot_core
[4.090s] running install_egg_info
[4.120s] Copying ../../build/robot_core/robot_core.egg-info to /home/quin/cabbage_project/ros2_ws/install/robot_core/lib/python3.12/site-packages/robot_core-0.0.0-py3.12.egg-info
[4.121s] running install_scripts
[4.384s] Installing entry_controller script to /home/quin/cabbage_project/ros2_ws/install/robot_core/lib/robot_core
[4.384s] Installing mission_node script to /home/quin/cabbage_project/ros2_ws/install/robot_core/lib/robot_core
[4.385s] Installing movement_final script to /home/quin/cabbage_project/ros2_ws/install/robot_core/lib/robot_core
[4.385s] Installing movement_node script to /home/quin/cabbage_project/ros2_ws/install/robot_core/lib/robot_core
[4.386s] Installing movement_test_node script to /home/quin/cabbage_project/ros2_ws/install/robot_core/lib/robot_core
[4.387s] Installing planting_node script to /home/quin/cabbage_project/ros2_ws/install/robot_core/lib/robot_core
[4.389s] writing list of installed files to '/home/quin/cabbage_project/ros2_ws/build/robot_core/install.log'
[4.568s] Invoked command in '/home/quin/cabbage_project/ros2_ws/src/robot_core' returned '0': PYTHONPATH=/home/quin/cabbage_project/ros2_ws/build/robot_core/prefix_override:/usr/lib/python3/dist-packages/colcon_core/task/python/colcon_distutils_commands:/home/quin/cabbage_project/ros2_ws/install/robot_core/lib/python3.12/site-packages:${PYTHONPATH} /usr/bin/python3 -W ignore:setup.py install is deprecated -W ignore:easy_install command is deprecated setup.py egg_info --egg-base ../../build/robot_core build --build-base /home/quin/cabbage_project/ros2_ws/build/robot_core/build install --record /home/quin/cabbage_project/ros2_ws/build/robot_core/install.log --single-version-externally-managed install_data
