[2.064s] Invoking command in '/home/jorjeen/plant/cabbage_project/ros2_ws/src/robot_vision': DEBUGINFOD_URLS=https://debuginfod.ubuntu.com PYTHONPATH=/home/jorjeen/plant/cabbage_project/build/robot_vision/prefix_override:/usr/lib/python3/dist-packages/colcon_core/task/python/colcon_distutils_commands:/home/jorjeen/plant/cabbage_project/install/robot_vision/lib/python3.12/site-packages:${PYTHONPATH} /usr/bin/python3 -W ignore:setup.py install is deprecated -W ignore:easy_install command is deprecated setup.py egg_info --egg-base ../../../build/robot_vision build --build-base /home/jorjeen/plant/cabbage_project/build/robot_vision/build install --record /home/jorjeen/plant/cabbage_project/build/robot_vision/install.log --single-version-externally-managed install_data
[2.260s] running egg_info
[2.260s] creating ../../../build/robot_vision/robot_vision.egg-info
[2.273s] writing ../../../build/robot_vision/robot_vision.egg-info/PKG-INFO
[2.273s] writing dependency_links to ../../../build/robot_vision/robot_vision.egg-info/dependency_links.txt
[2.273s] writing entry points to ../../../build/robot_vision/robot_vision.egg-info/entry_points.txt
[2.273s] writing requirements to ../../../build/robot_vision/robot_vision.egg-info/requires.txt
[2.274s] writing top-level names to ../../../build/robot_vision/robot_vision.egg-info/top_level.txt
[2.274s] writing manifest file '../../../build/robot_vision/robot_vision.egg-info/SOURCES.txt'
[2.300s] reading manifest file '../../../build/robot_vision/robot_vision.egg-info/SOURCES.txt'
[2.301s] writing manifest file '../../../build/robot_vision/robot_vision.egg-info/SOURCES.txt'
[2.301s] running build
[2.301s] running build_py
[2.301s] creating /home/jorjeen/plant/cabbage_project/build/robot_vision/build
[2.301s] creating /home/jorjeen/plant/cabbage_project/build/robot_vision/build/lib
[2.301s] creating /home/jorjeen/plant/cabbage_project/build/robot_vision/build/lib/robot_vision
[2.301s] copying robot_vision/entry_node.py -> /home/jorjeen/plant/cabbage_project/build/robot_vision/build/lib/robot_vision
[2.302s] copying robot_vision/cabbage_detector_node.py -> /home/jorjeen/plant/cabbage_project/build/robot_vision/build/lib/robot_vision
[2.302s] copying robot_vision/apriltag_node.py -> /home/jorjeen/plant/cabbage_project/build/robot_vision/build/lib/robot_vision
[2.302s] copying robot_vision/camera_node.py -> /home/jorjeen/plant/cabbage_project/build/robot_vision/build/lib/robot_vision
[2.302s] copying robot_vision/__init__.py -> /home/jorjeen/plant/cabbage_project/build/robot_vision/build/lib/robot_vision
[2.302s] copying robot_vision/entering.py -> /home/jorjeen/plant/cabbage_project/build/robot_vision/build/lib/robot_vision
[2.302s] running install
[2.306s] running install_lib
[2.321s] creating /home/jorjeen/plant/cabbage_project/install/robot_vision/lib/python3.12/site-packages/robot_vision
[2.321s] copying /home/jorjeen/plant/cabbage_project/build/robot_vision/build/lib/robot_vision/entry_node.py -> /home/jorjeen/plant/cabbage_project/install/robot_vision/lib/python3.12/site-packages/robot_vision
[2.321s] copying /home/jorjeen/plant/cabbage_project/build/robot_vision/build/lib/robot_vision/cabbage_detector_node.py -> /home/jorjeen/plant/cabbage_project/install/robot_vision/lib/python3.12/site-packages/robot_vision
[2.321s] copying /home/jorjeen/plant/cabbage_project/build/robot_vision/build/lib/robot_vision/apriltag_node.py -> /home/jorjeen/plant/cabbage_project/install/robot_vision/lib/python3.12/site-packages/robot_vision
[2.321s] copying /home/jorjeen/plant/cabbage_project/build/robot_vision/build/lib/robot_vision/camera_node.py -> /home/jorjeen/plant/cabbage_project/install/robot_vision/lib/python3.12/site-packages/robot_vision
[2.321s] copying /home/jorjeen/plant/cabbage_project/build/robot_vision/build/lib/robot_vision/__init__.py -> /home/jorjeen/plant/cabbage_project/install/robot_vision/lib/python3.12/site-packages/robot_vision
[2.321s] copying /home/jorjeen/plant/cabbage_project/build/robot_vision/build/lib/robot_vision/entering.py -> /home/jorjeen/plant/cabbage_project/install/robot_vision/lib/python3.12/site-packages/robot_vision
[2.321s] byte-compiling /home/jorjeen/plant/cabbage_project/install/robot_vision/lib/python3.12/site-packages/robot_vision/entry_node.py to entry_node.cpython-312.pyc
[2.322s] byte-compiling /home/jorjeen/plant/cabbage_project/install/robot_vision/lib/python3.12/site-packages/robot_vision/cabbage_detector_node.py to cabbage_detector_node.cpython-312.pyc
[2.323s] byte-compiling /home/jorjeen/plant/cabbage_project/install/robot_vision/lib/python3.12/site-packages/robot_vision/apriltag_node.py to apriltag_node.cpython-312.pyc
[2.324s] byte-compiling /home/jorjeen/plant/cabbage_project/install/robot_vision/lib/python3.12/site-packages/robot_vision/camera_node.py to camera_node.cpython-312.pyc
[2.324s] byte-compiling /home/jorjeen/plant/cabbage_project/install/robot_vision/lib/python3.12/site-packages/robot_vision/__init__.py to __init__.cpython-312.pyc
[2.324s] byte-compiling /home/jorjeen/plant/cabbage_project/install/robot_vision/lib/python3.12/site-packages/robot_vision/entering.py to entering.cpython-312.pyc
[2.325s] running install_data
[2.325s] creating /home/jorjeen/plant/cabbage_project/install/robot_vision/share/ament_index
[2.325s] creating /home/jorjeen/plant/cabbage_project/install/robot_vision/share/ament_index/resource_index
[2.325s] creating /home/jorjeen/plant/cabbage_project/install/robot_vision/share/ament_index/resource_index/packages
[2.326s] copying resource/robot_vision -> /home/jorjeen/plant/cabbage_project/install/robot_vision/share/ament_index/resource_index/packages
[2.326s] copying package.xml -> /home/jorjeen/plant/cabbage_project/install/robot_vision/share/robot_vision
[2.326s] running install_egg_info
[2.341s] Copying ../../../build/robot_vision/robot_vision.egg-info to /home/jorjeen/plant/cabbage_project/install/robot_vision/lib/python3.12/site-packages/robot_vision-0.0.0-py3.12.egg-info
[2.341s] running install_scripts
[2.444s] Installing apriltag_node script to /home/jorjeen/plant/cabbage_project/install/robot_vision/lib/robot_vision
[2.444s] Installing cabbage_detector_node script to /home/jorjeen/plant/cabbage_project/install/robot_vision/lib/robot_vision
[2.444s] Installing camera_node script to /home/jorjeen/plant/cabbage_project/install/robot_vision/lib/robot_vision
[2.444s] Installing entering script to /home/jorjeen/plant/cabbage_project/install/robot_vision/lib/robot_vision
[2.444s] Installing entry_node script to /home/jorjeen/plant/cabbage_project/install/robot_vision/lib/robot_vision
[2.444s] writing list of installed files to '/home/jorjeen/plant/cabbage_project/build/robot_vision/install.log'
[2.470s] Invoked command in '/home/jorjeen/plant/cabbage_project/ros2_ws/src/robot_vision' returned '0': DEBUGINFOD_URLS=https://debuginfod.ubuntu.com PYTHONPATH=/home/jorjeen/plant/cabbage_project/build/robot_vision/prefix_override:/usr/lib/python3/dist-packages/colcon_core/task/python/colcon_distutils_commands:/home/jorjeen/plant/cabbage_project/install/robot_vision/lib/python3.12/site-packages:${PYTHONPATH} /usr/bin/python3 -W ignore:setup.py install is deprecated -W ignore:easy_install command is deprecated setup.py egg_info --egg-base ../../../build/robot_vision build --build-base /home/jorjeen/plant/cabbage_project/build/robot_vision/build install --record /home/jorjeen/plant/cabbage_project/build/robot_vision/install.log --single-version-externally-managed install_data
