[3.465s] Invoking command in '/home/quin/cabbage_project/ros2_ws/src/robot_bringup': PYTHONPATH=/home/quin/cabbage_project/ros2_ws/build/robot_bringup/prefix_override:/usr/lib/python3/dist-packages/colcon_core/task/python/colcon_distutils_commands:/home/quin/cabbage_project/ros2_ws/install/robot_bringup/lib/python3.12/site-packages:${PYTHONPATH} /usr/bin/python3 -W ignore:setup.py install is deprecated -W ignore:easy_install command is deprecated setup.py egg_info --egg-base ../../build/robot_bringup build --build-base /home/quin/cabbage_project/ros2_ws/build/robot_bringup/build install --record /home/quin/cabbage_project/ros2_ws/build/robot_bringup/install.log --single-version-externally-managed install_data
[3.921s] running egg_info
[3.922s] creating ../../build/robot_bringup/robot_bringup.egg-info
[3.950s] writing ../../build/robot_bringup/robot_bringup.egg-info/PKG-INFO
[3.951s] writing dependency_links to ../../build/robot_bringup/robot_bringup.egg-info/dependency_links.txt
[3.952s] writing requirements to ../../build/robot_bringup/robot_bringup.egg-info/requires.txt
[3.985s] writing top-level names to ../../build/robot_bringup/robot_bringup.egg-info/top_level.txt
[3.986s] writing manifest file '../../build/robot_bringup/robot_bringup.egg-info/SOURCES.txt'
[4.044s] reading manifest file '../../build/robot_bringup/robot_bringup.egg-info/SOURCES.txt'
[4.045s] writing manifest file '../../build/robot_bringup/robot_bringup.egg-info/SOURCES.txt'
[4.052s] running build
[4.052s] running build_py
[4.053s] creating /home/quin/cabbage_project/ros2_ws/build/robot_bringup/build
[4.053s] creating /home/quin/cabbage_project/ros2_ws/build/robot_bringup/build/lib
[4.053s] creating /home/quin/cabbage_project/ros2_ws/build/robot_bringup/build/lib/robot_bringup
[4.054s] copying robot_bringup/__init__.py -> /home/quin/cabbage_project/ros2_ws/build/robot_bringup/build/lib/robot_bringup
[4.054s] running install
[4.071s] running install_lib
[4.101s] creating /home/quin/cabbage_project/ros2_ws/install/robot_bringup/lib/python3.12/site-packages/robot_bringup
[4.104s] copying /home/quin/cabbage_project/ros2_ws/build/robot_bringup/build/lib/robot_bringup/__init__.py -> /home/quin/cabbage_project/ros2_ws/install/robot_bringup/lib/python3.12/site-packages/robot_bringup
[4.105s] byte-compiling /home/quin/cabbage_project/ros2_ws/install/robot_bringup/lib/python3.12/site-packages/robot_bringup/__init__.py to __init__.cpython-312.pyc
[4.106s] running install_data
[4.107s] creating /home/quin/cabbage_project/ros2_ws/install/robot_bringup/share/ament_index
[4.108s] creating /home/quin/cabbage_project/ros2_ws/install/robot_bringup/share/ament_index/resource_index
[4.109s] creating /home/quin/cabbage_project/ros2_ws/install/robot_bringup/share/ament_index/resource_index/packages
[4.111s] copying resource/robot_bringup -> /home/quin/cabbage_project/ros2_ws/install/robot_bringup/share/ament_index/resource_index/packages
[4.112s] copying package.xml -> /home/quin/cabbage_project/ros2_ws/install/robot_bringup/share/robot_bringup
[4.112s] running install_egg_info
[4.147s] Copying ../../build/robot_bringup/robot_bringup.egg-info to /home/quin/cabbage_project/ros2_ws/install/robot_bringup/lib/python3.12/site-packages/robot_bringup-0.0.0-py3.12.egg-info
[4.149s] running install_scripts
[4.471s] writing list of installed files to '/home/quin/cabbage_project/ros2_ws/build/robot_bringup/install.log'
[4.628s] Invoked command in '/home/quin/cabbage_project/ros2_ws/src/robot_bringup' returned '0': PYTHONPATH=/home/quin/cabbage_project/ros2_ws/build/robot_bringup/prefix_override:/usr/lib/python3/dist-packages/colcon_core/task/python/colcon_distutils_commands:/home/quin/cabbage_project/ros2_ws/install/robot_bringup/lib/python3.12/site-packages:${PYTHONPATH} /usr/bin/python3 -W ignore:setup.py install is deprecated -W ignore:easy_install command is deprecated setup.py egg_info --egg-base ../../build/robot_bringup build --build-base /home/quin/cabbage_project/ros2_ws/build/robot_bringup/build install --record /home/quin/cabbage_project/ros2_ws/build/robot_bringup/install.log --single-version-externally-managed install_data
