[3.433s] Invoking command in '/home/quin/cabbage_project/ros2_ws/src/robot_vision': PYTHONPATH=/home/quin/cabbage_project/ros2_ws/build/robot_vision/prefix_override:/usr/lib/python3/dist-packages/colcon_core/task/python/colcon_distutils_commands:/home/quin/cabbage_project/ros2_ws/install/robot_vision/lib/python3.12/site-packages:${PYTHONPATH} /usr/bin/python3 -W ignore:setup.py install is deprecated -W ignore:easy_install command is deprecated setup.py egg_info --egg-base ../../build/robot_vision build --build-base /home/quin/cabbage_project/ros2_ws/build/robot_vision/build install --record /home/quin/cabbage_project/ros2_ws/build/robot_vision/install.log --single-version-externally-managed install_data
[3.888s] running egg_info
[3.889s] creating ../../build/robot_vision/robot_vision.egg-info
[3.916s] writing ../../build/robot_vision/robot_vision.egg-info/PKG-INFO
[3.949s] writing dependency_links to ../../build/robot_vision/robot_vision.egg-info/dependency_links.txt
[3.949s] writing entry points to ../../build/robot_vision/robot_vision.egg-info/entry_points.txt
[3.950s] writing requirements to ../../build/robot_vision/robot_vision.egg-info/requires.txt
[3.950s] writing top-level names to ../../build/robot_vision/robot_vision.egg-info/top_level.txt
[3.952s] writing manifest file '../../build/robot_vision/robot_vision.egg-info/SOURCES.txt'
[4.016s] reading manifest file '../../build/robot_vision/robot_vision.egg-info/SOURCES.txt'
[4.017s] writing manifest file '../../build/robot_vision/robot_vision.egg-info/SOURCES.txt'
[4.021s] running build
[4.021s] running build_py
[4.021s] creating /home/quin/cabbage_project/ros2_ws/build/robot_vision/build
[4.021s] creating /home/quin/cabbage_project/ros2_ws/build/robot_vision/build/lib
[4.023s] creating /home/quin/cabbage_project/ros2_ws/build/robot_vision/build/lib/robot_vision
[4.023s] copying robot_vision/camera_node.py -> /home/quin/cabbage_project/ros2_ws/build/robot_vision/build/lib/robot_vision
[4.023s] copying robot_vision/__init__.py -> /home/quin/cabbage_project/ros2_ws/build/robot_vision/build/lib/robot_vision
[4.023s] copying robot_vision/cabbage_main.py -> /home/quin/cabbage_project/ros2_ws/build/robot_vision/build/lib/robot_vision
[4.024s] copying robot_vision/apriltag_node.py -> /home/quin/cabbage_project/ros2_ws/build/robot_vision/build/lib/robot_vision
[4.027s] running install
[4.034s] running install_lib
[4.063s] creating /home/quin/cabbage_project/ros2_ws/install/robot_vision/lib/python3.12/site-packages/robot_vision
[4.064s] copying /home/quin/cabbage_project/ros2_ws/build/robot_vision/build/lib/robot_vision/camera_node.py -> /home/quin/cabbage_project/ros2_ws/install/robot_vision/lib/python3.12/site-packages/robot_vision
[4.065s] copying /home/quin/cabbage_project/ros2_ws/build/robot_vision/build/lib/robot_vision/__init__.py -> /home/quin/cabbage_project/ros2_ws/install/robot_vision/lib/python3.12/site-packages/robot_vision
[4.065s] copying /home/quin/cabbage_project/ros2_ws/build/robot_vision/build/lib/robot_vision/cabbage_main.py -> /home/quin/cabbage_project/ros2_ws/install/robot_vision/lib/python3.12/site-packages/robot_vision
[4.065s] copying /home/quin/cabbage_project/ros2_ws/build/robot_vision/build/lib/robot_vision/apriltag_node.py -> /home/quin/cabbage_project/ros2_ws/install/robot_vision/lib/python3.12/site-packages/robot_vision
[4.066s] byte-compiling /home/quin/cabbage_project/ros2_ws/install/robot_vision/lib/python3.12/site-packages/robot_vision/camera_node.py to camera_node.cpython-312.pyc
[4.068s] byte-compiling /home/quin/cabbage_project/ros2_ws/install/robot_vision/lib/python3.12/site-packages/robot_vision/__init__.py to __init__.cpython-312.pyc
[4.069s] byte-compiling /home/quin/cabbage_project/ros2_ws/install/robot_vision/lib/python3.12/site-packages/robot_vision/cabbage_main.py to cabbage_main.cpython-312.pyc
[4.073s] byte-compiling /home/quin/cabbage_project/ros2_ws/install/robot_vision/lib/python3.12/site-packages/robot_vision/apriltag_node.py to apriltag_node.cpython-312.pyc
[4.077s] running install_data
[4.077s] creating /home/quin/cabbage_project/ros2_ws/install/robot_vision/share/ament_index
[4.077s] creating /home/quin/cabbage_project/ros2_ws/install/robot_vision/share/ament_index/resource_index
[4.077s] creating /home/quin/cabbage_project/ros2_ws/install/robot_vision/share/ament_index/resource_index/packages
[4.077s] copying resource/robot_vision -> /home/quin/cabbage_project/ros2_ws/install/robot_vision/share/ament_index/resource_index/packages
[4.077s] copying package.xml -> /home/quin/cabbage_project/ros2_ws/install/robot_vision/share/robot_vision
[4.077s] running install_egg_info
[4.106s] Copying ../../build/robot_vision/robot_vision.egg-info to /home/quin/cabbage_project/ros2_ws/install/robot_vision/lib/python3.12/site-packages/robot_vision-0.0.0-py3.12.egg-info
[4.109s] running install_scripts
[4.344s] Installing apriltag_node script to /home/quin/cabbage_project/ros2_ws/install/robot_vision/lib/robot_vision
[4.345s] Installing camera_node script to /home/quin/cabbage_project/ros2_ws/install/robot_vision/lib/robot_vision
[4.347s] writing list of installed files to '/home/quin/cabbage_project/ros2_ws/build/robot_vision/install.log'
[4.496s] Invoked command in '/home/quin/cabbage_project/ros2_ws/src/robot_vision' returned '0': PYTHONPATH=/home/quin/cabbage_project/ros2_ws/build/robot_vision/prefix_override:/usr/lib/python3/dist-packages/colcon_core/task/python/colcon_distutils_commands:/home/quin/cabbage_project/ros2_ws/install/robot_vision/lib/python3.12/site-packages:${PYTHONPATH} /usr/bin/python3 -W ignore:setup.py install is deprecated -W ignore:easy_install command is deprecated setup.py egg_info --egg-base ../../build/robot_vision build --build-base /home/quin/cabbage_project/ros2_ws/build/robot_vision/build install --record /home/quin/cabbage_project/ros2_ws/build/robot_vision/install.log --single-version-externally-managed install_data
