[1.790s] Invoking command in '/home/jorjeen/plant/cabbage_project/ros2_ws/src/robot_core': DEBUGINFOD_URLS=https://debuginfod.ubuntu.com PYTHONPATH=/home/jorjeen/plant/cabbage_project/build/robot_core/prefix_override:/usr/lib/python3/dist-packages/colcon_core/task/python/colcon_distutils_commands:/home/jorjeen/plant/cabbage_project/install/robot_core/lib/python3.12/site-packages:${PYTHONPATH} /usr/bin/python3 -W ignore:setup.py install is deprecated -W ignore:easy_install command is deprecated setup.py egg_info --egg-base ../../../build/robot_core build --build-base /home/jorjeen/plant/cabbage_project/build/robot_core/build install --record /home/jorjeen/plant/cabbage_project/build/robot_core/install.log --single-version-externally-managed install_data
[1.977s] running egg_info
[1.990s] writing ../../../build/robot_core/robot_core.egg-info/PKG-INFO
[1.995s] writing dependency_links to ../../../build/robot_core/robot_core.egg-info/dependency_links.txt
[1.995s] writing entry points to ../../../build/robot_core/robot_core.egg-info/entry_points.txt
[1.995s] writing requirements to ../../../build/robot_core/robot_core.egg-info/requires.txt
[1.995s] writing top-level names to ../../../build/robot_core/robot_core.egg-info/top_level.txt
[2.023s] reading manifest file '../../../build/robot_core/robot_core.egg-info/SOURCES.txt'
[2.023s] writing manifest file '../../../build/robot_core/robot_core.egg-info/SOURCES.txt'
[2.023s] running build
[2.023s] running build_py
[2.024s] running install
[2.028s] running install_lib
[2.042s] running install_data
[2.042s] running install_egg_info
[2.056s] removing '/home/jorjeen/plant/cabbage_project/install/robot_core/lib/python3.12/site-packages/robot_core-0.0.0-py3.12.egg-info' (and everything under it)
[2.056s] Copying ../../../build/robot_core/robot_core.egg-info to /home/jorjeen/plant/cabbage_project/install/robot_core/lib/python3.12/site-packages/robot_core-0.0.0-py3.12.egg-info
[2.057s] running install_scripts
[2.150s] Installing detection_node script to /home/jorjeen/plant/cabbage_project/install/robot_core/lib/robot_core
[2.151s] Installing entry_controller script to /home/jorjeen/plant/cabbage_project/install/robot_core/lib/robot_core
[2.151s] Installing mission_node script to /home/jorjeen/plant/cabbage_project/install/robot_core/lib/robot_core
[2.151s] Installing movement_node script to /home/jorjeen/plant/cabbage_project/install/robot_core/lib/robot_core
[2.151s] Installing movement_test_node script to /home/jorjeen/plant/cabbage_project/install/robot_core/lib/robot_core
[2.151s] Installing planting_node script to /home/jorjeen/plant/cabbage_project/install/robot_core/lib/robot_core
[2.151s] writing list of installed files to '/home/jorjeen/plant/cabbage_project/build/robot_core/install.log'
[2.181s] Invoked command in '/home/jorjeen/plant/cabbage_project/ros2_ws/src/robot_core' returned '0': DEBUGINFOD_URLS=https://debuginfod.ubuntu.com PYTHONPATH=/home/jorjeen/plant/cabbage_project/build/robot_core/prefix_override:/usr/lib/python3/dist-packages/colcon_core/task/python/colcon_distutils_commands:/home/jorjeen/plant/cabbage_project/install/robot_core/lib/python3.12/site-packages:${PYTHONPATH} /usr/bin/python3 -W ignore:setup.py install is deprecated -W ignore:easy_install command is deprecated setup.py egg_info --egg-base ../../../build/robot_core build --build-base /home/jorjeen/plant/cabbage_project/build/robot_core/build install --record /home/jorjeen/plant/cabbage_project/build/robot_core/install.log --single-version-externally-managed install_data
