[5.654s] Invoking command in '/home/quin/cabbage_project/ros2_ws/src/robot_vision': PYTHONPATH=/home/quin/cabbage_project/ros2_ws/build/robot_vision/prefix_override:/usr/lib/python3/dist-packages/colcon_core/task/python/colcon_distutils_commands:/home/quin/cabbage_project/ros2_ws/install/robot_vision/lib/python3.12/site-packages:${PYTHONPATH} VIRTUAL_ENV_PROMPT=(vision_env) /usr/bin/python3 -W ignore:setup.py install is deprecated -W ignore:easy_install command is deprecated setup.py egg_info --egg-base ../../build/robot_vision build --build-base /home/quin/cabbage_project/ros2_ws/build/robot_vision/build install --record /home/quin/cabbage_project/ros2_ws/build/robot_vision/install.log --single-version-externally-managed install_data
[6.418s] running egg_info
[6.450s] writing ../../build/robot_vision/robot_vision.egg-info/PKG-INFO
[6.453s] writing dependency_links to ../../build/robot_vision/robot_vision.egg-info/dependency_links.txt
[6.458s] writing entry points to ../../build/robot_vision/robot_vision.egg-info/entry_points.txt
[6.463s] writing requirements to ../../build/robot_vision/robot_vision.egg-info/requires.txt
[6.465s] writing top-level names to ../../build/robot_vision/robot_vision.egg-info/top_level.txt
[6.574s] reading manifest file '../../build/robot_vision/robot_vision.egg-info/SOURCES.txt'
[6.578s] writing manifest file '../../build/robot_vision/robot_vision.egg-info/SOURCES.txt'
[6.579s] running build
[6.580s] running build_py
[6.580s] copying robot_vision/apriltag_node.py -> /home/quin/cabbage_project/ros2_ws/build/robot_vision/build/lib/robot_vision
[6.586s] running install
[6.592s] running install_lib
[6.629s] copying /home/quin/cabbage_project/ros2_ws/build/robot_vision/build/lib/robot_vision/apriltag_node.py -> /home/quin/cabbage_project/ros2_ws/install/robot_vision/lib/python3.12/site-packages/robot_vision
[6.629s] byte-compiling /home/quin/cabbage_project/ros2_ws/install/robot_vision/lib/python3.12/site-packages/robot_vision/apriltag_node.py to apriltag_node.cpython-312.pyc
[6.638s] running install_data
[6.638s] running install_egg_info
[6.689s] removing '/home/quin/cabbage_project/ros2_ws/install/robot_vision/lib/python3.12/site-packages/robot_vision-0.0.0-py3.12.egg-info' (and everything under it)
[6.689s] Copying ../../build/robot_vision/robot_vision.egg-info to /home/quin/cabbage_project/ros2_ws/install/robot_vision/lib/python3.12/site-packages/robot_vision-0.0.0-py3.12.egg-info
[6.689s] running install_scripts
[7.737s] Installing apriltag_node script to /home/quin/cabbage_project/ros2_ws/install/robot_vision/lib/robot_vision
[7.741s] Installing camera_node script to /home/quin/cabbage_project/ros2_ws/install/robot_vision/lib/robot_vision
[7.741s] writing list of installed files to '/home/quin/cabbage_project/ros2_ws/build/robot_vision/install.log'
[7.974s] Invoked command in '/home/quin/cabbage_project/ros2_ws/src/robot_vision' returned '0': PYTHONPATH=/home/quin/cabbage_project/ros2_ws/build/robot_vision/prefix_override:/usr/lib/python3/dist-packages/colcon_core/task/python/colcon_distutils_commands:/home/quin/cabbage_project/ros2_ws/install/robot_vision/lib/python3.12/site-packages:${PYTHONPATH} VIRTUAL_ENV_PROMPT=(vision_env) /usr/bin/python3 -W ignore:setup.py install is deprecated -W ignore:easy_install command is deprecated setup.py egg_info --egg-base ../../build/robot_vision build --build-base /home/quin/cabbage_project/ros2_ws/build/robot_vision/build install --record /home/quin/cabbage_project/ros2_ws/build/robot_vision/install.log --single-version-externally-managed install_data
