[3.041s] Invoking command in '/home/quin/cabbage_project/ros2_ws/src/robot_core': PYTHONPATH=/home/quin/cabbage_project/ros2_ws/build/robot_core/prefix_override:/usr/lib/python3/dist-packages/colcon_core/task/python/colcon_distutils_commands:/home/quin/cabbage_project/ros2_ws/install/robot_core/lib/python3.12/site-packages:${PYTHONPATH} /usr/bin/python3 -W ignore:setup.py install is deprecated -W ignore:easy_install command is deprecated setup.py egg_info --egg-base ../../build/robot_core build --build-base /home/quin/cabbage_project/ros2_ws/build/robot_core/build install --record /home/quin/cabbage_project/ros2_ws/build/robot_core/install.log --single-version-externally-managed install_data
[3.764s] running egg_info
[3.791s] writing ../../build/robot_core/robot_core.egg-info/PKG-INFO
[3.791s] writing dependency_links to ../../build/robot_core/robot_core.egg-info/dependency_links.txt
[3.795s] writing entry points to ../../build/robot_core/robot_core.egg-info/entry_points.txt
[3.797s] writing requirements to ../../build/robot_core/robot_core.egg-info/requires.txt
[3.799s] writing top-level names to ../../build/robot_core/robot_core.egg-info/top_level.txt
[3.875s] reading manifest file '../../build/robot_core/robot_core.egg-info/SOURCES.txt'
[3.877s] writing manifest file '../../build/robot_core/robot_core.egg-info/SOURCES.txt'
[3.877s] running build
[3.877s] running build_py
[3.880s] running install
[3.889s] running install_lib
[3.928s] running install_data
[3.929s] running install_egg_info
[3.964s] removing '/home/quin/cabbage_project/ros2_ws/install/robot_core/lib/python3.12/site-packages/robot_core-0.0.0-py3.12.egg-info' (and everything under it)
[3.970s] Copying ../../build/robot_core/robot_core.egg-info to /home/quin/cabbage_project/ros2_ws/install/robot_core/lib/python3.12/site-packages/robot_core-0.0.0-py3.12.egg-info
[3.970s] running install_scripts
[4.260s] Installing entry_controller script to /home/quin/cabbage_project/ros2_ws/install/robot_core/lib/robot_core
[4.261s] Installing mission_node script to /home/quin/cabbage_project/ros2_ws/install/robot_core/lib/robot_core
[4.262s] Installing movement_final script to /home/quin/cabbage_project/ros2_ws/install/robot_core/lib/robot_core
[4.263s] Installing movement_node script to /home/quin/cabbage_project/ros2_ws/install/robot_core/lib/robot_core
[4.264s] Installing movement_test_node script to /home/quin/cabbage_project/ros2_ws/install/robot_core/lib/robot_core
[4.264s] Installing planting_node script to /home/quin/cabbage_project/ros2_ws/install/robot_core/lib/robot_core
[4.266s] writing list of installed files to '/home/quin/cabbage_project/ros2_ws/build/robot_core/install.log'
[4.474s] Invoked command in '/home/quin/cabbage_project/ros2_ws/src/robot_core' returned '0': PYTHONPATH=/home/quin/cabbage_project/ros2_ws/build/robot_core/prefix_override:/usr/lib/python3/dist-packages/colcon_core/task/python/colcon_distutils_commands:/home/quin/cabbage_project/ros2_ws/install/robot_core/lib/python3.12/site-packages:${PYTHONPATH} /usr/bin/python3 -W ignore:setup.py install is deprecated -W ignore:easy_install command is deprecated setup.py egg_info --egg-base ../../build/robot_core build --build-base /home/quin/cabbage_project/ros2_ws/build/robot_core/build install --record /home/quin/cabbage_project/ros2_ws/build/robot_core/install.log --single-version-externally-managed install_data
