[0.032s] Invoking command in '/home/quin/cabbage_project/ros2_ws/build/robot_interfaces': CMAKE_PREFIX_PATH=${CMAKE_PREFIX_PATH}:/opt/ros/jazzy /usr/bin/cmake /home/quin/cabbage_project/ros2_ws/src/robot_interfaces -DCMAKE_INSTALL_PREFIX=/home/quin/cabbage_project/ros2_ws/install/robot_interfaces
[0.356s] -- The C compiler identification is GNU 13.3.0
[0.513s] -- The CXX compiler identification is GNU 13.3.0
[0.560s] -- Detecting C compiler ABI info
[0.963s] -- Detecting C compiler ABI info - done
[1.005s] -- Check for working C compiler: /usr/bin/cc - skipped
[1.011s] -- Detecting C compile features
[1.011s] -- Detecting C compile features - done
[1.057s] -- Detecting CXX compiler ABI info
[1.528s] -- Detecting CXX compiler ABI info - done
[1.568s] -- Check for working CXX compiler: /usr/bin/c++ - skipped
[1.572s] -- Detecting CXX compile features
[1.573s] -- Detecting CXX compile features - done
[1.585s] -- Found ament_cmake: 2.5.4 (/opt/ros/jazzy/share/ament_cmake/cmake)
[2.158s] -- Found Python3: /usr/bin/python3 (found version "3.12.3") found components: Interpreter 
[2.416s] -- Found ament_lint_auto: 0.17.3 (/opt/ros/jazzy/share/ament_lint_auto/cmake)
[2.688s] -- Added test 'lint_cmake' to check CMake code style
[2.690s] -- Added test 'xmllint' to check XML markup files
[2.695s] -- Configuring done (2.6s)
[2.705s] -- Generating done (0.0s)
[2.709s] -- Build files have been written to: /home/quin/cabbage_project/ros2_ws/build/robot_interfaces
[2.721s] Invoked command in '/home/quin/cabbage_project/ros2_ws/build/robot_interfaces' returned '0': CMAKE_PREFIX_PATH=${CMAKE_PREFIX_PATH}:/opt/ros/jazzy /usr/bin/cmake /home/quin/cabbage_project/ros2_ws/src/robot_interfaces -DCMAKE_INSTALL_PREFIX=/home/quin/cabbage_project/ros2_ws/install/robot_interfaces
[2.723s] Invoking command in '/home/quin/cabbage_project/ros2_ws/build/robot_interfaces': CMAKE_PREFIX_PATH=${CMAKE_PREFIX_PATH}:/opt/ros/jazzy /usr/bin/cmake --build /home/quin/cabbage_project/ros2_ws/build/robot_interfaces -- -j4 -l4
[2.816s] Invoked command in '/home/quin/cabbage_project/ros2_ws/build/robot_interfaces' returned '0': CMAKE_PREFIX_PATH=${CMAKE_PREFIX_PATH}:/opt/ros/jazzy /usr/bin/cmake --build /home/quin/cabbage_project/ros2_ws/build/robot_interfaces -- -j4 -l4
[2.817s] Invoking command in '/home/quin/cabbage_project/ros2_ws/build/robot_interfaces': CMAKE_PREFIX_PATH=${CMAKE_PREFIX_PATH}:/opt/ros/jazzy /usr/bin/cmake --install /home/quin/cabbage_project/ros2_ws/build/robot_interfaces
[2.836s] -- Install configuration: ""
[2.837s] -- Installing: /home/quin/cabbage_project/ros2_ws/install/robot_interfaces/share/ament_index/resource_index/package_run_dependencies/robot_interfaces
[2.838s] -- Installing: /home/quin/cabbage_project/ros2_ws/install/robot_interfaces/share/ament_index/resource_index/parent_prefix_path/robot_interfaces
[2.840s] -- Installing: /home/quin/cabbage_project/ros2_ws/install/robot_interfaces/share/robot_interfaces/environment/ament_prefix_path.sh
[2.840s] -- Installing: /home/quin/cabbage_project/ros2_ws/install/robot_interfaces/share/robot_interfaces/environment/ament_prefix_path.dsv
[2.841s] -- Installing: /home/quin/cabbage_project/ros2_ws/install/robot_interfaces/share/robot_interfaces/environment/path.sh
[2.841s] -- Installing: /home/quin/cabbage_project/ros2_ws/install/robot_interfaces/share/robot_interfaces/environment/path.dsv
[2.841s] -- Installing: /home/quin/cabbage_project/ros2_ws/install/robot_interfaces/share/robot_interfaces/local_setup.bash
[2.845s] -- Installing: /home/quin/cabbage_project/ros2_ws/install/robot_interfaces/share/robot_interfaces/local_setup.sh
[2.845s] -- Installing: /home/quin/cabbage_project/ros2_ws/install/robot_interfaces/share/robot_interfaces/local_setup.zsh
[2.846s] -- Installing: /home/quin/cabbage_project/ros2_ws/install/robot_interfaces/share/robot_interfaces/local_setup.dsv
[2.847s] -- Installing: /home/quin/cabbage_project/ros2_ws/install/robot_interfaces/share/robot_interfaces/package.dsv
[2.848s] -- Installing: /home/quin/cabbage_project/ros2_ws/install/robot_interfaces/share/ament_index/resource_index/packages/robot_interfaces
[2.849s] -- Installing: /home/quin/cabbage_project/ros2_ws/install/robot_interfaces/share/robot_interfaces/cmake/robot_interfacesConfig.cmake
[2.849s] -- Installing: /home/quin/cabbage_project/ros2_ws/install/robot_interfaces/share/robot_interfaces/cmake/robot_interfacesConfig-version.cmake
[2.849s] -- Installing: /home/quin/cabbage_project/ros2_ws/install/robot_interfaces/share/robot_interfaces/package.xml
[2.857s] Invoked command in '/home/quin/cabbage_project/ros2_ws/build/robot_interfaces' returned '0': CMAKE_PREFIX_PATH=${CMAKE_PREFIX_PATH}:/opt/ros/jazzy /usr/bin/cmake --install /home/quin/cabbage_project/ros2_ws/build/robot_interfaces
