[1.287s] Invoking command in '/home/jorjeen/plant/cabbage_project/ros2_ws/src/robot_vision': DEBUGINFOD_URLS=https://debuginfod.ubuntu.com PYTHONPATH=/home/jorjeen/plant/cabbage_project/ros2_ws/src/robot_vision/build/robot_vision/prefix_override:/usr/lib/python3/dist-packages/colcon_core/task/python/colcon_distutils_commands:/home/jorjeen/plant/cabbage_project/ros2_ws/src/robot_vision/install/robot_vision/lib/python3.12/site-packages:${PYTHONPATH} /usr/bin/python3 -W ignore:setup.py install is deprecated -W ignore:easy_install command is deprecated setup.py egg_info --egg-base build/robot_vision build --build-base /home/jorjeen/plant/cabbage_project/ros2_ws/src/robot_vision/build/robot_vision/build install --record /home/jorjeen/plant/cabbage_project/ros2_ws/src/robot_vision/build/robot_vision/install.log --single-version-externally-managed install_data
[1.956s] running egg_info
[1.957s] creating build/robot_vision/robot_vision.egg-info
[2.003s] writing build/robot_vision/robot_vision.egg-info/PKG-INFO
[2.003s] writing dependency_links to build/robot_vision/robot_vision.egg-info/dependency_links.txt
[2.004s] writing entry points to build/robot_vision/robot_vision.egg-info/entry_points.txt
[2.004s] writing requirements to build/robot_vision/robot_vision.egg-info/requires.txt
[2.004s] writing top-level names to build/robot_vision/robot_vision.egg-info/top_level.txt
[2.004s] writing manifest file 'build/robot_vision/robot_vision.egg-info/SOURCES.txt'
[2.107s] reading manifest file 'build/robot_vision/robot_vision.egg-info/SOURCES.txt'
[2.109s] writing manifest file 'build/robot_vision/robot_vision.egg-info/SOURCES.txt'
[2.109s] running build
[2.109s] running build_py
[2.110s] creating /home/jorjeen/plant/cabbage_project/ros2_ws/src/robot_vision/build/robot_vision/build
[2.110s] creating /home/jorjeen/plant/cabbage_project/ros2_ws/src/robot_vision/build/robot_vision/build/lib
[2.111s] creating /home/jorjeen/plant/cabbage_project/ros2_ws/src/robot_vision/build/robot_vision/build/lib/robot_vision
[2.111s] copying robot_vision/entry_node.py -> /home/jorjeen/plant/cabbage_project/ros2_ws/src/robot_vision/build/robot_vision/build/lib/robot_vision
[2.111s] copying robot_vision/cabbage_detector_node.py -> /home/jorjeen/plant/cabbage_project/ros2_ws/src/robot_vision/build/robot_vision/build/lib/robot_vision
[2.112s] copying robot_vision/apriltag_node.py -> /home/jorjeen/plant/cabbage_project/ros2_ws/src/robot_vision/build/robot_vision/build/lib/robot_vision
[2.112s] copying robot_vision/camera_node.py -> /home/jorjeen/plant/cabbage_project/ros2_ws/src/robot_vision/build/robot_vision/build/lib/robot_vision
[2.112s] copying robot_vision/__init__.py -> /home/jorjeen/plant/cabbage_project/ros2_ws/src/robot_vision/build/robot_vision/build/lib/robot_vision
[2.112s] copying robot_vision/entering.py -> /home/jorjeen/plant/cabbage_project/ros2_ws/src/robot_vision/build/robot_vision/build/lib/robot_vision
[2.113s] running install
[2.131s] running install_lib
[2.199s] creating /home/jorjeen/plant/cabbage_project/ros2_ws/src/robot_vision/install/robot_vision/lib/python3.12/site-packages/robot_vision
[2.199s] copying /home/jorjeen/plant/cabbage_project/ros2_ws/src/robot_vision/build/robot_vision/build/lib/robot_vision/entry_node.py -> /home/jorjeen/plant/cabbage_project/ros2_ws/src/robot_vision/install/robot_vision/lib/python3.12/site-packages/robot_vision
[2.199s] copying /home/jorjeen/plant/cabbage_project/ros2_ws/src/robot_vision/build/robot_vision/build/lib/robot_vision/cabbage_detector_node.py -> /home/jorjeen/plant/cabbage_project/ros2_ws/src/robot_vision/install/robot_vision/lib/python3.12/site-packages/robot_vision
[2.200s] copying /home/jorjeen/plant/cabbage_project/ros2_ws/src/robot_vision/build/robot_vision/build/lib/robot_vision/apriltag_node.py -> /home/jorjeen/plant/cabbage_project/ros2_ws/src/robot_vision/install/robot_vision/lib/python3.12/site-packages/robot_vision
[2.200s] copying /home/jorjeen/plant/cabbage_project/ros2_ws/src/robot_vision/build/robot_vision/build/lib/robot_vision/camera_node.py -> /home/jorjeen/plant/cabbage_project/ros2_ws/src/robot_vision/install/robot_vision/lib/python3.12/site-packages/robot_vision
[2.201s] copying /home/jorjeen/plant/cabbage_project/ros2_ws/src/robot_vision/build/robot_vision/build/lib/robot_vision/__init__.py -> /home/jorjeen/plant/cabbage_project/ros2_ws/src/robot_vision/install/robot_vision/lib/python3.12/site-packages/robot_vision
[2.201s] copying /home/jorjeen/plant/cabbage_project/ros2_ws/src/robot_vision/build/robot_vision/build/lib/robot_vision/entering.py -> /home/jorjeen/plant/cabbage_project/ros2_ws/src/robot_vision/install/robot_vision/lib/python3.12/site-packages/robot_vision
[2.203s] byte-compiling /home/jorjeen/plant/cabbage_project/ros2_ws/src/robot_vision/install/robot_vision/lib/python3.12/site-packages/robot_vision/entry_node.py to entry_node.cpython-312.pyc
[2.207s] byte-compiling /home/jorjeen/plant/cabbage_project/ros2_ws/src/robot_vision/install/robot_vision/lib/python3.12/site-packages/robot_vision/cabbage_detector_node.py to cabbage_detector_node.cpython-312.pyc
[2.211s] byte-compiling /home/jorjeen/plant/cabbage_project/ros2_ws/src/robot_vision/install/robot_vision/lib/python3.12/site-packages/robot_vision/apriltag_node.py to apriltag_node.cpython-312.pyc
[2.213s] byte-compiling /home/jorjeen/plant/cabbage_project/ros2_ws/src/robot_vision/install/robot_vision/lib/python3.12/site-packages/robot_vision/camera_node.py to camera_node.cpython-312.pyc
[2.215s] byte-compiling /home/jorjeen/plant/cabbage_project/ros2_ws/src/robot_vision/install/robot_vision/lib/python3.12/site-packages/robot_vision/__init__.py to __init__.cpython-312.pyc
[2.215s] byte-compiling /home/jorjeen/plant/cabbage_project/ros2_ws/src/robot_vision/install/robot_vision/lib/python3.12/site-packages/robot_vision/entering.py to entering.cpython-312.pyc
[2.220s] running install_data
[2.220s] creating /home/jorjeen/plant/cabbage_project/ros2_ws/src/robot_vision/install/robot_vision/share/ament_index
[2.220s] creating /home/jorjeen/plant/cabbage_project/ros2_ws/src/robot_vision/install/robot_vision/share/ament_index/resource_index
[2.221s] creating /home/jorjeen/plant/cabbage_project/ros2_ws/src/robot_vision/install/robot_vision/share/ament_index/resource_index/packages
[2.221s] copying resource/robot_vision -> /home/jorjeen/plant/cabbage_project/ros2_ws/src/robot_vision/install/robot_vision/share/ament_index/resource_index/packages
[2.222s] copying package.xml -> /home/jorjeen/plant/cabbage_project/ros2_ws/src/robot_vision/install/robot_vision/share/robot_vision
[2.222s] running install_egg_info
[2.272s] Copying build/robot_vision/robot_vision.egg-info to /home/jorjeen/plant/cabbage_project/ros2_ws/src/robot_vision/install/robot_vision/lib/python3.12/site-packages/robot_vision-0.0.0-py3.12.egg-info
[2.273s] running install_scripts
[2.520s] Installing apriltag_node script to /home/jorjeen/plant/cabbage_project/ros2_ws/src/robot_vision/install/robot_vision/lib/robot_vision
[2.521s] Installing cabbage_detector_node script to /home/jorjeen/plant/cabbage_project/ros2_ws/src/robot_vision/install/robot_vision/lib/robot_vision
[2.521s] Installing camera_node script to /home/jorjeen/plant/cabbage_project/ros2_ws/src/robot_vision/install/robot_vision/lib/robot_vision
[2.522s] Installing entering script to /home/jorjeen/plant/cabbage_project/ros2_ws/src/robot_vision/install/robot_vision/lib/robot_vision
[2.522s] Installing entry_node script to /home/jorjeen/plant/cabbage_project/ros2_ws/src/robot_vision/install/robot_vision/lib/robot_vision
[2.522s] writing list of installed files to '/home/jorjeen/plant/cabbage_project/ros2_ws/src/robot_vision/build/robot_vision/install.log'
[2.564s] Invoked command in '/home/jorjeen/plant/cabbage_project/ros2_ws/src/robot_vision' returned '0': DEBUGINFOD_URLS=https://debuginfod.ubuntu.com PYTHONPATH=/home/jorjeen/plant/cabbage_project/ros2_ws/src/robot_vision/build/robot_vision/prefix_override:/usr/lib/python3/dist-packages/colcon_core/task/python/colcon_distutils_commands:/home/jorjeen/plant/cabbage_project/ros2_ws/src/robot_vision/install/robot_vision/lib/python3.12/site-packages:${PYTHONPATH} /usr/bin/python3 -W ignore:setup.py install is deprecated -W ignore:easy_install command is deprecated setup.py egg_info --egg-base build/robot_vision build --build-base /home/jorjeen/plant/cabbage_project/ros2_ws/src/robot_vision/build/robot_vision/build install --record /home/jorjeen/plant/cabbage_project/ros2_ws/src/robot_vision/build/robot_vision/install.log --single-version-externally-managed install_data
