[0.022s] Invoking command in '/home/quin/cabbage_project/ros2_ws/build/robot_interfaces': CMAKE_PREFIX_PATH=${CMAKE_PREFIX_PATH}:/home/quin/cabbage_project/ros2_ws/install/robot_vision:/home/quin/cabbage_project/ros2_ws/install/robot_dashboard:/home/quin/cabbage_project/ros2_ws/install/robot_core:/home/quin/cabbage_project/ros2_ws/install/robot_bringup:/opt/ros/jazzy PS1=(vision_env) \[\e]0;\u@\h: \w\a\]${debian_chroot:+($debian_chroot)}\[\033[01;32m\]\u@\h\[\033[00m\]:\[\033[01;34m\]\w\[\033[00m\]\$ VIRTUAL_ENV_PROMPT=(vision_env) /usr/bin/cmake --build /home/quin/cabbage_project/ros2_ws/build/robot_interfaces -- -j4 -l4
[0.109s] Invoked command in '/home/quin/cabbage_project/ros2_ws/build/robot_interfaces' returned '0': CMAKE_PREFIX_PATH=${CMAKE_PREFIX_PATH}:/home/quin/cabbage_project/ros2_ws/install/robot_vision:/home/quin/cabbage_project/ros2_ws/install/robot_dashboard:/home/quin/cabbage_project/ros2_ws/install/robot_core:/home/quin/cabbage_project/ros2_ws/install/robot_bringup:/opt/ros/jazzy PS1=(vision_env) \[\e]0;\u@\h: \w\a\]${debian_chroot:+($debian_chroot)}\[\033[01;32m\]\u@\h\[\033[00m\]:\[\033[01;34m\]\w\[\033[00m\]\$ VIRTUAL_ENV_PROMPT=(vision_env) /usr/bin/cmake --build /home/quin/cabbage_project/ros2_ws/build/robot_interfaces -- -j4 -l4
[0.110s] Invoking command in '/home/quin/cabbage_project/ros2_ws/build/robot_interfaces': CMAKE_PREFIX_PATH=${CMAKE_PREFIX_PATH}:/home/quin/cabbage_project/ros2_ws/install/robot_vision:/home/quin/cabbage_project/ros2_ws/install/robot_dashboard:/home/quin/cabbage_project/ros2_ws/install/robot_core:/home/quin/cabbage_project/ros2_ws/install/robot_bringup:/opt/ros/jazzy PS1=(vision_env) \[\e]0;\u@\h: \w\a\]${debian_chroot:+($debian_chroot)}\[\033[01;32m\]\u@\h\[\033[00m\]:\[\033[01;34m\]\w\[\033[00m\]\$ VIRTUAL_ENV_PROMPT=(vision_env) /usr/bin/cmake --install /home/quin/cabbage_project/ros2_ws/build/robot_interfaces
[0.130s] -- Install configuration: ""
[0.130s] -- Up-to-date: /home/quin/cabbage_project/ros2_ws/install/robot_interfaces/share/ament_index/resource_index/package_run_dependencies/robot_interfaces
[0.134s] -- Up-to-date: /home/quin/cabbage_project/ros2_ws/install/robot_interfaces/share/ament_index/resource_index/parent_prefix_path/robot_interfaces
[0.134s] -- Up-to-date: /home/quin/cabbage_project/ros2_ws/install/robot_interfaces/share/robot_interfaces/environment/ament_prefix_path.sh
[0.134s] -- Up-to-date: /home/quin/cabbage_project/ros2_ws/install/robot_interfaces/share/robot_interfaces/environment/ament_prefix_path.dsv
[0.134s] -- Up-to-date: /home/quin/cabbage_project/ros2_ws/install/robot_interfaces/share/robot_interfaces/environment/path.sh
[0.134s] -- Up-to-date: /home/quin/cabbage_project/ros2_ws/install/robot_interfaces/share/robot_interfaces/environment/path.dsv
[0.134s] -- Up-to-date: /home/quin/cabbage_project/ros2_ws/install/robot_interfaces/share/robot_interfaces/local_setup.bash
[0.134s] -- Up-to-date: /home/quin/cabbage_project/ros2_ws/install/robot_interfaces/share/robot_interfaces/local_setup.sh
[0.135s] -- Up-to-date: /home/quin/cabbage_project/ros2_ws/install/robot_interfaces/share/robot_interfaces/local_setup.zsh
[0.135s] -- Up-to-date: /home/quin/cabbage_project/ros2_ws/install/robot_interfaces/share/robot_interfaces/local_setup.dsv
[0.135s] -- Installing: /home/quin/cabbage_project/ros2_ws/install/robot_interfaces/share/robot_interfaces/package.dsv
[0.135s] -- Up-to-date: /home/quin/cabbage_project/ros2_ws/install/robot_interfaces/share/ament_index/resource_index/packages/robot_interfaces
[0.135s] -- Up-to-date: /home/quin/cabbage_project/ros2_ws/install/robot_interfaces/share/robot_interfaces/cmake/robot_interfacesConfig.cmake
[0.135s] -- Up-to-date: /home/quin/cabbage_project/ros2_ws/install/robot_interfaces/share/robot_interfaces/cmake/robot_interfacesConfig-version.cmake
[0.135s] -- Up-to-date: /home/quin/cabbage_project/ros2_ws/install/robot_interfaces/share/robot_interfaces/package.xml
[0.141s] Invoked command in '/home/quin/cabbage_project/ros2_ws/build/robot_interfaces' returned '0': CMAKE_PREFIX_PATH=${CMAKE_PREFIX_PATH}:/home/quin/cabbage_project/ros2_ws/install/robot_vision:/home/quin/cabbage_project/ros2_ws/install/robot_dashboard:/home/quin/cabbage_project/ros2_ws/install/robot_core:/home/quin/cabbage_project/ros2_ws/install/robot_bringup:/opt/ros/jazzy PS1=(vision_env) \[\e]0;\u@\h: \w\a\]${debian_chroot:+($debian_chroot)}\[\033[01;32m\]\u@\h\[\033[00m\]:\[\033[01;34m\]\w\[\033[00m\]\$ VIRTUAL_ENV_PROMPT=(vision_env) /usr/bin/cmake --install /home/quin/cabbage_project/ros2_ws/build/robot_interfaces
