[4.846s] Invoking command in '/home/quin/cabbage_project/ros2_ws/src/robot_core': PYTHONPATH=/home/quin/cabbage_project/ros2_ws/build/robot_core/prefix_override:/usr/lib/python3/dist-packages/colcon_core/task/python/colcon_distutils_commands:/home/quin/cabbage_project/ros2_ws/install/robot_core/lib/python3.12/site-packages:${PYTHONPATH} /usr/bin/python3 -W ignore:setup.py install is deprecated -W ignore:easy_install command is deprecated setup.py egg_info --egg-base ../../build/robot_core build --build-base /home/quin/cabbage_project/ros2_ws/build/robot_core/build install --record /home/quin/cabbage_project/ros2_ws/build/robot_core/install.log --single-version-externally-managed install_data
[6.159s] running egg_info
[6.210s] writing ../../build/robot_core/robot_core.egg-info/PKG-INFO
[6.212s] writing dependency_links to ../../build/robot_core/robot_core.egg-info/dependency_links.txt
[6.217s] writing entry points to ../../build/robot_core/robot_core.egg-info/entry_points.txt
[6.217s] writing requirements to ../../build/robot_core/robot_core.egg-info/requires.txt
[6.221s] writing top-level names to ../../build/robot_core/robot_core.egg-info/top_level.txt
[6.310s] reading manifest file '../../build/robot_core/robot_core.egg-info/SOURCES.txt'
[6.312s] writing manifest file '../../build/robot_core/robot_core.egg-info/SOURCES.txt'
[6.312s] running build
[6.312s] running build_py
[6.312s] running install
[6.321s] running install_lib
[6.368s] running install_data
[6.370s] running install_egg_info
[6.409s] removing '/home/quin/cabbage_project/ros2_ws/install/robot_core/lib/python3.12/site-packages/robot_core-0.0.0-py3.12.egg-info' (and everything under it)
[6.409s] Copying ../../build/robot_core/robot_core.egg-info to /home/quin/cabbage_project/ros2_ws/install/robot_core/lib/python3.12/site-packages/robot_core-0.0.0-py3.12.egg-info
[6.409s] running install_scripts
[6.753s] Installing entry_controller script to /home/quin/cabbage_project/ros2_ws/install/robot_core/lib/robot_core
[6.753s] Installing mission_node script to /home/quin/cabbage_project/ros2_ws/install/robot_core/lib/robot_core
[6.758s] Installing movement_node script to /home/quin/cabbage_project/ros2_ws/install/robot_core/lib/robot_core
[6.762s] Installing movement_test_node script to /home/quin/cabbage_project/ros2_ws/install/robot_core/lib/robot_core
[6.763s] writing list of installed files to '/home/quin/cabbage_project/ros2_ws/build/robot_core/install.log'
[6.913s] Invoked command in '/home/quin/cabbage_project/ros2_ws/src/robot_core' returned '0': PYTHONPATH=/home/quin/cabbage_project/ros2_ws/build/robot_core/prefix_override:/usr/lib/python3/dist-packages/colcon_core/task/python/colcon_distutils_commands:/home/quin/cabbage_project/ros2_ws/install/robot_core/lib/python3.12/site-packages:${PYTHONPATH} /usr/bin/python3 -W ignore:setup.py install is deprecated -W ignore:easy_install command is deprecated setup.py egg_info --egg-base ../../build/robot_core build --build-base /home/quin/cabbage_project/ros2_ws/build/robot_core/build install --record /home/quin/cabbage_project/ros2_ws/build/robot_core/install.log --single-version-externally-managed install_data
