[2.089s] Invoking command in '/home/jorjeen/plant/cabbage_project/ros2_ws/src/robot_bringup': DEBUGINFOD_URLS=https://debuginfod.ubuntu.com PYTHONPATH=/home/jorjeen/plant/cabbage_project/build/robot_bringup/prefix_override:/usr/lib/python3/dist-packages/colcon_core/task/python/colcon_distutils_commands:/home/jorjeen/plant/cabbage_project/install/robot_bringup/lib/python3.12/site-packages:${PYTHONPATH} /usr/bin/python3 -W ignore:setup.py install is deprecated -W ignore:easy_install command is deprecated setup.py egg_info --egg-base ../../../build/robot_bringup build --build-base /home/jorjeen/plant/cabbage_project/build/robot_bringup/build install --record /home/jorjeen/plant/cabbage_project/build/robot_bringup/install.log --single-version-externally-managed install_data
[2.284s] running egg_info
[2.284s] creating ../../../build/robot_bringup/robot_bringup.egg-info
[2.297s] writing ../../../build/robot_bringup/robot_bringup.egg-info/PKG-INFO
[2.297s] writing dependency_links to ../../../build/robot_bringup/robot_bringup.egg-info/dependency_links.txt
[2.298s] writing requirements to ../../../build/robot_bringup/robot_bringup.egg-info/requires.txt
[2.298s] writing top-level names to ../../../build/robot_bringup/robot_bringup.egg-info/top_level.txt
[2.298s] writing manifest file '../../../build/robot_bringup/robot_bringup.egg-info/SOURCES.txt'
[2.324s] reading manifest file '../../../build/robot_bringup/robot_bringup.egg-info/SOURCES.txt'
[2.325s] writing manifest file '../../../build/robot_bringup/robot_bringup.egg-info/SOURCES.txt'
[2.325s] running build
[2.325s] running build_py
[2.325s] creating /home/jorjeen/plant/cabbage_project/build/robot_bringup/build
[2.325s] creating /home/jorjeen/plant/cabbage_project/build/robot_bringup/build/lib
[2.325s] creating /home/jorjeen/plant/cabbage_project/build/robot_bringup/build/lib/robot_bringup
[2.325s] copying robot_bringup/__init__.py -> /home/jorjeen/plant/cabbage_project/build/robot_bringup/build/lib/robot_bringup
[2.326s] running install
[2.329s] running install_lib
[2.343s] creating /home/jorjeen/plant/cabbage_project/install/robot_bringup/lib/python3.12/site-packages/robot_bringup
[2.343s] copying /home/jorjeen/plant/cabbage_project/build/robot_bringup/build/lib/robot_bringup/__init__.py -> /home/jorjeen/plant/cabbage_project/install/robot_bringup/lib/python3.12/site-packages/robot_bringup
[2.343s] byte-compiling /home/jorjeen/plant/cabbage_project/install/robot_bringup/lib/python3.12/site-packages/robot_bringup/__init__.py to __init__.cpython-312.pyc
[2.343s] running install_data
[2.344s] creating /home/jorjeen/plant/cabbage_project/install/robot_bringup/share/ament_index
[2.344s] creating /home/jorjeen/plant/cabbage_project/install/robot_bringup/share/ament_index/resource_index
[2.344s] creating /home/jorjeen/plant/cabbage_project/install/robot_bringup/share/ament_index/resource_index/packages
[2.344s] copying resource/robot_bringup -> /home/jorjeen/plant/cabbage_project/install/robot_bringup/share/ament_index/resource_index/packages
[2.344s] copying package.xml -> /home/jorjeen/plant/cabbage_project/install/robot_bringup/share/robot_bringup
[2.344s] creating /home/jorjeen/plant/cabbage_project/install/robot_bringup/share/robot_bringup/launch
[2.344s] copying launch/vision.launch.py -> /home/jorjeen/plant/cabbage_project/install/robot_bringup/share/robot_bringup/launch
[2.344s] copying launch/bringup.launch.py -> /home/jorjeen/plant/cabbage_project/install/robot_bringup/share/robot_bringup/launch
[2.344s] running install_egg_info
[2.357s] Copying ../../../build/robot_bringup/robot_bringup.egg-info to /home/jorjeen/plant/cabbage_project/install/robot_bringup/lib/python3.12/site-packages/robot_bringup-0.0.0-py3.12.egg-info
[2.358s] running install_scripts
[2.450s] writing list of installed files to '/home/jorjeen/plant/cabbage_project/build/robot_bringup/install.log'
[2.473s] Invoked command in '/home/jorjeen/plant/cabbage_project/ros2_ws/src/robot_bringup' returned '0': DEBUGINFOD_URLS=https://debuginfod.ubuntu.com PYTHONPATH=/home/jorjeen/plant/cabbage_project/build/robot_bringup/prefix_override:/usr/lib/python3/dist-packages/colcon_core/task/python/colcon_distutils_commands:/home/jorjeen/plant/cabbage_project/install/robot_bringup/lib/python3.12/site-packages:${PYTHONPATH} /usr/bin/python3 -W ignore:setup.py install is deprecated -W ignore:easy_install command is deprecated setup.py egg_info --egg-base ../../../build/robot_bringup build --build-base /home/jorjeen/plant/cabbage_project/build/robot_bringup/build install --record /home/jorjeen/plant/cabbage_project/build/robot_bringup/install.log --single-version-externally-managed install_data
