[5.495s] Invoking command in '/home/quin/cabbage_project/ros2_ws/src/robot_core': PYTHONPATH=/home/quin/cabbage_project/ros2_ws/build/robot_core/prefix_override:/usr/lib/python3/dist-packages/colcon_core/task/python/colcon_distutils_commands:/home/quin/cabbage_project/ros2_ws/install/robot_core/lib/python3.12/site-packages:${PYTHONPATH} VIRTUAL_ENV_PROMPT=(vision_env) /usr/bin/python3 -W ignore:setup.py install is deprecated -W ignore:easy_install command is deprecated setup.py egg_info --egg-base ../../build/robot_core build --build-base /home/quin/cabbage_project/ros2_ws/build/robot_core/build install --record /home/quin/cabbage_project/ros2_ws/build/robot_core/install.log --single-version-externally-managed install_data
[6.512s] running egg_info
[6.538s] writing ../../build/robot_core/robot_core.egg-info/PKG-INFO
[6.543s] writing dependency_links to ../../build/robot_core/robot_core.egg-info/dependency_links.txt
[6.545s] writing entry points to ../../build/robot_core/robot_core.egg-info/entry_points.txt
[6.547s] writing requirements to ../../build/robot_core/robot_core.egg-info/requires.txt
[6.554s] writing top-level names to ../../build/robot_core/robot_core.egg-info/top_level.txt
[6.883s] reading manifest file '../../build/robot_core/robot_core.egg-info/SOURCES.txt'
[6.883s] writing manifest file '../../build/robot_core/robot_core.egg-info/SOURCES.txt'
[6.896s] running build
[6.896s] running build_py
[6.910s] running install
[6.949s] running install_lib
[7.028s] running install_data
[7.028s] running install_egg_info
[7.175s] removing '/home/quin/cabbage_project/ros2_ws/install/robot_core/lib/python3.12/site-packages/robot_core-0.0.0-py3.12.egg-info' (and everything under it)
[7.175s] Copying ../../build/robot_core/robot_core.egg-info to /home/quin/cabbage_project/ros2_ws/install/robot_core/lib/python3.12/site-packages/robot_core-0.0.0-py3.12.egg-info
[7.184s] running install_scripts
[7.896s] Installing entry_controller script to /home/quin/cabbage_project/ros2_ws/install/robot_core/lib/robot_core
[7.899s] Installing mission_node script to /home/quin/cabbage_project/ros2_ws/install/robot_core/lib/robot_core
[7.903s] Installing movement_node script to /home/quin/cabbage_project/ros2_ws/install/robot_core/lib/robot_core
[7.906s] Installing movement_test_node script to /home/quin/cabbage_project/ros2_ws/install/robot_core/lib/robot_core
[7.906s] writing list of installed files to '/home/quin/cabbage_project/ros2_ws/build/robot_core/install.log'
[8.075s] Invoked command in '/home/quin/cabbage_project/ros2_ws/src/robot_core' returned '0': PYTHONPATH=/home/quin/cabbage_project/ros2_ws/build/robot_core/prefix_override:/usr/lib/python3/dist-packages/colcon_core/task/python/colcon_distutils_commands:/home/quin/cabbage_project/ros2_ws/install/robot_core/lib/python3.12/site-packages:${PYTHONPATH} VIRTUAL_ENV_PROMPT=(vision_env) /usr/bin/python3 -W ignore:setup.py install is deprecated -W ignore:easy_install command is deprecated setup.py egg_info --egg-base ../../build/robot_core build --build-base /home/quin/cabbage_project/ros2_ws/build/robot_core/build install --record /home/quin/cabbage_project/ros2_ws/build/robot_core/install.log --single-version-externally-managed install_data
